[0.007s] Invoking command in '/home/alvaro/TFM_MiguelLerinAlonso/workspace/ros_ur_driver/build/ur_moveit_config': AMENT_PREFIX_PATH=/home/alvaro/TFM_MiguelLerinAlonso/workspace/ros_ur_driver/install/ur_description:${AMENT_PREFIX_PATH} CMAKE_PREFIX_PATH=/home/alvaro/TFM_MiguelLerinAlonso/workspace/ros_ur_driver/install/ur_description:/home/alvaro/Desktop/pruebas_repo_TFM/TFM_MiguelLerinAlonso/workspace/ros_ur_driver/install/ur:/home/alvaro/Desktop/pruebas_repo_TFM/TFM_MiguelLerinAlonso/workspace/ros_ur_driver/install/ur_calibration:/home/alvaro/Desktop/pruebas_repo_TFM/TFM_MiguelLerinAlonso/workspace/ros_ur_driver/install/ur_robot_driver:/home/alvaro/Desktop/pruebas_repo_TFM/TFM_MiguelLerinAlonso/workspace/ros_ur_driver/install/ur_moveit_config:/home/alvaro/Desktop/pruebas_repo_TFM/TFM_MiguelLerinAlonso/workspace/ros_ur_driver/install/ur_bringup:/home/alvaro/Desktop/pruebas_repo_TFM/TFM_MiguelLerinAlonso/workspace/ros_ur_driver/install/ur_description:/home/alvaro/Desktop/pruebas_repo_TFM/TFM_MiguelLerinAlonso/workspace/ros_ur_driver/install/ur_controllers:/home/alvaro/Desktop/pruebas_repo_TFM/TFM_MiguelLerinAlonso/workspace/ros_ur_driver/install/ur_dashboard_msgs:/home/alvaro/workspace/ros_ur_driver/install/ur:/home/alvaro/workspace/ros_ur_driver/install/ur_calibration:/home/alvaro/workspace/ros_ur_driver/install/ur_robot_driver:/home/alvaro/workspace/ros_ur_driver/install/ur_moveit_config:/home/alvaro/workspace/ros_ur_driver/install/ur_bringup:/home/alvaro/workspace/ros_ur_driver/install/ur_description:/home/alvaro/workspace/ros_ur_driver/install/ur_controllers:/home/alvaro/workspace/ros_ur_driver/install/ur_dashboard_msgs:/home/alvaro/Desktop/pruebas_repo_TFM/TFM_MiguelLerinAlonso/workspace/ros_ur_driver/install/trayectories:/home/alvaro/Desktop/pruebas_repo_TFM/TFM_MiguelLerinAlonso/workspace/ros_ur_driver/install/data_logger:/home/alvaro/ros2_ws_copia/install/my_robot_controller:/home/alvaro/ros2_ws_copia/install/movimiento_articular:/home/alvaro/ros2_ws_copia/install/data_logger:/home/alvaro/ros2_ws/install/my_robot_controller:/opt/ros/humble /usr/bin/cmake /home/alvaro/TFM_MiguelLerinAlonso/workspace/ros_ur_driver/src/Universal_Robots_ROS2_Driver/ur_moveit_config -DCMAKE_BUILD_TYPE=Release -DCMAKE_INSTALL_PREFIX=/home/alvaro/TFM_MiguelLerinAlonso/workspace/ros_ur_driver/install/ur_moveit_config
[0.053s] -- The C compiler identification is GNU 11.4.0
[0.099s] -- The CXX compiler identification is GNU 11.4.0
[0.105s] -- Detecting C compiler ABI info
[0.162s] -- Detecting C compiler ABI info - done
[0.169s] -- Check for working C compiler: /usr/bin/cc - skipped
[0.169s] -- Detecting C compile features
[0.169s] -- Detecting C compile features - done
[0.172s] -- Detecting CXX compiler ABI info
[0.246s] -- Detecting CXX compiler ABI info - done
[0.253s] -- Check for working CXX compiler: /usr/bin/c++ - skipped
[0.253s] -- Detecting CXX compile features
[0.254s] -- Detecting CXX compile features - done
[0.257s] -- Found ament_cmake: 1.3.8 (/opt/ros/humble/share/ament_cmake/cmake)
[0.413s] -- Found Python3: /usr/bin/python3 (found version "3.10.12") found components: Interpreter 
[0.719s] -- Configuring done
[0.723s] -- Generating done
[0.725s] -- Build files have been written to: /home/alvaro/TFM_MiguelLerinAlonso/workspace/ros_ur_driver/build/ur_moveit_config
[0.730s] Invoked command in '/home/alvaro/TFM_MiguelLerinAlonso/workspace/ros_ur_driver/build/ur_moveit_config' returned '0': AMENT_PREFIX_PATH=/home/alvaro/TFM_MiguelLerinAlonso/workspace/ros_ur_driver/install/ur_description:${AMENT_PREFIX_PATH} CMAKE_PREFIX_PATH=/home/alvaro/TFM_MiguelLerinAlonso/workspace/ros_ur_driver/install/ur_description:/home/alvaro/Desktop/pruebas_repo_TFM/TFM_MiguelLerinAlonso/workspace/ros_ur_driver/install/ur:/home/alvaro/Desktop/pruebas_repo_TFM/TFM_MiguelLerinAlonso/workspace/ros_ur_driver/install/ur_calibration:/home/alvaro/Desktop/pruebas_repo_TFM/TFM_MiguelLerinAlonso/workspace/ros_ur_driver/install/ur_robot_driver:/home/alvaro/Desktop/pruebas_repo_TFM/TFM_MiguelLerinAlonso/workspace/ros_ur_driver/install/ur_moveit_config:/home/alvaro/Desktop/pruebas_repo_TFM/TFM_MiguelLerinAlonso/workspace/ros_ur_driver/install/ur_bringup:/home/alvaro/Desktop/pruebas_repo_TFM/TFM_MiguelLerinAlonso/workspace/ros_ur_driver/install/ur_description:/home/alvaro/Desktop/pruebas_repo_TFM/TFM_MiguelLerinAlonso/workspace/ros_ur_driver/install/ur_controllers:/home/alvaro/Desktop/pruebas_repo_TFM/TFM_MiguelLerinAlonso/workspace/ros_ur_driver/install/ur_dashboard_msgs:/home/alvaro/workspace/ros_ur_driver/install/ur:/home/alvaro/workspace/ros_ur_driver/install/ur_calibration:/home/alvaro/workspace/ros_ur_driver/install/ur_robot_driver:/home/alvaro/workspace/ros_ur_driver/install/ur_moveit_config:/home/alvaro/workspace/ros_ur_driver/install/ur_bringup:/home/alvaro/workspace/ros_ur_driver/install/ur_description:/home/alvaro/workspace/ros_ur_driver/install/ur_controllers:/home/alvaro/workspace/ros_ur_driver/install/ur_dashboard_msgs:/home/alvaro/Desktop/pruebas_repo_TFM/TFM_MiguelLerinAlonso/workspace/ros_ur_driver/install/trayectories:/home/alvaro/Desktop/pruebas_repo_TFM/TFM_MiguelLerinAlonso/workspace/ros_ur_driver/install/data_logger:/home/alvaro/ros2_ws_copia/install/my_robot_controller:/home/alvaro/ros2_ws_copia/install/movimiento_articular:/home/alvaro/ros2_ws_copia/install/data_logger:/home/alvaro/ros2_ws/install/my_robot_controller:/opt/ros/humble /usr/bin/cmake /home/alvaro/TFM_MiguelLerinAlonso/workspace/ros_ur_driver/src/Universal_Robots_ROS2_Driver/ur_moveit_config -DCMAKE_BUILD_TYPE=Release -DCMAKE_INSTALL_PREFIX=/home/alvaro/TFM_MiguelLerinAlonso/workspace/ros_ur_driver/install/ur_moveit_config
[0.731s] Invoking command in '/home/alvaro/TFM_MiguelLerinAlonso/workspace/ros_ur_driver/build/ur_moveit_config': AMENT_PREFIX_PATH=/home/alvaro/TFM_MiguelLerinAlonso/workspace/ros_ur_driver/install/ur_description:${AMENT_PREFIX_PATH} CMAKE_PREFIX_PATH=/home/alvaro/TFM_MiguelLerinAlonso/workspace/ros_ur_driver/install/ur_description:/home/alvaro/Desktop/pruebas_repo_TFM/TFM_MiguelLerinAlonso/workspace/ros_ur_driver/install/ur:/home/alvaro/Desktop/pruebas_repo_TFM/TFM_MiguelLerinAlonso/workspace/ros_ur_driver/install/ur_calibration:/home/alvaro/Desktop/pruebas_repo_TFM/TFM_MiguelLerinAlonso/workspace/ros_ur_driver/install/ur_robot_driver:/home/alvaro/Desktop/pruebas_repo_TFM/TFM_MiguelLerinAlonso/workspace/ros_ur_driver/install/ur_moveit_config:/home/alvaro/Desktop/pruebas_repo_TFM/TFM_MiguelLerinAlonso/workspace/ros_ur_driver/install/ur_bringup:/home/alvaro/Desktop/pruebas_repo_TFM/TFM_MiguelLerinAlonso/workspace/ros_ur_driver/install/ur_description:/home/alvaro/Desktop/pruebas_repo_TFM/TFM_MiguelLerinAlonso/workspace/ros_ur_driver/install/ur_controllers:/home/alvaro/Desktop/pruebas_repo_TFM/TFM_MiguelLerinAlonso/workspace/ros_ur_driver/install/ur_dashboard_msgs:/home/alvaro/workspace/ros_ur_driver/install/ur:/home/alvaro/workspace/ros_ur_driver/install/ur_calibration:/home/alvaro/workspace/ros_ur_driver/install/ur_robot_driver:/home/alvaro/workspace/ros_ur_driver/install/ur_moveit_config:/home/alvaro/workspace/ros_ur_driver/install/ur_bringup:/home/alvaro/workspace/ros_ur_driver/install/ur_description:/home/alvaro/workspace/ros_ur_driver/install/ur_controllers:/home/alvaro/workspace/ros_ur_driver/install/ur_dashboard_msgs:/home/alvaro/Desktop/pruebas_repo_TFM/TFM_MiguelLerinAlonso/workspace/ros_ur_driver/install/trayectories:/home/alvaro/Desktop/pruebas_repo_TFM/TFM_MiguelLerinAlonso/workspace/ros_ur_driver/install/data_logger:/home/alvaro/ros2_ws_copia/install/my_robot_controller:/home/alvaro/ros2_ws_copia/install/movimiento_articular:/home/alvaro/ros2_ws_copia/install/data_logger:/home/alvaro/ros2_ws/install/my_robot_controller:/opt/ros/humble /usr/bin/cmake --build /home/alvaro/TFM_MiguelLerinAlonso/workspace/ros_ur_driver/build/ur_moveit_config -- -j8 -l8
[0.778s] Built target ament_cmake_python_copy_ur_moveit_config
[1.068s] running egg_info
[1.069s] creating ur_moveit_config.egg-info
[1.069s] writing ur_moveit_config.egg-info/PKG-INFO
[1.069s] writing dependency_links to ur_moveit_config.egg-info/dependency_links.txt
[1.069s] writing top-level names to ur_moveit_config.egg-info/top_level.txt
[1.069s] writing manifest file 'ur_moveit_config.egg-info/SOURCES.txt'
[1.071s] reading manifest file 'ur_moveit_config.egg-info/SOURCES.txt'
[1.072s] writing manifest file 'ur_moveit_config.egg-info/SOURCES.txt'
[1.095s] Built target ament_cmake_python_build_ur_moveit_config_egg
[1.104s] Invoked command in '/home/alvaro/TFM_MiguelLerinAlonso/workspace/ros_ur_driver/build/ur_moveit_config' returned '0': AMENT_PREFIX_PATH=/home/alvaro/TFM_MiguelLerinAlonso/workspace/ros_ur_driver/install/ur_description:${AMENT_PREFIX_PATH} CMAKE_PREFIX_PATH=/home/alvaro/TFM_MiguelLerinAlonso/workspace/ros_ur_driver/install/ur_description:/home/alvaro/Desktop/pruebas_repo_TFM/TFM_MiguelLerinAlonso/workspace/ros_ur_driver/install/ur:/home/alvaro/Desktop/pruebas_repo_TFM/TFM_MiguelLerinAlonso/workspace/ros_ur_driver/install/ur_calibration:/home/alvaro/Desktop/pruebas_repo_TFM/TFM_MiguelLerinAlonso/workspace/ros_ur_driver/install/ur_robot_driver:/home/alvaro/Desktop/pruebas_repo_TFM/TFM_MiguelLerinAlonso/workspace/ros_ur_driver/install/ur_moveit_config:/home/alvaro/Desktop/pruebas_repo_TFM/TFM_MiguelLerinAlonso/workspace/ros_ur_driver/install/ur_bringup:/home/alvaro/Desktop/pruebas_repo_TFM/TFM_MiguelLerinAlonso/workspace/ros_ur_driver/install/ur_description:/home/alvaro/Desktop/pruebas_repo_TFM/TFM_MiguelLerinAlonso/workspace/ros_ur_driver/install/ur_controllers:/home/alvaro/Desktop/pruebas_repo_TFM/TFM_MiguelLerinAlonso/workspace/ros_ur_driver/install/ur_dashboard_msgs:/home/alvaro/workspace/ros_ur_driver/install/ur:/home/alvaro/workspace/ros_ur_driver/install/ur_calibration:/home/alvaro/workspace/ros_ur_driver/install/ur_robot_driver:/home/alvaro/workspace/ros_ur_driver/install/ur_moveit_config:/home/alvaro/workspace/ros_ur_driver/install/ur_bringup:/home/alvaro/workspace/ros_ur_driver/install/ur_description:/home/alvaro/workspace/ros_ur_driver/install/ur_controllers:/home/alvaro/workspace/ros_ur_driver/install/ur_dashboard_msgs:/home/alvaro/Desktop/pruebas_repo_TFM/TFM_MiguelLerinAlonso/workspace/ros_ur_driver/install/trayectories:/home/alvaro/Desktop/pruebas_repo_TFM/TFM_MiguelLerinAlonso/workspace/ros_ur_driver/install/data_logger:/home/alvaro/ros2_ws_copia/install/my_robot_controller:/home/alvaro/ros2_ws_copia/install/movimiento_articular:/home/alvaro/ros2_ws_copia/install/data_logger:/home/alvaro/ros2_ws/install/my_robot_controller:/opt/ros/humble /usr/bin/cmake --build /home/alvaro/TFM_MiguelLerinAlonso/workspace/ros_ur_driver/build/ur_moveit_config -- -j8 -l8
[1.124s] Invoking command in '/home/alvaro/TFM_MiguelLerinAlonso/workspace/ros_ur_driver/build/ur_moveit_config': AMENT_PREFIX_PATH=/home/alvaro/TFM_MiguelLerinAlonso/workspace/ros_ur_driver/install/ur_description:${AMENT_PREFIX_PATH} CMAKE_PREFIX_PATH=/home/alvaro/TFM_MiguelLerinAlonso/workspace/ros_ur_driver/install/ur_description:/home/alvaro/Desktop/pruebas_repo_TFM/TFM_MiguelLerinAlonso/workspace/ros_ur_driver/install/ur:/home/alvaro/Desktop/pruebas_repo_TFM/TFM_MiguelLerinAlonso/workspace/ros_ur_driver/install/ur_calibration:/home/alvaro/Desktop/pruebas_repo_TFM/TFM_MiguelLerinAlonso/workspace/ros_ur_driver/install/ur_robot_driver:/home/alvaro/Desktop/pruebas_repo_TFM/TFM_MiguelLerinAlonso/workspace/ros_ur_driver/install/ur_moveit_config:/home/alvaro/Desktop/pruebas_repo_TFM/TFM_MiguelLerinAlonso/workspace/ros_ur_driver/install/ur_bringup:/home/alvaro/Desktop/pruebas_repo_TFM/TFM_MiguelLerinAlonso/workspace/ros_ur_driver/install/ur_description:/home/alvaro/Desktop/pruebas_repo_TFM/TFM_MiguelLerinAlonso/workspace/ros_ur_driver/install/ur_controllers:/home/alvaro/Desktop/pruebas_repo_TFM/TFM_MiguelLerinAlonso/workspace/ros_ur_driver/install/ur_dashboard_msgs:/home/alvaro/workspace/ros_ur_driver/install/ur:/home/alvaro/workspace/ros_ur_driver/install/ur_calibration:/home/alvaro/workspace/ros_ur_driver/install/ur_robot_driver:/home/alvaro/workspace/ros_ur_driver/install/ur_moveit_config:/home/alvaro/workspace/ros_ur_driver/install/ur_bringup:/home/alvaro/workspace/ros_ur_driver/install/ur_description:/home/alvaro/workspace/ros_ur_driver/install/ur_controllers:/home/alvaro/workspace/ros_ur_driver/install/ur_dashboard_msgs:/home/alvaro/Desktop/pruebas_repo_TFM/TFM_MiguelLerinAlonso/workspace/ros_ur_driver/install/trayectories:/home/alvaro/Desktop/pruebas_repo_TFM/TFM_MiguelLerinAlonso/workspace/ros_ur_driver/install/data_logger:/home/alvaro/ros2_ws_copia/install/my_robot_controller:/home/alvaro/ros2_ws_copia/install/movimiento_articular:/home/alvaro/ros2_ws_copia/install/data_logger:/home/alvaro/ros2_ws/install/my_robot_controller:/opt/ros/humble /usr/bin/cmake --install /home/alvaro/TFM_MiguelLerinAlonso/workspace/ros_ur_driver/build/ur_moveit_config
[1.131s] -- Install configuration: "Release"
[1.131s] -- Installing: /home/alvaro/TFM_MiguelLerinAlonso/workspace/ros_ur_driver/install/ur_moveit_config/share/ur_moveit_config/config
[1.131s] -- Installing: /home/alvaro/TFM_MiguelLerinAlonso/workspace/ros_ur_driver/install/ur_moveit_config/share/ur_moveit_config/config/controllers.yaml
[1.132s] -- Installing: /home/alvaro/TFM_MiguelLerinAlonso/workspace/ros_ur_driver/install/ur_moveit_config/share/ur_moveit_config/config/kinematics.yaml
[1.132s] -- Installing: /home/alvaro/TFM_MiguelLerinAlonso/workspace/ros_ur_driver/install/ur_moveit_config/share/ur_moveit_config/config/ur_servo.yaml
[1.132s] -- Installing: /home/alvaro/TFM_MiguelLerinAlonso/workspace/ros_ur_driver/install/ur_moveit_config/share/ur_moveit_config/config/ompl_planning.yaml
[1.132s] -- Installing: /home/alvaro/TFM_MiguelLerinAlonso/workspace/ros_ur_driver/install/ur_moveit_config/share/ur_moveit_config/launch
[1.132s] -- Installing: /home/alvaro/TFM_MiguelLerinAlonso/workspace/ros_ur_driver/install/ur_moveit_config/share/ur_moveit_config/launch/ur_moveit.launch.py
[1.132s] -- Installing: /home/alvaro/TFM_MiguelLerinAlonso/workspace/ros_ur_driver/install/ur_moveit_config/share/ur_moveit_config/rviz
[1.132s] -- Installing: /home/alvaro/TFM_MiguelLerinAlonso/workspace/ros_ur_driver/install/ur_moveit_config/share/ur_moveit_config/rviz/view_robot.rviz
[1.132s] -- Installing: /home/alvaro/TFM_MiguelLerinAlonso/workspace/ros_ur_driver/install/ur_moveit_config/share/ur_moveit_config/srdf
[1.132s] -- Installing: /home/alvaro/TFM_MiguelLerinAlonso/workspace/ros_ur_driver/install/ur_moveit_config/share/ur_moveit_config/srdf/ur_macro.srdf.xacro
[1.132s] -- Installing: /home/alvaro/TFM_MiguelLerinAlonso/workspace/ros_ur_driver/install/ur_moveit_config/share/ur_moveit_config/srdf/ur.srdf.xacro
[1.132s] -- Installing: /home/alvaro/TFM_MiguelLerinAlonso/workspace/ros_ur_driver/install/ur_moveit_config/share/ur_moveit_config/environment/pythonpath.sh
[1.133s] -- Installing: /home/alvaro/TFM_MiguelLerinAlonso/workspace/ros_ur_driver/install/ur_moveit_config/share/ur_moveit_config/environment/pythonpath.dsv
[1.133s] -- Installing: /home/alvaro/TFM_MiguelLerinAlonso/workspace/ros_ur_driver/install/ur_moveit_config/local/lib/python3.10/dist-packages/ur_moveit_config-2.2.10-py3.10.egg-info
[1.133s] -- Installing: /home/alvaro/TFM_MiguelLerinAlonso/workspace/ros_ur_driver/install/ur_moveit_config/local/lib/python3.10/dist-packages/ur_moveit_config-2.2.10-py3.10.egg-info/PKG-INFO
[1.133s] -- Installing: /home/alvaro/TFM_MiguelLerinAlonso/workspace/ros_ur_driver/install/ur_moveit_config/local/lib/python3.10/dist-packages/ur_moveit_config-2.2.10-py3.10.egg-info/SOURCES.txt
[1.133s] -- Installing: /home/alvaro/TFM_MiguelLerinAlonso/workspace/ros_ur_driver/install/ur_moveit_config/local/lib/python3.10/dist-packages/ur_moveit_config-2.2.10-py3.10.egg-info/dependency_links.txt
[1.133s] -- Installing: /home/alvaro/TFM_MiguelLerinAlonso/workspace/ros_ur_driver/install/ur_moveit_config/local/lib/python3.10/dist-packages/ur_moveit_config-2.2.10-py3.10.egg-info/top_level.txt
[1.133s] -- Installing: /home/alvaro/TFM_MiguelLerinAlonso/workspace/ros_ur_driver/install/ur_moveit_config/local/lib/python3.10/dist-packages/ur_moveit_config
[1.133s] -- Installing: /home/alvaro/TFM_MiguelLerinAlonso/workspace/ros_ur_driver/install/ur_moveit_config/local/lib/python3.10/dist-packages/ur_moveit_config/launch_common.py
[1.133s] -- Installing: /home/alvaro/TFM_MiguelLerinAlonso/workspace/ros_ur_driver/install/ur_moveit_config/local/lib/python3.10/dist-packages/ur_moveit_config/__init__.py
[1.170s] Listing '/home/alvaro/TFM_MiguelLerinAlonso/workspace/ros_ur_driver/install/ur_moveit_config/local/lib/python3.10/dist-packages/ur_moveit_config'...
[1.171s] Compiling '/home/alvaro/TFM_MiguelLerinAlonso/workspace/ros_ur_driver/install/ur_moveit_config/local/lib/python3.10/dist-packages/ur_moveit_config/__init__.py'...
[1.171s] Compiling '/home/alvaro/TFM_MiguelLerinAlonso/workspace/ros_ur_driver/install/ur_moveit_config/local/lib/python3.10/dist-packages/ur_moveit_config/launch_common.py'...
[1.175s] -- Installing: /home/alvaro/TFM_MiguelLerinAlonso/workspace/ros_ur_driver/install/ur_moveit_config/local/lib/python3.10/dist-packages/launch_common.py
[1.208s] Compiling '/home/alvaro/TFM_MiguelLerinAlonso/workspace/ros_ur_driver/install/ur_moveit_config/local/lib/python3.10/dist-packages/launch_common.py'...
[1.212s] -- Installing: /home/alvaro/TFM_MiguelLerinAlonso/workspace/ros_ur_driver/install/ur_moveit_config/share/ament_index/resource_index/package_run_dependencies/ur_moveit_config
[1.213s] -- Installing: /home/alvaro/TFM_MiguelLerinAlonso/workspace/ros_ur_driver/install/ur_moveit_config/share/ament_index/resource_index/parent_prefix_path/ur_moveit_config
[1.213s] -- Installing: /home/alvaro/TFM_MiguelLerinAlonso/workspace/ros_ur_driver/install/ur_moveit_config/share/ur_moveit_config/environment/ament_prefix_path.sh
[1.213s] -- Installing: /home/alvaro/TFM_MiguelLerinAlonso/workspace/ros_ur_driver/install/ur_moveit_config/share/ur_moveit_config/environment/ament_prefix_path.dsv
[1.213s] -- Installing: /home/alvaro/TFM_MiguelLerinAlonso/workspace/ros_ur_driver/install/ur_moveit_config/share/ur_moveit_config/environment/path.sh
[1.213s] -- Installing: /home/alvaro/TFM_MiguelLerinAlonso/workspace/ros_ur_driver/install/ur_moveit_config/share/ur_moveit_config/environment/path.dsv
[1.213s] -- Installing: /home/alvaro/TFM_MiguelLerinAlonso/workspace/ros_ur_driver/install/ur_moveit_config/share/ur_moveit_config/local_setup.bash
[1.214s] -- Installing: /home/alvaro/TFM_MiguelLerinAlonso/workspace/ros_ur_driver/install/ur_moveit_config/share/ur_moveit_config/local_setup.sh
[1.214s] -- Installing: /home/alvaro/TFM_MiguelLerinAlonso/workspace/ros_ur_driver/install/ur_moveit_config/share/ur_moveit_config/local_setup.zsh
[1.214s] -- Installing: /home/alvaro/TFM_MiguelLerinAlonso/workspace/ros_ur_driver/install/ur_moveit_config/share/ur_moveit_config/local_setup.dsv
[1.214s] -- Installing: /home/alvaro/TFM_MiguelLerinAlonso/workspace/ros_ur_driver/install/ur_moveit_config/share/ur_moveit_config/package.dsv
[1.214s] -- Installing: /home/alvaro/TFM_MiguelLerinAlonso/workspace/ros_ur_driver/install/ur_moveit_config/share/ament_index/resource_index/packages/ur_moveit_config
[1.215s] -- Installing: /home/alvaro/TFM_MiguelLerinAlonso/workspace/ros_ur_driver/install/ur_moveit_config/share/ur_moveit_config/cmake/ur_moveit_configConfig.cmake
[1.215s] -- Installing: /home/alvaro/TFM_MiguelLerinAlonso/workspace/ros_ur_driver/install/ur_moveit_config/share/ur_moveit_config/cmake/ur_moveit_configConfig-version.cmake
[1.215s] -- Installing: /home/alvaro/TFM_MiguelLerinAlonso/workspace/ros_ur_driver/install/ur_moveit_config/share/ur_moveit_config/package.xml
[1.217s] Invoked command in '/home/alvaro/TFM_MiguelLerinAlonso/workspace/ros_ur_driver/build/ur_moveit_config' returned '0': AMENT_PREFIX_PATH=/home/alvaro/TFM_MiguelLerinAlonso/workspace/ros_ur_driver/install/ur_description:${AMENT_PREFIX_PATH} CMAKE_PREFIX_PATH=/home/alvaro/TFM_MiguelLerinAlonso/workspace/ros_ur_driver/install/ur_description:/home/alvaro/Desktop/pruebas_repo_TFM/TFM_MiguelLerinAlonso/workspace/ros_ur_driver/install/ur:/home/alvaro/Desktop/pruebas_repo_TFM/TFM_MiguelLerinAlonso/workspace/ros_ur_driver/install/ur_calibration:/home/alvaro/Desktop/pruebas_repo_TFM/TFM_MiguelLerinAlonso/workspace/ros_ur_driver/install/ur_robot_driver:/home/alvaro/Desktop/pruebas_repo_TFM/TFM_MiguelLerinAlonso/workspace/ros_ur_driver/install/ur_moveit_config:/home/alvaro/Desktop/pruebas_repo_TFM/TFM_MiguelLerinAlonso/workspace/ros_ur_driver/install/ur_bringup:/home/alvaro/Desktop/pruebas_repo_TFM/TFM_MiguelLerinAlonso/workspace/ros_ur_driver/install/ur_description:/home/alvaro/Desktop/pruebas_repo_TFM/TFM_MiguelLerinAlonso/workspace/ros_ur_driver/install/ur_controllers:/home/alvaro/Desktop/pruebas_repo_TFM/TFM_MiguelLerinAlonso/workspace/ros_ur_driver/install/ur_dashboard_msgs:/home/alvaro/workspace/ros_ur_driver/install/ur:/home/alvaro/workspace/ros_ur_driver/install/ur_calibration:/home/alvaro/workspace/ros_ur_driver/install/ur_robot_driver:/home/alvaro/workspace/ros_ur_driver/install/ur_moveit_config:/home/alvaro/workspace/ros_ur_driver/install/ur_bringup:/home/alvaro/workspace/ros_ur_driver/install/ur_description:/home/alvaro/workspace/ros_ur_driver/install/ur_controllers:/home/alvaro/workspace/ros_ur_driver/install/ur_dashboard_msgs:/home/alvaro/Desktop/pruebas_repo_TFM/TFM_MiguelLerinAlonso/workspace/ros_ur_driver/install/trayectories:/home/alvaro/Desktop/pruebas_repo_TFM/TFM_MiguelLerinAlonso/workspace/ros_ur_driver/install/data_logger:/home/alvaro/ros2_ws_copia/install/my_robot_controller:/home/alvaro/ros2_ws_copia/install/movimiento_articular:/home/alvaro/ros2_ws_copia/install/data_logger:/home/alvaro/ros2_ws/install/my_robot_controller:/opt/ros/humble /usr/bin/cmake --install /home/alvaro/TFM_MiguelLerinAlonso/workspace/ros_ur_driver/build/ur_moveit_config
