[1.566s] Invoking command in '/home/alvaro/Desktop/workspace/ros_ur_driver/src/trayectories': PYTHONPATH=/home/alvaro/Desktop/workspace/ros_ur_driver/build/trayectories/prefix_override:/home/alvaro/Desktop/workspace/ros_ur_driver/install/trayectories/lib/python3.10/site-packages:${PYTHONPATH} /usr/bin/python3 -W ignore:setup.py install is deprecated setup.py egg_info --egg-base ../../build/trayectories build --build-base /home/alvaro/Desktop/workspace/ros_ur_driver/build/trayectories/build install --record /home/alvaro/Desktop/workspace/ros_ur_driver/build/trayectories/install.log --single-version-externally-managed install_data
[1.971s] running egg_info
[1.971s] writing ../../build/trayectories/trayectories.egg-info/PKG-INFO
[1.971s] writing dependency_links to ../../build/trayectories/trayectories.egg-info/dependency_links.txt
[1.972s] writing entry points to ../../build/trayectories/trayectories.egg-info/entry_points.txt
[1.972s] writing requirements to ../../build/trayectories/trayectories.egg-info/requires.txt
[1.972s] writing top-level names to ../../build/trayectories/trayectories.egg-info/top_level.txt
[1.974s] reading manifest file '../../build/trayectories/trayectories.egg-info/SOURCES.txt'
[1.976s] writing manifest file '../../build/trayectories/trayectories.egg-info/SOURCES.txt'
[1.976s] running build
[1.977s] running build_py
[1.977s] copying trayectories/move_joints.py -> /home/alvaro/Desktop/workspace/ros_ur_driver/build/trayectories/build/lib/trayectories
[1.977s] running install
[1.978s] running install_lib
[1.978s] copying /home/alvaro/Desktop/workspace/ros_ur_driver/build/trayectories/build/lib/trayectories/move_joints.py -> /home/alvaro/Desktop/workspace/ros_ur_driver/install/trayectories/lib/python3.10/site-packages/trayectories
[1.979s] byte-compiling /home/alvaro/Desktop/workspace/ros_ur_driver/install/trayectories/lib/python3.10/site-packages/trayectories/move_joints.py to move_joints.cpython-310.pyc
[1.981s] running install_data
[1.981s] running install_egg_info
[1.983s] removing '/home/alvaro/Desktop/workspace/ros_ur_driver/install/trayectories/lib/python3.10/site-packages/trayectories-0.0.0-py3.10.egg-info' (and everything under it)
[1.983s] Copying ../../build/trayectories/trayectories.egg-info to /home/alvaro/Desktop/workspace/ros_ur_driver/install/trayectories/lib/python3.10/site-packages/trayectories-0.0.0-py3.10.egg-info
[1.984s] running install_scripts
[2.008s] Installing move_joints script to /home/alvaro/Desktop/workspace/ros_ur_driver/install/trayectories/lib/trayectories
[2.008s] Installing move_l script to /home/alvaro/Desktop/workspace/ros_ur_driver/install/trayectories/lib/trayectories
[2.008s] writing list of installed files to '/home/alvaro/Desktop/workspace/ros_ur_driver/build/trayectories/install.log'
[2.053s] Invoked command in '/home/alvaro/Desktop/workspace/ros_ur_driver/src/trayectories' returned '0': PYTHONPATH=/home/alvaro/Desktop/workspace/ros_ur_driver/build/trayectories/prefix_override:/home/alvaro/Desktop/workspace/ros_ur_driver/install/trayectories/lib/python3.10/site-packages:${PYTHONPATH} /usr/bin/python3 -W ignore:setup.py install is deprecated setup.py egg_info --egg-base ../../build/trayectories build --build-base /home/alvaro/Desktop/workspace/ros_ur_driver/build/trayectories/build install --record /home/alvaro/Desktop/workspace/ros_ur_driver/build/trayectories/install.log --single-version-externally-managed install_data
