[0.025s] Invoking command in '/home/alvaro/Desktop/workspace/ros_ur_driver/build/ur_dashboard_msgs': CMAKE_PREFIX_PATH=${CMAKE_PREFIX_PATH}:/home/alvaro/Desktop/workspace/ros_ur_driver/install/data_logger:/home/alvaro/ros2_ws_copia/install/my_robot_controller:/home/alvaro/ros2_ws_copia/install/movimiento_articular:/home/alvaro/ros2_ws_copia/install/data_logger:/home/alvaro/ros2_ws/install/my_robot_controller:/opt/ros/humble /usr/bin/cmake --build /home/alvaro/Desktop/workspace/ros_ur_driver/build/ur_dashboard_msgs -- -j8 -l8
[0.086s] [  0%] Built target ur_dashboard_msgs__cpp
[0.088s] [ 12%] Built target ur_dashboard_msgs__rosidl_generator_c
[0.105s] [ 12%] Built target ament_cmake_python_copy_ur_dashboard_msgs
[0.136s] [ 24%] Built target ur_dashboard_msgs__rosidl_typesupport_introspection_c
[0.137s] [ 36%] Built target ur_dashboard_msgs__rosidl_typesupport_cpp
[0.141s] [ 48%] Built target ur_dashboard_msgs__rosidl_typesupport_c
[0.149s] [ 60%] Built target ur_dashboard_msgs__rosidl_typesupport_fastrtps_c
[0.152s] [ 84%] Built target ur_dashboard_msgs__rosidl_typesupport_introspection_cpp
[0.152s] [ 84%] Built target ur_dashboard_msgs__rosidl_typesupport_fastrtps_cpp
[0.176s] [ 84%] Built target ur_dashboard_msgs
[0.197s] [ 85%] Built target ur_dashboard_msgs__py
[0.226s] [ 96%] Built target ur_dashboard_msgs__rosidl_generator_py
[0.255s] [ 98%] Built target ur_dashboard_msgs__rosidl_typesupport_introspection_c__pyext
[0.256s] [ 99%] Built target ur_dashboard_msgs__rosidl_typesupport_c__pyext
[0.257s] [100%] Built target ur_dashboard_msgs__rosidl_typesupport_fastrtps_c__pyext
[0.485s] running egg_info
[0.485s] writing ur_dashboard_msgs.egg-info/PKG-INFO
[0.485s] writing dependency_links to ur_dashboard_msgs.egg-info/dependency_links.txt
[0.485s] writing top-level names to ur_dashboard_msgs.egg-info/top_level.txt
[0.485s] reading manifest file 'ur_dashboard_msgs.egg-info/SOURCES.txt'
[0.485s] writing manifest file 'ur_dashboard_msgs.egg-info/SOURCES.txt'
[0.497s] [100%] Built target ament_cmake_python_build_ur_dashboard_msgs_egg
[0.509s] Invoked command in '/home/alvaro/Desktop/workspace/ros_ur_driver/build/ur_dashboard_msgs' returned '0': CMAKE_PREFIX_PATH=${CMAKE_PREFIX_PATH}:/home/alvaro/Desktop/workspace/ros_ur_driver/install/data_logger:/home/alvaro/ros2_ws_copia/install/my_robot_controller:/home/alvaro/ros2_ws_copia/install/movimiento_articular:/home/alvaro/ros2_ws_copia/install/data_logger:/home/alvaro/ros2_ws/install/my_robot_controller:/opt/ros/humble /usr/bin/cmake --build /home/alvaro/Desktop/workspace/ros_ur_driver/build/ur_dashboard_msgs -- -j8 -l8
[0.804s] Invoking command in '/home/alvaro/Desktop/workspace/ros_ur_driver/build/ur_dashboard_msgs': CMAKE_PREFIX_PATH=${CMAKE_PREFIX_PATH}:/home/alvaro/Desktop/workspace/ros_ur_driver/install/data_logger:/home/alvaro/ros2_ws_copia/install/my_robot_controller:/home/alvaro/ros2_ws_copia/install/movimiento_articular:/home/alvaro/ros2_ws_copia/install/data_logger:/home/alvaro/ros2_ws/install/my_robot_controller:/opt/ros/humble /usr/bin/cmake --install /home/alvaro/Desktop/workspace/ros_ur_driver/build/ur_dashboard_msgs
[0.812s] -- Install configuration: "Release"
[0.812s] -- Up-to-date: /home/alvaro/Desktop/workspace/ros_ur_driver/install/ur_dashboard_msgs/share/ament_index/resource_index/rosidl_interfaces/ur_dashboard_msgs
[0.813s] -- Up-to-date: /home/alvaro/Desktop/workspace/ros_ur_driver/install/ur_dashboard_msgs/include/ur_dashboard_msgs/ur_dashboard_msgs
[0.813s] -- Up-to-date: /home/alvaro/Desktop/workspace/ros_ur_driver/install/ur_dashboard_msgs/include/ur_dashboard_msgs/ur_dashboard_msgs/action
[0.813s] -- Up-to-date: /home/alvaro/Desktop/workspace/ros_ur_driver/install/ur_dashboard_msgs/include/ur_dashboard_msgs/ur_dashboard_msgs/action/detail
[0.813s] -- Up-to-date: /home/alvaro/Desktop/workspace/ros_ur_driver/install/ur_dashboard_msgs/include/ur_dashboard_msgs/ur_dashboard_msgs/action/detail/set_mode__type_support.h
[0.814s] -- Up-to-date: /home/alvaro/Desktop/workspace/ros_ur_driver/install/ur_dashboard_msgs/include/ur_dashboard_msgs/ur_dashboard_msgs/action/detail/set_mode__functions.h
[0.814s] -- Up-to-date: /home/alvaro/Desktop/workspace/ros_ur_driver/install/ur_dashboard_msgs/include/ur_dashboard_msgs/ur_dashboard_msgs/action/detail/set_mode__functions.c
[0.814s] -- Up-to-date: /home/alvaro/Desktop/workspace/ros_ur_driver/install/ur_dashboard_msgs/include/ur_dashboard_msgs/ur_dashboard_msgs/action/detail/set_mode__struct.h
[0.814s] -- Up-to-date: /home/alvaro/Desktop/workspace/ros_ur_driver/install/ur_dashboard_msgs/include/ur_dashboard_msgs/ur_dashboard_msgs/action/set_mode.h
[0.815s] -- Up-to-date: /home/alvaro/Desktop/workspace/ros_ur_driver/install/ur_dashboard_msgs/include/ur_dashboard_msgs/ur_dashboard_msgs/msg
[0.815s] -- Up-to-date: /home/alvaro/Desktop/workspace/ros_ur_driver/install/ur_dashboard_msgs/include/ur_dashboard_msgs/ur_dashboard_msgs/msg/program_state.h
[0.815s] -- Up-to-date: /home/alvaro/Desktop/workspace/ros_ur_driver/install/ur_dashboard_msgs/include/ur_dashboard_msgs/ur_dashboard_msgs/msg/detail
[0.815s] -- Up-to-date: /home/alvaro/Desktop/workspace/ros_ur_driver/install/ur_dashboard_msgs/include/ur_dashboard_msgs/ur_dashboard_msgs/msg/detail/safety_mode__functions.h
[0.815s] -- Up-to-date: /home/alvaro/Desktop/workspace/ros_ur_driver/install/ur_dashboard_msgs/include/ur_dashboard_msgs/ur_dashboard_msgs/msg/detail/program_state__type_support.h
[0.815s] -- Up-to-date: /home/alvaro/Desktop/workspace/ros_ur_driver/install/ur_dashboard_msgs/include/ur_dashboard_msgs/ur_dashboard_msgs/msg/detail/program_state__struct.h
[0.816s] -- Up-to-date: /home/alvaro/Desktop/workspace/ros_ur_driver/install/ur_dashboard_msgs/include/ur_dashboard_msgs/ur_dashboard_msgs/msg/detail/robot_mode__type_support.h
[0.816s] -- Up-to-date: /home/alvaro/Desktop/workspace/ros_ur_driver/install/ur_dashboard_msgs/include/ur_dashboard_msgs/ur_dashboard_msgs/msg/detail/robot_mode__functions.c
[0.816s] -- Up-to-date: /home/alvaro/Desktop/workspace/ros_ur_driver/install/ur_dashboard_msgs/include/ur_dashboard_msgs/ur_dashboard_msgs/msg/detail/robot_mode__struct.h
[0.817s] -- Up-to-date: /home/alvaro/Desktop/workspace/ros_ur_driver/install/ur_dashboard_msgs/include/ur_dashboard_msgs/ur_dashboard_msgs/msg/detail/program_state__functions.c
[0.817s] -- Up-to-date: /home/alvaro/Desktop/workspace/ros_ur_driver/install/ur_dashboard_msgs/include/ur_dashboard_msgs/ur_dashboard_msgs/msg/detail/safety_mode__functions.c
[0.817s] -- Up-to-date: /home/alvaro/Desktop/workspace/ros_ur_driver/install/ur_dashboard_msgs/include/ur_dashboard_msgs/ur_dashboard_msgs/msg/detail/program_state__functions.h
[0.817s] -- Up-to-date: /home/alvaro/Desktop/workspace/ros_ur_driver/install/ur_dashboard_msgs/include/ur_dashboard_msgs/ur_dashboard_msgs/msg/detail/safety_mode__struct.h
[0.817s] -- Up-to-date: /home/alvaro/Desktop/workspace/ros_ur_driver/install/ur_dashboard_msgs/include/ur_dashboard_msgs/ur_dashboard_msgs/msg/detail/safety_mode__type_support.h
[0.818s] -- Up-to-date: /home/alvaro/Desktop/workspace/ros_ur_driver/install/ur_dashboard_msgs/include/ur_dashboard_msgs/ur_dashboard_msgs/msg/detail/robot_mode__functions.h
[0.818s] -- Up-to-date: /home/alvaro/Desktop/workspace/ros_ur_driver/install/ur_dashboard_msgs/include/ur_dashboard_msgs/ur_dashboard_msgs/msg/rosidl_generator_c__visibility_control.h
[0.818s] -- Up-to-date: /home/alvaro/Desktop/workspace/ros_ur_driver/install/ur_dashboard_msgs/include/ur_dashboard_msgs/ur_dashboard_msgs/msg/robot_mode.h
[0.818s] -- Up-to-date: /home/alvaro/Desktop/workspace/ros_ur_driver/install/ur_dashboard_msgs/include/ur_dashboard_msgs/ur_dashboard_msgs/msg/safety_mode.h
[0.818s] -- Up-to-date: /home/alvaro/Desktop/workspace/ros_ur_driver/install/ur_dashboard_msgs/include/ur_dashboard_msgs/ur_dashboard_msgs/srv
[0.818s] -- Up-to-date: /home/alvaro/Desktop/workspace/ros_ur_driver/install/ur_dashboard_msgs/include/ur_dashboard_msgs/ur_dashboard_msgs/srv/get_program_state.h
[0.819s] -- Up-to-date: /home/alvaro/Desktop/workspace/ros_ur_driver/install/ur_dashboard_msgs/include/ur_dashboard_msgs/ur_dashboard_msgs/srv/add_to_log.h
[0.819s] -- Up-to-date: /home/alvaro/Desktop/workspace/ros_ur_driver/install/ur_dashboard_msgs/include/ur_dashboard_msgs/ur_dashboard_msgs/srv/raw_request.h
[0.819s] -- Up-to-date: /home/alvaro/Desktop/workspace/ros_ur_driver/install/ur_dashboard_msgs/include/ur_dashboard_msgs/ur_dashboard_msgs/srv/detail
[0.819s] -- Up-to-date: /home/alvaro/Desktop/workspace/ros_ur_driver/install/ur_dashboard_msgs/include/ur_dashboard_msgs/ur_dashboard_msgs/srv/detail/load__type_support.h
[0.819s] -- Up-to-date: /home/alvaro/Desktop/workspace/ros_ur_driver/install/ur_dashboard_msgs/include/ur_dashboard_msgs/ur_dashboard_msgs/srv/detail/get_loaded_program__struct.h
[0.820s] -- Up-to-date: /home/alvaro/Desktop/workspace/ros_ur_driver/install/ur_dashboard_msgs/include/ur_dashboard_msgs/ur_dashboard_msgs/srv/detail/is_program_saved__struct.h
[0.820s] -- Up-to-date: /home/alvaro/Desktop/workspace/ros_ur_driver/install/ur_dashboard_msgs/include/ur_dashboard_msgs/ur_dashboard_msgs/srv/detail/get_robot_mode__functions.c
[0.820s] -- Up-to-date: /home/alvaro/Desktop/workspace/ros_ur_driver/install/ur_dashboard_msgs/include/ur_dashboard_msgs/ur_dashboard_msgs/srv/detail/get_program_state__struct.h
[0.820s] -- Up-to-date: /home/alvaro/Desktop/workspace/ros_ur_driver/install/ur_dashboard_msgs/include/ur_dashboard_msgs/ur_dashboard_msgs/srv/detail/is_program_saved__functions.c
[0.820s] -- Up-to-date: /home/alvaro/Desktop/workspace/ros_ur_driver/install/ur_dashboard_msgs/include/ur_dashboard_msgs/ur_dashboard_msgs/srv/detail/get_loaded_program__functions.c
[0.821s] -- Up-to-date: /home/alvaro/Desktop/workspace/ros_ur_driver/install/ur_dashboard_msgs/include/ur_dashboard_msgs/ur_dashboard_msgs/srv/detail/get_safety_mode__functions.h
[0.821s] -- Up-to-date: /home/alvaro/Desktop/workspace/ros_ur_driver/install/ur_dashboard_msgs/include/ur_dashboard_msgs/ur_dashboard_msgs/srv/detail/get_robot_mode__functions.h
[0.821s] -- Up-to-date: /home/alvaro/Desktop/workspace/ros_ur_driver/install/ur_dashboard_msgs/include/ur_dashboard_msgs/ur_dashboard_msgs/srv/detail/get_safety_mode__functions.c
[0.821s] -- Up-to-date: /home/alvaro/Desktop/workspace/ros_ur_driver/install/ur_dashboard_msgs/include/ur_dashboard_msgs/ur_dashboard_msgs/srv/detail/raw_request__functions.h
[0.822s] -- Up-to-date: /home/alvaro/Desktop/workspace/ros_ur_driver/install/ur_dashboard_msgs/include/ur_dashboard_msgs/ur_dashboard_msgs/srv/detail/popup__functions.c
[0.822s] -- Up-to-date: /home/alvaro/Desktop/workspace/ros_ur_driver/install/ur_dashboard_msgs/include/ur_dashboard_msgs/ur_dashboard_msgs/srv/detail/get_loaded_program__functions.h
[0.822s] -- Up-to-date: /home/alvaro/Desktop/workspace/ros_ur_driver/install/ur_dashboard_msgs/include/ur_dashboard_msgs/ur_dashboard_msgs/srv/detail/add_to_log__struct.h
[0.822s] -- Up-to-date: /home/alvaro/Desktop/workspace/ros_ur_driver/install/ur_dashboard_msgs/include/ur_dashboard_msgs/ur_dashboard_msgs/srv/detail/is_program_running__struct.h
[0.822s] -- Up-to-date: /home/alvaro/Desktop/workspace/ros_ur_driver/install/ur_dashboard_msgs/include/ur_dashboard_msgs/ur_dashboard_msgs/srv/detail/load__struct.h
[0.822s] -- Up-to-date: /home/alvaro/Desktop/workspace/ros_ur_driver/install/ur_dashboard_msgs/include/ur_dashboard_msgs/ur_dashboard_msgs/srv/detail/load__functions.h
[0.822s] -- Up-to-date: /home/alvaro/Desktop/workspace/ros_ur_driver/install/ur_dashboard_msgs/include/ur_dashboard_msgs/ur_dashboard_msgs/srv/detail/get_program_state__functions.c
[0.823s] -- Up-to-date: /home/alvaro/Desktop/workspace/ros_ur_driver/install/ur_dashboard_msgs/include/ur_dashboard_msgs/ur_dashboard_msgs/srv/detail/load__functions.c
[0.823s] -- Up-to-date: /home/alvaro/Desktop/workspace/ros_ur_driver/install/ur_dashboard_msgs/include/ur_dashboard_msgs/ur_dashboard_msgs/srv/detail/is_program_running__type_support.h
[0.823s] -- Up-to-date: /home/alvaro/Desktop/workspace/ros_ur_driver/install/ur_dashboard_msgs/include/ur_dashboard_msgs/ur_dashboard_msgs/srv/detail/get_loaded_program__type_support.h
[0.823s] -- Up-to-date: /home/alvaro/Desktop/workspace/ros_ur_driver/install/ur_dashboard_msgs/include/ur_dashboard_msgs/ur_dashboard_msgs/srv/detail/popup__type_support.h
[0.823s] -- Up-to-date: /home/alvaro/Desktop/workspace/ros_ur_driver/install/ur_dashboard_msgs/include/ur_dashboard_msgs/ur_dashboard_msgs/srv/detail/popup__functions.h
[0.824s] -- Up-to-date: /home/alvaro/Desktop/workspace/ros_ur_driver/install/ur_dashboard_msgs/include/ur_dashboard_msgs/ur_dashboard_msgs/srv/detail/get_safety_mode__type_support.h
[0.824s] -- Up-to-date: /home/alvaro/Desktop/workspace/ros_ur_driver/install/ur_dashboard_msgs/include/ur_dashboard_msgs/ur_dashboard_msgs/srv/detail/raw_request__type_support.h
[0.824s] -- Up-to-date: /home/alvaro/Desktop/workspace/ros_ur_driver/install/ur_dashboard_msgs/include/ur_dashboard_msgs/ur_dashboard_msgs/srv/detail/is_program_running__functions.h
[0.824s] -- Up-to-date: /home/alvaro/Desktop/workspace/ros_ur_driver/install/ur_dashboard_msgs/include/ur_dashboard_msgs/ur_dashboard_msgs/srv/detail/raw_request__functions.c
[0.824s] -- Up-to-date: /home/alvaro/Desktop/workspace/ros_ur_driver/install/ur_dashboard_msgs/include/ur_dashboard_msgs/ur_dashboard_msgs/srv/detail/is_program_running__functions.c
[0.825s] -- Up-to-date: /home/alvaro/Desktop/workspace/ros_ur_driver/install/ur_dashboard_msgs/include/ur_dashboard_msgs/ur_dashboard_msgs/srv/detail/get_program_state__functions.h
[0.825s] -- Up-to-date: /home/alvaro/Desktop/workspace/ros_ur_driver/install/ur_dashboard_msgs/include/ur_dashboard_msgs/ur_dashboard_msgs/srv/detail/add_to_log__functions.h
[0.825s] -- Up-to-date: /home/alvaro/Desktop/workspace/ros_ur_driver/install/ur_dashboard_msgs/include/ur_dashboard_msgs/ur_dashboard_msgs/srv/detail/get_robot_mode__type_support.h
[0.825s] -- Up-to-date: /home/alvaro/Desktop/workspace/ros_ur_driver/install/ur_dashboard_msgs/include/ur_dashboard_msgs/ur_dashboard_msgs/srv/detail/raw_request__struct.h
[0.825s] -- Up-to-date: /home/alvaro/Desktop/workspace/ros_ur_driver/install/ur_dashboard_msgs/include/ur_dashboard_msgs/ur_dashboard_msgs/srv/detail/is_program_saved__type_support.h
[0.825s] -- Up-to-date: /home/alvaro/Desktop/workspace/ros_ur_driver/install/ur_dashboard_msgs/include/ur_dashboard_msgs/ur_dashboard_msgs/srv/detail/get_safety_mode__struct.h
[0.825s] -- Up-to-date: /home/alvaro/Desktop/workspace/ros_ur_driver/install/ur_dashboard_msgs/include/ur_dashboard_msgs/ur_dashboard_msgs/srv/detail/is_program_saved__functions.h
[0.826s] -- Up-to-date: /home/alvaro/Desktop/workspace/ros_ur_driver/install/ur_dashboard_msgs/include/ur_dashboard_msgs/ur_dashboard_msgs/srv/detail/add_to_log__functions.c
[0.826s] -- Up-to-date: /home/alvaro/Desktop/workspace/ros_ur_driver/install/ur_dashboard_msgs/include/ur_dashboard_msgs/ur_dashboard_msgs/srv/detail/get_program_state__type_support.h
[0.826s] -- Up-to-date: /home/alvaro/Desktop/workspace/ros_ur_driver/install/ur_dashboard_msgs/include/ur_dashboard_msgs/ur_dashboard_msgs/srv/detail/get_robot_mode__struct.h
[0.826s] -- Up-to-date: /home/alvaro/Desktop/workspace/ros_ur_driver/install/ur_dashboard_msgs/include/ur_dashboard_msgs/ur_dashboard_msgs/srv/detail/add_to_log__type_support.h
[0.826s] -- Up-to-date: /home/alvaro/Desktop/workspace/ros_ur_driver/install/ur_dashboard_msgs/include/ur_dashboard_msgs/ur_dashboard_msgs/srv/detail/popup__struct.h
[0.826s] -- Up-to-date: /home/alvaro/Desktop/workspace/ros_ur_driver/install/ur_dashboard_msgs/include/ur_dashboard_msgs/ur_dashboard_msgs/srv/load.h
[0.826s] -- Up-to-date: /home/alvaro/Desktop/workspace/ros_ur_driver/install/ur_dashboard_msgs/include/ur_dashboard_msgs/ur_dashboard_msgs/srv/get_robot_mode.h
[0.826s] -- Up-to-date: /home/alvaro/Desktop/workspace/ros_ur_driver/install/ur_dashboard_msgs/include/ur_dashboard_msgs/ur_dashboard_msgs/srv/get_safety_mode.h
[0.826s] -- Up-to-date: /home/alvaro/Desktop/workspace/ros_ur_driver/install/ur_dashboard_msgs/include/ur_dashboard_msgs/ur_dashboard_msgs/srv/get_loaded_program.h
[0.827s] -- Up-to-date: /home/alvaro/Desktop/workspace/ros_ur_driver/install/ur_dashboard_msgs/include/ur_dashboard_msgs/ur_dashboard_msgs/srv/popup.h
[0.827s] -- Up-to-date: /home/alvaro/Desktop/workspace/ros_ur_driver/install/ur_dashboard_msgs/include/ur_dashboard_msgs/ur_dashboard_msgs/srv/is_program_running.h
[0.827s] -- Up-to-date: /home/alvaro/Desktop/workspace/ros_ur_driver/install/ur_dashboard_msgs/include/ur_dashboard_msgs/ur_dashboard_msgs/srv/is_program_saved.h
[0.827s] -- Up-to-date: /home/alvaro/Desktop/workspace/ros_ur_driver/install/ur_dashboard_msgs/share/ur_dashboard_msgs/environment/library_path.sh
[0.827s] -- Up-to-date: /home/alvaro/Desktop/workspace/ros_ur_driver/install/ur_dashboard_msgs/share/ur_dashboard_msgs/environment/library_path.dsv
[0.827s] -- Up-to-date: /home/alvaro/Desktop/workspace/ros_ur_driver/install/ur_dashboard_msgs/lib/libur_dashboard_msgs__rosidl_generator_c.so
[0.827s] -- Up-to-date: /home/alvaro/Desktop/workspace/ros_ur_driver/install/ur_dashboard_msgs/include/ur_dashboard_msgs/ur_dashboard_msgs
[0.827s] -- Up-to-date: /home/alvaro/Desktop/workspace/ros_ur_driver/install/ur_dashboard_msgs/include/ur_dashboard_msgs/ur_dashboard_msgs/action
[0.828s] -- Up-to-date: /home/alvaro/Desktop/workspace/ros_ur_driver/install/ur_dashboard_msgs/include/ur_dashboard_msgs/ur_dashboard_msgs/action/detail
[0.828s] -- Up-to-date: /home/alvaro/Desktop/workspace/ros_ur_driver/install/ur_dashboard_msgs/include/ur_dashboard_msgs/ur_dashboard_msgs/action/detail/set_mode__rosidl_typesupport_fastrtps_c.h
[0.828s] -- Up-to-date: /home/alvaro/Desktop/workspace/ros_ur_driver/install/ur_dashboard_msgs/include/ur_dashboard_msgs/ur_dashboard_msgs/msg
[0.828s] -- Up-to-date: /home/alvaro/Desktop/workspace/ros_ur_driver/install/ur_dashboard_msgs/include/ur_dashboard_msgs/ur_dashboard_msgs/msg/detail
[0.829s] -- Up-to-date: /home/alvaro/Desktop/workspace/ros_ur_driver/install/ur_dashboard_msgs/include/ur_dashboard_msgs/ur_dashboard_msgs/msg/detail/program_state__rosidl_typesupport_fastrtps_c.h
[0.829s] -- Up-to-date: /home/alvaro/Desktop/workspace/ros_ur_driver/install/ur_dashboard_msgs/include/ur_dashboard_msgs/ur_dashboard_msgs/msg/detail/safety_mode__rosidl_typesupport_fastrtps_c.h
[0.829s] -- Up-to-date: /home/alvaro/Desktop/workspace/ros_ur_driver/install/ur_dashboard_msgs/include/ur_dashboard_msgs/ur_dashboard_msgs/msg/detail/robot_mode__rosidl_typesupport_fastrtps_c.h
[0.829s] -- Up-to-date: /home/alvaro/Desktop/workspace/ros_ur_driver/install/ur_dashboard_msgs/include/ur_dashboard_msgs/ur_dashboard_msgs/msg/rosidl_typesupport_fastrtps_c__visibility_control.h
[0.829s] -- Up-to-date: /home/alvaro/Desktop/workspace/ros_ur_driver/install/ur_dashboard_msgs/include/ur_dashboard_msgs/ur_dashboard_msgs/srv
[0.829s] -- Up-to-date: /home/alvaro/Desktop/workspace/ros_ur_driver/install/ur_dashboard_msgs/include/ur_dashboard_msgs/ur_dashboard_msgs/srv/detail
[0.829s] -- Up-to-date: /home/alvaro/Desktop/workspace/ros_ur_driver/install/ur_dashboard_msgs/include/ur_dashboard_msgs/ur_dashboard_msgs/srv/detail/is_program_running__rosidl_typesupport_fastrtps_c.h
[0.829s] -- Up-to-date: /home/alvaro/Desktop/workspace/ros_ur_driver/install/ur_dashboard_msgs/include/ur_dashboard_msgs/ur_dashboard_msgs/srv/detail/get_safety_mode__rosidl_typesupport_fastrtps_c.h
[0.830s] -- Up-to-date: /home/alvaro/Desktop/workspace/ros_ur_driver/install/ur_dashboard_msgs/include/ur_dashboard_msgs/ur_dashboard_msgs/srv/detail/popup__rosidl_typesupport_fastrtps_c.h
[0.830s] -- Up-to-date: /home/alvaro/Desktop/workspace/ros_ur_driver/install/ur_dashboard_msgs/include/ur_dashboard_msgs/ur_dashboard_msgs/srv/detail/get_loaded_program__rosidl_typesupport_fastrtps_c.h
[0.830s] -- Up-to-date: /home/alvaro/Desktop/workspace/ros_ur_driver/install/ur_dashboard_msgs/include/ur_dashboard_msgs/ur_dashboard_msgs/srv/detail/raw_request__rosidl_typesupport_fastrtps_c.h
[0.830s] -- Up-to-date: /home/alvaro/Desktop/workspace/ros_ur_driver/install/ur_dashboard_msgs/include/ur_dashboard_msgs/ur_dashboard_msgs/srv/detail/get_program_state__rosidl_typesupport_fastrtps_c.h
[0.830s] -- Up-to-date: /home/alvaro/Desktop/workspace/ros_ur_driver/install/ur_dashboard_msgs/include/ur_dashboard_msgs/ur_dashboard_msgs/srv/detail/add_to_log__rosidl_typesupport_fastrtps_c.h
[0.830s] -- Up-to-date: /home/alvaro/Desktop/workspace/ros_ur_driver/install/ur_dashboard_msgs/include/ur_dashboard_msgs/ur_dashboard_msgs/srv/detail/get_robot_mode__rosidl_typesupport_fastrtps_c.h
[0.830s] -- Up-to-date: /home/alvaro/Desktop/workspace/ros_ur_driver/install/ur_dashboard_msgs/include/ur_dashboard_msgs/ur_dashboard_msgs/srv/detail/is_program_saved__rosidl_typesupport_fastrtps_c.h
[0.830s] -- Up-to-date: /home/alvaro/Desktop/workspace/ros_ur_driver/install/ur_dashboard_msgs/include/ur_dashboard_msgs/ur_dashboard_msgs/srv/detail/load__rosidl_typesupport_fastrtps_c.h
[0.831s] -- Up-to-date: /home/alvaro/Desktop/workspace/ros_ur_driver/install/ur_dashboard_msgs/lib/libur_dashboard_msgs__rosidl_typesupport_fastrtps_c.so
[0.831s] -- Up-to-date: /home/alvaro/Desktop/workspace/ros_ur_driver/install/ur_dashboard_msgs/include/ur_dashboard_msgs/ur_dashboard_msgs
[0.831s] -- Up-to-date: /home/alvaro/Desktop/workspace/ros_ur_driver/install/ur_dashboard_msgs/include/ur_dashboard_msgs/ur_dashboard_msgs/action
[0.831s] -- Up-to-date: /home/alvaro/Desktop/workspace/ros_ur_driver/install/ur_dashboard_msgs/include/ur_dashboard_msgs/ur_dashboard_msgs/action/detail
[0.831s] -- Up-to-date: /home/alvaro/Desktop/workspace/ros_ur_driver/install/ur_dashboard_msgs/include/ur_dashboard_msgs/ur_dashboard_msgs/action/detail/set_mode__type_support.c
[0.831s] -- Up-to-date: /home/alvaro/Desktop/workspace/ros_ur_driver/install/ur_dashboard_msgs/include/ur_dashboard_msgs/ur_dashboard_msgs/action/detail/set_mode__rosidl_typesupport_introspection_c.h
[0.831s] -- Up-to-date: /home/alvaro/Desktop/workspace/ros_ur_driver/install/ur_dashboard_msgs/include/ur_dashboard_msgs/ur_dashboard_msgs/msg
[0.831s] -- Up-to-date: /home/alvaro/Desktop/workspace/ros_ur_driver/install/ur_dashboard_msgs/include/ur_dashboard_msgs/ur_dashboard_msgs/msg/detail
[0.831s] -- Up-to-date: /home/alvaro/Desktop/workspace/ros_ur_driver/install/ur_dashboard_msgs/include/ur_dashboard_msgs/ur_dashboard_msgs/msg/detail/program_state__type_support.c
[0.832s] -- Up-to-date: /home/alvaro/Desktop/workspace/ros_ur_driver/install/ur_dashboard_msgs/include/ur_dashboard_msgs/ur_dashboard_msgs/msg/detail/safety_mode__type_support.c
[0.832s] -- Up-to-date: /home/alvaro/Desktop/workspace/ros_ur_driver/install/ur_dashboard_msgs/include/ur_dashboard_msgs/ur_dashboard_msgs/msg/detail/program_state__rosidl_typesupport_introspection_c.h
[0.832s] -- Up-to-date: /home/alvaro/Desktop/workspace/ros_ur_driver/install/ur_dashboard_msgs/include/ur_dashboard_msgs/ur_dashboard_msgs/msg/detail/robot_mode__rosidl_typesupport_introspection_c.h
[0.832s] -- Up-to-date: /home/alvaro/Desktop/workspace/ros_ur_driver/install/ur_dashboard_msgs/include/ur_dashboard_msgs/ur_dashboard_msgs/msg/detail/robot_mode__type_support.c
[0.832s] -- Up-to-date: /home/alvaro/Desktop/workspace/ros_ur_driver/install/ur_dashboard_msgs/include/ur_dashboard_msgs/ur_dashboard_msgs/msg/detail/safety_mode__rosidl_typesupport_introspection_c.h
[0.832s] -- Up-to-date: /home/alvaro/Desktop/workspace/ros_ur_driver/install/ur_dashboard_msgs/include/ur_dashboard_msgs/ur_dashboard_msgs/msg/rosidl_typesupport_introspection_c__visibility_control.h
[0.832s] -- Up-to-date: /home/alvaro/Desktop/workspace/ros_ur_driver/install/ur_dashboard_msgs/include/ur_dashboard_msgs/ur_dashboard_msgs/srv
[0.833s] -- Up-to-date: /home/alvaro/Desktop/workspace/ros_ur_driver/install/ur_dashboard_msgs/include/ur_dashboard_msgs/ur_dashboard_msgs/srv/detail
[0.833s] -- Up-to-date: /home/alvaro/Desktop/workspace/ros_ur_driver/install/ur_dashboard_msgs/include/ur_dashboard_msgs/ur_dashboard_msgs/srv/detail/is_program_running__type_support.c
[0.833s] -- Up-to-date: /home/alvaro/Desktop/workspace/ros_ur_driver/install/ur_dashboard_msgs/include/ur_dashboard_msgs/ur_dashboard_msgs/srv/detail/popup__rosidl_typesupport_introspection_c.h
[0.833s] -- Up-to-date: /home/alvaro/Desktop/workspace/ros_ur_driver/install/ur_dashboard_msgs/include/ur_dashboard_msgs/ur_dashboard_msgs/srv/detail/get_robot_mode__rosidl_typesupport_introspection_c.h
[0.833s] -- Up-to-date: /home/alvaro/Desktop/workspace/ros_ur_driver/install/ur_dashboard_msgs/include/ur_dashboard_msgs/ur_dashboard_msgs/srv/detail/is_program_saved__rosidl_typesupport_introspection_c.h
[0.833s] -- Up-to-date: /home/alvaro/Desktop/workspace/ros_ur_driver/install/ur_dashboard_msgs/include/ur_dashboard_msgs/ur_dashboard_msgs/srv/detail/get_loaded_program__type_support.c
[0.833s] -- Up-to-date: /home/alvaro/Desktop/workspace/ros_ur_driver/install/ur_dashboard_msgs/include/ur_dashboard_msgs/ur_dashboard_msgs/srv/detail/is_program_running__rosidl_typesupport_introspection_c.h
[0.833s] -- Up-to-date: /home/alvaro/Desktop/workspace/ros_ur_driver/install/ur_dashboard_msgs/include/ur_dashboard_msgs/ur_dashboard_msgs/srv/detail/get_robot_mode__type_support.c
[0.834s] -- Up-to-date: /home/alvaro/Desktop/workspace/ros_ur_driver/install/ur_dashboard_msgs/include/ur_dashboard_msgs/ur_dashboard_msgs/srv/detail/is_program_saved__type_support.c
[0.834s] -- Up-to-date: /home/alvaro/Desktop/workspace/ros_ur_driver/install/ur_dashboard_msgs/include/ur_dashboard_msgs/ur_dashboard_msgs/srv/detail/popup__type_support.c
[0.834s] -- Up-to-date: /home/alvaro/Desktop/workspace/ros_ur_driver/install/ur_dashboard_msgs/include/ur_dashboard_msgs/ur_dashboard_msgs/srv/detail/load__type_support.c
[0.834s] -- Up-to-date: /home/alvaro/Desktop/workspace/ros_ur_driver/install/ur_dashboard_msgs/include/ur_dashboard_msgs/ur_dashboard_msgs/srv/detail/get_safety_mode__rosidl_typesupport_introspection_c.h
[0.834s] -- Up-to-date: /home/alvaro/Desktop/workspace/ros_ur_driver/install/ur_dashboard_msgs/include/ur_dashboard_msgs/ur_dashboard_msgs/srv/detail/add_to_log__rosidl_typesupport_introspection_c.h
[0.834s] -- Up-to-date: /home/alvaro/Desktop/workspace/ros_ur_driver/install/ur_dashboard_msgs/include/ur_dashboard_msgs/ur_dashboard_msgs/srv/detail/get_safety_mode__type_support.c
[0.834s] -- Up-to-date: /home/alvaro/Desktop/workspace/ros_ur_driver/install/ur_dashboard_msgs/include/ur_dashboard_msgs/ur_dashboard_msgs/srv/detail/get_program_state__rosidl_typesupport_introspection_c.h
[0.834s] -- Up-to-date: /home/alvaro/Desktop/workspace/ros_ur_driver/install/ur_dashboard_msgs/include/ur_dashboard_msgs/ur_dashboard_msgs/srv/detail/get_loaded_program__rosidl_typesupport_introspection_c.h
[0.835s] -- Up-to-date: /home/alvaro/Desktop/workspace/ros_ur_driver/install/ur_dashboard_msgs/include/ur_dashboard_msgs/ur_dashboard_msgs/srv/detail/load__rosidl_typesupport_introspection_c.h
[0.835s] -- Up-to-date: /home/alvaro/Desktop/workspace/ros_ur_driver/install/ur_dashboard_msgs/include/ur_dashboard_msgs/ur_dashboard_msgs/srv/detail/raw_request__type_support.c
[0.835s] -- Up-to-date: /home/alvaro/Desktop/workspace/ros_ur_driver/install/ur_dashboard_msgs/include/ur_dashboard_msgs/ur_dashboard_msgs/srv/detail/raw_request__rosidl_typesupport_introspection_c.h
[0.835s] -- Up-to-date: /home/alvaro/Desktop/workspace/ros_ur_driver/install/ur_dashboard_msgs/include/ur_dashboard_msgs/ur_dashboard_msgs/srv/detail/add_to_log__type_support.c
[0.835s] -- Up-to-date: /home/alvaro/Desktop/workspace/ros_ur_driver/install/ur_dashboard_msgs/include/ur_dashboard_msgs/ur_dashboard_msgs/srv/detail/get_program_state__type_support.c
[0.835s] -- Up-to-date: /home/alvaro/Desktop/workspace/ros_ur_driver/install/ur_dashboard_msgs/lib/libur_dashboard_msgs__rosidl_typesupport_introspection_c.so
[0.835s] -- Up-to-date: /home/alvaro/Desktop/workspace/ros_ur_driver/install/ur_dashboard_msgs/lib/libur_dashboard_msgs__rosidl_typesupport_c.so
[0.835s] -- Up-to-date: /home/alvaro/Desktop/workspace/ros_ur_driver/install/ur_dashboard_msgs/include/ur_dashboard_msgs/ur_dashboard_msgs
[0.836s] -- Up-to-date: /home/alvaro/Desktop/workspace/ros_ur_driver/install/ur_dashboard_msgs/include/ur_dashboard_msgs/ur_dashboard_msgs/action
[0.836s] -- Up-to-date: /home/alvaro/Desktop/workspace/ros_ur_driver/install/ur_dashboard_msgs/include/ur_dashboard_msgs/ur_dashboard_msgs/action/detail
[0.836s] -- Up-to-date: /home/alvaro/Desktop/workspace/ros_ur_driver/install/ur_dashboard_msgs/include/ur_dashboard_msgs/ur_dashboard_msgs/action/detail/set_mode__builder.hpp
[0.836s] -- Up-to-date: /home/alvaro/Desktop/workspace/ros_ur_driver/install/ur_dashboard_msgs/include/ur_dashboard_msgs/ur_dashboard_msgs/action/detail/set_mode__struct.hpp
[0.836s] -- Up-to-date: /home/alvaro/Desktop/workspace/ros_ur_driver/install/ur_dashboard_msgs/include/ur_dashboard_msgs/ur_dashboard_msgs/action/detail/set_mode__traits.hpp
[0.836s] -- Up-to-date: /home/alvaro/Desktop/workspace/ros_ur_driver/install/ur_dashboard_msgs/include/ur_dashboard_msgs/ur_dashboard_msgs/action/set_mode.hpp
[0.836s] -- Up-to-date: /home/alvaro/Desktop/workspace/ros_ur_driver/install/ur_dashboard_msgs/include/ur_dashboard_msgs/ur_dashboard_msgs/msg
[0.837s] -- Up-to-date: /home/alvaro/Desktop/workspace/ros_ur_driver/install/ur_dashboard_msgs/include/ur_dashboard_msgs/ur_dashboard_msgs/msg/robot_mode.hpp
[0.837s] -- Up-to-date: /home/alvaro/Desktop/workspace/ros_ur_driver/install/ur_dashboard_msgs/include/ur_dashboard_msgs/ur_dashboard_msgs/msg/detail
[0.837s] -- Up-to-date: /home/alvaro/Desktop/workspace/ros_ur_driver/install/ur_dashboard_msgs/include/ur_dashboard_msgs/ur_dashboard_msgs/msg/detail/program_state__traits.hpp
[0.837s] -- Up-to-date: /home/alvaro/Desktop/workspace/ros_ur_driver/install/ur_dashboard_msgs/include/ur_dashboard_msgs/ur_dashboard_msgs/msg/detail/program_state__struct.hpp
[0.837s] -- Up-to-date: /home/alvaro/Desktop/workspace/ros_ur_driver/install/ur_dashboard_msgs/include/ur_dashboard_msgs/ur_dashboard_msgs/msg/detail/safety_mode__struct.hpp
[0.837s] -- Up-to-date: /home/alvaro/Desktop/workspace/ros_ur_driver/install/ur_dashboard_msgs/include/ur_dashboard_msgs/ur_dashboard_msgs/msg/detail/program_state__builder.hpp
[0.837s] -- Up-to-date: /home/alvaro/Desktop/workspace/ros_ur_driver/install/ur_dashboard_msgs/include/ur_dashboard_msgs/ur_dashboard_msgs/msg/detail/safety_mode__builder.hpp
[0.837s] -- Up-to-date: /home/alvaro/Desktop/workspace/ros_ur_driver/install/ur_dashboard_msgs/include/ur_dashboard_msgs/ur_dashboard_msgs/msg/detail/robot_mode__traits.hpp
[0.838s] -- Up-to-date: /home/alvaro/Desktop/workspace/ros_ur_driver/install/ur_dashboard_msgs/include/ur_dashboard_msgs/ur_dashboard_msgs/msg/detail/safety_mode__traits.hpp
[0.838s] -- Up-to-date: /home/alvaro/Desktop/workspace/ros_ur_driver/install/ur_dashboard_msgs/include/ur_dashboard_msgs/ur_dashboard_msgs/msg/detail/robot_mode__struct.hpp
[0.838s] -- Up-to-date: /home/alvaro/Desktop/workspace/ros_ur_driver/install/ur_dashboard_msgs/include/ur_dashboard_msgs/ur_dashboard_msgs/msg/detail/robot_mode__builder.hpp
[0.838s] -- Up-to-date: /home/alvaro/Desktop/workspace/ros_ur_driver/install/ur_dashboard_msgs/include/ur_dashboard_msgs/ur_dashboard_msgs/msg/program_state.hpp
[0.838s] -- Up-to-date: /home/alvaro/Desktop/workspace/ros_ur_driver/install/ur_dashboard_msgs/include/ur_dashboard_msgs/ur_dashboard_msgs/msg/safety_mode.hpp
[0.838s] -- Up-to-date: /home/alvaro/Desktop/workspace/ros_ur_driver/install/ur_dashboard_msgs/include/ur_dashboard_msgs/ur_dashboard_msgs/srv
[0.838s] -- Up-to-date: /home/alvaro/Desktop/workspace/ros_ur_driver/install/ur_dashboard_msgs/include/ur_dashboard_msgs/ur_dashboard_msgs/srv/add_to_log.hpp
[0.838s] -- Up-to-date: /home/alvaro/Desktop/workspace/ros_ur_driver/install/ur_dashboard_msgs/include/ur_dashboard_msgs/ur_dashboard_msgs/srv/detail
[0.839s] -- Up-to-date: /home/alvaro/Desktop/workspace/ros_ur_driver/install/ur_dashboard_msgs/include/ur_dashboard_msgs/ur_dashboard_msgs/srv/detail/get_program_state__struct.hpp
[0.839s] -- Up-to-date: /home/alvaro/Desktop/workspace/ros_ur_driver/install/ur_dashboard_msgs/include/ur_dashboard_msgs/ur_dashboard_msgs/srv/detail/get_robot_mode__struct.hpp
[0.839s] -- Up-to-date: /home/alvaro/Desktop/workspace/ros_ur_driver/install/ur_dashboard_msgs/include/ur_dashboard_msgs/ur_dashboard_msgs/srv/detail/popup__builder.hpp
[0.839s] -- Up-to-date: /home/alvaro/Desktop/workspace/ros_ur_driver/install/ur_dashboard_msgs/include/ur_dashboard_msgs/ur_dashboard_msgs/srv/detail/is_program_saved__builder.hpp
[0.839s] -- Up-to-date: /home/alvaro/Desktop/workspace/ros_ur_driver/install/ur_dashboard_msgs/include/ur_dashboard_msgs/ur_dashboard_msgs/srv/detail/get_loaded_program__struct.hpp
[0.839s] -- Up-to-date: /home/alvaro/Desktop/workspace/ros_ur_driver/install/ur_dashboard_msgs/include/ur_dashboard_msgs/ur_dashboard_msgs/srv/detail/is_program_saved__struct.hpp
[0.839s] -- Up-to-date: /home/alvaro/Desktop/workspace/ros_ur_driver/install/ur_dashboard_msgs/include/ur_dashboard_msgs/ur_dashboard_msgs/srv/detail/get_program_state__traits.hpp
[0.839s] -- Up-to-date: /home/alvaro/Desktop/workspace/ros_ur_driver/install/ur_dashboard_msgs/include/ur_dashboard_msgs/ur_dashboard_msgs/srv/detail/add_to_log__struct.hpp
[0.840s] -- Up-to-date: /home/alvaro/Desktop/workspace/ros_ur_driver/install/ur_dashboard_msgs/include/ur_dashboard_msgs/ur_dashboard_msgs/srv/detail/get_safety_mode__traits.hpp
[0.840s] -- Up-to-date: /home/alvaro/Desktop/workspace/ros_ur_driver/install/ur_dashboard_msgs/include/ur_dashboard_msgs/ur_dashboard_msgs/srv/detail/add_to_log__builder.hpp
[0.840s] -- Up-to-date: /home/alvaro/Desktop/workspace/ros_ur_driver/install/ur_dashboard_msgs/include/ur_dashboard_msgs/ur_dashboard_msgs/srv/detail/get_robot_mode__builder.hpp
[0.840s] -- Up-to-date: /home/alvaro/Desktop/workspace/ros_ur_driver/install/ur_dashboard_msgs/include/ur_dashboard_msgs/ur_dashboard_msgs/srv/detail/load__struct.hpp
[0.840s] -- Up-to-date: /home/alvaro/Desktop/workspace/ros_ur_driver/install/ur_dashboard_msgs/include/ur_dashboard_msgs/ur_dashboard_msgs/srv/detail/is_program_running__traits.hpp
[0.840s] -- Up-to-date: /home/alvaro/Desktop/workspace/ros_ur_driver/install/ur_dashboard_msgs/include/ur_dashboard_msgs/ur_dashboard_msgs/srv/detail/get_program_state__builder.hpp
[0.840s] -- Up-to-date: /home/alvaro/Desktop/workspace/ros_ur_driver/install/ur_dashboard_msgs/include/ur_dashboard_msgs/ur_dashboard_msgs/srv/detail/is_program_running__struct.hpp
[0.840s] -- Up-to-date: /home/alvaro/Desktop/workspace/ros_ur_driver/install/ur_dashboard_msgs/include/ur_dashboard_msgs/ur_dashboard_msgs/srv/detail/raw_request__builder.hpp
[0.841s] -- Up-to-date: /home/alvaro/Desktop/workspace/ros_ur_driver/install/ur_dashboard_msgs/include/ur_dashboard_msgs/ur_dashboard_msgs/srv/detail/raw_request__struct.hpp
[0.841s] -- Up-to-date: /home/alvaro/Desktop/workspace/ros_ur_driver/install/ur_dashboard_msgs/include/ur_dashboard_msgs/ur_dashboard_msgs/srv/detail/get_safety_mode__struct.hpp
[0.841s] -- Up-to-date: /home/alvaro/Desktop/workspace/ros_ur_driver/install/ur_dashboard_msgs/include/ur_dashboard_msgs/ur_dashboard_msgs/srv/detail/get_loaded_program__traits.hpp
[0.841s] -- Up-to-date: /home/alvaro/Desktop/workspace/ros_ur_driver/install/ur_dashboard_msgs/include/ur_dashboard_msgs/ur_dashboard_msgs/srv/detail/get_safety_mode__builder.hpp
[0.841s] -- Up-to-date: /home/alvaro/Desktop/workspace/ros_ur_driver/install/ur_dashboard_msgs/include/ur_dashboard_msgs/ur_dashboard_msgs/srv/detail/raw_request__traits.hpp
[0.841s] -- Up-to-date: /home/alvaro/Desktop/workspace/ros_ur_driver/install/ur_dashboard_msgs/include/ur_dashboard_msgs/ur_dashboard_msgs/srv/detail/load__builder.hpp
[0.841s] -- Up-to-date: /home/alvaro/Desktop/workspace/ros_ur_driver/install/ur_dashboard_msgs/include/ur_dashboard_msgs/ur_dashboard_msgs/srv/detail/get_loaded_program__builder.hpp
[0.841s] -- Up-to-date: /home/alvaro/Desktop/workspace/ros_ur_driver/install/ur_dashboard_msgs/include/ur_dashboard_msgs/ur_dashboard_msgs/srv/detail/add_to_log__traits.hpp
[0.842s] -- Up-to-date: /home/alvaro/Desktop/workspace/ros_ur_driver/install/ur_dashboard_msgs/include/ur_dashboard_msgs/ur_dashboard_msgs/srv/detail/popup__struct.hpp
[0.842s] -- Up-to-date: /home/alvaro/Desktop/workspace/ros_ur_driver/install/ur_dashboard_msgs/include/ur_dashboard_msgs/ur_dashboard_msgs/srv/detail/get_robot_mode__traits.hpp
[0.842s] -- Up-to-date: /home/alvaro/Desktop/workspace/ros_ur_driver/install/ur_dashboard_msgs/include/ur_dashboard_msgs/ur_dashboard_msgs/srv/detail/popup__traits.hpp
[0.842s] -- Up-to-date: /home/alvaro/Desktop/workspace/ros_ur_driver/install/ur_dashboard_msgs/include/ur_dashboard_msgs/ur_dashboard_msgs/srv/detail/is_program_saved__traits.hpp
[0.842s] -- Up-to-date: /home/alvaro/Desktop/workspace/ros_ur_driver/install/ur_dashboard_msgs/include/ur_dashboard_msgs/ur_dashboard_msgs/srv/detail/is_program_running__builder.hpp
[0.842s] -- Up-to-date: /home/alvaro/Desktop/workspace/ros_ur_driver/install/ur_dashboard_msgs/include/ur_dashboard_msgs/ur_dashboard_msgs/srv/detail/load__traits.hpp
[0.842s] -- Up-to-date: /home/alvaro/Desktop/workspace/ros_ur_driver/install/ur_dashboard_msgs/include/ur_dashboard_msgs/ur_dashboard_msgs/srv/load.hpp
[0.842s] -- Up-to-date: /home/alvaro/Desktop/workspace/ros_ur_driver/install/ur_dashboard_msgs/include/ur_dashboard_msgs/ur_dashboard_msgs/srv/raw_request.hpp
[0.843s] -- Up-to-date: /home/alvaro/Desktop/workspace/ros_ur_driver/install/ur_dashboard_msgs/include/ur_dashboard_msgs/ur_dashboard_msgs/srv/is_program_saved.hpp
[0.843s] -- Up-to-date: /home/alvaro/Desktop/workspace/ros_ur_driver/install/ur_dashboard_msgs/include/ur_dashboard_msgs/ur_dashboard_msgs/srv/popup.hpp
[0.843s] -- Up-to-date: /home/alvaro/Desktop/workspace/ros_ur_driver/install/ur_dashboard_msgs/include/ur_dashboard_msgs/ur_dashboard_msgs/srv/get_loaded_program.hpp
[0.843s] -- Up-to-date: /home/alvaro/Desktop/workspace/ros_ur_driver/install/ur_dashboard_msgs/include/ur_dashboard_msgs/ur_dashboard_msgs/srv/is_program_running.hpp
[0.843s] -- Up-to-date: /home/alvaro/Desktop/workspace/ros_ur_driver/install/ur_dashboard_msgs/include/ur_dashboard_msgs/ur_dashboard_msgs/srv/get_program_state.hpp
[0.843s] -- Up-to-date: /home/alvaro/Desktop/workspace/ros_ur_driver/install/ur_dashboard_msgs/include/ur_dashboard_msgs/ur_dashboard_msgs/srv/get_safety_mode.hpp
[0.843s] -- Up-to-date: /home/alvaro/Desktop/workspace/ros_ur_driver/install/ur_dashboard_msgs/include/ur_dashboard_msgs/ur_dashboard_msgs/srv/get_robot_mode.hpp
[0.843s] -- Up-to-date: /home/alvaro/Desktop/workspace/ros_ur_driver/install/ur_dashboard_msgs/include/ur_dashboard_msgs/ur_dashboard_msgs
[0.843s] -- Up-to-date: /home/alvaro/Desktop/workspace/ros_ur_driver/install/ur_dashboard_msgs/include/ur_dashboard_msgs/ur_dashboard_msgs/action
[0.843s] -- Up-to-date: /home/alvaro/Desktop/workspace/ros_ur_driver/install/ur_dashboard_msgs/include/ur_dashboard_msgs/ur_dashboard_msgs/action/detail
[0.844s] -- Up-to-date: /home/alvaro/Desktop/workspace/ros_ur_driver/install/ur_dashboard_msgs/include/ur_dashboard_msgs/ur_dashboard_msgs/action/detail/set_mode__rosidl_typesupport_fastrtps_cpp.hpp
[0.844s] -- Up-to-date: /home/alvaro/Desktop/workspace/ros_ur_driver/install/ur_dashboard_msgs/include/ur_dashboard_msgs/ur_dashboard_msgs/action/detail/dds_fastrtps
[0.844s] -- Up-to-date: /home/alvaro/Desktop/workspace/ros_ur_driver/install/ur_dashboard_msgs/include/ur_dashboard_msgs/ur_dashboard_msgs/msg
[0.844s] -- Up-to-date: /home/alvaro/Desktop/workspace/ros_ur_driver/install/ur_dashboard_msgs/include/ur_dashboard_msgs/ur_dashboard_msgs/msg/detail
[0.844s] -- Up-to-date: /home/alvaro/Desktop/workspace/ros_ur_driver/install/ur_dashboard_msgs/include/ur_dashboard_msgs/ur_dashboard_msgs/msg/detail/safety_mode__rosidl_typesupport_fastrtps_cpp.hpp
[0.844s] -- Up-to-date: /home/alvaro/Desktop/workspace/ros_ur_driver/install/ur_dashboard_msgs/include/ur_dashboard_msgs/ur_dashboard_msgs/msg/detail/robot_mode__rosidl_typesupport_fastrtps_cpp.hpp
[0.844s] -- Up-to-date: /home/alvaro/Desktop/workspace/ros_ur_driver/install/ur_dashboard_msgs/include/ur_dashboard_msgs/ur_dashboard_msgs/msg/detail/dds_fastrtps
[0.844s] -- Up-to-date: /home/alvaro/Desktop/workspace/ros_ur_driver/install/ur_dashboard_msgs/include/ur_dashboard_msgs/ur_dashboard_msgs/msg/detail/program_state__rosidl_typesupport_fastrtps_cpp.hpp
[0.844s] -- Up-to-date: /home/alvaro/Desktop/workspace/ros_ur_driver/install/ur_dashboard_msgs/include/ur_dashboard_msgs/ur_dashboard_msgs/msg/rosidl_typesupport_fastrtps_cpp__visibility_control.h
[0.845s] -- Up-to-date: /home/alvaro/Desktop/workspace/ros_ur_driver/install/ur_dashboard_msgs/include/ur_dashboard_msgs/ur_dashboard_msgs/srv
[0.845s] -- Up-to-date: /home/alvaro/Desktop/workspace/ros_ur_driver/install/ur_dashboard_msgs/include/ur_dashboard_msgs/ur_dashboard_msgs/srv/detail
[0.845s] -- Up-to-date: /home/alvaro/Desktop/workspace/ros_ur_driver/install/ur_dashboard_msgs/include/ur_dashboard_msgs/ur_dashboard_msgs/srv/detail/raw_request__rosidl_typesupport_fastrtps_cpp.hpp
[0.845s] -- Up-to-date: /home/alvaro/Desktop/workspace/ros_ur_driver/install/ur_dashboard_msgs/include/ur_dashboard_msgs/ur_dashboard_msgs/srv/detail/get_program_state__rosidl_typesupport_fastrtps_cpp.hpp
[0.845s] -- Up-to-date: /home/alvaro/Desktop/workspace/ros_ur_driver/install/ur_dashboard_msgs/include/ur_dashboard_msgs/ur_dashboard_msgs/srv/detail/is_program_running__rosidl_typesupport_fastrtps_cpp.hpp
[0.845s] -- Up-to-date: /home/alvaro/Desktop/workspace/ros_ur_driver/install/ur_dashboard_msgs/include/ur_dashboard_msgs/ur_dashboard_msgs/srv/detail/get_loaded_program__rosidl_typesupport_fastrtps_cpp.hpp
[0.845s] -- Up-to-date: /home/alvaro/Desktop/workspace/ros_ur_driver/install/ur_dashboard_msgs/include/ur_dashboard_msgs/ur_dashboard_msgs/srv/detail/add_to_log__rosidl_typesupport_fastrtps_cpp.hpp
[0.845s] -- Up-to-date: /home/alvaro/Desktop/workspace/ros_ur_driver/install/ur_dashboard_msgs/include/ur_dashboard_msgs/ur_dashboard_msgs/srv/detail/get_robot_mode__rosidl_typesupport_fastrtps_cpp.hpp
[0.845s] -- Up-to-date: /home/alvaro/Desktop/workspace/ros_ur_driver/install/ur_dashboard_msgs/include/ur_dashboard_msgs/ur_dashboard_msgs/srv/detail/popup__rosidl_typesupport_fastrtps_cpp.hpp
[0.846s] -- Up-to-date: /home/alvaro/Desktop/workspace/ros_ur_driver/install/ur_dashboard_msgs/include/ur_dashboard_msgs/ur_dashboard_msgs/srv/detail/load__rosidl_typesupport_fastrtps_cpp.hpp
[0.846s] -- Up-to-date: /home/alvaro/Desktop/workspace/ros_ur_driver/install/ur_dashboard_msgs/include/ur_dashboard_msgs/ur_dashboard_msgs/srv/detail/get_safety_mode__rosidl_typesupport_fastrtps_cpp.hpp
[0.846s] -- Up-to-date: /home/alvaro/Desktop/workspace/ros_ur_driver/install/ur_dashboard_msgs/include/ur_dashboard_msgs/ur_dashboard_msgs/srv/detail/is_program_saved__rosidl_typesupport_fastrtps_cpp.hpp
[0.846s] -- Up-to-date: /home/alvaro/Desktop/workspace/ros_ur_driver/install/ur_dashboard_msgs/include/ur_dashboard_msgs/ur_dashboard_msgs/srv/detail/dds_fastrtps
[0.846s] -- Up-to-date: /home/alvaro/Desktop/workspace/ros_ur_driver/install/ur_dashboard_msgs/lib/libur_dashboard_msgs__rosidl_typesupport_fastrtps_cpp.so
[0.846s] -- Up-to-date: /home/alvaro/Desktop/workspace/ros_ur_driver/install/ur_dashboard_msgs/include/ur_dashboard_msgs/ur_dashboard_msgs
[0.846s] -- Up-to-date: /home/alvaro/Desktop/workspace/ros_ur_driver/install/ur_dashboard_msgs/include/ur_dashboard_msgs/ur_dashboard_msgs/action
[0.846s] -- Up-to-date: /home/alvaro/Desktop/workspace/ros_ur_driver/install/ur_dashboard_msgs/include/ur_dashboard_msgs/ur_dashboard_msgs/action/detail
[0.846s] -- Up-to-date: /home/alvaro/Desktop/workspace/ros_ur_driver/install/ur_dashboard_msgs/include/ur_dashboard_msgs/ur_dashboard_msgs/action/detail/set_mode__rosidl_typesupport_introspection_cpp.hpp
[0.847s] -- Up-to-date: /home/alvaro/Desktop/workspace/ros_ur_driver/install/ur_dashboard_msgs/include/ur_dashboard_msgs/ur_dashboard_msgs/action/detail/set_mode__type_support.cpp
[0.847s] -- Up-to-date: /home/alvaro/Desktop/workspace/ros_ur_driver/install/ur_dashboard_msgs/include/ur_dashboard_msgs/ur_dashboard_msgs/msg
[0.847s] -- Up-to-date: /home/alvaro/Desktop/workspace/ros_ur_driver/install/ur_dashboard_msgs/include/ur_dashboard_msgs/ur_dashboard_msgs/msg/detail
[0.847s] -- Up-to-date: /home/alvaro/Desktop/workspace/ros_ur_driver/install/ur_dashboard_msgs/include/ur_dashboard_msgs/ur_dashboard_msgs/msg/detail/program_state__rosidl_typesupport_introspection_cpp.hpp
[0.847s] -- Up-to-date: /home/alvaro/Desktop/workspace/ros_ur_driver/install/ur_dashboard_msgs/include/ur_dashboard_msgs/ur_dashboard_msgs/msg/detail/safety_mode__rosidl_typesupport_introspection_cpp.hpp
[0.847s] -- Up-to-date: /home/alvaro/Desktop/workspace/ros_ur_driver/install/ur_dashboard_msgs/include/ur_dashboard_msgs/ur_dashboard_msgs/msg/detail/robot_mode__type_support.cpp
[0.847s] -- Up-to-date: /home/alvaro/Desktop/workspace/ros_ur_driver/install/ur_dashboard_msgs/include/ur_dashboard_msgs/ur_dashboard_msgs/msg/detail/safety_mode__type_support.cpp
[0.848s] -- Up-to-date: /home/alvaro/Desktop/workspace/ros_ur_driver/install/ur_dashboard_msgs/include/ur_dashboard_msgs/ur_dashboard_msgs/msg/detail/robot_mode__rosidl_typesupport_introspection_cpp.hpp
[0.848s] -- Up-to-date: /home/alvaro/Desktop/workspace/ros_ur_driver/install/ur_dashboard_msgs/include/ur_dashboard_msgs/ur_dashboard_msgs/msg/detail/program_state__type_support.cpp
[0.848s] -- Up-to-date: /home/alvaro/Desktop/workspace/ros_ur_driver/install/ur_dashboard_msgs/include/ur_dashboard_msgs/ur_dashboard_msgs/srv
[0.848s] -- Up-to-date: /home/alvaro/Desktop/workspace/ros_ur_driver/install/ur_dashboard_msgs/include/ur_dashboard_msgs/ur_dashboard_msgs/srv/detail
[0.848s] -- Up-to-date: /home/alvaro/Desktop/workspace/ros_ur_driver/install/ur_dashboard_msgs/include/ur_dashboard_msgs/ur_dashboard_msgs/srv/detail/popup__type_support.cpp
[0.848s] -- Up-to-date: /home/alvaro/Desktop/workspace/ros_ur_driver/install/ur_dashboard_msgs/include/ur_dashboard_msgs/ur_dashboard_msgs/srv/detail/is_program_saved__rosidl_typesupport_introspection_cpp.hpp
[0.848s] -- Up-to-date: /home/alvaro/Desktop/workspace/ros_ur_driver/install/ur_dashboard_msgs/include/ur_dashboard_msgs/ur_dashboard_msgs/srv/detail/load__rosidl_typesupport_introspection_cpp.hpp
[0.848s] -- Up-to-date: /home/alvaro/Desktop/workspace/ros_ur_driver/install/ur_dashboard_msgs/include/ur_dashboard_msgs/ur_dashboard_msgs/srv/detail/popup__rosidl_typesupport_introspection_cpp.hpp
[0.849s] -- Up-to-date: /home/alvaro/Desktop/workspace/ros_ur_driver/install/ur_dashboard_msgs/include/ur_dashboard_msgs/ur_dashboard_msgs/srv/detail/load__type_support.cpp
[0.849s] -- Up-to-date: /home/alvaro/Desktop/workspace/ros_ur_driver/install/ur_dashboard_msgs/include/ur_dashboard_msgs/ur_dashboard_msgs/srv/detail/raw_request__type_support.cpp
[0.849s] -- Up-to-date: /home/alvaro/Desktop/workspace/ros_ur_driver/install/ur_dashboard_msgs/include/ur_dashboard_msgs/ur_dashboard_msgs/srv/detail/get_robot_mode__rosidl_typesupport_introspection_cpp.hpp
[0.849s] -- Up-to-date: /home/alvaro/Desktop/workspace/ros_ur_driver/install/ur_dashboard_msgs/include/ur_dashboard_msgs/ur_dashboard_msgs/srv/detail/is_program_running__type_support.cpp
[0.849s] -- Up-to-date: /home/alvaro/Desktop/workspace/ros_ur_driver/install/ur_dashboard_msgs/include/ur_dashboard_msgs/ur_dashboard_msgs/srv/detail/raw_request__rosidl_typesupport_introspection_cpp.hpp
[0.849s] -- Up-to-date: /home/alvaro/Desktop/workspace/ros_ur_driver/install/ur_dashboard_msgs/include/ur_dashboard_msgs/ur_dashboard_msgs/srv/detail/add_to_log__rosidl_typesupport_introspection_cpp.hpp
[0.849s] -- Up-to-date: /home/alvaro/Desktop/workspace/ros_ur_driver/install/ur_dashboard_msgs/include/ur_dashboard_msgs/ur_dashboard_msgs/srv/detail/get_safety_mode__type_support.cpp
[0.849s] -- Up-to-date: /home/alvaro/Desktop/workspace/ros_ur_driver/install/ur_dashboard_msgs/include/ur_dashboard_msgs/ur_dashboard_msgs/srv/detail/get_program_state__rosidl_typesupport_introspection_cpp.hpp
[0.850s] -- Up-to-date: /home/alvaro/Desktop/workspace/ros_ur_driver/install/ur_dashboard_msgs/include/ur_dashboard_msgs/ur_dashboard_msgs/srv/detail/get_robot_mode__type_support.cpp
[0.850s] -- Up-to-date: /home/alvaro/Desktop/workspace/ros_ur_driver/install/ur_dashboard_msgs/include/ur_dashboard_msgs/ur_dashboard_msgs/srv/detail/add_to_log__type_support.cpp
[0.850s] -- Up-to-date: /home/alvaro/Desktop/workspace/ros_ur_driver/install/ur_dashboard_msgs/include/ur_dashboard_msgs/ur_dashboard_msgs/srv/detail/get_loaded_program__rosidl_typesupport_introspection_cpp.hpp
[0.850s] -- Up-to-date: /home/alvaro/Desktop/workspace/ros_ur_driver/install/ur_dashboard_msgs/include/ur_dashboard_msgs/ur_dashboard_msgs/srv/detail/get_loaded_program__type_support.cpp
[0.850s] -- Up-to-date: /home/alvaro/Desktop/workspace/ros_ur_driver/install/ur_dashboard_msgs/include/ur_dashboard_msgs/ur_dashboard_msgs/srv/detail/get_safety_mode__rosidl_typesupport_introspection_cpp.hpp
[0.850s] -- Up-to-date: /home/alvaro/Desktop/workspace/ros_ur_driver/install/ur_dashboard_msgs/include/ur_dashboard_msgs/ur_dashboard_msgs/srv/detail/is_program_saved__type_support.cpp
[0.850s] -- Up-to-date: /home/alvaro/Desktop/workspace/ros_ur_driver/install/ur_dashboard_msgs/include/ur_dashboard_msgs/ur_dashboard_msgs/srv/detail/is_program_running__rosidl_typesupport_introspection_cpp.hpp
[0.851s] -- Up-to-date: /home/alvaro/Desktop/workspace/ros_ur_driver/install/ur_dashboard_msgs/include/ur_dashboard_msgs/ur_dashboard_msgs/srv/detail/get_program_state__type_support.cpp
[0.851s] -- Up-to-date: /home/alvaro/Desktop/workspace/ros_ur_driver/install/ur_dashboard_msgs/lib/libur_dashboard_msgs__rosidl_typesupport_introspection_cpp.so
[0.851s] -- Up-to-date: /home/alvaro/Desktop/workspace/ros_ur_driver/install/ur_dashboard_msgs/lib/libur_dashboard_msgs__rosidl_typesupport_cpp.so
[0.851s] -- Up-to-date: /home/alvaro/Desktop/workspace/ros_ur_driver/install/ur_dashboard_msgs/share/ur_dashboard_msgs/environment/pythonpath.sh
[0.851s] -- Up-to-date: /home/alvaro/Desktop/workspace/ros_ur_driver/install/ur_dashboard_msgs/share/ur_dashboard_msgs/environment/pythonpath.dsv
[0.851s] -- Up-to-date: /home/alvaro/Desktop/workspace/ros_ur_driver/install/ur_dashboard_msgs/local/lib/python3.10/dist-packages/ur_dashboard_msgs-2.2.10-py3.10.egg-info
[0.851s] -- Installing: /home/alvaro/Desktop/workspace/ros_ur_driver/install/ur_dashboard_msgs/local/lib/python3.10/dist-packages/ur_dashboard_msgs-2.2.10-py3.10.egg-info/PKG-INFO
[0.851s] -- Installing: /home/alvaro/Desktop/workspace/ros_ur_driver/install/ur_dashboard_msgs/local/lib/python3.10/dist-packages/ur_dashboard_msgs-2.2.10-py3.10.egg-info/SOURCES.txt
[0.852s] -- Installing: /home/alvaro/Desktop/workspace/ros_ur_driver/install/ur_dashboard_msgs/local/lib/python3.10/dist-packages/ur_dashboard_msgs-2.2.10-py3.10.egg-info/dependency_links.txt
[0.852s] -- Installing: /home/alvaro/Desktop/workspace/ros_ur_driver/install/ur_dashboard_msgs/local/lib/python3.10/dist-packages/ur_dashboard_msgs-2.2.10-py3.10.egg-info/top_level.txt
[0.852s] -- Up-to-date: /home/alvaro/Desktop/workspace/ros_ur_driver/install/ur_dashboard_msgs/local/lib/python3.10/dist-packages/ur_dashboard_msgs
[0.852s] -- Up-to-date: /home/alvaro/Desktop/workspace/ros_ur_driver/install/ur_dashboard_msgs/local/lib/python3.10/dist-packages/ur_dashboard_msgs/__init__.py
[0.852s] -- Up-to-date: /home/alvaro/Desktop/workspace/ros_ur_driver/install/ur_dashboard_msgs/local/lib/python3.10/dist-packages/ur_dashboard_msgs/action
[0.852s] -- Up-to-date: /home/alvaro/Desktop/workspace/ros_ur_driver/install/ur_dashboard_msgs/local/lib/python3.10/dist-packages/ur_dashboard_msgs/action/_set_mode_s.c
[0.852s] -- Up-to-date: /home/alvaro/Desktop/workspace/ros_ur_driver/install/ur_dashboard_msgs/local/lib/python3.10/dist-packages/ur_dashboard_msgs/action/__init__.py
[0.852s] -- Up-to-date: /home/alvaro/Desktop/workspace/ros_ur_driver/install/ur_dashboard_msgs/local/lib/python3.10/dist-packages/ur_dashboard_msgs/action/_set_mode.py
[0.853s] -- Up-to-date: /home/alvaro/Desktop/workspace/ros_ur_driver/install/ur_dashboard_msgs/local/lib/python3.10/dist-packages/ur_dashboard_msgs/_ur_dashboard_msgs_s.ep.rosidl_typesupport_introspection_c.c
[0.853s] -- Up-to-date: /home/alvaro/Desktop/workspace/ros_ur_driver/install/ur_dashboard_msgs/local/lib/python3.10/dist-packages/ur_dashboard_msgs/ur_dashboard_msgs_s__rosidl_typesupport_introspection_c.cpython-310-x86_64-linux-gnu.so
[0.853s] -- Up-to-date: /home/alvaro/Desktop/workspace/ros_ur_driver/install/ur_dashboard_msgs/local/lib/python3.10/dist-packages/ur_dashboard_msgs/ur_dashboard_msgs_s__rosidl_typesupport_c.cpython-310-x86_64-linux-gnu.so
[0.853s] -- Up-to-date: /home/alvaro/Desktop/workspace/ros_ur_driver/install/ur_dashboard_msgs/local/lib/python3.10/dist-packages/ur_dashboard_msgs/msg
[0.853s] -- Up-to-date: /home/alvaro/Desktop/workspace/ros_ur_driver/install/ur_dashboard_msgs/local/lib/python3.10/dist-packages/ur_dashboard_msgs/msg/_robot_mode.py
[0.853s] -- Up-to-date: /home/alvaro/Desktop/workspace/ros_ur_driver/install/ur_dashboard_msgs/local/lib/python3.10/dist-packages/ur_dashboard_msgs/msg/_program_state_s.c
[0.853s] -- Up-to-date: /home/alvaro/Desktop/workspace/ros_ur_driver/install/ur_dashboard_msgs/local/lib/python3.10/dist-packages/ur_dashboard_msgs/msg/__init__.py
[0.854s] -- Up-to-date: /home/alvaro/Desktop/workspace/ros_ur_driver/install/ur_dashboard_msgs/local/lib/python3.10/dist-packages/ur_dashboard_msgs/msg/_safety_mode.py
[0.854s] -- Up-to-date: /home/alvaro/Desktop/workspace/ros_ur_driver/install/ur_dashboard_msgs/local/lib/python3.10/dist-packages/ur_dashboard_msgs/msg/_program_state.py
[0.854s] -- Up-to-date: /home/alvaro/Desktop/workspace/ros_ur_driver/install/ur_dashboard_msgs/local/lib/python3.10/dist-packages/ur_dashboard_msgs/msg/_robot_mode_s.c
[0.854s] -- Up-to-date: /home/alvaro/Desktop/workspace/ros_ur_driver/install/ur_dashboard_msgs/local/lib/python3.10/dist-packages/ur_dashboard_msgs/msg/_safety_mode_s.c
[0.854s] -- Up-to-date: /home/alvaro/Desktop/workspace/ros_ur_driver/install/ur_dashboard_msgs/local/lib/python3.10/dist-packages/ur_dashboard_msgs/_ur_dashboard_msgs_s.ep.rosidl_typesupport_fastrtps_c.c
[0.854s] -- Up-to-date: /home/alvaro/Desktop/workspace/ros_ur_driver/install/ur_dashboard_msgs/local/lib/python3.10/dist-packages/ur_dashboard_msgs/srv
[0.854s] -- Up-to-date: /home/alvaro/Desktop/workspace/ros_ur_driver/install/ur_dashboard_msgs/local/lib/python3.10/dist-packages/ur_dashboard_msgs/srv/_is_program_running_s.c
[0.854s] -- Up-to-date: /home/alvaro/Desktop/workspace/ros_ur_driver/install/ur_dashboard_msgs/local/lib/python3.10/dist-packages/ur_dashboard_msgs/srv/_popup.py
[0.855s] -- Up-to-date: /home/alvaro/Desktop/workspace/ros_ur_driver/install/ur_dashboard_msgs/local/lib/python3.10/dist-packages/ur_dashboard_msgs/srv/_add_to_log_s.c
[0.855s] -- Up-to-date: /home/alvaro/Desktop/workspace/ros_ur_driver/install/ur_dashboard_msgs/local/lib/python3.10/dist-packages/ur_dashboard_msgs/srv/_get_robot_mode_s.c
[0.855s] -- Up-to-date: /home/alvaro/Desktop/workspace/ros_ur_driver/install/ur_dashboard_msgs/local/lib/python3.10/dist-packages/ur_dashboard_msgs/srv/__init__.py
[0.855s] -- Up-to-date: /home/alvaro/Desktop/workspace/ros_ur_driver/install/ur_dashboard_msgs/local/lib/python3.10/dist-packages/ur_dashboard_msgs/srv/_load_s.c
[0.855s] -- Up-to-date: /home/alvaro/Desktop/workspace/ros_ur_driver/install/ur_dashboard_msgs/local/lib/python3.10/dist-packages/ur_dashboard_msgs/srv/_get_safety_mode_s.c
[0.855s] -- Up-to-date: /home/alvaro/Desktop/workspace/ros_ur_driver/install/ur_dashboard_msgs/local/lib/python3.10/dist-packages/ur_dashboard_msgs/srv/_get_robot_mode.py
[0.855s] -- Up-to-date: /home/alvaro/Desktop/workspace/ros_ur_driver/install/ur_dashboard_msgs/local/lib/python3.10/dist-packages/ur_dashboard_msgs/srv/_add_to_log.py
[0.856s] -- Up-to-date: /home/alvaro/Desktop/workspace/ros_ur_driver/install/ur_dashboard_msgs/local/lib/python3.10/dist-packages/ur_dashboard_msgs/srv/_is_program_saved_s.c
[0.856s] -- Up-to-date: /home/alvaro/Desktop/workspace/ros_ur_driver/install/ur_dashboard_msgs/local/lib/python3.10/dist-packages/ur_dashboard_msgs/srv/_popup_s.c
[0.856s] -- Up-to-date: /home/alvaro/Desktop/workspace/ros_ur_driver/install/ur_dashboard_msgs/local/lib/python3.10/dist-packages/ur_dashboard_msgs/srv/_is_program_saved.py
[0.856s] -- Up-to-date: /home/alvaro/Desktop/workspace/ros_ur_driver/install/ur_dashboard_msgs/local/lib/python3.10/dist-packages/ur_dashboard_msgs/srv/_is_program_running.py
[0.856s] -- Up-to-date: /home/alvaro/Desktop/workspace/ros_ur_driver/install/ur_dashboard_msgs/local/lib/python3.10/dist-packages/ur_dashboard_msgs/srv/_get_loaded_program_s.c
[0.856s] -- Up-to-date: /home/alvaro/Desktop/workspace/ros_ur_driver/install/ur_dashboard_msgs/local/lib/python3.10/dist-packages/ur_dashboard_msgs/srv/_load.py
[0.856s] -- Up-to-date: /home/alvaro/Desktop/workspace/ros_ur_driver/install/ur_dashboard_msgs/local/lib/python3.10/dist-packages/ur_dashboard_msgs/srv/_get_safety_mode.py
[0.856s] -- Up-to-date: /home/alvaro/Desktop/workspace/ros_ur_driver/install/ur_dashboard_msgs/local/lib/python3.10/dist-packages/ur_dashboard_msgs/srv/_get_program_state_s.c
[0.857s] -- Up-to-date: /home/alvaro/Desktop/workspace/ros_ur_driver/install/ur_dashboard_msgs/local/lib/python3.10/dist-packages/ur_dashboard_msgs/srv/_raw_request_s.c
[0.857s] -- Up-to-date: /home/alvaro/Desktop/workspace/ros_ur_driver/install/ur_dashboard_msgs/local/lib/python3.10/dist-packages/ur_dashboard_msgs/srv/_get_program_state.py
[0.857s] -- Up-to-date: /home/alvaro/Desktop/workspace/ros_ur_driver/install/ur_dashboard_msgs/local/lib/python3.10/dist-packages/ur_dashboard_msgs/srv/_get_loaded_program.py
[0.857s] -- Up-to-date: /home/alvaro/Desktop/workspace/ros_ur_driver/install/ur_dashboard_msgs/local/lib/python3.10/dist-packages/ur_dashboard_msgs/srv/_raw_request.py
[0.857s] -- Up-to-date: /home/alvaro/Desktop/workspace/ros_ur_driver/install/ur_dashboard_msgs/local/lib/python3.10/dist-packages/ur_dashboard_msgs/_ur_dashboard_msgs_s.ep.rosidl_typesupport_c.c
[0.857s] -- Up-to-date: /home/alvaro/Desktop/workspace/ros_ur_driver/install/ur_dashboard_msgs/local/lib/python3.10/dist-packages/ur_dashboard_msgs/libur_dashboard_msgs__rosidl_generator_py.so
[0.857s] -- Up-to-date: /home/alvaro/Desktop/workspace/ros_ur_driver/install/ur_dashboard_msgs/local/lib/python3.10/dist-packages/ur_dashboard_msgs/ur_dashboard_msgs_s__rosidl_typesupport_fastrtps_c.cpython-310-x86_64-linux-gnu.so
[0.868s] Listing '/home/alvaro/Desktop/workspace/ros_ur_driver/install/ur_dashboard_msgs/local/lib/python3.10/dist-packages/ur_dashboard_msgs'...
[0.868s] Listing '/home/alvaro/Desktop/workspace/ros_ur_driver/install/ur_dashboard_msgs/local/lib/python3.10/dist-packages/ur_dashboard_msgs/action'...
[0.868s] Listing '/home/alvaro/Desktop/workspace/ros_ur_driver/install/ur_dashboard_msgs/local/lib/python3.10/dist-packages/ur_dashboard_msgs/msg'...
[0.868s] Listing '/home/alvaro/Desktop/workspace/ros_ur_driver/install/ur_dashboard_msgs/local/lib/python3.10/dist-packages/ur_dashboard_msgs/srv'...
[0.874s] -- Up-to-date: /home/alvaro/Desktop/workspace/ros_ur_driver/install/ur_dashboard_msgs/local/lib/python3.10/dist-packages/ur_dashboard_msgs/ur_dashboard_msgs_s__rosidl_typesupport_fastrtps_c.cpython-310-x86_64-linux-gnu.so
[0.874s] -- Up-to-date: /home/alvaro/Desktop/workspace/ros_ur_driver/install/ur_dashboard_msgs/local/lib/python3.10/dist-packages/ur_dashboard_msgs/ur_dashboard_msgs_s__rosidl_typesupport_introspection_c.cpython-310-x86_64-linux-gnu.so
[0.874s] -- Up-to-date: /home/alvaro/Desktop/workspace/ros_ur_driver/install/ur_dashboard_msgs/local/lib/python3.10/dist-packages/ur_dashboard_msgs/ur_dashboard_msgs_s__rosidl_typesupport_c.cpython-310-x86_64-linux-gnu.so
[0.874s] -- Up-to-date: /home/alvaro/Desktop/workspace/ros_ur_driver/install/ur_dashboard_msgs/lib/libur_dashboard_msgs__rosidl_generator_py.so
[0.874s] -- Up-to-date: /home/alvaro/Desktop/workspace/ros_ur_driver/install/ur_dashboard_msgs/share/ur_dashboard_msgs/msg/ProgramState.idl
[0.875s] -- Up-to-date: /home/alvaro/Desktop/workspace/ros_ur_driver/install/ur_dashboard_msgs/share/ur_dashboard_msgs/msg/RobotMode.idl
[0.875s] -- Up-to-date: /home/alvaro/Desktop/workspace/ros_ur_driver/install/ur_dashboard_msgs/share/ur_dashboard_msgs/msg/SafetyMode.idl
[0.875s] -- Up-to-date: /home/alvaro/Desktop/workspace/ros_ur_driver/install/ur_dashboard_msgs/share/ur_dashboard_msgs/srv/AddToLog.idl
[0.875s] -- Up-to-date: /home/alvaro/Desktop/workspace/ros_ur_driver/install/ur_dashboard_msgs/share/ur_dashboard_msgs/srv/GetLoadedProgram.idl
[0.875s] -- Up-to-date: /home/alvaro/Desktop/workspace/ros_ur_driver/install/ur_dashboard_msgs/share/ur_dashboard_msgs/srv/GetProgramState.idl
[0.875s] -- Up-to-date: /home/alvaro/Desktop/workspace/ros_ur_driver/install/ur_dashboard_msgs/share/ur_dashboard_msgs/srv/GetRobotMode.idl
[0.875s] -- Up-to-date: /home/alvaro/Desktop/workspace/ros_ur_driver/install/ur_dashboard_msgs/share/ur_dashboard_msgs/srv/GetSafetyMode.idl
[0.875s] -- Up-to-date: /home/alvaro/Desktop/workspace/ros_ur_driver/install/ur_dashboard_msgs/share/ur_dashboard_msgs/srv/IsProgramRunning.idl
[0.875s] -- Up-to-date: /home/alvaro/Desktop/workspace/ros_ur_driver/install/ur_dashboard_msgs/share/ur_dashboard_msgs/srv/IsProgramSaved.idl
[0.876s] -- Up-to-date: /home/alvaro/Desktop/workspace/ros_ur_driver/install/ur_dashboard_msgs/share/ur_dashboard_msgs/srv/Load.idl
[0.876s] -- Up-to-date: /home/alvaro/Desktop/workspace/ros_ur_driver/install/ur_dashboard_msgs/share/ur_dashboard_msgs/srv/Popup.idl
[0.876s] -- Up-to-date: /home/alvaro/Desktop/workspace/ros_ur_driver/install/ur_dashboard_msgs/share/ur_dashboard_msgs/srv/RawRequest.idl
[0.876s] -- Up-to-date: /home/alvaro/Desktop/workspace/ros_ur_driver/install/ur_dashboard_msgs/share/ur_dashboard_msgs/action/SetMode.idl
[0.876s] -- Up-to-date: /home/alvaro/Desktop/workspace/ros_ur_driver/install/ur_dashboard_msgs/share/ur_dashboard_msgs/msg/ProgramState.msg
[0.876s] -- Up-to-date: /home/alvaro/Desktop/workspace/ros_ur_driver/install/ur_dashboard_msgs/share/ur_dashboard_msgs/msg/RobotMode.msg
[0.876s] -- Up-to-date: /home/alvaro/Desktop/workspace/ros_ur_driver/install/ur_dashboard_msgs/share/ur_dashboard_msgs/msg/SafetyMode.msg
[0.876s] -- Up-to-date: /home/alvaro/Desktop/workspace/ros_ur_driver/install/ur_dashboard_msgs/share/ur_dashboard_msgs/srv/AddToLog.srv
[0.877s] -- Up-to-date: /home/alvaro/Desktop/workspace/ros_ur_driver/install/ur_dashboard_msgs/share/ur_dashboard_msgs/srv/AddToLog_Request.msg
[0.877s] -- Up-to-date: /home/alvaro/Desktop/workspace/ros_ur_driver/install/ur_dashboard_msgs/share/ur_dashboard_msgs/srv/AddToLog_Response.msg
[0.877s] -- Up-to-date: /home/alvaro/Desktop/workspace/ros_ur_driver/install/ur_dashboard_msgs/share/ur_dashboard_msgs/srv/GetLoadedProgram.srv
[0.877s] -- Up-to-date: /home/alvaro/Desktop/workspace/ros_ur_driver/install/ur_dashboard_msgs/share/ur_dashboard_msgs/srv/GetLoadedProgram_Request.msg
[0.877s] -- Up-to-date: /home/alvaro/Desktop/workspace/ros_ur_driver/install/ur_dashboard_msgs/share/ur_dashboard_msgs/srv/GetLoadedProgram_Response.msg
[0.877s] -- Up-to-date: /home/alvaro/Desktop/workspace/ros_ur_driver/install/ur_dashboard_msgs/share/ur_dashboard_msgs/srv/GetProgramState.srv
[0.877s] -- Up-to-date: /home/alvaro/Desktop/workspace/ros_ur_driver/install/ur_dashboard_msgs/share/ur_dashboard_msgs/srv/GetProgramState_Request.msg
[0.878s] -- Up-to-date: /home/alvaro/Desktop/workspace/ros_ur_driver/install/ur_dashboard_msgs/share/ur_dashboard_msgs/srv/GetProgramState_Response.msg
[0.878s] -- Up-to-date: /home/alvaro/Desktop/workspace/ros_ur_driver/install/ur_dashboard_msgs/share/ur_dashboard_msgs/srv/GetRobotMode.srv
[0.878s] -- Up-to-date: /home/alvaro/Desktop/workspace/ros_ur_driver/install/ur_dashboard_msgs/share/ur_dashboard_msgs/srv/GetRobotMode_Request.msg
[0.878s] -- Up-to-date: /home/alvaro/Desktop/workspace/ros_ur_driver/install/ur_dashboard_msgs/share/ur_dashboard_msgs/srv/GetRobotMode_Response.msg
[0.878s] -- Up-to-date: /home/alvaro/Desktop/workspace/ros_ur_driver/install/ur_dashboard_msgs/share/ur_dashboard_msgs/srv/GetSafetyMode.srv
[0.878s] -- Up-to-date: /home/alvaro/Desktop/workspace/ros_ur_driver/install/ur_dashboard_msgs/share/ur_dashboard_msgs/srv/GetSafetyMode_Request.msg
[0.878s] -- Up-to-date: /home/alvaro/Desktop/workspace/ros_ur_driver/install/ur_dashboard_msgs/share/ur_dashboard_msgs/srv/GetSafetyMode_Response.msg
[0.879s] -- Up-to-date: /home/alvaro/Desktop/workspace/ros_ur_driver/install/ur_dashboard_msgs/share/ur_dashboard_msgs/srv/IsProgramRunning.srv
[0.879s] -- Up-to-date: /home/alvaro/Desktop/workspace/ros_ur_driver/install/ur_dashboard_msgs/share/ur_dashboard_msgs/srv/IsProgramRunning_Request.msg
[0.879s] -- Up-to-date: /home/alvaro/Desktop/workspace/ros_ur_driver/install/ur_dashboard_msgs/share/ur_dashboard_msgs/srv/IsProgramRunning_Response.msg
[0.879s] -- Up-to-date: /home/alvaro/Desktop/workspace/ros_ur_driver/install/ur_dashboard_msgs/share/ur_dashboard_msgs/srv/IsProgramSaved.srv
[0.879s] -- Up-to-date: /home/alvaro/Desktop/workspace/ros_ur_driver/install/ur_dashboard_msgs/share/ur_dashboard_msgs/srv/IsProgramSaved_Request.msg
[0.879s] -- Up-to-date: /home/alvaro/Desktop/workspace/ros_ur_driver/install/ur_dashboard_msgs/share/ur_dashboard_msgs/srv/IsProgramSaved_Response.msg
[0.879s] -- Up-to-date: /home/alvaro/Desktop/workspace/ros_ur_driver/install/ur_dashboard_msgs/share/ur_dashboard_msgs/srv/Load.srv
[0.880s] -- Up-to-date: /home/alvaro/Desktop/workspace/ros_ur_driver/install/ur_dashboard_msgs/share/ur_dashboard_msgs/srv/Load_Request.msg
[0.880s] -- Up-to-date: /home/alvaro/Desktop/workspace/ros_ur_driver/install/ur_dashboard_msgs/share/ur_dashboard_msgs/srv/Load_Response.msg
[0.880s] -- Up-to-date: /home/alvaro/Desktop/workspace/ros_ur_driver/install/ur_dashboard_msgs/share/ur_dashboard_msgs/srv/Popup.srv
[0.880s] -- Up-to-date: /home/alvaro/Desktop/workspace/ros_ur_driver/install/ur_dashboard_msgs/share/ur_dashboard_msgs/srv/Popup_Request.msg
[0.880s] -- Up-to-date: /home/alvaro/Desktop/workspace/ros_ur_driver/install/ur_dashboard_msgs/share/ur_dashboard_msgs/srv/Popup_Response.msg
[0.880s] -- Up-to-date: /home/alvaro/Desktop/workspace/ros_ur_driver/install/ur_dashboard_msgs/share/ur_dashboard_msgs/srv/RawRequest.srv
[0.880s] -- Up-to-date: /home/alvaro/Desktop/workspace/ros_ur_driver/install/ur_dashboard_msgs/share/ur_dashboard_msgs/srv/RawRequest_Request.msg
[0.880s] -- Up-to-date: /home/alvaro/Desktop/workspace/ros_ur_driver/install/ur_dashboard_msgs/share/ur_dashboard_msgs/srv/RawRequest_Response.msg
[0.881s] -- Up-to-date: /home/alvaro/Desktop/workspace/ros_ur_driver/install/ur_dashboard_msgs/share/ur_dashboard_msgs/action/SetMode.action
[0.881s] -- Up-to-date: /home/alvaro/Desktop/workspace/ros_ur_driver/install/ur_dashboard_msgs/share/ament_index/resource_index/package_run_dependencies/ur_dashboard_msgs
[0.881s] -- Up-to-date: /home/alvaro/Desktop/workspace/ros_ur_driver/install/ur_dashboard_msgs/share/ament_index/resource_index/parent_prefix_path/ur_dashboard_msgs
[0.881s] -- Up-to-date: /home/alvaro/Desktop/workspace/ros_ur_driver/install/ur_dashboard_msgs/share/ur_dashboard_msgs/environment/ament_prefix_path.sh
[0.881s] -- Up-to-date: /home/alvaro/Desktop/workspace/ros_ur_driver/install/ur_dashboard_msgs/share/ur_dashboard_msgs/environment/ament_prefix_path.dsv
[0.881s] -- Up-to-date: /home/alvaro/Desktop/workspace/ros_ur_driver/install/ur_dashboard_msgs/share/ur_dashboard_msgs/environment/path.sh
[0.881s] -- Up-to-date: /home/alvaro/Desktop/workspace/ros_ur_driver/install/ur_dashboard_msgs/share/ur_dashboard_msgs/environment/path.dsv
[0.881s] -- Up-to-date: /home/alvaro/Desktop/workspace/ros_ur_driver/install/ur_dashboard_msgs/share/ur_dashboard_msgs/local_setup.bash
[0.881s] -- Up-to-date: /home/alvaro/Desktop/workspace/ros_ur_driver/install/ur_dashboard_msgs/share/ur_dashboard_msgs/local_setup.sh
[0.881s] -- Up-to-date: /home/alvaro/Desktop/workspace/ros_ur_driver/install/ur_dashboard_msgs/share/ur_dashboard_msgs/local_setup.zsh
[0.881s] -- Up-to-date: /home/alvaro/Desktop/workspace/ros_ur_driver/install/ur_dashboard_msgs/share/ur_dashboard_msgs/local_setup.dsv
[0.882s] -- Installing: /home/alvaro/Desktop/workspace/ros_ur_driver/install/ur_dashboard_msgs/share/ur_dashboard_msgs/package.dsv
[0.882s] -- Up-to-date: /home/alvaro/Desktop/workspace/ros_ur_driver/install/ur_dashboard_msgs/share/ament_index/resource_index/packages/ur_dashboard_msgs
[0.882s] -- Up-to-date: /home/alvaro/Desktop/workspace/ros_ur_driver/install/ur_dashboard_msgs/share/ur_dashboard_msgs/cmake/export_ur_dashboard_msgs__rosidl_generator_cExport.cmake
[0.882s] -- Up-to-date: /home/alvaro/Desktop/workspace/ros_ur_driver/install/ur_dashboard_msgs/share/ur_dashboard_msgs/cmake/export_ur_dashboard_msgs__rosidl_generator_cExport-release.cmake
[0.882s] -- Up-to-date: /home/alvaro/Desktop/workspace/ros_ur_driver/install/ur_dashboard_msgs/share/ur_dashboard_msgs/cmake/export_ur_dashboard_msgs__rosidl_typesupport_fastrtps_cExport.cmake
[0.882s] -- Up-to-date: /home/alvaro/Desktop/workspace/ros_ur_driver/install/ur_dashboard_msgs/share/ur_dashboard_msgs/cmake/export_ur_dashboard_msgs__rosidl_typesupport_fastrtps_cExport-release.cmake
[0.882s] -- Up-to-date: /home/alvaro/Desktop/workspace/ros_ur_driver/install/ur_dashboard_msgs/share/ur_dashboard_msgs/cmake/ur_dashboard_msgs__rosidl_typesupport_introspection_cExport.cmake
[0.882s] -- Up-to-date: /home/alvaro/Desktop/workspace/ros_ur_driver/install/ur_dashboard_msgs/share/ur_dashboard_msgs/cmake/ur_dashboard_msgs__rosidl_typesupport_introspection_cExport-release.cmake
[0.882s] -- Up-to-date: /home/alvaro/Desktop/workspace/ros_ur_driver/install/ur_dashboard_msgs/share/ur_dashboard_msgs/cmake/ur_dashboard_msgs__rosidl_typesupport_cExport.cmake
[0.882s] -- Up-to-date: /home/alvaro/Desktop/workspace/ros_ur_driver/install/ur_dashboard_msgs/share/ur_dashboard_msgs/cmake/ur_dashboard_msgs__rosidl_typesupport_cExport-release.cmake
[0.882s] -- Up-to-date: /home/alvaro/Desktop/workspace/ros_ur_driver/install/ur_dashboard_msgs/share/ur_dashboard_msgs/cmake/export_ur_dashboard_msgs__rosidl_generator_cppExport.cmake
[0.883s] -- Up-to-date: /home/alvaro/Desktop/workspace/ros_ur_driver/install/ur_dashboard_msgs/share/ur_dashboard_msgs/cmake/export_ur_dashboard_msgs__rosidl_typesupport_fastrtps_cppExport.cmake
[0.883s] -- Up-to-date: /home/alvaro/Desktop/workspace/ros_ur_driver/install/ur_dashboard_msgs/share/ur_dashboard_msgs/cmake/export_ur_dashboard_msgs__rosidl_typesupport_fastrtps_cppExport-release.cmake
[0.883s] -- Up-to-date: /home/alvaro/Desktop/workspace/ros_ur_driver/install/ur_dashboard_msgs/share/ur_dashboard_msgs/cmake/ur_dashboard_msgs__rosidl_typesupport_introspection_cppExport.cmake
[0.884s] -- Up-to-date: /home/alvaro/Desktop/workspace/ros_ur_driver/install/ur_dashboard_msgs/share/ur_dashboard_msgs/cmake/ur_dashboard_msgs__rosidl_typesupport_introspection_cppExport-release.cmake
[0.884s] -- Up-to-date: /home/alvaro/Desktop/workspace/ros_ur_driver/install/ur_dashboard_msgs/share/ur_dashboard_msgs/cmake/ur_dashboard_msgs__rosidl_typesupport_cppExport.cmake
[0.884s] -- Up-to-date: /home/alvaro/Desktop/workspace/ros_ur_driver/install/ur_dashboard_msgs/share/ur_dashboard_msgs/cmake/ur_dashboard_msgs__rosidl_typesupport_cppExport-release.cmake
[0.885s] -- Up-to-date: /home/alvaro/Desktop/workspace/ros_ur_driver/install/ur_dashboard_msgs/share/ur_dashboard_msgs/cmake/export_ur_dashboard_msgs__rosidl_generator_pyExport.cmake
[0.885s] -- Up-to-date: /home/alvaro/Desktop/workspace/ros_ur_driver/install/ur_dashboard_msgs/share/ur_dashboard_msgs/cmake/export_ur_dashboard_msgs__rosidl_generator_pyExport-release.cmake
[0.885s] -- Up-to-date: /home/alvaro/Desktop/workspace/ros_ur_driver/install/ur_dashboard_msgs/share/ur_dashboard_msgs/cmake/rosidl_cmake-extras.cmake
[0.885s] -- Up-to-date: /home/alvaro/Desktop/workspace/ros_ur_driver/install/ur_dashboard_msgs/share/ur_dashboard_msgs/cmake/ament_cmake_export_dependencies-extras.cmake
[0.885s] -- Up-to-date: /home/alvaro/Desktop/workspace/ros_ur_driver/install/ur_dashboard_msgs/share/ur_dashboard_msgs/cmake/ament_cmake_export_include_directories-extras.cmake
[0.885s] -- Up-to-date: /home/alvaro/Desktop/workspace/ros_ur_driver/install/ur_dashboard_msgs/share/ur_dashboard_msgs/cmake/ament_cmake_export_libraries-extras.cmake
[0.885s] -- Up-to-date: /home/alvaro/Desktop/workspace/ros_ur_driver/install/ur_dashboard_msgs/share/ur_dashboard_msgs/cmake/ament_cmake_export_targets-extras.cmake
[0.885s] -- Up-to-date: /home/alvaro/Desktop/workspace/ros_ur_driver/install/ur_dashboard_msgs/share/ur_dashboard_msgs/cmake/rosidl_cmake_export_typesupport_targets-extras.cmake
[0.885s] -- Up-to-date: /home/alvaro/Desktop/workspace/ros_ur_driver/install/ur_dashboard_msgs/share/ur_dashboard_msgs/cmake/rosidl_cmake_export_typesupport_libraries-extras.cmake
[0.885s] -- Up-to-date: /home/alvaro/Desktop/workspace/ros_ur_driver/install/ur_dashboard_msgs/share/ur_dashboard_msgs/cmake/ur_dashboard_msgsConfig.cmake
[0.886s] -- Up-to-date: /home/alvaro/Desktop/workspace/ros_ur_driver/install/ur_dashboard_msgs/share/ur_dashboard_msgs/cmake/ur_dashboard_msgsConfig-version.cmake
[0.886s] -- Up-to-date: /home/alvaro/Desktop/workspace/ros_ur_driver/install/ur_dashboard_msgs/share/ur_dashboard_msgs/package.xml
[0.886s] Invoked command in '/home/alvaro/Desktop/workspace/ros_ur_driver/build/ur_dashboard_msgs' returned '0': CMAKE_PREFIX_PATH=${CMAKE_PREFIX_PATH}:/home/alvaro/Desktop/workspace/ros_ur_driver/install/data_logger:/home/alvaro/ros2_ws_copia/install/my_robot_controller:/home/alvaro/ros2_ws_copia/install/movimiento_articular:/home/alvaro/ros2_ws_copia/install/data_logger:/home/alvaro/ros2_ws/install/my_robot_controller:/opt/ros/humble /usr/bin/cmake --install /home/alvaro/Desktop/workspace/ros_ur_driver/build/ur_dashboard_msgs
