[0.014s] Invoking command in '/home/alvaro/Desktop/workspace/ros_ur_driver/build/ur_robot_driver': CMAKE_PREFIX_PATH=/home/alvaro/Desktop/workspace/ros_ur_driver/install/ur_controllers:/home/alvaro/Desktop/workspace/ros_ur_driver/install/ur_description:/home/alvaro/Desktop/workspace/ros_ur_driver/install/ur_dashboard_msgs:/home/alvaro/Desktop/workspace/ros_ur_driver/install/ur:/home/alvaro/Desktop/workspace/ros_ur_driver/install/ur_calibration:/home/alvaro/Desktop/workspace/ros_ur_driver/install/ur_robot_driver:/home/alvaro/Desktop/workspace/ros_ur_driver/install/ur_moveit_config:/home/alvaro/Desktop/workspace/ros_ur_driver/install/ur_bringup:/home/alvaro/Desktop/workspace/install/ur:/home/alvaro/Desktop/workspace/install/ur_calibration:/home/alvaro/Desktop/workspace/install/ur_robot_driver:/home/alvaro/Desktop/workspace/install/ur_moveit_config:/home/alvaro/Desktop/workspace/install/ur_bringup:/home/alvaro/Desktop/workspace/install/ur_description:/home/alvaro/Desktop/workspace/install/ur_controllers:/home/alvaro/Desktop/workspace/install/ur_dashboard_msgs:/home/alvaro/workspace/ros_ur_driver/install/ur:/home/alvaro/workspace/ros_ur_driver/install/ur_calibration:/home/alvaro/workspace/ros_ur_driver/install/ur_robot_driver:/home/alvaro/workspace/ros_ur_driver/install/ur_moveit_config:/home/alvaro/workspace/ros_ur_driver/install/ur_bringup:/home/alvaro/workspace/ros_ur_driver/install/ur_description:/home/alvaro/workspace/ros_ur_driver/install/ur_controllers:/home/alvaro/workspace/ros_ur_driver/install/ur_dashboard_msgs:/home/alvaro/Desktop/workspace/install/data_logger:/home/alvaro/ros2_ws_copia/install/my_robot_controller:/home/alvaro/ros2_ws_copia/install/movimiento_articular:/home/alvaro/ros2_ws_copia/install/data_logger:/home/alvaro/ros2_ws/install/my_robot_controller:/opt/ros/humble LD_LIBRARY_PATH=/home/alvaro/Desktop/workspace/ros_ur_driver/install/ur_controllers/lib:/home/alvaro/Desktop/workspace/ros_ur_driver/install/ur_dashboard_msgs/lib:/home/alvaro/Desktop/workspace/ros_ur_driver/install/ur_robot_driver/lib:/home/alvaro/Desktop/workspace/install/ur_robot_driver/lib:/home/alvaro/Desktop/workspace/install/ur_controllers/lib:/home/alvaro/Desktop/workspace/install/ur_dashboard_msgs/lib:/home/alvaro/workspace/ros_ur_driver/install/ur_robot_driver/lib:/home/alvaro/workspace/ros_ur_driver/install/ur_controllers/lib:/home/alvaro/workspace/ros_ur_driver/install/ur_dashboard_msgs/lib:/opt/ros/humble/opt/rviz_ogre_vendor/lib:/opt/ros/humble/lib/x86_64-linux-gnu:/opt/ros/humble/lib /usr/bin/cmake /home/alvaro/Desktop/workspace/ros_ur_driver/src/Universal_Robots_ROS2_Driver/ur_robot_driver -DCMAKE_INSTALL_PREFIX=/home/alvaro/Desktop/workspace/ros_ur_driver/install/ur_robot_driver
[0.025s] -- Found ament_cmake: 1.3.8 (/opt/ros/humble/share/ament_cmake/cmake)
[0.158s] -- Found backward_ros: 1.0.2 (/opt/ros/humble/share/backward_ros/cmake)
[0.171s] -- Could NOT find libbfd (missing: LIBBFD_LIBRARY LIBBFD_INCLUDE_DIR) 
[0.171s] -- BACKWARD_HAS_UNWIND=1
[0.171s] -- BACKWARD_HAS_BACKTRACE=0
[0.171s] -- BACKWARD_HAS_BACKTRACE_SYMBOL=0
[0.171s] -- BACKWARD_HAS_DW=1
[0.172s] -- BACKWARD_HAS_BFD=0
[0.172s] -- Found Backward: /opt/ros/humble/share/backward_ros/cmake  
[0.172s] -- Found controller_manager: 2.40.0 (/opt/ros/humble/share/controller_manager/cmake)
[0.196s] -- Found rosidl_generator_c: 3.1.5 (/opt/ros/humble/share/rosidl_generator_c/cmake)
[0.198s] -- Found rosidl_adapter: 3.1.5 (/opt/ros/humble/share/rosidl_adapter/cmake)
[0.203s] -- Found rosidl_generator_cpp: 3.1.5 (/opt/ros/humble/share/rosidl_generator_cpp/cmake)
[0.213s] -- Using all available rosidl_typesupport_c: rosidl_typesupport_fastrtps_c;rosidl_typesupport_introspection_c
[0.228s] -- Using all available rosidl_typesupport_cpp: rosidl_typesupport_fastrtps_cpp;rosidl_typesupport_introspection_cpp
[0.816s] -- Found rmw_implementation_cmake: 6.1.1 (/opt/ros/humble/share/rmw_implementation_cmake/cmake)
[0.818s] -- Found rmw_fastrtps_cpp: 6.2.6 (/opt/ros/humble/share/rmw_fastrtps_cpp/cmake)
[0.845s] -- Found TinyXML2 via Config file: TinyXML2_DIR-NOTFOUND
[0.852s] -- Found TinyXML2 via Config file: TinyXML2_DIR-NOTFOUND
[0.868s] -- Found TinyXML2 via Config file: TinyXML2_DIR-NOTFOUND
[0.874s] -- Found TinyXML2 via Config file: TinyXML2_DIR-NOTFOUND
[0.883s] -- Using RMW implementation 'rmw_fastrtps_cpp' as default
[1.444s] -- Found rclpy: 3.3.12 (/opt/ros/humble/share/rclpy/cmake)
[1.444s] -- Found std_srvs: 4.2.3 (/opt/ros/humble/share/std_srvs/cmake)
[1.458s] -- Found tf2_geometry_msgs: 0.25.6 (/opt/ros/humble/share/tf2_geometry_msgs/cmake)
[1.461s] -- Found eigen3_cmake_module: 0.1.1 (/opt/ros/humble/share/eigen3_cmake_module/cmake)
[1.463s] -- Ensuring Eigen3 include directory is part of orocos-kdl CMake target
[1.684s] -- Found ur_dashboard_msgs: 2.2.10 (/home/alvaro/Desktop/workspace/ros_ur_driver/install/ur_dashboard_msgs/share/ur_dashboard_msgs/cmake)
[3.859s] -- Found ur_controllers: 2.2.10 (/home/alvaro/Desktop/workspace/ros_ur_driver/install/ur_controllers/share/ur_controllers/cmake)
[3.992s] -- Found parameter_traits: 0.3.7 (/opt/ros/humble/share/parameter_traits/cmake)
[4.702s] -- Found ur_description: 2.1.3 (/home/alvaro/Desktop/workspace/ros_ur_driver/install/ur_description/share/ur_description/cmake)
[4.702s] -- Found launch_testing_ament_cmake: 1.0.5 (/opt/ros/humble/share/launch_testing_ament_cmake/cmake)
[4.702s] -- Found python_cmake_module: 0.10.0 (/opt/ros/humble/share/python_cmake_module/cmake)
[4.723s] -- Using PYTHON_EXECUTABLE: /usr/bin/python3
[4.723s] -- Using PYTHON_INCLUDE_DIRS: /usr/include/python3.10
[4.723s] -- Using PYTHON_LIBRARIES: /usr/lib/x86_64-linux-gnu/libpython3.10.so
[4.724s] -- Configuring done
[4.835s] -- Generating done
[4.838s] -- Build files have been written to: /home/alvaro/Desktop/workspace/ros_ur_driver/build/ur_robot_driver
[4.849s] Invoked command in '/home/alvaro/Desktop/workspace/ros_ur_driver/build/ur_robot_driver' returned '0': CMAKE_PREFIX_PATH=/home/alvaro/Desktop/workspace/ros_ur_driver/install/ur_controllers:/home/alvaro/Desktop/workspace/ros_ur_driver/install/ur_description:/home/alvaro/Desktop/workspace/ros_ur_driver/install/ur_dashboard_msgs:/home/alvaro/Desktop/workspace/ros_ur_driver/install/ur:/home/alvaro/Desktop/workspace/ros_ur_driver/install/ur_calibration:/home/alvaro/Desktop/workspace/ros_ur_driver/install/ur_robot_driver:/home/alvaro/Desktop/workspace/ros_ur_driver/install/ur_moveit_config:/home/alvaro/Desktop/workspace/ros_ur_driver/install/ur_bringup:/home/alvaro/Desktop/workspace/install/ur:/home/alvaro/Desktop/workspace/install/ur_calibration:/home/alvaro/Desktop/workspace/install/ur_robot_driver:/home/alvaro/Desktop/workspace/install/ur_moveit_config:/home/alvaro/Desktop/workspace/install/ur_bringup:/home/alvaro/Desktop/workspace/install/ur_description:/home/alvaro/Desktop/workspace/install/ur_controllers:/home/alvaro/Desktop/workspace/install/ur_dashboard_msgs:/home/alvaro/workspace/ros_ur_driver/install/ur:/home/alvaro/workspace/ros_ur_driver/install/ur_calibration:/home/alvaro/workspace/ros_ur_driver/install/ur_robot_driver:/home/alvaro/workspace/ros_ur_driver/install/ur_moveit_config:/home/alvaro/workspace/ros_ur_driver/install/ur_bringup:/home/alvaro/workspace/ros_ur_driver/install/ur_description:/home/alvaro/workspace/ros_ur_driver/install/ur_controllers:/home/alvaro/workspace/ros_ur_driver/install/ur_dashboard_msgs:/home/alvaro/Desktop/workspace/install/data_logger:/home/alvaro/ros2_ws_copia/install/my_robot_controller:/home/alvaro/ros2_ws_copia/install/movimiento_articular:/home/alvaro/ros2_ws_copia/install/data_logger:/home/alvaro/ros2_ws/install/my_robot_controller:/opt/ros/humble LD_LIBRARY_PATH=/home/alvaro/Desktop/workspace/ros_ur_driver/install/ur_controllers/lib:/home/alvaro/Desktop/workspace/ros_ur_driver/install/ur_dashboard_msgs/lib:/home/alvaro/Desktop/workspace/ros_ur_driver/install/ur_robot_driver/lib:/home/alvaro/Desktop/workspace/install/ur_robot_driver/lib:/home/alvaro/Desktop/workspace/install/ur_controllers/lib:/home/alvaro/Desktop/workspace/install/ur_dashboard_msgs/lib:/home/alvaro/workspace/ros_ur_driver/install/ur_robot_driver/lib:/home/alvaro/workspace/ros_ur_driver/install/ur_controllers/lib:/home/alvaro/workspace/ros_ur_driver/install/ur_dashboard_msgs/lib:/opt/ros/humble/opt/rviz_ogre_vendor/lib:/opt/ros/humble/lib/x86_64-linux-gnu:/opt/ros/humble/lib /usr/bin/cmake /home/alvaro/Desktop/workspace/ros_ur_driver/src/Universal_Robots_ROS2_Driver/ur_robot_driver -DCMAKE_INSTALL_PREFIX=/home/alvaro/Desktop/workspace/ros_ur_driver/install/ur_robot_driver
[4.851s] Invoking command in '/home/alvaro/Desktop/workspace/ros_ur_driver/build/ur_robot_driver': CMAKE_PREFIX_PATH=/home/alvaro/Desktop/workspace/ros_ur_driver/install/ur_controllers:/home/alvaro/Desktop/workspace/ros_ur_driver/install/ur_description:/home/alvaro/Desktop/workspace/ros_ur_driver/install/ur_dashboard_msgs:/home/alvaro/Desktop/workspace/ros_ur_driver/install/ur:/home/alvaro/Desktop/workspace/ros_ur_driver/install/ur_calibration:/home/alvaro/Desktop/workspace/ros_ur_driver/install/ur_robot_driver:/home/alvaro/Desktop/workspace/ros_ur_driver/install/ur_moveit_config:/home/alvaro/Desktop/workspace/ros_ur_driver/install/ur_bringup:/home/alvaro/Desktop/workspace/install/ur:/home/alvaro/Desktop/workspace/install/ur_calibration:/home/alvaro/Desktop/workspace/install/ur_robot_driver:/home/alvaro/Desktop/workspace/install/ur_moveit_config:/home/alvaro/Desktop/workspace/install/ur_bringup:/home/alvaro/Desktop/workspace/install/ur_description:/home/alvaro/Desktop/workspace/install/ur_controllers:/home/alvaro/Desktop/workspace/install/ur_dashboard_msgs:/home/alvaro/workspace/ros_ur_driver/install/ur:/home/alvaro/workspace/ros_ur_driver/install/ur_calibration:/home/alvaro/workspace/ros_ur_driver/install/ur_robot_driver:/home/alvaro/workspace/ros_ur_driver/install/ur_moveit_config:/home/alvaro/workspace/ros_ur_driver/install/ur_bringup:/home/alvaro/workspace/ros_ur_driver/install/ur_description:/home/alvaro/workspace/ros_ur_driver/install/ur_controllers:/home/alvaro/workspace/ros_ur_driver/install/ur_dashboard_msgs:/home/alvaro/Desktop/workspace/install/data_logger:/home/alvaro/ros2_ws_copia/install/my_robot_controller:/home/alvaro/ros2_ws_copia/install/movimiento_articular:/home/alvaro/ros2_ws_copia/install/data_logger:/home/alvaro/ros2_ws/install/my_robot_controller:/opt/ros/humble LD_LIBRARY_PATH=/home/alvaro/Desktop/workspace/ros_ur_driver/install/ur_controllers/lib:/home/alvaro/Desktop/workspace/ros_ur_driver/install/ur_dashboard_msgs/lib:/home/alvaro/Desktop/workspace/ros_ur_driver/install/ur_robot_driver/lib:/home/alvaro/Desktop/workspace/install/ur_robot_driver/lib:/home/alvaro/Desktop/workspace/install/ur_controllers/lib:/home/alvaro/Desktop/workspace/install/ur_dashboard_msgs/lib:/home/alvaro/workspace/ros_ur_driver/install/ur_robot_driver/lib:/home/alvaro/workspace/ros_ur_driver/install/ur_controllers/lib:/home/alvaro/workspace/ros_ur_driver/install/ur_dashboard_msgs/lib:/opt/ros/humble/opt/rviz_ogre_vendor/lib:/opt/ros/humble/lib/x86_64-linux-gnu:/opt/ros/humble/lib /usr/bin/cmake --build /home/alvaro/Desktop/workspace/ros_ur_driver/build/ur_robot_driver -- -j8 -l8
[4.891s] [35m[1mConsolidate compiler generated dependencies of target ur_ros2_control_node[0m
[4.895s] [35m[1mConsolidate compiler generated dependencies of target urscript_interface[0m
[4.895s] [35m[1mConsolidate compiler generated dependencies of target controller_stopper_node[0m
[4.897s] [35m[1mConsolidate compiler generated dependencies of target dashboard_client[0m
[4.898s] [35m[1mConsolidate compiler generated dependencies of target ur_robot_driver_plugin[0m
[4.920s] [  0%] Built target ament_cmake_python_copy_ur_robot_driver
[4.923s] [ 13%] Built target ur_ros2_control_node
[4.923s] [ 26%] Built target urscript_interface
[4.930s] [ 46%] Built target controller_stopper_node
[4.934s] [ 73%] Built target dashboard_client
[4.935s] [100%] Built target ur_robot_driver_plugin
[5.198s] running egg_info
[5.198s] writing ur_robot_driver.egg-info/PKG-INFO
[5.198s] writing dependency_links to ur_robot_driver.egg-info/dependency_links.txt
[5.198s] writing top-level names to ur_robot_driver.egg-info/top_level.txt
[5.200s] reading manifest file 'ur_robot_driver.egg-info/SOURCES.txt'
[5.201s] writing manifest file 'ur_robot_driver.egg-info/SOURCES.txt'
[5.222s] [100%] Built target ament_cmake_python_build_ur_robot_driver_egg
[5.231s] Invoked command in '/home/alvaro/Desktop/workspace/ros_ur_driver/build/ur_robot_driver' returned '0': CMAKE_PREFIX_PATH=/home/alvaro/Desktop/workspace/ros_ur_driver/install/ur_controllers:/home/alvaro/Desktop/workspace/ros_ur_driver/install/ur_description:/home/alvaro/Desktop/workspace/ros_ur_driver/install/ur_dashboard_msgs:/home/alvaro/Desktop/workspace/ros_ur_driver/install/ur:/home/alvaro/Desktop/workspace/ros_ur_driver/install/ur_calibration:/home/alvaro/Desktop/workspace/ros_ur_driver/install/ur_robot_driver:/home/alvaro/Desktop/workspace/ros_ur_driver/install/ur_moveit_config:/home/alvaro/Desktop/workspace/ros_ur_driver/install/ur_bringup:/home/alvaro/Desktop/workspace/install/ur:/home/alvaro/Desktop/workspace/install/ur_calibration:/home/alvaro/Desktop/workspace/install/ur_robot_driver:/home/alvaro/Desktop/workspace/install/ur_moveit_config:/home/alvaro/Desktop/workspace/install/ur_bringup:/home/alvaro/Desktop/workspace/install/ur_description:/home/alvaro/Desktop/workspace/install/ur_controllers:/home/alvaro/Desktop/workspace/install/ur_dashboard_msgs:/home/alvaro/workspace/ros_ur_driver/install/ur:/home/alvaro/workspace/ros_ur_driver/install/ur_calibration:/home/alvaro/workspace/ros_ur_driver/install/ur_robot_driver:/home/alvaro/workspace/ros_ur_driver/install/ur_moveit_config:/home/alvaro/workspace/ros_ur_driver/install/ur_bringup:/home/alvaro/workspace/ros_ur_driver/install/ur_description:/home/alvaro/workspace/ros_ur_driver/install/ur_controllers:/home/alvaro/workspace/ros_ur_driver/install/ur_dashboard_msgs:/home/alvaro/Desktop/workspace/install/data_logger:/home/alvaro/ros2_ws_copia/install/my_robot_controller:/home/alvaro/ros2_ws_copia/install/movimiento_articular:/home/alvaro/ros2_ws_copia/install/data_logger:/home/alvaro/ros2_ws/install/my_robot_controller:/opt/ros/humble LD_LIBRARY_PATH=/home/alvaro/Desktop/workspace/ros_ur_driver/install/ur_controllers/lib:/home/alvaro/Desktop/workspace/ros_ur_driver/install/ur_dashboard_msgs/lib:/home/alvaro/Desktop/workspace/ros_ur_driver/install/ur_robot_driver/lib:/home/alvaro/Desktop/workspace/install/ur_robot_driver/lib:/home/alvaro/Desktop/workspace/install/ur_controllers/lib:/home/alvaro/Desktop/workspace/install/ur_dashboard_msgs/lib:/home/alvaro/workspace/ros_ur_driver/install/ur_robot_driver/lib:/home/alvaro/workspace/ros_ur_driver/install/ur_controllers/lib:/home/alvaro/workspace/ros_ur_driver/install/ur_dashboard_msgs/lib:/opt/ros/humble/opt/rviz_ogre_vendor/lib:/opt/ros/humble/lib/x86_64-linux-gnu:/opt/ros/humble/lib /usr/bin/cmake --build /home/alvaro/Desktop/workspace/ros_ur_driver/build/ur_robot_driver -- -j8 -l8
[5.273s] Invoking command in '/home/alvaro/Desktop/workspace/ros_ur_driver/build/ur_robot_driver': CMAKE_PREFIX_PATH=/home/alvaro/Desktop/workspace/ros_ur_driver/install/ur_controllers:/home/alvaro/Desktop/workspace/ros_ur_driver/install/ur_description:/home/alvaro/Desktop/workspace/ros_ur_driver/install/ur_dashboard_msgs:/home/alvaro/Desktop/workspace/ros_ur_driver/install/ur:/home/alvaro/Desktop/workspace/ros_ur_driver/install/ur_calibration:/home/alvaro/Desktop/workspace/ros_ur_driver/install/ur_robot_driver:/home/alvaro/Desktop/workspace/ros_ur_driver/install/ur_moveit_config:/home/alvaro/Desktop/workspace/ros_ur_driver/install/ur_bringup:/home/alvaro/Desktop/workspace/install/ur:/home/alvaro/Desktop/workspace/install/ur_calibration:/home/alvaro/Desktop/workspace/install/ur_robot_driver:/home/alvaro/Desktop/workspace/install/ur_moveit_config:/home/alvaro/Desktop/workspace/install/ur_bringup:/home/alvaro/Desktop/workspace/install/ur_description:/home/alvaro/Desktop/workspace/install/ur_controllers:/home/alvaro/Desktop/workspace/install/ur_dashboard_msgs:/home/alvaro/workspace/ros_ur_driver/install/ur:/home/alvaro/workspace/ros_ur_driver/install/ur_calibration:/home/alvaro/workspace/ros_ur_driver/install/ur_robot_driver:/home/alvaro/workspace/ros_ur_driver/install/ur_moveit_config:/home/alvaro/workspace/ros_ur_driver/install/ur_bringup:/home/alvaro/workspace/ros_ur_driver/install/ur_description:/home/alvaro/workspace/ros_ur_driver/install/ur_controllers:/home/alvaro/workspace/ros_ur_driver/install/ur_dashboard_msgs:/home/alvaro/Desktop/workspace/install/data_logger:/home/alvaro/ros2_ws_copia/install/my_robot_controller:/home/alvaro/ros2_ws_copia/install/movimiento_articular:/home/alvaro/ros2_ws_copia/install/data_logger:/home/alvaro/ros2_ws/install/my_robot_controller:/opt/ros/humble LD_LIBRARY_PATH=/home/alvaro/Desktop/workspace/ros_ur_driver/install/ur_controllers/lib:/home/alvaro/Desktop/workspace/ros_ur_driver/install/ur_dashboard_msgs/lib:/home/alvaro/Desktop/workspace/ros_ur_driver/install/ur_robot_driver/lib:/home/alvaro/Desktop/workspace/install/ur_robot_driver/lib:/home/alvaro/Desktop/workspace/install/ur_controllers/lib:/home/alvaro/Desktop/workspace/install/ur_dashboard_msgs/lib:/home/alvaro/workspace/ros_ur_driver/install/ur_robot_driver/lib:/home/alvaro/workspace/ros_ur_driver/install/ur_controllers/lib:/home/alvaro/workspace/ros_ur_driver/install/ur_dashboard_msgs/lib:/opt/ros/humble/opt/rviz_ogre_vendor/lib:/opt/ros/humble/lib/x86_64-linux-gnu:/opt/ros/humble/lib /usr/bin/cmake --install /home/alvaro/Desktop/workspace/ros_ur_driver/build/ur_robot_driver
[5.281s] -- Install configuration: "Release"
[5.281s] -- Up-to-date: /home/alvaro/Desktop/workspace/ros_ur_driver/install/ur_robot_driver/share/ur_robot_driver/hardware_interface_plugin.xml
[5.281s] -- Up-to-date: /home/alvaro/Desktop/workspace/ros_ur_driver/install/ur_robot_driver/lib/ur_robot_driver/dashboard_client
[5.281s] -- Up-to-date: /home/alvaro/Desktop/workspace/ros_ur_driver/install/ur_robot_driver/lib/ur_robot_driver/ur_ros2_control_node
[5.282s] -- Up-to-date: /home/alvaro/Desktop/workspace/ros_ur_driver/install/ur_robot_driver/lib/ur_robot_driver/controller_stopper_node
[5.282s] -- Up-to-date: /home/alvaro/Desktop/workspace/ros_ur_driver/install/ur_robot_driver/lib/ur_robot_driver/urscript_interface
[5.282s] -- Up-to-date: /home/alvaro/Desktop/workspace/ros_ur_driver/install/ur_robot_driver/lib/libur_robot_driver_plugin.so
[5.282s] -- Up-to-date: /home/alvaro/Desktop/workspace/ros_ur_driver/install/ur_robot_driver/include
[5.283s] -- Up-to-date: /home/alvaro/Desktop/workspace/ros_ur_driver/install/ur_robot_driver/include/ur_robot_driver
[5.283s] -- Up-to-date: /home/alvaro/Desktop/workspace/ros_ur_driver/install/ur_robot_driver/include/ur_robot_driver/dashboard_client_ros.hpp
[5.283s] -- Up-to-date: /home/alvaro/Desktop/workspace/ros_ur_driver/install/ur_robot_driver/include/ur_robot_driver/controller_stopper.hpp
[5.283s] -- Up-to-date: /home/alvaro/Desktop/workspace/ros_ur_driver/install/ur_robot_driver/include/ur_robot_driver/urcl_log_handler.hpp
[5.283s] -- Up-to-date: /home/alvaro/Desktop/workspace/ros_ur_driver/install/ur_robot_driver/include/ur_robot_driver/hardware_interface.hpp
[5.283s] -- Up-to-date: /home/alvaro/Desktop/workspace/ros_ur_driver/install/ur_robot_driver/share/ur_robot_driver/environment/library_path.sh
[5.283s] -- Installing: /home/alvaro/Desktop/workspace/ros_ur_driver/install/ur_robot_driver/share/ur_robot_driver/environment/library_path.dsv
[5.284s] -- Up-to-date: /home/alvaro/Desktop/workspace/ros_ur_driver/install/ur_robot_driver/share/ur_robot_driver/resources
[5.284s] -- Up-to-date: /home/alvaro/Desktop/workspace/ros_ur_driver/install/ur_robot_driver/share/ur_robot_driver/resources/rtde_input_recipe.txt
[5.284s] -- Up-to-date: /home/alvaro/Desktop/workspace/ros_ur_driver/install/ur_robot_driver/share/ur_robot_driver/resources/rtde_output_recipe.txt
[5.284s] -- Up-to-date: /home/alvaro/Desktop/workspace/ros_ur_driver/install/ur_robot_driver/share/ur_robot_driver/resources/ros_control.urscript
[5.284s] -- Up-to-date: /home/alvaro/Desktop/workspace/ros_ur_driver/install/ur_robot_driver/share/ur_robot_driver/resources/externalcontrol-1.0.5.urcap
[5.284s] -- Up-to-date: /home/alvaro/Desktop/workspace/ros_ur_driver/install/ur_robot_driver/share/ur_robot_driver/resources/rs485-1.0.urcap
[5.284s] -- Up-to-date: /home/alvaro/Desktop/workspace/ros_ur_driver/install/ur_robot_driver/include
[5.285s] -- Up-to-date: /home/alvaro/Desktop/workspace/ros_ur_driver/install/ur_robot_driver/include/ur_robot_driver
[5.285s] -- Up-to-date: /home/alvaro/Desktop/workspace/ros_ur_driver/install/ur_robot_driver/include/ur_robot_driver/dashboard_client_ros.hpp
[5.285s] -- Up-to-date: /home/alvaro/Desktop/workspace/ros_ur_driver/install/ur_robot_driver/include/ur_robot_driver/controller_stopper.hpp
[5.285s] -- Up-to-date: /home/alvaro/Desktop/workspace/ros_ur_driver/install/ur_robot_driver/include/ur_robot_driver/urcl_log_handler.hpp
[5.285s] -- Up-to-date: /home/alvaro/Desktop/workspace/ros_ur_driver/install/ur_robot_driver/include/ur_robot_driver/hardware_interface.hpp
[5.285s] -- Up-to-date: /home/alvaro/Desktop/workspace/ros_ur_driver/install/ur_robot_driver/share/ur_robot_driver/environment/pythonpath.sh
[5.285s] -- Installing: /home/alvaro/Desktop/workspace/ros_ur_driver/install/ur_robot_driver/share/ur_robot_driver/environment/pythonpath.dsv
[5.285s] -- Up-to-date: /home/alvaro/Desktop/workspace/ros_ur_driver/install/ur_robot_driver/local/lib/python3.10/dist-packages/ur_robot_driver-2.2.10-py3.10.egg-info
[5.286s] -- Installing: /home/alvaro/Desktop/workspace/ros_ur_driver/install/ur_robot_driver/local/lib/python3.10/dist-packages/ur_robot_driver-2.2.10-py3.10.egg-info/PKG-INFO
[5.286s] -- Installing: /home/alvaro/Desktop/workspace/ros_ur_driver/install/ur_robot_driver/local/lib/python3.10/dist-packages/ur_robot_driver-2.2.10-py3.10.egg-info/SOURCES.txt
[5.286s] -- Installing: /home/alvaro/Desktop/workspace/ros_ur_driver/install/ur_robot_driver/local/lib/python3.10/dist-packages/ur_robot_driver-2.2.10-py3.10.egg-info/dependency_links.txt
[5.286s] -- Installing: /home/alvaro/Desktop/workspace/ros_ur_driver/install/ur_robot_driver/local/lib/python3.10/dist-packages/ur_robot_driver-2.2.10-py3.10.egg-info/top_level.txt
[5.286s] -- Up-to-date: /home/alvaro/Desktop/workspace/ros_ur_driver/install/ur_robot_driver/local/lib/python3.10/dist-packages/ur_robot_driver
[5.286s] -- Up-to-date: /home/alvaro/Desktop/workspace/ros_ur_driver/install/ur_robot_driver/local/lib/python3.10/dist-packages/ur_robot_driver/__init__.py
[5.321s] Listing '/home/alvaro/Desktop/workspace/ros_ur_driver/install/ur_robot_driver/local/lib/python3.10/dist-packages/ur_robot_driver'...
[5.324s] -- Up-to-date: /home/alvaro/Desktop/workspace/ros_ur_driver/install/ur_robot_driver/lib/ur_robot_driver/tool_communication.py
[5.325s] -- Up-to-date: /home/alvaro/Desktop/workspace/ros_ur_driver/install/ur_robot_driver/bin/wait_dashboard_server.sh
[5.325s] -- Up-to-date: /home/alvaro/Desktop/workspace/ros_ur_driver/install/ur_robot_driver/lib/ur_robot_driver/start_ursim.sh
[5.325s] -- Up-to-date: /home/alvaro/Desktop/workspace/ros_ur_driver/install/ur_robot_driver/share/ur_robot_driver/config
[5.325s] -- Up-to-date: /home/alvaro/Desktop/workspace/ros_ur_driver/install/ur_robot_driver/share/ur_robot_driver/config/test_velocity_goal_publishers_config.yaml
[5.325s] -- Up-to-date: /home/alvaro/Desktop/workspace/ros_ur_driver/install/ur_robot_driver/share/ur_robot_driver/config/ur3_update_rate.yaml
[5.325s] -- Up-to-date: /home/alvaro/Desktop/workspace/ros_ur_driver/install/ur_robot_driver/share/ur_robot_driver/config/ur16e_update_rate.yaml
[5.325s] -- Up-to-date: /home/alvaro/Desktop/workspace/ros_ur_driver/install/ur_robot_driver/share/ur_robot_driver/config/ur5_update_rate.yaml
[5.325s] -- Up-to-date: /home/alvaro/Desktop/workspace/ros_ur_driver/install/ur_robot_driver/share/ur_robot_driver/config/ur5e_update_rate.yaml
[5.326s] -- Up-to-date: /home/alvaro/Desktop/workspace/ros_ur_driver/install/ur_robot_driver/share/ur_robot_driver/config/ur10_update_rate.yaml
[5.326s] -- Up-to-date: /home/alvaro/Desktop/workspace/ros_ur_driver/install/ur_robot_driver/share/ur_robot_driver/config/ur20_update_rate.yaml
[5.326s] -- Up-to-date: /home/alvaro/Desktop/workspace/ros_ur_driver/install/ur_robot_driver/share/ur_robot_driver/config/ur3e_update_rate.yaml
[5.326s] -- Up-to-date: /home/alvaro/Desktop/workspace/ros_ur_driver/install/ur_robot_driver/share/ur_robot_driver/config/ur10e_update_rate.yaml
[5.326s] -- Up-to-date: /home/alvaro/Desktop/workspace/ros_ur_driver/install/ur_robot_driver/share/ur_robot_driver/config/ur_controllers.yaml
[5.326s] -- Up-to-date: /home/alvaro/Desktop/workspace/ros_ur_driver/install/ur_robot_driver/share/ur_robot_driver/config/test_goal_publishers_config.yaml
[5.326s] -- Up-to-date: /home/alvaro/Desktop/workspace/ros_ur_driver/install/ur_robot_driver/share/ur_robot_driver/launch
[5.326s] -- Up-to-date: /home/alvaro/Desktop/workspace/ros_ur_driver/install/ur_robot_driver/share/ur_robot_driver/launch/ur_control.launch.py
[5.326s] -- Up-to-date: /home/alvaro/Desktop/workspace/ros_ur_driver/install/ur_robot_driver/share/ur_robot_driver/launch/test_scaled_joint_trajectory_controller.launch.py
[5.327s] -- Up-to-date: /home/alvaro/Desktop/workspace/ros_ur_driver/install/ur_robot_driver/share/ur_robot_driver/launch/ur3e.launch.py
[5.327s] -- Up-to-date: /home/alvaro/Desktop/workspace/ros_ur_driver/install/ur_robot_driver/share/ur_robot_driver/launch/ur20.launch.py
[5.327s] -- Up-to-date: /home/alvaro/Desktop/workspace/ros_ur_driver/install/ur_robot_driver/share/ur_robot_driver/launch/test_joint_trajectory_controller.launch.py
[5.327s] -- Up-to-date: /home/alvaro/Desktop/workspace/ros_ur_driver/install/ur_robot_driver/share/ur_robot_driver/launch/test_forward_velocity_controller.launch.py
[5.327s] -- Up-to-date: /home/alvaro/Desktop/workspace/ros_ur_driver/install/ur_robot_driver/share/ur_robot_driver/launch/ur_dashboard_client.launch.py
[5.327s] -- Up-to-date: /home/alvaro/Desktop/workspace/ros_ur_driver/install/ur_robot_driver/share/ur_robot_driver/launch/ur5e.launch.py
[5.327s] -- Up-to-date: /home/alvaro/Desktop/workspace/ros_ur_driver/install/ur_robot_driver/share/ur_robot_driver/launch/ur10.launch.py
[5.327s] -- Up-to-date: /home/alvaro/Desktop/workspace/ros_ur_driver/install/ur_robot_driver/share/ur_robot_driver/launch/ur3.launch.py
[5.328s] -- Up-to-date: /home/alvaro/Desktop/workspace/ros_ur_driver/install/ur_robot_driver/share/ur_robot_driver/launch/ur16e.launch.py
[5.328s] -- Up-to-date: /home/alvaro/Desktop/workspace/ros_ur_driver/install/ur_robot_driver/share/ur_robot_driver/launch/ur10e.launch.py
[5.328s] -- Up-to-date: /home/alvaro/Desktop/workspace/ros_ur_driver/install/ur_robot_driver/share/ur_robot_driver/launch/ur5.launch.py
[5.328s] -- Up-to-date: /home/alvaro/Desktop/workspace/ros_ur_driver/install/ur_robot_driver/share/ament_index/resource_index/package_run_dependencies/ur_robot_driver
[5.328s] -- Installing: /home/alvaro/Desktop/workspace/ros_ur_driver/install/ur_robot_driver/share/ament_index/resource_index/parent_prefix_path/ur_robot_driver
[5.328s] -- Up-to-date: /home/alvaro/Desktop/workspace/ros_ur_driver/install/ur_robot_driver/share/ur_robot_driver/environment/ament_prefix_path.sh
[5.328s] -- Installing: /home/alvaro/Desktop/workspace/ros_ur_driver/install/ur_robot_driver/share/ur_robot_driver/environment/ament_prefix_path.dsv
[5.328s] -- Up-to-date: /home/alvaro/Desktop/workspace/ros_ur_driver/install/ur_robot_driver/share/ur_robot_driver/environment/path.sh
[5.328s] -- Installing: /home/alvaro/Desktop/workspace/ros_ur_driver/install/ur_robot_driver/share/ur_robot_driver/environment/path.dsv
[5.328s] -- Up-to-date: /home/alvaro/Desktop/workspace/ros_ur_driver/install/ur_robot_driver/share/ur_robot_driver/local_setup.bash
[5.328s] -- Up-to-date: /home/alvaro/Desktop/workspace/ros_ur_driver/install/ur_robot_driver/share/ur_robot_driver/local_setup.sh
[5.328s] -- Up-to-date: /home/alvaro/Desktop/workspace/ros_ur_driver/install/ur_robot_driver/share/ur_robot_driver/local_setup.zsh
[5.329s] -- Installing: /home/alvaro/Desktop/workspace/ros_ur_driver/install/ur_robot_driver/share/ur_robot_driver/local_setup.dsv
[5.329s] -- Installing: /home/alvaro/Desktop/workspace/ros_ur_driver/install/ur_robot_driver/share/ur_robot_driver/package.dsv
[5.329s] -- Up-to-date: /home/alvaro/Desktop/workspace/ros_ur_driver/install/ur_robot_driver/share/ament_index/resource_index/packages/ur_robot_driver
[5.329s] -- Up-to-date: /home/alvaro/Desktop/workspace/ros_ur_driver/install/ur_robot_driver/share/ament_index/resource_index/hardware_interface__pluginlib__plugin/ur_robot_driver
[5.329s] -- Up-to-date: /home/alvaro/Desktop/workspace/ros_ur_driver/install/ur_robot_driver/share/ur_robot_driver/cmake/ament_cmake_export_include_directories-extras.cmake
[5.330s] -- Up-to-date: /home/alvaro/Desktop/workspace/ros_ur_driver/install/ur_robot_driver/share/ur_robot_driver/cmake/ament_cmake_export_libraries-extras.cmake
[5.330s] -- Up-to-date: /home/alvaro/Desktop/workspace/ros_ur_driver/install/ur_robot_driver/share/ur_robot_driver/cmake/ament_cmake_export_dependencies-extras.cmake
[5.330s] -- Up-to-date: /home/alvaro/Desktop/workspace/ros_ur_driver/install/ur_robot_driver/share/ur_robot_driver/cmake/ur_robot_driverConfig.cmake
[5.330s] -- Up-to-date: /home/alvaro/Desktop/workspace/ros_ur_driver/install/ur_robot_driver/share/ur_robot_driver/cmake/ur_robot_driverConfig-version.cmake
[5.330s] -- Up-to-date: /home/alvaro/Desktop/workspace/ros_ur_driver/install/ur_robot_driver/share/ur_robot_driver/package.xml
[5.330s] Invoked command in '/home/alvaro/Desktop/workspace/ros_ur_driver/build/ur_robot_driver' returned '0': CMAKE_PREFIX_PATH=/home/alvaro/Desktop/workspace/ros_ur_driver/install/ur_controllers:/home/alvaro/Desktop/workspace/ros_ur_driver/install/ur_description:/home/alvaro/Desktop/workspace/ros_ur_driver/install/ur_dashboard_msgs:/home/alvaro/Desktop/workspace/ros_ur_driver/install/ur:/home/alvaro/Desktop/workspace/ros_ur_driver/install/ur_calibration:/home/alvaro/Desktop/workspace/ros_ur_driver/install/ur_robot_driver:/home/alvaro/Desktop/workspace/ros_ur_driver/install/ur_moveit_config:/home/alvaro/Desktop/workspace/ros_ur_driver/install/ur_bringup:/home/alvaro/Desktop/workspace/install/ur:/home/alvaro/Desktop/workspace/install/ur_calibration:/home/alvaro/Desktop/workspace/install/ur_robot_driver:/home/alvaro/Desktop/workspace/install/ur_moveit_config:/home/alvaro/Desktop/workspace/install/ur_bringup:/home/alvaro/Desktop/workspace/install/ur_description:/home/alvaro/Desktop/workspace/install/ur_controllers:/home/alvaro/Desktop/workspace/install/ur_dashboard_msgs:/home/alvaro/workspace/ros_ur_driver/install/ur:/home/alvaro/workspace/ros_ur_driver/install/ur_calibration:/home/alvaro/workspace/ros_ur_driver/install/ur_robot_driver:/home/alvaro/workspace/ros_ur_driver/install/ur_moveit_config:/home/alvaro/workspace/ros_ur_driver/install/ur_bringup:/home/alvaro/workspace/ros_ur_driver/install/ur_description:/home/alvaro/workspace/ros_ur_driver/install/ur_controllers:/home/alvaro/workspace/ros_ur_driver/install/ur_dashboard_msgs:/home/alvaro/Desktop/workspace/install/data_logger:/home/alvaro/ros2_ws_copia/install/my_robot_controller:/home/alvaro/ros2_ws_copia/install/movimiento_articular:/home/alvaro/ros2_ws_copia/install/data_logger:/home/alvaro/ros2_ws/install/my_robot_controller:/opt/ros/humble LD_LIBRARY_PATH=/home/alvaro/Desktop/workspace/ros_ur_driver/install/ur_controllers/lib:/home/alvaro/Desktop/workspace/ros_ur_driver/install/ur_dashboard_msgs/lib:/home/alvaro/Desktop/workspace/ros_ur_driver/install/ur_robot_driver/lib:/home/alvaro/Desktop/workspace/install/ur_robot_driver/lib:/home/alvaro/Desktop/workspace/install/ur_controllers/lib:/home/alvaro/Desktop/workspace/install/ur_dashboard_msgs/lib:/home/alvaro/workspace/ros_ur_driver/install/ur_robot_driver/lib:/home/alvaro/workspace/ros_ur_driver/install/ur_controllers/lib:/home/alvaro/workspace/ros_ur_driver/install/ur_dashboard_msgs/lib:/opt/ros/humble/opt/rviz_ogre_vendor/lib:/opt/ros/humble/lib/x86_64-linux-gnu:/opt/ros/humble/lib /usr/bin/cmake --install /home/alvaro/Desktop/workspace/ros_ur_driver/build/ur_robot_driver
