[0.016s] Invoking command in '/home/alvaro/Desktop/workspace/ros_ur_driver/build/ur_moveit_config': CMAKE_PREFIX_PATH=/home/alvaro/Desktop/workspace/ros_ur_driver/install/ur_description:/home/alvaro/Desktop/workspace/ros_ur_driver/install/ur:/home/alvaro/Desktop/workspace/ros_ur_driver/install/ur_calibration:/home/alvaro/Desktop/workspace/ros_ur_driver/install/ur_robot_driver:/home/alvaro/Desktop/workspace/ros_ur_driver/install/ur_moveit_config:/home/alvaro/Desktop/workspace/ros_ur_driver/install/ur_bringup:/home/alvaro/Desktop/workspace/ros_ur_driver/install/ur_controllers:/home/alvaro/Desktop/workspace/ros_ur_driver/install/ur_dashboard_msgs:/home/alvaro/workspace/ros_ur_driver/install/ur:/home/alvaro/workspace/ros_ur_driver/install/ur_calibration:/home/alvaro/workspace/ros_ur_driver/install/ur_robot_driver:/home/alvaro/workspace/ros_ur_driver/install/ur_moveit_config:/home/alvaro/workspace/ros_ur_driver/install/ur_bringup:/home/alvaro/workspace/ros_ur_driver/install/ur_description:/home/alvaro/workspace/ros_ur_driver/install/ur_controllers:/home/alvaro/workspace/ros_ur_driver/install/ur_dashboard_msgs:/home/alvaro/Desktop/workspace/ros_ur_driver/install/trayectories:/home/alvaro/Desktop/workspace/ros_ur_driver/install/data_logger:/home/alvaro/ros2_ws_copia/install/my_robot_controller:/home/alvaro/ros2_ws_copia/install/movimiento_articular:/home/alvaro/ros2_ws_copia/install/data_logger:/home/alvaro/ros2_ws/install/my_robot_controller:/opt/ros/humble /usr/bin/cmake --build /home/alvaro/Desktop/workspace/ros_ur_driver/build/ur_moveit_config -- -j8 -l8
[0.095s] Built target ament_cmake_python_copy_ur_moveit_config
[0.531s] running egg_info
[0.532s] writing ur_moveit_config.egg-info/PKG-INFO
[0.533s] writing dependency_links to ur_moveit_config.egg-info/dependency_links.txt
[0.533s] writing top-level names to ur_moveit_config.egg-info/top_level.txt
[0.536s] reading manifest file 'ur_moveit_config.egg-info/SOURCES.txt'
[0.539s] writing manifest file 'ur_moveit_config.egg-info/SOURCES.txt'
[0.575s] Built target ament_cmake_python_build_ur_moveit_config_egg
[0.586s] Invoked command in '/home/alvaro/Desktop/workspace/ros_ur_driver/build/ur_moveit_config' returned '0': CMAKE_PREFIX_PATH=/home/alvaro/Desktop/workspace/ros_ur_driver/install/ur_description:/home/alvaro/Desktop/workspace/ros_ur_driver/install/ur:/home/alvaro/Desktop/workspace/ros_ur_driver/install/ur_calibration:/home/alvaro/Desktop/workspace/ros_ur_driver/install/ur_robot_driver:/home/alvaro/Desktop/workspace/ros_ur_driver/install/ur_moveit_config:/home/alvaro/Desktop/workspace/ros_ur_driver/install/ur_bringup:/home/alvaro/Desktop/workspace/ros_ur_driver/install/ur_controllers:/home/alvaro/Desktop/workspace/ros_ur_driver/install/ur_dashboard_msgs:/home/alvaro/workspace/ros_ur_driver/install/ur:/home/alvaro/workspace/ros_ur_driver/install/ur_calibration:/home/alvaro/workspace/ros_ur_driver/install/ur_robot_driver:/home/alvaro/workspace/ros_ur_driver/install/ur_moveit_config:/home/alvaro/workspace/ros_ur_driver/install/ur_bringup:/home/alvaro/workspace/ros_ur_driver/install/ur_description:/home/alvaro/workspace/ros_ur_driver/install/ur_controllers:/home/alvaro/workspace/ros_ur_driver/install/ur_dashboard_msgs:/home/alvaro/Desktop/workspace/ros_ur_driver/install/trayectories:/home/alvaro/Desktop/workspace/ros_ur_driver/install/data_logger:/home/alvaro/ros2_ws_copia/install/my_robot_controller:/home/alvaro/ros2_ws_copia/install/movimiento_articular:/home/alvaro/ros2_ws_copia/install/data_logger:/home/alvaro/ros2_ws/install/my_robot_controller:/opt/ros/humble /usr/bin/cmake --build /home/alvaro/Desktop/workspace/ros_ur_driver/build/ur_moveit_config -- -j8 -l8
[0.616s] Invoking command in '/home/alvaro/Desktop/workspace/ros_ur_driver/build/ur_moveit_config': CMAKE_PREFIX_PATH=/home/alvaro/Desktop/workspace/ros_ur_driver/install/ur_description:/home/alvaro/Desktop/workspace/ros_ur_driver/install/ur:/home/alvaro/Desktop/workspace/ros_ur_driver/install/ur_calibration:/home/alvaro/Desktop/workspace/ros_ur_driver/install/ur_robot_driver:/home/alvaro/Desktop/workspace/ros_ur_driver/install/ur_moveit_config:/home/alvaro/Desktop/workspace/ros_ur_driver/install/ur_bringup:/home/alvaro/Desktop/workspace/ros_ur_driver/install/ur_controllers:/home/alvaro/Desktop/workspace/ros_ur_driver/install/ur_dashboard_msgs:/home/alvaro/workspace/ros_ur_driver/install/ur:/home/alvaro/workspace/ros_ur_driver/install/ur_calibration:/home/alvaro/workspace/ros_ur_driver/install/ur_robot_driver:/home/alvaro/workspace/ros_ur_driver/install/ur_moveit_config:/home/alvaro/workspace/ros_ur_driver/install/ur_bringup:/home/alvaro/workspace/ros_ur_driver/install/ur_description:/home/alvaro/workspace/ros_ur_driver/install/ur_controllers:/home/alvaro/workspace/ros_ur_driver/install/ur_dashboard_msgs:/home/alvaro/Desktop/workspace/ros_ur_driver/install/trayectories:/home/alvaro/Desktop/workspace/ros_ur_driver/install/data_logger:/home/alvaro/ros2_ws_copia/install/my_robot_controller:/home/alvaro/ros2_ws_copia/install/movimiento_articular:/home/alvaro/ros2_ws_copia/install/data_logger:/home/alvaro/ros2_ws/install/my_robot_controller:/opt/ros/humble /usr/bin/cmake --install /home/alvaro/Desktop/workspace/ros_ur_driver/build/ur_moveit_config
[0.626s] -- Install configuration: "Release"
[0.626s] -- Up-to-date: /home/alvaro/Desktop/workspace/ros_ur_driver/install/ur_moveit_config/share/ur_moveit_config/config
[0.627s] -- Up-to-date: /home/alvaro/Desktop/workspace/ros_ur_driver/install/ur_moveit_config/share/ur_moveit_config/config/controllers.yaml
[0.627s] -- Up-to-date: /home/alvaro/Desktop/workspace/ros_ur_driver/install/ur_moveit_config/share/ur_moveit_config/config/kinematics.yaml
[0.628s] -- Up-to-date: /home/alvaro/Desktop/workspace/ros_ur_driver/install/ur_moveit_config/share/ur_moveit_config/config/ur_servo.yaml
[0.628s] -- Up-to-date: /home/alvaro/Desktop/workspace/ros_ur_driver/install/ur_moveit_config/share/ur_moveit_config/config/ompl_planning.yaml
[0.628s] -- Up-to-date: /home/alvaro/Desktop/workspace/ros_ur_driver/install/ur_moveit_config/share/ur_moveit_config/launch
[0.629s] -- Up-to-date: /home/alvaro/Desktop/workspace/ros_ur_driver/install/ur_moveit_config/share/ur_moveit_config/launch/ur_moveit.launch.py
[0.629s] -- Up-to-date: /home/alvaro/Desktop/workspace/ros_ur_driver/install/ur_moveit_config/share/ur_moveit_config/rviz
[0.629s] -- Up-to-date: /home/alvaro/Desktop/workspace/ros_ur_driver/install/ur_moveit_config/share/ur_moveit_config/rviz/view_robot.rviz
[0.629s] -- Up-to-date: /home/alvaro/Desktop/workspace/ros_ur_driver/install/ur_moveit_config/share/ur_moveit_config/srdf
[0.629s] -- Up-to-date: /home/alvaro/Desktop/workspace/ros_ur_driver/install/ur_moveit_config/share/ur_moveit_config/srdf/ur_macro.srdf.xacro
[0.629s] -- Up-to-date: /home/alvaro/Desktop/workspace/ros_ur_driver/install/ur_moveit_config/share/ur_moveit_config/srdf/ur.srdf.xacro
[0.629s] -- Up-to-date: /home/alvaro/Desktop/workspace/ros_ur_driver/install/ur_moveit_config/share/ur_moveit_config/environment/pythonpath.sh
[0.630s] -- Up-to-date: /home/alvaro/Desktop/workspace/ros_ur_driver/install/ur_moveit_config/share/ur_moveit_config/environment/pythonpath.dsv
[0.630s] -- Up-to-date: /home/alvaro/Desktop/workspace/ros_ur_driver/install/ur_moveit_config/local/lib/python3.10/dist-packages/ur_moveit_config-2.2.10-py3.10.egg-info
[0.630s] -- Installing: /home/alvaro/Desktop/workspace/ros_ur_driver/install/ur_moveit_config/local/lib/python3.10/dist-packages/ur_moveit_config-2.2.10-py3.10.egg-info/PKG-INFO
[0.630s] -- Installing: /home/alvaro/Desktop/workspace/ros_ur_driver/install/ur_moveit_config/local/lib/python3.10/dist-packages/ur_moveit_config-2.2.10-py3.10.egg-info/SOURCES.txt
[0.630s] -- Installing: /home/alvaro/Desktop/workspace/ros_ur_driver/install/ur_moveit_config/local/lib/python3.10/dist-packages/ur_moveit_config-2.2.10-py3.10.egg-info/dependency_links.txt
[0.630s] -- Installing: /home/alvaro/Desktop/workspace/ros_ur_driver/install/ur_moveit_config/local/lib/python3.10/dist-packages/ur_moveit_config-2.2.10-py3.10.egg-info/top_level.txt
[0.630s] -- Up-to-date: /home/alvaro/Desktop/workspace/ros_ur_driver/install/ur_moveit_config/local/lib/python3.10/dist-packages/ur_moveit_config
[0.630s] -- Up-to-date: /home/alvaro/Desktop/workspace/ros_ur_driver/install/ur_moveit_config/local/lib/python3.10/dist-packages/ur_moveit_config/launch_common.py
[0.631s] -- Up-to-date: /home/alvaro/Desktop/workspace/ros_ur_driver/install/ur_moveit_config/local/lib/python3.10/dist-packages/ur_moveit_config/__init__.py
[0.676s] Listing '/home/alvaro/Desktop/workspace/ros_ur_driver/install/ur_moveit_config/local/lib/python3.10/dist-packages/ur_moveit_config'...
[0.683s] -- Up-to-date: /home/alvaro/Desktop/workspace/ros_ur_driver/install/ur_moveit_config/local/lib/python3.10/dist-packages/launch_common.py
[0.741s] -- Up-to-date: /home/alvaro/Desktop/workspace/ros_ur_driver/install/ur_moveit_config/share/ament_index/resource_index/package_run_dependencies/ur_moveit_config
[0.741s] -- Up-to-date: /home/alvaro/Desktop/workspace/ros_ur_driver/install/ur_moveit_config/share/ament_index/resource_index/parent_prefix_path/ur_moveit_config
[0.741s] -- Up-to-date: /home/alvaro/Desktop/workspace/ros_ur_driver/install/ur_moveit_config/share/ur_moveit_config/environment/ament_prefix_path.sh
[0.741s] -- Up-to-date: /home/alvaro/Desktop/workspace/ros_ur_driver/install/ur_moveit_config/share/ur_moveit_config/environment/ament_prefix_path.dsv
[0.741s] -- Up-to-date: /home/alvaro/Desktop/workspace/ros_ur_driver/install/ur_moveit_config/share/ur_moveit_config/environment/path.sh
[0.742s] -- Up-to-date: /home/alvaro/Desktop/workspace/ros_ur_driver/install/ur_moveit_config/share/ur_moveit_config/environment/path.dsv
[0.742s] -- Up-to-date: /home/alvaro/Desktop/workspace/ros_ur_driver/install/ur_moveit_config/share/ur_moveit_config/local_setup.bash
[0.742s] -- Up-to-date: /home/alvaro/Desktop/workspace/ros_ur_driver/install/ur_moveit_config/share/ur_moveit_config/local_setup.sh
[0.742s] -- Up-to-date: /home/alvaro/Desktop/workspace/ros_ur_driver/install/ur_moveit_config/share/ur_moveit_config/local_setup.zsh
[0.742s] -- Up-to-date: /home/alvaro/Desktop/workspace/ros_ur_driver/install/ur_moveit_config/share/ur_moveit_config/local_setup.dsv
[0.743s] -- Installing: /home/alvaro/Desktop/workspace/ros_ur_driver/install/ur_moveit_config/share/ur_moveit_config/package.dsv
[0.743s] -- Up-to-date: /home/alvaro/Desktop/workspace/ros_ur_driver/install/ur_moveit_config/share/ament_index/resource_index/packages/ur_moveit_config
[0.743s] -- Up-to-date: /home/alvaro/Desktop/workspace/ros_ur_driver/install/ur_moveit_config/share/ur_moveit_config/cmake/ur_moveit_configConfig.cmake
[0.743s] -- Up-to-date: /home/alvaro/Desktop/workspace/ros_ur_driver/install/ur_moveit_config/share/ur_moveit_config/cmake/ur_moveit_configConfig-version.cmake
[0.743s] -- Up-to-date: /home/alvaro/Desktop/workspace/ros_ur_driver/install/ur_moveit_config/share/ur_moveit_config/package.xml
[0.745s] Invoked command in '/home/alvaro/Desktop/workspace/ros_ur_driver/build/ur_moveit_config' returned '0': CMAKE_PREFIX_PATH=/home/alvaro/Desktop/workspace/ros_ur_driver/install/ur_description:/home/alvaro/Desktop/workspace/ros_ur_driver/install/ur:/home/alvaro/Desktop/workspace/ros_ur_driver/install/ur_calibration:/home/alvaro/Desktop/workspace/ros_ur_driver/install/ur_robot_driver:/home/alvaro/Desktop/workspace/ros_ur_driver/install/ur_moveit_config:/home/alvaro/Desktop/workspace/ros_ur_driver/install/ur_bringup:/home/alvaro/Desktop/workspace/ros_ur_driver/install/ur_controllers:/home/alvaro/Desktop/workspace/ros_ur_driver/install/ur_dashboard_msgs:/home/alvaro/workspace/ros_ur_driver/install/ur:/home/alvaro/workspace/ros_ur_driver/install/ur_calibration:/home/alvaro/workspace/ros_ur_driver/install/ur_robot_driver:/home/alvaro/workspace/ros_ur_driver/install/ur_moveit_config:/home/alvaro/workspace/ros_ur_driver/install/ur_bringup:/home/alvaro/workspace/ros_ur_driver/install/ur_description:/home/alvaro/workspace/ros_ur_driver/install/ur_controllers:/home/alvaro/workspace/ros_ur_driver/install/ur_dashboard_msgs:/home/alvaro/Desktop/workspace/ros_ur_driver/install/trayectories:/home/alvaro/Desktop/workspace/ros_ur_driver/install/data_logger:/home/alvaro/ros2_ws_copia/install/my_robot_controller:/home/alvaro/ros2_ws_copia/install/movimiento_articular:/home/alvaro/ros2_ws_copia/install/data_logger:/home/alvaro/ros2_ws/install/my_robot_controller:/opt/ros/humble /usr/bin/cmake --install /home/alvaro/Desktop/workspace/ros_ur_driver/build/ur_moveit_config
