-- The C compiler identification is GNU 11.4.0
-- The CXX compiler identification is GNU 11.4.0
-- Detecting C compiler ABI info
-- Detecting C compiler ABI info - done
-- Check for working C compiler: /usr/bin/cc - skipped
-- Detecting C compile features
-- Detecting C compile features - done
-- Detecting CXX compiler ABI info
-- Detecting CXX compiler ABI info - done
-- Check for working CXX compiler: /usr/bin/c++ - skipped
-- Detecting CXX compile features
-- Detecting CXX compile features - done
-- Found ament_cmake: 1.3.8 (/opt/ros/humble/share/ament_cmake/cmake)
-- Found Python3: /usr/bin/python3 (found version "3.10.12") found components: Interpreter 
-- Found ament_lint_auto: 0.12.10 (/opt/ros/humble/share/ament_lint_auto/cmake)
-- Added test 'lint_cmake' to check CMake code style
-- Added test 'xmllint' to check XML markup files
-- Configuring done
-- Generating done
-- Build files have been written to: /home/alvaro/Desktop/workspace/ros_ur_driver/build/ur
-- Install configuration: "Release"
-- Installing: /home/alvaro/Desktop/workspace/ros_ur_driver/install/ur/share/ament_index/resource_index/package_run_dependencies/ur
-- Installing: /home/alvaro/Desktop/workspace/ros_ur_driver/install/ur/share/ament_index/resource_index/parent_prefix_path/ur
-- Installing: /home/alvaro/Desktop/workspace/ros_ur_driver/install/ur/share/ur/environment/ament_prefix_path.sh
-- Installing: /home/alvaro/Desktop/workspace/ros_ur_driver/install/ur/share/ur/environment/ament_prefix_path.dsv
-- Installing: /home/alvaro/Desktop/workspace/ros_ur_driver/install/ur/share/ur/environment/path.sh
-- Installing: /home/alvaro/Desktop/workspace/ros_ur_driver/install/ur/share/ur/environment/path.dsv
-- Installing: /home/alvaro/Desktop/workspace/ros_ur_driver/install/ur/share/ur/local_setup.bash
-- Installing: /home/alvaro/Desktop/workspace/ros_ur_driver/install/ur/share/ur/local_setup.sh
-- Installing: /home/alvaro/Desktop/workspace/ros_ur_driver/install/ur/share/ur/local_setup.zsh
-- Installing: /home/alvaro/Desktop/workspace/ros_ur_driver/install/ur/share/ur/local_setup.dsv
-- Installing: /home/alvaro/Desktop/workspace/ros_ur_driver/install/ur/share/ur/package.dsv
-- Installing: /home/alvaro/Desktop/workspace/ros_ur_driver/install/ur/share/ament_index/resource_index/packages/ur
-- Installing: /home/alvaro/Desktop/workspace/ros_ur_driver/install/ur/share/ur/cmake/urConfig.cmake
-- Installing: /home/alvaro/Desktop/workspace/ros_ur_driver/install/ur/share/ur/cmake/urConfig-version.cmake
-- Installing: /home/alvaro/Desktop/workspace/ros_ur_driver/install/ur/share/ur/package.xml
