[1.307s] Invoking command in '/home/alvaro/Desktop/workspace/ros_ur_driver/src/trayectories': PYTHONPATH=/home/alvaro/Desktop/workspace/ros_ur_driver/build/trayectories/prefix_override:/home/alvaro/Desktop/workspace/ros_ur_driver/install/trayectories/lib/python3.10/site-packages:${PYTHONPATH} /usr/bin/python3 -W ignore:setup.py install is deprecated setup.py egg_info --egg-base ../../build/trayectories build --build-base /home/alvaro/Desktop/workspace/ros_ur_driver/build/trayectories/build install --record /home/alvaro/Desktop/workspace/ros_ur_driver/build/trayectories/install.log --single-version-externally-managed install_data
[1.714s] running egg_info
[1.714s] writing ../../build/trayectories/trayectories.egg-info/PKG-INFO
[1.715s] writing dependency_links to ../../build/trayectories/trayectories.egg-info/dependency_links.txt
[1.715s] writing entry points to ../../build/trayectories/trayectories.egg-info/entry_points.txt
[1.715s] writing requirements to ../../build/trayectories/trayectories.egg-info/requires.txt
[1.715s] writing top-level names to ../../build/trayectories/trayectories.egg-info/top_level.txt
[1.717s] reading manifest file '../../build/trayectories/trayectories.egg-info/SOURCES.txt'
[1.719s] writing manifest file '../../build/trayectories/trayectories.egg-info/SOURCES.txt'
[1.719s] running build
[1.719s] running build_py
[1.719s] running install
[1.720s] running install_lib
[1.723s] running install_data
[1.723s] running install_egg_info
[1.725s] removing '/home/alvaro/Desktop/workspace/ros_ur_driver/install/trayectories/lib/python3.10/site-packages/trayectories-0.0.0-py3.10.egg-info' (and everything under it)
[1.726s] Copying ../../build/trayectories/trayectories.egg-info to /home/alvaro/Desktop/workspace/ros_ur_driver/install/trayectories/lib/python3.10/site-packages/trayectories-0.0.0-py3.10.egg-info
[1.727s] running install_scripts
[1.752s] Installing move_joints script to /home/alvaro/Desktop/workspace/ros_ur_driver/install/trayectories/lib/trayectories
[1.752s] Installing move_l script to /home/alvaro/Desktop/workspace/ros_ur_driver/install/trayectories/lib/trayectories
[1.752s] writing list of installed files to '/home/alvaro/Desktop/workspace/ros_ur_driver/build/trayectories/install.log'
[1.800s] Invoked command in '/home/alvaro/Desktop/workspace/ros_ur_driver/src/trayectories' returned '0': PYTHONPATH=/home/alvaro/Desktop/workspace/ros_ur_driver/build/trayectories/prefix_override:/home/alvaro/Desktop/workspace/ros_ur_driver/install/trayectories/lib/python3.10/site-packages:${PYTHONPATH} /usr/bin/python3 -W ignore:setup.py install is deprecated setup.py egg_info --egg-base ../../build/trayectories build --build-base /home/alvaro/Desktop/workspace/ros_ur_driver/build/trayectories/build install --record /home/alvaro/Desktop/workspace/ros_ur_driver/build/trayectories/install.log --single-version-externally-managed install_data
