[1.108s] Invoking command in '/home/alvaro/TFM_MiguelLerinAlonso/workspace/ros_ur_driver/src/trayectories': PYTHONPATH=/home/alvaro/TFM_MiguelLerinAlonso/workspace/ros_ur_driver/build/trayectories/prefix_override:/home/alvaro/TFM_MiguelLerinAlonso/workspace/ros_ur_driver/install/trayectories/lib/python3.10/site-packages:${PYTHONPATH} /usr/bin/python3 -W ignore:setup.py install is deprecated setup.py egg_info --egg-base ../../build/trayectories build --build-base /home/alvaro/TFM_MiguelLerinAlonso/workspace/ros_ur_driver/build/trayectories/build install --record /home/alvaro/TFM_MiguelLerinAlonso/workspace/ros_ur_driver/build/trayectories/install.log --single-version-externally-managed install_data
[1.428s] running egg_info
[1.428s] creating ../../build/trayectories/trayectories.egg-info
[1.428s] writing ../../build/trayectories/trayectories.egg-info/PKG-INFO
[1.428s] writing dependency_links to ../../build/trayectories/trayectories.egg-info/dependency_links.txt
[1.429s] writing entry points to ../../build/trayectories/trayectories.egg-info/entry_points.txt
[1.429s] writing requirements to ../../build/trayectories/trayectories.egg-info/requires.txt
[1.429s] writing top-level names to ../../build/trayectories/trayectories.egg-info/top_level.txt
[1.430s] writing manifest file '../../build/trayectories/trayectories.egg-info/SOURCES.txt'
[1.433s] reading manifest file '../../build/trayectories/trayectories.egg-info/SOURCES.txt'
[1.433s] writing manifest file '../../build/trayectories/trayectories.egg-info/SOURCES.txt'
[1.433s] running build
[1.433s] running build_py
[1.435s] creating /home/alvaro/TFM_MiguelLerinAlonso/workspace/ros_ur_driver/build/trayectories/build
[1.435s] creating /home/alvaro/TFM_MiguelLerinAlonso/workspace/ros_ur_driver/build/trayectories/build/lib
[1.435s] creating /home/alvaro/TFM_MiguelLerinAlonso/workspace/ros_ur_driver/build/trayectories/build/lib/trayectories
[1.435s] copying trayectories/move_joints.py -> /home/alvaro/TFM_MiguelLerinAlonso/workspace/ros_ur_driver/build/trayectories/build/lib/trayectories
[1.435s] copying trayectories/__init__.py -> /home/alvaro/TFM_MiguelLerinAlonso/workspace/ros_ur_driver/build/trayectories/build/lib/trayectories
[1.435s] copying trayectories/move_l.py -> /home/alvaro/TFM_MiguelLerinAlonso/workspace/ros_ur_driver/build/trayectories/build/lib/trayectories
[1.436s] running install
[1.436s] running install_lib
[1.436s] creating /home/alvaro/TFM_MiguelLerinAlonso/workspace/ros_ur_driver/install/trayectories/lib/python3.10/site-packages/trayectories
[1.436s] copying /home/alvaro/TFM_MiguelLerinAlonso/workspace/ros_ur_driver/build/trayectories/build/lib/trayectories/move_joints.py -> /home/alvaro/TFM_MiguelLerinAlonso/workspace/ros_ur_driver/install/trayectories/lib/python3.10/site-packages/trayectories
[1.437s] copying /home/alvaro/TFM_MiguelLerinAlonso/workspace/ros_ur_driver/build/trayectories/build/lib/trayectories/__init__.py -> /home/alvaro/TFM_MiguelLerinAlonso/workspace/ros_ur_driver/install/trayectories/lib/python3.10/site-packages/trayectories
[1.437s] copying /home/alvaro/TFM_MiguelLerinAlonso/workspace/ros_ur_driver/build/trayectories/build/lib/trayectories/move_l.py -> /home/alvaro/TFM_MiguelLerinAlonso/workspace/ros_ur_driver/install/trayectories/lib/python3.10/site-packages/trayectories
[1.437s] byte-compiling /home/alvaro/TFM_MiguelLerinAlonso/workspace/ros_ur_driver/install/trayectories/lib/python3.10/site-packages/trayectories/move_joints.py to move_joints.cpython-310.pyc
[1.437s] byte-compiling /home/alvaro/TFM_MiguelLerinAlonso/workspace/ros_ur_driver/install/trayectories/lib/python3.10/site-packages/trayectories/__init__.py to __init__.cpython-310.pyc
[1.437s] byte-compiling /home/alvaro/TFM_MiguelLerinAlonso/workspace/ros_ur_driver/install/trayectories/lib/python3.10/site-packages/trayectories/move_l.py to move_l.cpython-310.pyc
[1.438s] running install_data
[1.438s] creating /home/alvaro/TFM_MiguelLerinAlonso/workspace/ros_ur_driver/install/trayectories/share/ament_index
[1.438s] creating /home/alvaro/TFM_MiguelLerinAlonso/workspace/ros_ur_driver/install/trayectories/share/ament_index/resource_index
[1.438s] creating /home/alvaro/TFM_MiguelLerinAlonso/workspace/ros_ur_driver/install/trayectories/share/ament_index/resource_index/packages
[1.438s] copying resource/trayectories -> /home/alvaro/TFM_MiguelLerinAlonso/workspace/ros_ur_driver/install/trayectories/share/ament_index/resource_index/packages
[1.438s] copying package.xml -> /home/alvaro/TFM_MiguelLerinAlonso/workspace/ros_ur_driver/install/trayectories/share/trayectories
[1.438s] running install_egg_info
[1.440s] Copying ../../build/trayectories/trayectories.egg-info to /home/alvaro/TFM_MiguelLerinAlonso/workspace/ros_ur_driver/install/trayectories/lib/python3.10/site-packages/trayectories-0.0.0-py3.10.egg-info
[1.441s] running install_scripts
[1.462s] Installing move_joints script to /home/alvaro/TFM_MiguelLerinAlonso/workspace/ros_ur_driver/install/trayectories/lib/trayectories
[1.462s] Installing move_l script to /home/alvaro/TFM_MiguelLerinAlonso/workspace/ros_ur_driver/install/trayectories/lib/trayectories
[1.463s] writing list of installed files to '/home/alvaro/TFM_MiguelLerinAlonso/workspace/ros_ur_driver/build/trayectories/install.log'
[1.493s] Invoked command in '/home/alvaro/TFM_MiguelLerinAlonso/workspace/ros_ur_driver/src/trayectories' returned '0': PYTHONPATH=/home/alvaro/TFM_MiguelLerinAlonso/workspace/ros_ur_driver/build/trayectories/prefix_override:/home/alvaro/TFM_MiguelLerinAlonso/workspace/ros_ur_driver/install/trayectories/lib/python3.10/site-packages:${PYTHONPATH} /usr/bin/python3 -W ignore:setup.py install is deprecated setup.py egg_info --egg-base ../../build/trayectories build --build-base /home/alvaro/TFM_MiguelLerinAlonso/workspace/ros_ur_driver/build/trayectories/build install --record /home/alvaro/TFM_MiguelLerinAlonso/workspace/ros_ur_driver/build/trayectories/install.log --single-version-externally-managed install_data
