[0.016s] Invoking command in '/home/alvaro/Desktop/workspace/ros_ur_driver/build/ur_calibration': CMAKE_PREFIX_PATH=/home/alvaro/Desktop/workspace/ros_ur_driver/install/ur_robot_driver:/home/alvaro/Desktop/workspace/ros_ur_driver/install/ur_controllers:/home/alvaro/Desktop/workspace/ros_ur_driver/install/ur_description:/home/alvaro/Desktop/workspace/ros_ur_driver/install/ur_dashboard_msgs:/home/alvaro/Desktop/workspace/ros_ur_driver/install/ur:/home/alvaro/Desktop/workspace/ros_ur_driver/install/ur_calibration:/home/alvaro/Desktop/workspace/ros_ur_driver/install/ur_moveit_config:/home/alvaro/Desktop/workspace/ros_ur_driver/install/ur_bringup:/home/alvaro/Desktop/workspace/install/ur:/home/alvaro/Desktop/workspace/install/ur_calibration:/home/alvaro/Desktop/workspace/install/ur_robot_driver:/home/alvaro/Desktop/workspace/install/ur_moveit_config:/home/alvaro/Desktop/workspace/install/ur_bringup:/home/alvaro/Desktop/workspace/install/ur_description:/home/alvaro/Desktop/workspace/install/ur_controllers:/home/alvaro/Desktop/workspace/install/ur_dashboard_msgs:/home/alvaro/workspace/ros_ur_driver/install/ur:/home/alvaro/workspace/ros_ur_driver/install/ur_calibration:/home/alvaro/workspace/ros_ur_driver/install/ur_robot_driver:/home/alvaro/workspace/ros_ur_driver/install/ur_moveit_config:/home/alvaro/workspace/ros_ur_driver/install/ur_bringup:/home/alvaro/workspace/ros_ur_driver/install/ur_description:/home/alvaro/workspace/ros_ur_driver/install/ur_controllers:/home/alvaro/workspace/ros_ur_driver/install/ur_dashboard_msgs:/home/alvaro/Desktop/workspace/install/data_logger:/home/alvaro/ros2_ws_copia/install/my_robot_controller:/home/alvaro/ros2_ws_copia/install/movimiento_articular:/home/alvaro/ros2_ws_copia/install/data_logger:/home/alvaro/ros2_ws/install/my_robot_controller:/opt/ros/humble /usr/bin/cmake /home/alvaro/Desktop/workspace/ros_ur_driver/src/Universal_Robots_ROS2_Driver/ur_calibration -DCMAKE_INSTALL_PREFIX=/home/alvaro/Desktop/workspace/ros_ur_driver/install/ur_calibration
[0.026s] -- Found ament_cmake: 1.3.8 (/opt/ros/humble/share/ament_cmake/cmake)
[0.170s] -- Found rclcpp: 16.0.8 (/opt/ros/humble/share/rclcpp/cmake)
[0.197s] -- Found rosidl_generator_c: 3.1.5 (/opt/ros/humble/share/rosidl_generator_c/cmake)
[0.199s] -- Found rosidl_adapter: 3.1.5 (/opt/ros/humble/share/rosidl_adapter/cmake)
[0.204s] -- Found rosidl_generator_cpp: 3.1.5 (/opt/ros/humble/share/rosidl_generator_cpp/cmake)
[0.214s] -- Using all available rosidl_typesupport_c: rosidl_typesupport_fastrtps_c;rosidl_typesupport_introspection_c
[0.227s] -- Using all available rosidl_typesupport_cpp: rosidl_typesupport_fastrtps_cpp;rosidl_typesupport_introspection_cpp
[0.278s] -- Found rmw_implementation_cmake: 6.1.1 (/opt/ros/humble/share/rmw_implementation_cmake/cmake)
[0.280s] -- Found rmw_fastrtps_cpp: 6.2.6 (/opt/ros/humble/share/rmw_fastrtps_cpp/cmake)
[0.381s] -- Using RMW implementation 'rmw_fastrtps_cpp' as default
[0.519s] -- Found ur_robot_driver: 2.2.10 (/home/alvaro/Desktop/workspace/ros_ur_driver/install/ur_robot_driver/share/ur_robot_driver/cmake)
[2.064s] -- Found eigen3_cmake_module: 0.1.1 (/opt/ros/humble/share/eigen3_cmake_module/cmake)
[2.065s] -- Ensuring Eigen3 include directory is part of orocos-kdl CMake target
[3.975s] -- Found ament_cmake_gmock: 1.3.8 (/opt/ros/humble/share/ament_cmake_gmock/cmake)
[3.975s] -- Found gmock sources under '/opt/ros/humble/src/gmock_vendor': C++ tests using 'Google Mock' will be built
[3.977s] -- Found ament_cmake_gtest: 1.3.8 (/opt/ros/humble/share/ament_cmake_gtest/cmake)
[3.977s] -- Found gtest sources under '/opt/ros/humble/src/gtest_vendor': C++ tests using 'Google Test' will be built
[4.036s] -- Configuring done
[4.107s] -- Generating done
[4.110s] -- Build files have been written to: /home/alvaro/Desktop/workspace/ros_ur_driver/build/ur_calibration
[4.122s] Invoked command in '/home/alvaro/Desktop/workspace/ros_ur_driver/build/ur_calibration' returned '0': CMAKE_PREFIX_PATH=/home/alvaro/Desktop/workspace/ros_ur_driver/install/ur_robot_driver:/home/alvaro/Desktop/workspace/ros_ur_driver/install/ur_controllers:/home/alvaro/Desktop/workspace/ros_ur_driver/install/ur_description:/home/alvaro/Desktop/workspace/ros_ur_driver/install/ur_dashboard_msgs:/home/alvaro/Desktop/workspace/ros_ur_driver/install/ur:/home/alvaro/Desktop/workspace/ros_ur_driver/install/ur_calibration:/home/alvaro/Desktop/workspace/ros_ur_driver/install/ur_moveit_config:/home/alvaro/Desktop/workspace/ros_ur_driver/install/ur_bringup:/home/alvaro/Desktop/workspace/install/ur:/home/alvaro/Desktop/workspace/install/ur_calibration:/home/alvaro/Desktop/workspace/install/ur_robot_driver:/home/alvaro/Desktop/workspace/install/ur_moveit_config:/home/alvaro/Desktop/workspace/install/ur_bringup:/home/alvaro/Desktop/workspace/install/ur_description:/home/alvaro/Desktop/workspace/install/ur_controllers:/home/alvaro/Desktop/workspace/install/ur_dashboard_msgs:/home/alvaro/workspace/ros_ur_driver/install/ur:/home/alvaro/workspace/ros_ur_driver/install/ur_calibration:/home/alvaro/workspace/ros_ur_driver/install/ur_robot_driver:/home/alvaro/workspace/ros_ur_driver/install/ur_moveit_config:/home/alvaro/workspace/ros_ur_driver/install/ur_bringup:/home/alvaro/workspace/ros_ur_driver/install/ur_description:/home/alvaro/workspace/ros_ur_driver/install/ur_controllers:/home/alvaro/workspace/ros_ur_driver/install/ur_dashboard_msgs:/home/alvaro/Desktop/workspace/install/data_logger:/home/alvaro/ros2_ws_copia/install/my_robot_controller:/home/alvaro/ros2_ws_copia/install/movimiento_articular:/home/alvaro/ros2_ws_copia/install/data_logger:/home/alvaro/ros2_ws/install/my_robot_controller:/opt/ros/humble /usr/bin/cmake /home/alvaro/Desktop/workspace/ros_ur_driver/src/Universal_Robots_ROS2_Driver/ur_calibration -DCMAKE_INSTALL_PREFIX=/home/alvaro/Desktop/workspace/ros_ur_driver/install/ur_calibration
[4.124s] Invoking command in '/home/alvaro/Desktop/workspace/ros_ur_driver/build/ur_calibration': CMAKE_PREFIX_PATH=/home/alvaro/Desktop/workspace/ros_ur_driver/install/ur_robot_driver:/home/alvaro/Desktop/workspace/ros_ur_driver/install/ur_controllers:/home/alvaro/Desktop/workspace/ros_ur_driver/install/ur_description:/home/alvaro/Desktop/workspace/ros_ur_driver/install/ur_dashboard_msgs:/home/alvaro/Desktop/workspace/ros_ur_driver/install/ur:/home/alvaro/Desktop/workspace/ros_ur_driver/install/ur_calibration:/home/alvaro/Desktop/workspace/ros_ur_driver/install/ur_moveit_config:/home/alvaro/Desktop/workspace/ros_ur_driver/install/ur_bringup:/home/alvaro/Desktop/workspace/install/ur:/home/alvaro/Desktop/workspace/install/ur_calibration:/home/alvaro/Desktop/workspace/install/ur_robot_driver:/home/alvaro/Desktop/workspace/install/ur_moveit_config:/home/alvaro/Desktop/workspace/install/ur_bringup:/home/alvaro/Desktop/workspace/install/ur_description:/home/alvaro/Desktop/workspace/install/ur_controllers:/home/alvaro/Desktop/workspace/install/ur_dashboard_msgs:/home/alvaro/workspace/ros_ur_driver/install/ur:/home/alvaro/workspace/ros_ur_driver/install/ur_calibration:/home/alvaro/workspace/ros_ur_driver/install/ur_robot_driver:/home/alvaro/workspace/ros_ur_driver/install/ur_moveit_config:/home/alvaro/workspace/ros_ur_driver/install/ur_bringup:/home/alvaro/workspace/ros_ur_driver/install/ur_description:/home/alvaro/workspace/ros_ur_driver/install/ur_controllers:/home/alvaro/workspace/ros_ur_driver/install/ur_dashboard_msgs:/home/alvaro/Desktop/workspace/install/data_logger:/home/alvaro/ros2_ws_copia/install/my_robot_controller:/home/alvaro/ros2_ws_copia/install/movimiento_articular:/home/alvaro/ros2_ws_copia/install/data_logger:/home/alvaro/ros2_ws/install/my_robot_controller:/opt/ros/humble /usr/bin/cmake --build /home/alvaro/Desktop/workspace/ros_ur_driver/build/ur_calibration -- -j8 -l8
[4.159s] [35m[1mConsolidate compiler generated dependencies of target gmock_main[0m
[4.159s] [35m[1mConsolidate compiler generated dependencies of target gmock[0m
[4.161s] [35m[1mConsolidate compiler generated dependencies of target calibration[0m
[4.173s] [ 16%] Built target gmock_main
[4.175s] [ 41%] Built target gmock
[4.182s] [ 66%] Built target calibration
[4.192s] [35m[1mConsolidate compiler generated dependencies of target calibration_test[0m
[4.192s] [35m[1mConsolidate compiler generated dependencies of target calibration_correction[0m
[4.214s] [ 83%] Built target calibration_test
[4.215s] [100%] Built target calibration_correction
[4.225s] Invoked command in '/home/alvaro/Desktop/workspace/ros_ur_driver/build/ur_calibration' returned '0': CMAKE_PREFIX_PATH=/home/alvaro/Desktop/workspace/ros_ur_driver/install/ur_robot_driver:/home/alvaro/Desktop/workspace/ros_ur_driver/install/ur_controllers:/home/alvaro/Desktop/workspace/ros_ur_driver/install/ur_description:/home/alvaro/Desktop/workspace/ros_ur_driver/install/ur_dashboard_msgs:/home/alvaro/Desktop/workspace/ros_ur_driver/install/ur:/home/alvaro/Desktop/workspace/ros_ur_driver/install/ur_calibration:/home/alvaro/Desktop/workspace/ros_ur_driver/install/ur_moveit_config:/home/alvaro/Desktop/workspace/ros_ur_driver/install/ur_bringup:/home/alvaro/Desktop/workspace/install/ur:/home/alvaro/Desktop/workspace/install/ur_calibration:/home/alvaro/Desktop/workspace/install/ur_robot_driver:/home/alvaro/Desktop/workspace/install/ur_moveit_config:/home/alvaro/Desktop/workspace/install/ur_bringup:/home/alvaro/Desktop/workspace/install/ur_description:/home/alvaro/Desktop/workspace/install/ur_controllers:/home/alvaro/Desktop/workspace/install/ur_dashboard_msgs:/home/alvaro/workspace/ros_ur_driver/install/ur:/home/alvaro/workspace/ros_ur_driver/install/ur_calibration:/home/alvaro/workspace/ros_ur_driver/install/ur_robot_driver:/home/alvaro/workspace/ros_ur_driver/install/ur_moveit_config:/home/alvaro/workspace/ros_ur_driver/install/ur_bringup:/home/alvaro/workspace/ros_ur_driver/install/ur_description:/home/alvaro/workspace/ros_ur_driver/install/ur_controllers:/home/alvaro/workspace/ros_ur_driver/install/ur_dashboard_msgs:/home/alvaro/Desktop/workspace/install/data_logger:/home/alvaro/ros2_ws_copia/install/my_robot_controller:/home/alvaro/ros2_ws_copia/install/movimiento_articular:/home/alvaro/ros2_ws_copia/install/data_logger:/home/alvaro/ros2_ws/install/my_robot_controller:/opt/ros/humble /usr/bin/cmake --build /home/alvaro/Desktop/workspace/ros_ur_driver/build/ur_calibration -- -j8 -l8
[4.260s] Invoking command in '/home/alvaro/Desktop/workspace/ros_ur_driver/build/ur_calibration': CMAKE_PREFIX_PATH=/home/alvaro/Desktop/workspace/ros_ur_driver/install/ur_robot_driver:/home/alvaro/Desktop/workspace/ros_ur_driver/install/ur_controllers:/home/alvaro/Desktop/workspace/ros_ur_driver/install/ur_description:/home/alvaro/Desktop/workspace/ros_ur_driver/install/ur_dashboard_msgs:/home/alvaro/Desktop/workspace/ros_ur_driver/install/ur:/home/alvaro/Desktop/workspace/ros_ur_driver/install/ur_calibration:/home/alvaro/Desktop/workspace/ros_ur_driver/install/ur_moveit_config:/home/alvaro/Desktop/workspace/ros_ur_driver/install/ur_bringup:/home/alvaro/Desktop/workspace/install/ur:/home/alvaro/Desktop/workspace/install/ur_calibration:/home/alvaro/Desktop/workspace/install/ur_robot_driver:/home/alvaro/Desktop/workspace/install/ur_moveit_config:/home/alvaro/Desktop/workspace/install/ur_bringup:/home/alvaro/Desktop/workspace/install/ur_description:/home/alvaro/Desktop/workspace/install/ur_controllers:/home/alvaro/Desktop/workspace/install/ur_dashboard_msgs:/home/alvaro/workspace/ros_ur_driver/install/ur:/home/alvaro/workspace/ros_ur_driver/install/ur_calibration:/home/alvaro/workspace/ros_ur_driver/install/ur_robot_driver:/home/alvaro/workspace/ros_ur_driver/install/ur_moveit_config:/home/alvaro/workspace/ros_ur_driver/install/ur_bringup:/home/alvaro/workspace/ros_ur_driver/install/ur_description:/home/alvaro/workspace/ros_ur_driver/install/ur_controllers:/home/alvaro/workspace/ros_ur_driver/install/ur_dashboard_msgs:/home/alvaro/Desktop/workspace/install/data_logger:/home/alvaro/ros2_ws_copia/install/my_robot_controller:/home/alvaro/ros2_ws_copia/install/movimiento_articular:/home/alvaro/ros2_ws_copia/install/data_logger:/home/alvaro/ros2_ws/install/my_robot_controller:/opt/ros/humble /usr/bin/cmake --install /home/alvaro/Desktop/workspace/ros_ur_driver/build/ur_calibration
[4.267s] -- Install configuration: "Release"
[4.267s] -- Up-to-date: /home/alvaro/Desktop/workspace/ros_ur_driver/install/ur_calibration/lib/ur_calibration/calibration_correction
[4.267s] -- Up-to-date: /home/alvaro/Desktop/workspace/ros_ur_driver/install/ur_calibration/include
[4.267s] -- Up-to-date: /home/alvaro/Desktop/workspace/ros_ur_driver/install/ur_calibration/include/ur_calibration
[4.267s] -- Up-to-date: /home/alvaro/Desktop/workspace/ros_ur_driver/install/ur_calibration/include/ur_calibration/calibration_consumer.hpp
[4.267s] -- Up-to-date: /home/alvaro/Desktop/workspace/ros_ur_driver/install/ur_calibration/include/ur_calibration/calibration.hpp
[4.267s] -- Up-to-date: /home/alvaro/Desktop/workspace/ros_ur_driver/install/ur_calibration/share/ur_calibration/launch
[4.267s] -- Up-to-date: /home/alvaro/Desktop/workspace/ros_ur_driver/install/ur_calibration/share/ur_calibration/launch/calibration_correction.launch.py
[4.267s] -- Up-to-date: /home/alvaro/Desktop/workspace/ros_ur_driver/install/ur_calibration/share/ament_index/resource_index/package_run_dependencies/ur_calibration
[4.267s] -- Installing: /home/alvaro/Desktop/workspace/ros_ur_driver/install/ur_calibration/share/ament_index/resource_index/parent_prefix_path/ur_calibration
[4.267s] -- Up-to-date: /home/alvaro/Desktop/workspace/ros_ur_driver/install/ur_calibration/share/ur_calibration/environment/ament_prefix_path.sh
[4.267s] -- Installing: /home/alvaro/Desktop/workspace/ros_ur_driver/install/ur_calibration/share/ur_calibration/environment/ament_prefix_path.dsv
[4.267s] -- Up-to-date: /home/alvaro/Desktop/workspace/ros_ur_driver/install/ur_calibration/share/ur_calibration/environment/path.sh
[4.268s] -- Installing: /home/alvaro/Desktop/workspace/ros_ur_driver/install/ur_calibration/share/ur_calibration/environment/path.dsv
[4.268s] -- Up-to-date: /home/alvaro/Desktop/workspace/ros_ur_driver/install/ur_calibration/share/ur_calibration/local_setup.bash
[4.268s] -- Up-to-date: /home/alvaro/Desktop/workspace/ros_ur_driver/install/ur_calibration/share/ur_calibration/local_setup.sh
[4.268s] -- Up-to-date: /home/alvaro/Desktop/workspace/ros_ur_driver/install/ur_calibration/share/ur_calibration/local_setup.zsh
[4.268s] -- Installing: /home/alvaro/Desktop/workspace/ros_ur_driver/install/ur_calibration/share/ur_calibration/local_setup.dsv
[4.268s] -- Installing: /home/alvaro/Desktop/workspace/ros_ur_driver/install/ur_calibration/share/ur_calibration/package.dsv
[4.268s] -- Up-to-date: /home/alvaro/Desktop/workspace/ros_ur_driver/install/ur_calibration/share/ament_index/resource_index/packages/ur_calibration
[4.268s] -- Up-to-date: /home/alvaro/Desktop/workspace/ros_ur_driver/install/ur_calibration/share/ur_calibration/cmake/ament_cmake_export_include_directories-extras.cmake
[4.268s] -- Up-to-date: /home/alvaro/Desktop/workspace/ros_ur_driver/install/ur_calibration/share/ur_calibration/cmake/ament_cmake_export_dependencies-extras.cmake
[4.268s] -- Up-to-date: /home/alvaro/Desktop/workspace/ros_ur_driver/install/ur_calibration/share/ur_calibration/cmake/ur_calibrationConfig.cmake
[4.268s] -- Up-to-date: /home/alvaro/Desktop/workspace/ros_ur_driver/install/ur_calibration/share/ur_calibration/cmake/ur_calibrationConfig-version.cmake
[4.269s] -- Up-to-date: /home/alvaro/Desktop/workspace/ros_ur_driver/install/ur_calibration/share/ur_calibration/package.xml
[4.270s] Invoked command in '/home/alvaro/Desktop/workspace/ros_ur_driver/build/ur_calibration' returned '0': CMAKE_PREFIX_PATH=/home/alvaro/Desktop/workspace/ros_ur_driver/install/ur_robot_driver:/home/alvaro/Desktop/workspace/ros_ur_driver/install/ur_controllers:/home/alvaro/Desktop/workspace/ros_ur_driver/install/ur_description:/home/alvaro/Desktop/workspace/ros_ur_driver/install/ur_dashboard_msgs:/home/alvaro/Desktop/workspace/ros_ur_driver/install/ur:/home/alvaro/Desktop/workspace/ros_ur_driver/install/ur_calibration:/home/alvaro/Desktop/workspace/ros_ur_driver/install/ur_moveit_config:/home/alvaro/Desktop/workspace/ros_ur_driver/install/ur_bringup:/home/alvaro/Desktop/workspace/install/ur:/home/alvaro/Desktop/workspace/install/ur_calibration:/home/alvaro/Desktop/workspace/install/ur_robot_driver:/home/alvaro/Desktop/workspace/install/ur_moveit_config:/home/alvaro/Desktop/workspace/install/ur_bringup:/home/alvaro/Desktop/workspace/install/ur_description:/home/alvaro/Desktop/workspace/install/ur_controllers:/home/alvaro/Desktop/workspace/install/ur_dashboard_msgs:/home/alvaro/workspace/ros_ur_driver/install/ur:/home/alvaro/workspace/ros_ur_driver/install/ur_calibration:/home/alvaro/workspace/ros_ur_driver/install/ur_robot_driver:/home/alvaro/workspace/ros_ur_driver/install/ur_moveit_config:/home/alvaro/workspace/ros_ur_driver/install/ur_bringup:/home/alvaro/workspace/ros_ur_driver/install/ur_description:/home/alvaro/workspace/ros_ur_driver/install/ur_controllers:/home/alvaro/workspace/ros_ur_driver/install/ur_dashboard_msgs:/home/alvaro/Desktop/workspace/install/data_logger:/home/alvaro/ros2_ws_copia/install/my_robot_controller:/home/alvaro/ros2_ws_copia/install/movimiento_articular:/home/alvaro/ros2_ws_copia/install/data_logger:/home/alvaro/ros2_ws/install/my_robot_controller:/opt/ros/humble /usr/bin/cmake --install /home/alvaro/Desktop/workspace/ros_ur_driver/build/ur_calibration
