[0.009s] Invoking command in '/home/alvaro/TFM_MiguelLerinAlonso/workspace/ros_ur_driver/build/ur_controllers': AMENT_PREFIX_PATH=/home/alvaro/TFM_MiguelLerinAlonso/workspace/ros_ur_driver/install/ur_dashboard_msgs:${AMENT_PREFIX_PATH} CMAKE_PREFIX_PATH=/home/alvaro/TFM_MiguelLerinAlonso/workspace/ros_ur_driver/install/ur_dashboard_msgs:/home/alvaro/Desktop/pruebas_repo_TFM/TFM_MiguelLerinAlonso/workspace/ros_ur_driver/install/ur:/home/alvaro/Desktop/pruebas_repo_TFM/TFM_MiguelLerinAlonso/workspace/ros_ur_driver/install/ur_calibration:/home/alvaro/Desktop/pruebas_repo_TFM/TFM_MiguelLerinAlonso/workspace/ros_ur_driver/install/ur_robot_driver:/home/alvaro/Desktop/pruebas_repo_TFM/TFM_MiguelLerinAlonso/workspace/ros_ur_driver/install/ur_moveit_config:/home/alvaro/Desktop/pruebas_repo_TFM/TFM_MiguelLerinAlonso/workspace/ros_ur_driver/install/ur_bringup:/home/alvaro/Desktop/pruebas_repo_TFM/TFM_MiguelLerinAlonso/workspace/ros_ur_driver/install/ur_description:/home/alvaro/Desktop/pruebas_repo_TFM/TFM_MiguelLerinAlonso/workspace/ros_ur_driver/install/ur_controllers:/home/alvaro/Desktop/pruebas_repo_TFM/TFM_MiguelLerinAlonso/workspace/ros_ur_driver/install/ur_dashboard_msgs:/home/alvaro/workspace/ros_ur_driver/install/ur:/home/alvaro/workspace/ros_ur_driver/install/ur_calibration:/home/alvaro/workspace/ros_ur_driver/install/ur_robot_driver:/home/alvaro/workspace/ros_ur_driver/install/ur_moveit_config:/home/alvaro/workspace/ros_ur_driver/install/ur_bringup:/home/alvaro/workspace/ros_ur_driver/install/ur_description:/home/alvaro/workspace/ros_ur_driver/install/ur_controllers:/home/alvaro/workspace/ros_ur_driver/install/ur_dashboard_msgs:/home/alvaro/Desktop/pruebas_repo_TFM/TFM_MiguelLerinAlonso/workspace/ros_ur_driver/install/trayectories:/home/alvaro/Desktop/pruebas_repo_TFM/TFM_MiguelLerinAlonso/workspace/ros_ur_driver/install/data_logger:/home/alvaro/ros2_ws_copia/install/my_robot_controller:/home/alvaro/ros2_ws_copia/install/movimiento_articular:/home/alvaro/ros2_ws_copia/install/data_logger:/home/alvaro/ros2_ws/install/my_robot_controller:/opt/ros/humble LD_LIBRARY_PATH=/home/alvaro/TFM_MiguelLerinAlonso/workspace/ros_ur_driver/install/ur_dashboard_msgs/lib:${LD_LIBRARY_PATH} PYTHONPATH=/home/alvaro/TFM_MiguelLerinAlonso/workspace/ros_ur_driver/install/ur_dashboard_msgs/local/lib/python3.10/dist-packages:${PYTHONPATH} /usr/bin/cmake /home/alvaro/TFM_MiguelLerinAlonso/workspace/ros_ur_driver/src/Universal_Robots_ROS2_Driver/ur_controllers -DCMAKE_BUILD_TYPE=Release -DCMAKE_INSTALL_PREFIX=/home/alvaro/TFM_MiguelLerinAlonso/workspace/ros_ur_driver/install/ur_controllers
[0.052s] -- The C compiler identification is GNU 11.4.0
[0.098s] -- The CXX compiler identification is GNU 11.4.0
[0.104s] -- Detecting C compiler ABI info
[0.158s] -- Detecting C compiler ABI info - done
[0.165s] -- Check for working C compiler: /usr/bin/cc - skipped
[0.165s] -- Detecting C compile features
[0.165s] -- Detecting C compile features - done
[0.168s] -- Detecting CXX compiler ABI info
[0.238s] -- Detecting CXX compiler ABI info - done
[0.246s] -- Check for working CXX compiler: /usr/bin/c++ - skipped
[0.246s] -- Detecting CXX compile features
[0.247s] -- Detecting CXX compile features - done
[0.249s] -- Found ament_cmake: 1.3.8 (/opt/ros/humble/share/ament_cmake/cmake)
[0.401s] -- Found Python3: /usr/bin/python3 (found version "3.10.12") found components: Interpreter 
[0.487s] -- Found angles: 1.15.0 (/opt/ros/humble/share/angles/cmake)
[0.489s] -- Found controller_interface: 2.40.0 (/opt/ros/humble/share/controller_interface/cmake)
[0.534s] -- Found rosidl_generator_c: 3.1.5 (/opt/ros/humble/share/rosidl_generator_c/cmake)
[0.540s] -- Found rosidl_adapter: 3.1.5 (/opt/ros/humble/share/rosidl_adapter/cmake)
[0.548s] -- Found rosidl_generator_cpp: 3.1.5 (/opt/ros/humble/share/rosidl_generator_cpp/cmake)
[0.562s] -- Using all available rosidl_typesupport_c: rosidl_typesupport_fastrtps_c;rosidl_typesupport_introspection_c
[0.581s] -- Using all available rosidl_typesupport_cpp: rosidl_typesupport_fastrtps_cpp;rosidl_typesupport_introspection_cpp
[1.206s] -- Found rmw_implementation_cmake: 6.1.1 (/opt/ros/humble/share/rmw_implementation_cmake/cmake)
[1.210s] -- Found rmw_fastrtps_cpp: 6.2.6 (/opt/ros/humble/share/rmw_fastrtps_cpp/cmake)
[1.250s] -- Found TinyXML2 via Config file: TinyXML2_DIR-NOTFOUND
[1.291s] -- Found OpenSSL: /usr/lib/x86_64-linux-gnu/libcrypto.so (found version "3.0.2")  
[1.293s] -- Found TinyXML2 via Config file: TinyXML2_DIR-NOTFOUND
[1.306s] -- Found FastRTPS: /opt/ros/humble/include  
[1.315s] -- Found TinyXML2 via Config file: TinyXML2_DIR-NOTFOUND
[1.322s] -- Found TinyXML2 via Config file: TinyXML2_DIR-NOTFOUND
[1.333s] -- Using RMW implementation 'rmw_fastrtps_cpp' as default
[1.344s] -- Looking for pthread.h
[1.405s] -- Looking for pthread.h - found
[1.405s] -- Performing Test CMAKE_HAVE_LIBC_PTHREAD
[1.462s] -- Performing Test CMAKE_HAVE_LIBC_PTHREAD - Success
[1.463s] -- Found Threads: TRUE  
[1.711s] -- Found joint_trajectory_controller: 2.33.0 (/opt/ros/humble/share/joint_trajectory_controller/cmake)
[1.793s] -- Found parameter_traits: 0.3.7 (/opt/ros/humble/share/parameter_traits/cmake)
[2.221s] -- Found std_srvs: 4.2.3 (/opt/ros/humble/share/std_srvs/cmake)
[2.235s] -- Found ur_dashboard_msgs: 2.2.10 (/home/alvaro/TFM_MiguelLerinAlonso/workspace/ros_ur_driver/install/ur_dashboard_msgs/share/ur_dashboard_msgs/cmake)
[2.306s] -- Found ur_msgs: 2.0.0 (/opt/ros/humble/share/ur_msgs/cmake)
[2.516s] -- Configuring done
[2.537s] -- Generating done
[2.539s] -- Build files have been written to: /home/alvaro/TFM_MiguelLerinAlonso/workspace/ros_ur_driver/build/ur_controllers
[2.549s] Invoked command in '/home/alvaro/TFM_MiguelLerinAlonso/workspace/ros_ur_driver/build/ur_controllers' returned '0': AMENT_PREFIX_PATH=/home/alvaro/TFM_MiguelLerinAlonso/workspace/ros_ur_driver/install/ur_dashboard_msgs:${AMENT_PREFIX_PATH} CMAKE_PREFIX_PATH=/home/alvaro/TFM_MiguelLerinAlonso/workspace/ros_ur_driver/install/ur_dashboard_msgs:/home/alvaro/Desktop/pruebas_repo_TFM/TFM_MiguelLerinAlonso/workspace/ros_ur_driver/install/ur:/home/alvaro/Desktop/pruebas_repo_TFM/TFM_MiguelLerinAlonso/workspace/ros_ur_driver/install/ur_calibration:/home/alvaro/Desktop/pruebas_repo_TFM/TFM_MiguelLerinAlonso/workspace/ros_ur_driver/install/ur_robot_driver:/home/alvaro/Desktop/pruebas_repo_TFM/TFM_MiguelLerinAlonso/workspace/ros_ur_driver/install/ur_moveit_config:/home/alvaro/Desktop/pruebas_repo_TFM/TFM_MiguelLerinAlonso/workspace/ros_ur_driver/install/ur_bringup:/home/alvaro/Desktop/pruebas_repo_TFM/TFM_MiguelLerinAlonso/workspace/ros_ur_driver/install/ur_description:/home/alvaro/Desktop/pruebas_repo_TFM/TFM_MiguelLerinAlonso/workspace/ros_ur_driver/install/ur_controllers:/home/alvaro/Desktop/pruebas_repo_TFM/TFM_MiguelLerinAlonso/workspace/ros_ur_driver/install/ur_dashboard_msgs:/home/alvaro/workspace/ros_ur_driver/install/ur:/home/alvaro/workspace/ros_ur_driver/install/ur_calibration:/home/alvaro/workspace/ros_ur_driver/install/ur_robot_driver:/home/alvaro/workspace/ros_ur_driver/install/ur_moveit_config:/home/alvaro/workspace/ros_ur_driver/install/ur_bringup:/home/alvaro/workspace/ros_ur_driver/install/ur_description:/home/alvaro/workspace/ros_ur_driver/install/ur_controllers:/home/alvaro/workspace/ros_ur_driver/install/ur_dashboard_msgs:/home/alvaro/Desktop/pruebas_repo_TFM/TFM_MiguelLerinAlonso/workspace/ros_ur_driver/install/trayectories:/home/alvaro/Desktop/pruebas_repo_TFM/TFM_MiguelLerinAlonso/workspace/ros_ur_driver/install/data_logger:/home/alvaro/ros2_ws_copia/install/my_robot_controller:/home/alvaro/ros2_ws_copia/install/movimiento_articular:/home/alvaro/ros2_ws_copia/install/data_logger:/home/alvaro/ros2_ws/install/my_robot_controller:/opt/ros/humble LD_LIBRARY_PATH=/home/alvaro/TFM_MiguelLerinAlonso/workspace/ros_ur_driver/install/ur_dashboard_msgs/lib:${LD_LIBRARY_PATH} PYTHONPATH=/home/alvaro/TFM_MiguelLerinAlonso/workspace/ros_ur_driver/install/ur_dashboard_msgs/local/lib/python3.10/dist-packages:${PYTHONPATH} /usr/bin/cmake /home/alvaro/TFM_MiguelLerinAlonso/workspace/ros_ur_driver/src/Universal_Robots_ROS2_Driver/ur_controllers -DCMAKE_BUILD_TYPE=Release -DCMAKE_INSTALL_PREFIX=/home/alvaro/TFM_MiguelLerinAlonso/workspace/ros_ur_driver/install/ur_controllers
[2.550s] Invoking command in '/home/alvaro/TFM_MiguelLerinAlonso/workspace/ros_ur_driver/build/ur_controllers': AMENT_PREFIX_PATH=/home/alvaro/TFM_MiguelLerinAlonso/workspace/ros_ur_driver/install/ur_dashboard_msgs:${AMENT_PREFIX_PATH} CMAKE_PREFIX_PATH=/home/alvaro/TFM_MiguelLerinAlonso/workspace/ros_ur_driver/install/ur_dashboard_msgs:/home/alvaro/Desktop/pruebas_repo_TFM/TFM_MiguelLerinAlonso/workspace/ros_ur_driver/install/ur:/home/alvaro/Desktop/pruebas_repo_TFM/TFM_MiguelLerinAlonso/workspace/ros_ur_driver/install/ur_calibration:/home/alvaro/Desktop/pruebas_repo_TFM/TFM_MiguelLerinAlonso/workspace/ros_ur_driver/install/ur_robot_driver:/home/alvaro/Desktop/pruebas_repo_TFM/TFM_MiguelLerinAlonso/workspace/ros_ur_driver/install/ur_moveit_config:/home/alvaro/Desktop/pruebas_repo_TFM/TFM_MiguelLerinAlonso/workspace/ros_ur_driver/install/ur_bringup:/home/alvaro/Desktop/pruebas_repo_TFM/TFM_MiguelLerinAlonso/workspace/ros_ur_driver/install/ur_description:/home/alvaro/Desktop/pruebas_repo_TFM/TFM_MiguelLerinAlonso/workspace/ros_ur_driver/install/ur_controllers:/home/alvaro/Desktop/pruebas_repo_TFM/TFM_MiguelLerinAlonso/workspace/ros_ur_driver/install/ur_dashboard_msgs:/home/alvaro/workspace/ros_ur_driver/install/ur:/home/alvaro/workspace/ros_ur_driver/install/ur_calibration:/home/alvaro/workspace/ros_ur_driver/install/ur_robot_driver:/home/alvaro/workspace/ros_ur_driver/install/ur_moveit_config:/home/alvaro/workspace/ros_ur_driver/install/ur_bringup:/home/alvaro/workspace/ros_ur_driver/install/ur_description:/home/alvaro/workspace/ros_ur_driver/install/ur_controllers:/home/alvaro/workspace/ros_ur_driver/install/ur_dashboard_msgs:/home/alvaro/Desktop/pruebas_repo_TFM/TFM_MiguelLerinAlonso/workspace/ros_ur_driver/install/trayectories:/home/alvaro/Desktop/pruebas_repo_TFM/TFM_MiguelLerinAlonso/workspace/ros_ur_driver/install/data_logger:/home/alvaro/ros2_ws_copia/install/my_robot_controller:/home/alvaro/ros2_ws_copia/install/movimiento_articular:/home/alvaro/ros2_ws_copia/install/data_logger:/home/alvaro/ros2_ws/install/my_robot_controller:/opt/ros/humble LD_LIBRARY_PATH=/home/alvaro/TFM_MiguelLerinAlonso/workspace/ros_ur_driver/install/ur_dashboard_msgs/lib:${LD_LIBRARY_PATH} PYTHONPATH=/home/alvaro/TFM_MiguelLerinAlonso/workspace/ros_ur_driver/install/ur_dashboard_msgs/local/lib/python3.10/dist-packages:${PYTHONPATH} /usr/bin/cmake --build /home/alvaro/TFM_MiguelLerinAlonso/workspace/ros_ur_driver/build/ur_controllers -- -j8 -l8
[2.589s] [ 28%] [34m[1mRunning `/opt/ros/humble/bin/generate_parameter_library_cpp /home/alvaro/TFM_MiguelLerinAlonso/workspace/ros_ur_driver/build/ur_controllers/scaled_joint_trajectory_controller_parameters/include//scaled_joint_trajectory_controller_parameters.hpp /home/alvaro/TFM_MiguelLerinAlonso/workspace/ros_ur_driver/src/Universal_Robots_ROS2_Driver/ur_controllers/src/scaled_joint_trajectory_controller_parameters.yaml `[0m
[2.589s] [ 28%] [34m[1mRunning `/opt/ros/humble/bin/generate_parameter_library_cpp /home/alvaro/TFM_MiguelLerinAlonso/workspace/ros_ur_driver/build/ur_controllers/gpio_controller_parameters/include//gpio_controller_parameters.hpp /home/alvaro/TFM_MiguelLerinAlonso/workspace/ros_ur_driver/src/Universal_Robots_ROS2_Driver/ur_controllers/src/gpio_controller_parameters.yaml `[0m
[2.589s] [ 42%] [34m[1mRunning `/opt/ros/humble/bin/generate_parameter_library_cpp /home/alvaro/TFM_MiguelLerinAlonso/workspace/ros_ur_driver/build/ur_controllers/speed_scaling_state_broadcaster_parameters/include//speed_scaling_state_broadcaster_parameters.hpp /home/alvaro/TFM_MiguelLerinAlonso/workspace/ros_ur_driver/src/Universal_Robots_ROS2_Driver/ur_controllers/src/speed_scaling_state_broadcaster_parameters.yaml `[0m
[2.735s] [ 42%] Built target scaled_joint_trajectory_controller_parameters
[2.756s] [ 42%] Built target speed_scaling_state_broadcaster_parameters
[2.756s] [ 42%] Built target gpio_controller_parameters
[2.774s] [ 85%] [32mBuilding CXX object CMakeFiles/ur_controllers.dir/src/scaled_joint_trajectory_controller.cpp.o[0m
[2.774s] [ 85%] [32mBuilding CXX object CMakeFiles/ur_controllers.dir/src/speed_scaling_state_broadcaster.cpp.o[0m
[2.774s] [ 85%] [32mBuilding CXX object CMakeFiles/ur_controllers.dir/src/gpio_controller.cpp.o[0m
[14.636s] [100%] [32m[1mLinking CXX shared library libur_controllers.so[0m
[14.836s] [100%] Built target ur_controllers
[14.845s] Invoked command in '/home/alvaro/TFM_MiguelLerinAlonso/workspace/ros_ur_driver/build/ur_controllers' returned '0': AMENT_PREFIX_PATH=/home/alvaro/TFM_MiguelLerinAlonso/workspace/ros_ur_driver/install/ur_dashboard_msgs:${AMENT_PREFIX_PATH} CMAKE_PREFIX_PATH=/home/alvaro/TFM_MiguelLerinAlonso/workspace/ros_ur_driver/install/ur_dashboard_msgs:/home/alvaro/Desktop/pruebas_repo_TFM/TFM_MiguelLerinAlonso/workspace/ros_ur_driver/install/ur:/home/alvaro/Desktop/pruebas_repo_TFM/TFM_MiguelLerinAlonso/workspace/ros_ur_driver/install/ur_calibration:/home/alvaro/Desktop/pruebas_repo_TFM/TFM_MiguelLerinAlonso/workspace/ros_ur_driver/install/ur_robot_driver:/home/alvaro/Desktop/pruebas_repo_TFM/TFM_MiguelLerinAlonso/workspace/ros_ur_driver/install/ur_moveit_config:/home/alvaro/Desktop/pruebas_repo_TFM/TFM_MiguelLerinAlonso/workspace/ros_ur_driver/install/ur_bringup:/home/alvaro/Desktop/pruebas_repo_TFM/TFM_MiguelLerinAlonso/workspace/ros_ur_driver/install/ur_description:/home/alvaro/Desktop/pruebas_repo_TFM/TFM_MiguelLerinAlonso/workspace/ros_ur_driver/install/ur_controllers:/home/alvaro/Desktop/pruebas_repo_TFM/TFM_MiguelLerinAlonso/workspace/ros_ur_driver/install/ur_dashboard_msgs:/home/alvaro/workspace/ros_ur_driver/install/ur:/home/alvaro/workspace/ros_ur_driver/install/ur_calibration:/home/alvaro/workspace/ros_ur_driver/install/ur_robot_driver:/home/alvaro/workspace/ros_ur_driver/install/ur_moveit_config:/home/alvaro/workspace/ros_ur_driver/install/ur_bringup:/home/alvaro/workspace/ros_ur_driver/install/ur_description:/home/alvaro/workspace/ros_ur_driver/install/ur_controllers:/home/alvaro/workspace/ros_ur_driver/install/ur_dashboard_msgs:/home/alvaro/Desktop/pruebas_repo_TFM/TFM_MiguelLerinAlonso/workspace/ros_ur_driver/install/trayectories:/home/alvaro/Desktop/pruebas_repo_TFM/TFM_MiguelLerinAlonso/workspace/ros_ur_driver/install/data_logger:/home/alvaro/ros2_ws_copia/install/my_robot_controller:/home/alvaro/ros2_ws_copia/install/movimiento_articular:/home/alvaro/ros2_ws_copia/install/data_logger:/home/alvaro/ros2_ws/install/my_robot_controller:/opt/ros/humble LD_LIBRARY_PATH=/home/alvaro/TFM_MiguelLerinAlonso/workspace/ros_ur_driver/install/ur_dashboard_msgs/lib:${LD_LIBRARY_PATH} PYTHONPATH=/home/alvaro/TFM_MiguelLerinAlonso/workspace/ros_ur_driver/install/ur_dashboard_msgs/local/lib/python3.10/dist-packages:${PYTHONPATH} /usr/bin/cmake --build /home/alvaro/TFM_MiguelLerinAlonso/workspace/ros_ur_driver/build/ur_controllers -- -j8 -l8
[14.874s] Invoking command in '/home/alvaro/TFM_MiguelLerinAlonso/workspace/ros_ur_driver/build/ur_controllers': AMENT_PREFIX_PATH=/home/alvaro/TFM_MiguelLerinAlonso/workspace/ros_ur_driver/install/ur_dashboard_msgs:${AMENT_PREFIX_PATH} CMAKE_PREFIX_PATH=/home/alvaro/TFM_MiguelLerinAlonso/workspace/ros_ur_driver/install/ur_dashboard_msgs:/home/alvaro/Desktop/pruebas_repo_TFM/TFM_MiguelLerinAlonso/workspace/ros_ur_driver/install/ur:/home/alvaro/Desktop/pruebas_repo_TFM/TFM_MiguelLerinAlonso/workspace/ros_ur_driver/install/ur_calibration:/home/alvaro/Desktop/pruebas_repo_TFM/TFM_MiguelLerinAlonso/workspace/ros_ur_driver/install/ur_robot_driver:/home/alvaro/Desktop/pruebas_repo_TFM/TFM_MiguelLerinAlonso/workspace/ros_ur_driver/install/ur_moveit_config:/home/alvaro/Desktop/pruebas_repo_TFM/TFM_MiguelLerinAlonso/workspace/ros_ur_driver/install/ur_bringup:/home/alvaro/Desktop/pruebas_repo_TFM/TFM_MiguelLerinAlonso/workspace/ros_ur_driver/install/ur_description:/home/alvaro/Desktop/pruebas_repo_TFM/TFM_MiguelLerinAlonso/workspace/ros_ur_driver/install/ur_controllers:/home/alvaro/Desktop/pruebas_repo_TFM/TFM_MiguelLerinAlonso/workspace/ros_ur_driver/install/ur_dashboard_msgs:/home/alvaro/workspace/ros_ur_driver/install/ur:/home/alvaro/workspace/ros_ur_driver/install/ur_calibration:/home/alvaro/workspace/ros_ur_driver/install/ur_robot_driver:/home/alvaro/workspace/ros_ur_driver/install/ur_moveit_config:/home/alvaro/workspace/ros_ur_driver/install/ur_bringup:/home/alvaro/workspace/ros_ur_driver/install/ur_description:/home/alvaro/workspace/ros_ur_driver/install/ur_controllers:/home/alvaro/workspace/ros_ur_driver/install/ur_dashboard_msgs:/home/alvaro/Desktop/pruebas_repo_TFM/TFM_MiguelLerinAlonso/workspace/ros_ur_driver/install/trayectories:/home/alvaro/Desktop/pruebas_repo_TFM/TFM_MiguelLerinAlonso/workspace/ros_ur_driver/install/data_logger:/home/alvaro/ros2_ws_copia/install/my_robot_controller:/home/alvaro/ros2_ws_copia/install/movimiento_articular:/home/alvaro/ros2_ws_copia/install/data_logger:/home/alvaro/ros2_ws/install/my_robot_controller:/opt/ros/humble LD_LIBRARY_PATH=/home/alvaro/TFM_MiguelLerinAlonso/workspace/ros_ur_driver/install/ur_dashboard_msgs/lib:${LD_LIBRARY_PATH} PYTHONPATH=/home/alvaro/TFM_MiguelLerinAlonso/workspace/ros_ur_driver/install/ur_dashboard_msgs/local/lib/python3.10/dist-packages:${PYTHONPATH} /usr/bin/cmake --install /home/alvaro/TFM_MiguelLerinAlonso/workspace/ros_ur_driver/build/ur_controllers
[14.880s] -- Install configuration: "Release"
[14.880s] -- Installing: /home/alvaro/TFM_MiguelLerinAlonso/workspace/ros_ur_driver/install/ur_controllers/include/gpio_controller_parameters
[14.880s] -- Installing: /home/alvaro/TFM_MiguelLerinAlonso/workspace/ros_ur_driver/install/ur_controllers/include/gpio_controller_parameters/gpio_controller_parameters.hpp
[14.881s] -- Installing: /home/alvaro/TFM_MiguelLerinAlonso/workspace/ros_ur_driver/install/ur_controllers/include/speed_scaling_state_broadcaster_parameters
[14.881s] -- Installing: /home/alvaro/TFM_MiguelLerinAlonso/workspace/ros_ur_driver/install/ur_controllers/include/speed_scaling_state_broadcaster_parameters/speed_scaling_state_broadcaster_parameters.hpp
[14.881s] -- Installing: /home/alvaro/TFM_MiguelLerinAlonso/workspace/ros_ur_driver/install/ur_controllers/include/scaled_joint_trajectory_controller_parameters
[14.881s] -- Installing: /home/alvaro/TFM_MiguelLerinAlonso/workspace/ros_ur_driver/install/ur_controllers/include/scaled_joint_trajectory_controller_parameters/scaled_joint_trajectory_controller_parameters.hpp
[14.881s] -- Installing: /home/alvaro/TFM_MiguelLerinAlonso/workspace/ros_ur_driver/install/ur_controllers/share/ur_controllers/controller_plugins.xml
[14.881s] -- Installing: /home/alvaro/TFM_MiguelLerinAlonso/workspace/ros_ur_driver/install/ur_controllers/lib/libur_controllers.so
[14.883s] -- Set runtime path of "/home/alvaro/TFM_MiguelLerinAlonso/workspace/ros_ur_driver/install/ur_controllers/lib/libur_controllers.so" to ""
[14.883s] -- Up-to-date: /home/alvaro/TFM_MiguelLerinAlonso/workspace/ros_ur_driver/install/ur_controllers/include
[14.883s] -- Installing: /home/alvaro/TFM_MiguelLerinAlonso/workspace/ros_ur_driver/install/ur_controllers/include/ur_controllers
[14.883s] -- Installing: /home/alvaro/TFM_MiguelLerinAlonso/workspace/ros_ur_driver/install/ur_controllers/include/ur_controllers/gpio_controller.hpp
[14.883s] -- Installing: /home/alvaro/TFM_MiguelLerinAlonso/workspace/ros_ur_driver/install/ur_controllers/include/ur_controllers/speed_scaling_state_broadcaster.hpp
[14.883s] -- Installing: /home/alvaro/TFM_MiguelLerinAlonso/workspace/ros_ur_driver/install/ur_controllers/include/ur_controllers/scaled_joint_trajectory_controller.hpp
[14.883s] -- Up-to-date: /home/alvaro/TFM_MiguelLerinAlonso/workspace/ros_ur_driver/install/ur_controllers/share/ur_controllers/controller_plugins.xml
[14.883s] -- Installing: /home/alvaro/TFM_MiguelLerinAlonso/workspace/ros_ur_driver/install/ur_controllers/share/ur_controllers/environment/library_path.sh
[14.884s] -- Installing: /home/alvaro/TFM_MiguelLerinAlonso/workspace/ros_ur_driver/install/ur_controllers/share/ur_controllers/environment/library_path.dsv
[14.884s] -- Installing: /home/alvaro/TFM_MiguelLerinAlonso/workspace/ros_ur_driver/install/ur_controllers/share/ament_index/resource_index/package_run_dependencies/ur_controllers
[14.884s] -- Installing: /home/alvaro/TFM_MiguelLerinAlonso/workspace/ros_ur_driver/install/ur_controllers/share/ament_index/resource_index/parent_prefix_path/ur_controllers
[14.884s] -- Installing: /home/alvaro/TFM_MiguelLerinAlonso/workspace/ros_ur_driver/install/ur_controllers/share/ur_controllers/environment/ament_prefix_path.sh
[14.884s] -- Installing: /home/alvaro/TFM_MiguelLerinAlonso/workspace/ros_ur_driver/install/ur_controllers/share/ur_controllers/environment/ament_prefix_path.dsv
[14.884s] -- Installing: /home/alvaro/TFM_MiguelLerinAlonso/workspace/ros_ur_driver/install/ur_controllers/share/ur_controllers/environment/path.sh
[14.885s] -- Installing: /home/alvaro/TFM_MiguelLerinAlonso/workspace/ros_ur_driver/install/ur_controllers/share/ur_controllers/environment/path.dsv
[14.885s] -- Installing: /home/alvaro/TFM_MiguelLerinAlonso/workspace/ros_ur_driver/install/ur_controllers/share/ur_controllers/local_setup.bash
[14.885s] -- Installing: /home/alvaro/TFM_MiguelLerinAlonso/workspace/ros_ur_driver/install/ur_controllers/share/ur_controllers/local_setup.sh
[14.885s] -- Installing: /home/alvaro/TFM_MiguelLerinAlonso/workspace/ros_ur_driver/install/ur_controllers/share/ur_controllers/local_setup.zsh
[14.885s] -- Installing: /home/alvaro/TFM_MiguelLerinAlonso/workspace/ros_ur_driver/install/ur_controllers/share/ur_controllers/local_setup.dsv
[14.885s] -- Installing: /home/alvaro/TFM_MiguelLerinAlonso/workspace/ros_ur_driver/install/ur_controllers/share/ur_controllers/package.dsv
[14.885s] -- Installing: /home/alvaro/TFM_MiguelLerinAlonso/workspace/ros_ur_driver/install/ur_controllers/share/ament_index/resource_index/packages/ur_controllers
[14.886s] -- Installing: /home/alvaro/TFM_MiguelLerinAlonso/workspace/ros_ur_driver/install/ur_controllers/share/ament_index/resource_index/controller_interface__pluginlib__plugin/ur_controllers
[14.886s] -- Installing: /home/alvaro/TFM_MiguelLerinAlonso/workspace/ros_ur_driver/install/ur_controllers/share/ur_controllers/cmake/ament_cmake_export_dependencies-extras.cmake
[14.886s] -- Installing: /home/alvaro/TFM_MiguelLerinAlonso/workspace/ros_ur_driver/install/ur_controllers/share/ur_controllers/cmake/ament_cmake_export_include_directories-extras.cmake
[14.886s] -- Installing: /home/alvaro/TFM_MiguelLerinAlonso/workspace/ros_ur_driver/install/ur_controllers/share/ur_controllers/cmake/ament_cmake_export_libraries-extras.cmake
[14.886s] -- Installing: /home/alvaro/TFM_MiguelLerinAlonso/workspace/ros_ur_driver/install/ur_controllers/share/ur_controllers/cmake/ur_controllersConfig.cmake
[14.886s] -- Installing: /home/alvaro/TFM_MiguelLerinAlonso/workspace/ros_ur_driver/install/ur_controllers/share/ur_controllers/cmake/ur_controllersConfig-version.cmake
[14.887s] -- Installing: /home/alvaro/TFM_MiguelLerinAlonso/workspace/ros_ur_driver/install/ur_controllers/share/ur_controllers/package.xml
[14.888s] Invoked command in '/home/alvaro/TFM_MiguelLerinAlonso/workspace/ros_ur_driver/build/ur_controllers' returned '0': AMENT_PREFIX_PATH=/home/alvaro/TFM_MiguelLerinAlonso/workspace/ros_ur_driver/install/ur_dashboard_msgs:${AMENT_PREFIX_PATH} CMAKE_PREFIX_PATH=/home/alvaro/TFM_MiguelLerinAlonso/workspace/ros_ur_driver/install/ur_dashboard_msgs:/home/alvaro/Desktop/pruebas_repo_TFM/TFM_MiguelLerinAlonso/workspace/ros_ur_driver/install/ur:/home/alvaro/Desktop/pruebas_repo_TFM/TFM_MiguelLerinAlonso/workspace/ros_ur_driver/install/ur_calibration:/home/alvaro/Desktop/pruebas_repo_TFM/TFM_MiguelLerinAlonso/workspace/ros_ur_driver/install/ur_robot_driver:/home/alvaro/Desktop/pruebas_repo_TFM/TFM_MiguelLerinAlonso/workspace/ros_ur_driver/install/ur_moveit_config:/home/alvaro/Desktop/pruebas_repo_TFM/TFM_MiguelLerinAlonso/workspace/ros_ur_driver/install/ur_bringup:/home/alvaro/Desktop/pruebas_repo_TFM/TFM_MiguelLerinAlonso/workspace/ros_ur_driver/install/ur_description:/home/alvaro/Desktop/pruebas_repo_TFM/TFM_MiguelLerinAlonso/workspace/ros_ur_driver/install/ur_controllers:/home/alvaro/Desktop/pruebas_repo_TFM/TFM_MiguelLerinAlonso/workspace/ros_ur_driver/install/ur_dashboard_msgs:/home/alvaro/workspace/ros_ur_driver/install/ur:/home/alvaro/workspace/ros_ur_driver/install/ur_calibration:/home/alvaro/workspace/ros_ur_driver/install/ur_robot_driver:/home/alvaro/workspace/ros_ur_driver/install/ur_moveit_config:/home/alvaro/workspace/ros_ur_driver/install/ur_bringup:/home/alvaro/workspace/ros_ur_driver/install/ur_description:/home/alvaro/workspace/ros_ur_driver/install/ur_controllers:/home/alvaro/workspace/ros_ur_driver/install/ur_dashboard_msgs:/home/alvaro/Desktop/pruebas_repo_TFM/TFM_MiguelLerinAlonso/workspace/ros_ur_driver/install/trayectories:/home/alvaro/Desktop/pruebas_repo_TFM/TFM_MiguelLerinAlonso/workspace/ros_ur_driver/install/data_logger:/home/alvaro/ros2_ws_copia/install/my_robot_controller:/home/alvaro/ros2_ws_copia/install/movimiento_articular:/home/alvaro/ros2_ws_copia/install/data_logger:/home/alvaro/ros2_ws/install/my_robot_controller:/opt/ros/humble LD_LIBRARY_PATH=/home/alvaro/TFM_MiguelLerinAlonso/workspace/ros_ur_driver/install/ur_dashboard_msgs/lib:${LD_LIBRARY_PATH} PYTHONPATH=/home/alvaro/TFM_MiguelLerinAlonso/workspace/ros_ur_driver/install/ur_dashboard_msgs/local/lib/python3.10/dist-packages:${PYTHONPATH} /usr/bin/cmake --install /home/alvaro/TFM_MiguelLerinAlonso/workspace/ros_ur_driver/build/ur_controllers
