[1.310s] Invoking command in '/home/alvaro/Desktop/workspace/ros_ur_driver/src/trayectories': PYTHONPATH=/home/alvaro/Desktop/workspace/ros_ur_driver/build/trayectories/prefix_override:/home/alvaro/Desktop/workspace/ros_ur_driver/install/trayectories/lib/python3.10/site-packages:${PYTHONPATH} /usr/bin/python3 -W ignore:setup.py install is deprecated setup.py egg_info --egg-base ../../build/trayectories build --build-base /home/alvaro/Desktop/workspace/ros_ur_driver/build/trayectories/build install --record /home/alvaro/Desktop/workspace/ros_ur_driver/build/trayectories/install.log --single-version-externally-managed install_data
[1.690s] running egg_info
[1.693s] writing ../../build/trayectories/trayectories.egg-info/PKG-INFO
[1.693s] writing dependency_links to ../../build/trayectories/trayectories.egg-info/dependency_links.txt
[1.693s] writing entry points to ../../build/trayectories/trayectories.egg-info/entry_points.txt
[1.693s] writing requirements to ../../build/trayectories/trayectories.egg-info/requires.txt
[1.693s] writing top-level names to ../../build/trayectories/trayectories.egg-info/top_level.txt
[1.694s] reading manifest file '../../build/trayectories/trayectories.egg-info/SOURCES.txt'
[1.695s] writing manifest file '../../build/trayectories/trayectories.egg-info/SOURCES.txt'
[1.696s] running build
[1.696s] running build_py
[1.696s] copying trayectories/move_joints.py -> /home/alvaro/Desktop/workspace/ros_ur_driver/build/trayectories/build/lib/trayectories
[1.696s] running install
[1.696s] running install_lib
[1.697s] copying /home/alvaro/Desktop/workspace/ros_ur_driver/build/trayectories/build/lib/trayectories/move_joints.py -> /home/alvaro/Desktop/workspace/ros_ur_driver/install/trayectories/lib/python3.10/site-packages/trayectories
[1.700s] byte-compiling /home/alvaro/Desktop/workspace/ros_ur_driver/install/trayectories/lib/python3.10/site-packages/trayectories/move_joints.py to move_joints.cpython-310.pyc
[1.700s] running install_data
[1.700s] running install_egg_info
[1.701s] removing '/home/alvaro/Desktop/workspace/ros_ur_driver/install/trayectories/lib/python3.10/site-packages/trayectories-0.0.0-py3.10.egg-info' (and everything under it)
[1.702s] Copying ../../build/trayectories/trayectories.egg-info to /home/alvaro/Desktop/workspace/ros_ur_driver/install/trayectories/lib/python3.10/site-packages/trayectories-0.0.0-py3.10.egg-info
[1.702s] running install_scripts
[1.729s] Installing move_joints script to /home/alvaro/Desktop/workspace/ros_ur_driver/install/trayectories/lib/trayectories
[1.729s] Installing move_l script to /home/alvaro/Desktop/workspace/ros_ur_driver/install/trayectories/lib/trayectories
[1.730s] writing list of installed files to '/home/alvaro/Desktop/workspace/ros_ur_driver/build/trayectories/install.log'
[1.767s] Invoked command in '/home/alvaro/Desktop/workspace/ros_ur_driver/src/trayectories' returned '0': PYTHONPATH=/home/alvaro/Desktop/workspace/ros_ur_driver/build/trayectories/prefix_override:/home/alvaro/Desktop/workspace/ros_ur_driver/install/trayectories/lib/python3.10/site-packages:${PYTHONPATH} /usr/bin/python3 -W ignore:setup.py install is deprecated setup.py egg_info --egg-base ../../build/trayectories build --build-base /home/alvaro/Desktop/workspace/ros_ur_driver/build/trayectories/build install --record /home/alvaro/Desktop/workspace/ros_ur_driver/build/trayectories/install.log --single-version-externally-managed install_data
