running egg_info
writing ../../build/trayectories/trayectories.egg-info/PKG-INFO
writing dependency_links to ../../build/trayectories/trayectories.egg-info/dependency_links.txt
writing entry points to ../../build/trayectories/trayectories.egg-info/entry_points.txt
writing requirements to ../../build/trayectories/trayectories.egg-info/requires.txt
writing top-level names to ../../build/trayectories/trayectories.egg-info/top_level.txt
reading manifest file '../../build/trayectories/trayectories.egg-info/SOURCES.txt'
writing manifest file '../../build/trayectories/trayectories.egg-info/SOURCES.txt'
running build
running build_py
copying trayectories/move_L.py -> /home/alvaro/Desktop/workspace/ros_ur_driver/build/trayectories/build/lib/trayectories
running install
running install_lib
copying /home/alvaro/Desktop/workspace/ros_ur_driver/build/trayectories/build/lib/trayectories/move_L.py -> /home/alvaro/Desktop/workspace/ros_ur_driver/install/trayectories/lib/python3.10/site-packages/trayectories
byte-compiling /home/alvaro/Desktop/workspace/ros_ur_driver/install/trayectories/lib/python3.10/site-packages/trayectories/move_L.py to move_L.cpython-310.pyc
running install_data
running install_egg_info
removing '/home/alvaro/Desktop/workspace/ros_ur_driver/install/trayectories/lib/python3.10/site-packages/trayectories-0.0.0-py3.10.egg-info' (and everything under it)
Copying ../../build/trayectories/trayectories.egg-info to /home/alvaro/Desktop/workspace/ros_ur_driver/install/trayectories/lib/python3.10/site-packages/trayectories-0.0.0-py3.10.egg-info
running install_scripts
Installing move_L script to /home/alvaro/Desktop/workspace/ros_ur_driver/install/trayectories/lib/trayectories
Installing move_joints script to /home/alvaro/Desktop/workspace/ros_ur_driver/install/trayectories/lib/trayectories
writing list of installed files to '/home/alvaro/Desktop/workspace/ros_ur_driver/build/trayectories/install.log'
