[0.012s] Invoking command in '/home/alvaro/TFM_MiguelLerinAlonso/workspace/ros_ur_driver/build/ur_robot_driver': AMENT_PREFIX_PATH=/home/alvaro/TFM_MiguelLerinAlonso/workspace/ros_ur_driver/install/ur_controllers:/home/alvaro/TFM_MiguelLerinAlonso/workspace/ros_ur_driver/install/ur_description:/home/alvaro/TFM_MiguelLerinAlonso/workspace/ros_ur_driver/install/ur_dashboard_msgs:${AMENT_PREFIX_PATH} CMAKE_PREFIX_PATH=/home/alvaro/TFM_MiguelLerinAlonso/workspace/ros_ur_driver/install/ur_controllers:/home/alvaro/TFM_MiguelLerinAlonso/workspace/ros_ur_driver/install/ur_description:/home/alvaro/TFM_MiguelLerinAlonso/workspace/ros_ur_driver/install/ur_dashboard_msgs:/home/alvaro/Desktop/pruebas_repo_TFM/TFM_MiguelLerinAlonso/workspace/ros_ur_driver/install/ur:/home/alvaro/Desktop/pruebas_repo_TFM/TFM_MiguelLerinAlonso/workspace/ros_ur_driver/install/ur_calibration:/home/alvaro/Desktop/pruebas_repo_TFM/TFM_MiguelLerinAlonso/workspace/ros_ur_driver/install/ur_robot_driver:/home/alvaro/Desktop/pruebas_repo_TFM/TFM_MiguelLerinAlonso/workspace/ros_ur_driver/install/ur_moveit_config:/home/alvaro/Desktop/pruebas_repo_TFM/TFM_MiguelLerinAlonso/workspace/ros_ur_driver/install/ur_bringup:/home/alvaro/Desktop/pruebas_repo_TFM/TFM_MiguelLerinAlonso/workspace/ros_ur_driver/install/ur_description:/home/alvaro/Desktop/pruebas_repo_TFM/TFM_MiguelLerinAlonso/workspace/ros_ur_driver/install/ur_controllers:/home/alvaro/Desktop/pruebas_repo_TFM/TFM_MiguelLerinAlonso/workspace/ros_ur_driver/install/ur_dashboard_msgs:/home/alvaro/workspace/ros_ur_driver/install/ur:/home/alvaro/workspace/ros_ur_driver/install/ur_calibration:/home/alvaro/workspace/ros_ur_driver/install/ur_robot_driver:/home/alvaro/workspace/ros_ur_driver/install/ur_moveit_config:/home/alvaro/workspace/ros_ur_driver/install/ur_bringup:/home/alvaro/workspace/ros_ur_driver/install/ur_description:/home/alvaro/workspace/ros_ur_driver/install/ur_controllers:/home/alvaro/workspace/ros_ur_driver/install/ur_dashboard_msgs:/home/alvaro/Desktop/pruebas_repo_TFM/TFM_MiguelLerinAlonso/workspace/ros_ur_driver/install/trayectories:/home/alvaro/Desktop/pruebas_repo_TFM/TFM_MiguelLerinAlonso/workspace/ros_ur_driver/install/data_logger:/home/alvaro/ros2_ws_copia/install/my_robot_controller:/home/alvaro/ros2_ws_copia/install/movimiento_articular:/home/alvaro/ros2_ws_copia/install/data_logger:/home/alvaro/ros2_ws/install/my_robot_controller:/opt/ros/humble LD_LIBRARY_PATH=/home/alvaro/TFM_MiguelLerinAlonso/workspace/ros_ur_driver/install/ur_controllers/lib:/home/alvaro/TFM_MiguelLerinAlonso/workspace/ros_ur_driver/install/ur_dashboard_msgs/lib:${LD_LIBRARY_PATH} PYTHONPATH=/home/alvaro/TFM_MiguelLerinAlonso/workspace/ros_ur_driver/install/ur_dashboard_msgs/local/lib/python3.10/dist-packages:${PYTHONPATH} /usr/bin/cmake /home/alvaro/TFM_MiguelLerinAlonso/workspace/ros_ur_driver/src/Universal_Robots_ROS2_Driver/ur_robot_driver -DCMAKE_BUILD_TYPE=Release -DCMAKE_INSTALL_PREFIX=/home/alvaro/TFM_MiguelLerinAlonso/workspace/ros_ur_driver/install/ur_robot_driver
[0.061s] -- The C compiler identification is GNU 11.4.0
[0.106s] -- The CXX compiler identification is GNU 11.4.0
[0.112s] -- Detecting C compiler ABI info
[0.166s] -- Detecting C compiler ABI info - done
[0.178s] -- Check for working C compiler: /usr/bin/cc - skipped
[0.178s] -- Detecting C compile features
[0.179s] -- Detecting C compile features - done
[0.182s] -- Detecting CXX compiler ABI info
[0.246s] -- Detecting CXX compiler ABI info - done
[0.253s] -- Check for working CXX compiler: /usr/bin/c++ - skipped
[0.253s] -- Detecting CXX compile features
[0.254s] -- Detecting CXX compile features - done
[0.257s] -- Found ament_cmake: 1.3.8 (/opt/ros/humble/share/ament_cmake/cmake)
[0.397s] -- Found Python3: /usr/bin/python3 (found version "3.10.12") found components: Interpreter 
[0.486s] -- Found backward_ros: 1.0.2 (/opt/ros/humble/share/backward_ros/cmake)
[0.494s] -- Found libdw: /usr/lib/x86_64-linux-gnu/libdw.so  
[0.499s] -- Could NOT find libbfd (missing: LIBBFD_LIBRARY LIBBFD_INCLUDE_DIR) 
[0.499s] -- BACKWARD_HAS_UNWIND=1
[0.499s] -- BACKWARD_HAS_BACKTRACE=0
[0.499s] -- BACKWARD_HAS_BACKTRACE_SYMBOL=0
[0.499s] -- BACKWARD_HAS_DW=1
[0.499s] -- BACKWARD_HAS_BFD=0
[0.500s] -- Found Backward: /opt/ros/humble/share/backward_ros/cmake  
[0.502s] -- Found controller_manager: 2.40.0 (/opt/ros/humble/share/controller_manager/cmake)
[0.552s] -- Found rosidl_generator_c: 3.1.5 (/opt/ros/humble/share/rosidl_generator_c/cmake)
[0.558s] -- Found rosidl_adapter: 3.1.5 (/opt/ros/humble/share/rosidl_adapter/cmake)
[0.567s] -- Found rosidl_generator_cpp: 3.1.5 (/opt/ros/humble/share/rosidl_generator_cpp/cmake)
[0.582s] -- Using all available rosidl_typesupport_c: rosidl_typesupport_fastrtps_c;rosidl_typesupport_introspection_c
[0.606s] -- Using all available rosidl_typesupport_cpp: rosidl_typesupport_fastrtps_cpp;rosidl_typesupport_introspection_cpp
[1.235s] -- Found rmw_implementation_cmake: 6.1.1 (/opt/ros/humble/share/rmw_implementation_cmake/cmake)
[1.239s] -- Found rmw_fastrtps_cpp: 6.2.6 (/opt/ros/humble/share/rmw_fastrtps_cpp/cmake)
[1.275s] -- Found TinyXML2 via Config file: TinyXML2_DIR-NOTFOUND
[1.314s] -- Found OpenSSL: /usr/lib/x86_64-linux-gnu/libcrypto.so (found version "3.0.2")  
[1.316s] -- Found TinyXML2 via Config file: TinyXML2_DIR-NOTFOUND
[1.326s] -- Found FastRTPS: /opt/ros/humble/include  
[1.334s] -- Found TinyXML2 via Config file: TinyXML2_DIR-NOTFOUND
[1.341s] -- Found TinyXML2 via Config file: TinyXML2_DIR-NOTFOUND
[1.350s] -- Using RMW implementation 'rmw_fastrtps_cpp' as default
[1.360s] -- Looking for pthread.h
[1.437s] -- Looking for pthread.h - found
[1.437s] -- Performing Test CMAKE_HAVE_LIBC_PTHREAD
[1.513s] -- Performing Test CMAKE_HAVE_LIBC_PTHREAD - Success
[1.514s] -- Found Threads: TRUE  
[2.099s] -- Found rclpy: 3.3.12 (/opt/ros/humble/share/rclpy/cmake)
[2.101s] -- Found std_srvs: 4.2.3 (/opt/ros/humble/share/std_srvs/cmake)
[2.117s] -- Found tf2_geometry_msgs: 0.25.6 (/opt/ros/humble/share/tf2_geometry_msgs/cmake)
[2.133s] -- Found eigen3_cmake_module: 0.1.1 (/opt/ros/humble/share/eigen3_cmake_module/cmake)
[2.134s] -- Found Eigen3: TRUE (found version "3.4.0") 
[2.134s] -- Ensuring Eigen3 include directory is part of orocos-kdl CMake target
[2.374s] -- Found ur_dashboard_msgs: 2.2.10 (/home/alvaro/TFM_MiguelLerinAlonso/workspace/ros_ur_driver/install/ur_dashboard_msgs/share/ur_dashboard_msgs/cmake)
[4.571s] -- Found ur_controllers: 2.2.10 (/home/alvaro/TFM_MiguelLerinAlonso/workspace/ros_ur_driver/install/ur_controllers/share/ur_controllers/cmake)
[4.707s] -- Found parameter_traits: 0.3.7 (/opt/ros/humble/share/parameter_traits/cmake)
[5.431s] -- Found ur_description: 2.1.3 (/home/alvaro/TFM_MiguelLerinAlonso/workspace/ros_ur_driver/install/ur_description/share/ur_description/cmake)
[5.433s] -- Found launch_testing_ament_cmake: 1.0.5 (/opt/ros/humble/share/launch_testing_ament_cmake/cmake)
[5.435s] -- Found python_cmake_module: 0.10.0 (/opt/ros/humble/share/python_cmake_module/cmake)
[5.455s] -- Found PythonInterp: /usr/bin/python3 (found suitable version "3.10.12", minimum required is "3.6") 
[5.460s] -- Found PythonLibs: /usr/lib/x86_64-linux-gnu/libpython3.10.so (found suitable version "3.10.12", minimum required is "3.5") 
[5.460s] -- Using PYTHON_EXECUTABLE: /usr/bin/python3
[5.460s] -- Using PYTHON_INCLUDE_DIRS: /usr/include/python3.10
[5.460s] -- Using PYTHON_LIBRARIES: /usr/lib/x86_64-linux-gnu/libpython3.10.so
[5.479s] -- Found PythonExtra: .so  
[5.480s] -- Configuring done
[5.561s] -- Generating done
[5.563s] -- Build files have been written to: /home/alvaro/TFM_MiguelLerinAlonso/workspace/ros_ur_driver/build/ur_robot_driver
[5.575s] Invoked command in '/home/alvaro/TFM_MiguelLerinAlonso/workspace/ros_ur_driver/build/ur_robot_driver' returned '0': AMENT_PREFIX_PATH=/home/alvaro/TFM_MiguelLerinAlonso/workspace/ros_ur_driver/install/ur_controllers:/home/alvaro/TFM_MiguelLerinAlonso/workspace/ros_ur_driver/install/ur_description:/home/alvaro/TFM_MiguelLerinAlonso/workspace/ros_ur_driver/install/ur_dashboard_msgs:${AMENT_PREFIX_PATH} CMAKE_PREFIX_PATH=/home/alvaro/TFM_MiguelLerinAlonso/workspace/ros_ur_driver/install/ur_controllers:/home/alvaro/TFM_MiguelLerinAlonso/workspace/ros_ur_driver/install/ur_description:/home/alvaro/TFM_MiguelLerinAlonso/workspace/ros_ur_driver/install/ur_dashboard_msgs:/home/alvaro/Desktop/pruebas_repo_TFM/TFM_MiguelLerinAlonso/workspace/ros_ur_driver/install/ur:/home/alvaro/Desktop/pruebas_repo_TFM/TFM_MiguelLerinAlonso/workspace/ros_ur_driver/install/ur_calibration:/home/alvaro/Desktop/pruebas_repo_TFM/TFM_MiguelLerinAlonso/workspace/ros_ur_driver/install/ur_robot_driver:/home/alvaro/Desktop/pruebas_repo_TFM/TFM_MiguelLerinAlonso/workspace/ros_ur_driver/install/ur_moveit_config:/home/alvaro/Desktop/pruebas_repo_TFM/TFM_MiguelLerinAlonso/workspace/ros_ur_driver/install/ur_bringup:/home/alvaro/Desktop/pruebas_repo_TFM/TFM_MiguelLerinAlonso/workspace/ros_ur_driver/install/ur_description:/home/alvaro/Desktop/pruebas_repo_TFM/TFM_MiguelLerinAlonso/workspace/ros_ur_driver/install/ur_controllers:/home/alvaro/Desktop/pruebas_repo_TFM/TFM_MiguelLerinAlonso/workspace/ros_ur_driver/install/ur_dashboard_msgs:/home/alvaro/workspace/ros_ur_driver/install/ur:/home/alvaro/workspace/ros_ur_driver/install/ur_calibration:/home/alvaro/workspace/ros_ur_driver/install/ur_robot_driver:/home/alvaro/workspace/ros_ur_driver/install/ur_moveit_config:/home/alvaro/workspace/ros_ur_driver/install/ur_bringup:/home/alvaro/workspace/ros_ur_driver/install/ur_description:/home/alvaro/workspace/ros_ur_driver/install/ur_controllers:/home/alvaro/workspace/ros_ur_driver/install/ur_dashboard_msgs:/home/alvaro/Desktop/pruebas_repo_TFM/TFM_MiguelLerinAlonso/workspace/ros_ur_driver/install/trayectories:/home/alvaro/Desktop/pruebas_repo_TFM/TFM_MiguelLerinAlonso/workspace/ros_ur_driver/install/data_logger:/home/alvaro/ros2_ws_copia/install/my_robot_controller:/home/alvaro/ros2_ws_copia/install/movimiento_articular:/home/alvaro/ros2_ws_copia/install/data_logger:/home/alvaro/ros2_ws/install/my_robot_controller:/opt/ros/humble LD_LIBRARY_PATH=/home/alvaro/TFM_MiguelLerinAlonso/workspace/ros_ur_driver/install/ur_controllers/lib:/home/alvaro/TFM_MiguelLerinAlonso/workspace/ros_ur_driver/install/ur_dashboard_msgs/lib:${LD_LIBRARY_PATH} PYTHONPATH=/home/alvaro/TFM_MiguelLerinAlonso/workspace/ros_ur_driver/install/ur_dashboard_msgs/local/lib/python3.10/dist-packages:${PYTHONPATH} /usr/bin/cmake /home/alvaro/TFM_MiguelLerinAlonso/workspace/ros_ur_driver/src/Universal_Robots_ROS2_Driver/ur_robot_driver -DCMAKE_BUILD_TYPE=Release -DCMAKE_INSTALL_PREFIX=/home/alvaro/TFM_MiguelLerinAlonso/workspace/ros_ur_driver/install/ur_robot_driver
[5.576s] Invoking command in '/home/alvaro/TFM_MiguelLerinAlonso/workspace/ros_ur_driver/build/ur_robot_driver': AMENT_PREFIX_PATH=/home/alvaro/TFM_MiguelLerinAlonso/workspace/ros_ur_driver/install/ur_controllers:/home/alvaro/TFM_MiguelLerinAlonso/workspace/ros_ur_driver/install/ur_description:/home/alvaro/TFM_MiguelLerinAlonso/workspace/ros_ur_driver/install/ur_dashboard_msgs:${AMENT_PREFIX_PATH} CMAKE_PREFIX_PATH=/home/alvaro/TFM_MiguelLerinAlonso/workspace/ros_ur_driver/install/ur_controllers:/home/alvaro/TFM_MiguelLerinAlonso/workspace/ros_ur_driver/install/ur_description:/home/alvaro/TFM_MiguelLerinAlonso/workspace/ros_ur_driver/install/ur_dashboard_msgs:/home/alvaro/Desktop/pruebas_repo_TFM/TFM_MiguelLerinAlonso/workspace/ros_ur_driver/install/ur:/home/alvaro/Desktop/pruebas_repo_TFM/TFM_MiguelLerinAlonso/workspace/ros_ur_driver/install/ur_calibration:/home/alvaro/Desktop/pruebas_repo_TFM/TFM_MiguelLerinAlonso/workspace/ros_ur_driver/install/ur_robot_driver:/home/alvaro/Desktop/pruebas_repo_TFM/TFM_MiguelLerinAlonso/workspace/ros_ur_driver/install/ur_moveit_config:/home/alvaro/Desktop/pruebas_repo_TFM/TFM_MiguelLerinAlonso/workspace/ros_ur_driver/install/ur_bringup:/home/alvaro/Desktop/pruebas_repo_TFM/TFM_MiguelLerinAlonso/workspace/ros_ur_driver/install/ur_description:/home/alvaro/Desktop/pruebas_repo_TFM/TFM_MiguelLerinAlonso/workspace/ros_ur_driver/install/ur_controllers:/home/alvaro/Desktop/pruebas_repo_TFM/TFM_MiguelLerinAlonso/workspace/ros_ur_driver/install/ur_dashboard_msgs:/home/alvaro/workspace/ros_ur_driver/install/ur:/home/alvaro/workspace/ros_ur_driver/install/ur_calibration:/home/alvaro/workspace/ros_ur_driver/install/ur_robot_driver:/home/alvaro/workspace/ros_ur_driver/install/ur_moveit_config:/home/alvaro/workspace/ros_ur_driver/install/ur_bringup:/home/alvaro/workspace/ros_ur_driver/install/ur_description:/home/alvaro/workspace/ros_ur_driver/install/ur_controllers:/home/alvaro/workspace/ros_ur_driver/install/ur_dashboard_msgs:/home/alvaro/Desktop/pruebas_repo_TFM/TFM_MiguelLerinAlonso/workspace/ros_ur_driver/install/trayectories:/home/alvaro/Desktop/pruebas_repo_TFM/TFM_MiguelLerinAlonso/workspace/ros_ur_driver/install/data_logger:/home/alvaro/ros2_ws_copia/install/my_robot_controller:/home/alvaro/ros2_ws_copia/install/movimiento_articular:/home/alvaro/ros2_ws_copia/install/data_logger:/home/alvaro/ros2_ws/install/my_robot_controller:/opt/ros/humble LD_LIBRARY_PATH=/home/alvaro/TFM_MiguelLerinAlonso/workspace/ros_ur_driver/install/ur_controllers/lib:/home/alvaro/TFM_MiguelLerinAlonso/workspace/ros_ur_driver/install/ur_dashboard_msgs/lib:${LD_LIBRARY_PATH} PYTHONPATH=/home/alvaro/TFM_MiguelLerinAlonso/workspace/ros_ur_driver/install/ur_dashboard_msgs/local/lib/python3.10/dist-packages:${PYTHONPATH} /usr/bin/cmake --build /home/alvaro/TFM_MiguelLerinAlonso/workspace/ros_ur_driver/build/ur_robot_driver -- -j8 -l8
[5.626s] [ 20%] [32mBuilding CXX object CMakeFiles/ur_ros2_control_node.dir/src/ur_ros2_control_node.cpp.o[0m
[5.626s] [ 20%] [32mBuilding CXX object CMakeFiles/controller_stopper_node.dir/src/controller_stopper.cpp.o[0m
[5.626s] [ 20%] [32mBuilding CXX object CMakeFiles/controller_stopper_node.dir/src/controller_stopper_node.cpp.o[0m
[5.629s] [ 26%] [32mBuilding CXX object CMakeFiles/ur_robot_driver_plugin.dir/src/dashboard_client_ros.cpp.o[0m
[5.629s] [ 33%] [32mBuilding CXX object CMakeFiles/ur_robot_driver_plugin.dir/src/hardware_interface.cpp.o[0m
[5.630s] [ 40%] [32mBuilding CXX object CMakeFiles/dashboard_client.dir/src/dashboard_client_ros.cpp.o[0m
[5.631s] [ 46%] [32mBuilding CXX object CMakeFiles/urscript_interface.dir/src/urscript_interface.cpp.o[0m
[5.641s] [ 46%] Built target ament_cmake_python_copy_ur_robot_driver
[5.654s] [ 53%] [32mBuilding CXX object CMakeFiles/ur_robot_driver_plugin.dir/src/urcl_log_handler.cpp.o[0m
[7.614s] running egg_info
[7.616s] creating ur_robot_driver.egg-info
[7.616s] writing ur_robot_driver.egg-info/PKG-INFO
[7.617s] writing dependency_links to ur_robot_driver.egg-info/dependency_links.txt
[7.617s] writing top-level names to ur_robot_driver.egg-info/top_level.txt
[7.618s] writing manifest file 'ur_robot_driver.egg-info/SOURCES.txt'
[7.622s] reading manifest file 'ur_robot_driver.egg-info/SOURCES.txt'
[7.624s] writing manifest file 'ur_robot_driver.egg-info/SOURCES.txt'
[7.670s] [ 53%] Built target ament_cmake_python_build_ur_robot_driver_egg
[7.684s] [ 60%] [32mBuilding CXX object CMakeFiles/dashboard_client.dir/src/dashboard_client_node.cpp.o[0m
[11.652s] [01m[K/home/alvaro/TFM_MiguelLerinAlonso/workspace/ros_ur_driver/src/Universal_Robots_ROS2_Driver/ur_robot_driver/src/hardware_interface.cpp:[m[K In member function ‘[01m[Kvirtual hardware_interface::CallbackReturn ur_robot_driver::URPositionHardwareInterface::on_configure(const rclcpp_lifecycle::State&)[m[K’:
[11.652s] [01m[K/home/alvaro/TFM_MiguelLerinAlonso/workspace/ros_ur_driver/src/Universal_Robots_ROS2_Driver/ur_robot_driver/src/hardware_interface.cpp:432:34:[m[K [01;35m[Kwarning: [m[K‘[01m[Kvoid urcl::UrDriver::setKeepaliveCount(uint32_t)[m[K’ is deprecated: Set keepaliveCount is deprecated, instead set the robot receive timeout directly in the write commands. [[01;35m[K]8;;https://gcc.gnu.org/onlinedocs/gcc/Warning-Options.html#index-Wdeprecated-declarations-Wdeprecated-declarations]8;;[m[K]
[11.652s]   432 |     [01;35m[Kur_driver_->setKeepaliveCount(keep_alive_count)[m[K;
[11.652s]       |     [01;35m[K~~~~~~~~~~~~~~~~~~~~~~~~~~~~~^~~~~~~~~~~~~~~~~~[m[K
[11.652s] In file included from [01m[K/home/alvaro/TFM_MiguelLerinAlonso/workspace/ros_ur_driver/src/Universal_Robots_ROS2_Driver/ur_robot_driver/include/ur_robot_driver/hardware_interface.hpp:55[m[K,
[11.652s]                  from [01m[K/home/alvaro/TFM_MiguelLerinAlonso/workspace/ros_ur_driver/src/Universal_Robots_ROS2_Driver/ur_robot_driver/src/hardware_interface.cpp:50[m[K:
[11.652s] [01m[K/opt/ros/humble/include/ur_client_library/ur/ur_driver.h:461:3:[m[K [01;36m[Knote: [m[Kdeclared here
[11.653s]   461 |   [01;36m[KsetKeepaliveCount[m[K(const uint32_t count);
[11.653s]       |   [01;36m[K^~~~~~~~~~~~~~~~~[m[K
[11.892s] [ 66%] [32mBuilding CXX object CMakeFiles/dashboard_client.dir/src/urcl_log_handler.cpp.o[0m
[13.482s] [ 73%] [32m[1mLinking CXX executable ur_ros2_control_node[0m
[13.842s] [ 73%] Built target ur_ros2_control_node
[21.786s] [ 80%] [32m[1mLinking CXX executable urscript_interface[0m
[22.116s] [ 80%] Built target urscript_interface
[24.853s] [ 86%] [32m[1mLinking CXX executable controller_stopper_node[0m
[25.123s] [ 86%] Built target controller_stopper_node
[26.953s] [ 93%] [32m[1mLinking CXX shared library libur_robot_driver_plugin.so[0m
[27.198s] [ 93%] Built target ur_robot_driver_plugin
[27.589s] [100%] [32m[1mLinking CXX executable dashboard_client[0m
[27.810s] [100%] Built target dashboard_client
[27.820s] Invoked command in '/home/alvaro/TFM_MiguelLerinAlonso/workspace/ros_ur_driver/build/ur_robot_driver' returned '0': AMENT_PREFIX_PATH=/home/alvaro/TFM_MiguelLerinAlonso/workspace/ros_ur_driver/install/ur_controllers:/home/alvaro/TFM_MiguelLerinAlonso/workspace/ros_ur_driver/install/ur_description:/home/alvaro/TFM_MiguelLerinAlonso/workspace/ros_ur_driver/install/ur_dashboard_msgs:${AMENT_PREFIX_PATH} CMAKE_PREFIX_PATH=/home/alvaro/TFM_MiguelLerinAlonso/workspace/ros_ur_driver/install/ur_controllers:/home/alvaro/TFM_MiguelLerinAlonso/workspace/ros_ur_driver/install/ur_description:/home/alvaro/TFM_MiguelLerinAlonso/workspace/ros_ur_driver/install/ur_dashboard_msgs:/home/alvaro/Desktop/pruebas_repo_TFM/TFM_MiguelLerinAlonso/workspace/ros_ur_driver/install/ur:/home/alvaro/Desktop/pruebas_repo_TFM/TFM_MiguelLerinAlonso/workspace/ros_ur_driver/install/ur_calibration:/home/alvaro/Desktop/pruebas_repo_TFM/TFM_MiguelLerinAlonso/workspace/ros_ur_driver/install/ur_robot_driver:/home/alvaro/Desktop/pruebas_repo_TFM/TFM_MiguelLerinAlonso/workspace/ros_ur_driver/install/ur_moveit_config:/home/alvaro/Desktop/pruebas_repo_TFM/TFM_MiguelLerinAlonso/workspace/ros_ur_driver/install/ur_bringup:/home/alvaro/Desktop/pruebas_repo_TFM/TFM_MiguelLerinAlonso/workspace/ros_ur_driver/install/ur_description:/home/alvaro/Desktop/pruebas_repo_TFM/TFM_MiguelLerinAlonso/workspace/ros_ur_driver/install/ur_controllers:/home/alvaro/Desktop/pruebas_repo_TFM/TFM_MiguelLerinAlonso/workspace/ros_ur_driver/install/ur_dashboard_msgs:/home/alvaro/workspace/ros_ur_driver/install/ur:/home/alvaro/workspace/ros_ur_driver/install/ur_calibration:/home/alvaro/workspace/ros_ur_driver/install/ur_robot_driver:/home/alvaro/workspace/ros_ur_driver/install/ur_moveit_config:/home/alvaro/workspace/ros_ur_driver/install/ur_bringup:/home/alvaro/workspace/ros_ur_driver/install/ur_description:/home/alvaro/workspace/ros_ur_driver/install/ur_controllers:/home/alvaro/workspace/ros_ur_driver/install/ur_dashboard_msgs:/home/alvaro/Desktop/pruebas_repo_TFM/TFM_MiguelLerinAlonso/workspace/ros_ur_driver/install/trayectories:/home/alvaro/Desktop/pruebas_repo_TFM/TFM_MiguelLerinAlonso/workspace/ros_ur_driver/install/data_logger:/home/alvaro/ros2_ws_copia/install/my_robot_controller:/home/alvaro/ros2_ws_copia/install/movimiento_articular:/home/alvaro/ros2_ws_copia/install/data_logger:/home/alvaro/ros2_ws/install/my_robot_controller:/opt/ros/humble LD_LIBRARY_PATH=/home/alvaro/TFM_MiguelLerinAlonso/workspace/ros_ur_driver/install/ur_controllers/lib:/home/alvaro/TFM_MiguelLerinAlonso/workspace/ros_ur_driver/install/ur_dashboard_msgs/lib:${LD_LIBRARY_PATH} PYTHONPATH=/home/alvaro/TFM_MiguelLerinAlonso/workspace/ros_ur_driver/install/ur_dashboard_msgs/local/lib/python3.10/dist-packages:${PYTHONPATH} /usr/bin/cmake --build /home/alvaro/TFM_MiguelLerinAlonso/workspace/ros_ur_driver/build/ur_robot_driver -- -j8 -l8
[27.856s] Invoking command in '/home/alvaro/TFM_MiguelLerinAlonso/workspace/ros_ur_driver/build/ur_robot_driver': AMENT_PREFIX_PATH=/home/alvaro/TFM_MiguelLerinAlonso/workspace/ros_ur_driver/install/ur_controllers:/home/alvaro/TFM_MiguelLerinAlonso/workspace/ros_ur_driver/install/ur_description:/home/alvaro/TFM_MiguelLerinAlonso/workspace/ros_ur_driver/install/ur_dashboard_msgs:${AMENT_PREFIX_PATH} CMAKE_PREFIX_PATH=/home/alvaro/TFM_MiguelLerinAlonso/workspace/ros_ur_driver/install/ur_controllers:/home/alvaro/TFM_MiguelLerinAlonso/workspace/ros_ur_driver/install/ur_description:/home/alvaro/TFM_MiguelLerinAlonso/workspace/ros_ur_driver/install/ur_dashboard_msgs:/home/alvaro/Desktop/pruebas_repo_TFM/TFM_MiguelLerinAlonso/workspace/ros_ur_driver/install/ur:/home/alvaro/Desktop/pruebas_repo_TFM/TFM_MiguelLerinAlonso/workspace/ros_ur_driver/install/ur_calibration:/home/alvaro/Desktop/pruebas_repo_TFM/TFM_MiguelLerinAlonso/workspace/ros_ur_driver/install/ur_robot_driver:/home/alvaro/Desktop/pruebas_repo_TFM/TFM_MiguelLerinAlonso/workspace/ros_ur_driver/install/ur_moveit_config:/home/alvaro/Desktop/pruebas_repo_TFM/TFM_MiguelLerinAlonso/workspace/ros_ur_driver/install/ur_bringup:/home/alvaro/Desktop/pruebas_repo_TFM/TFM_MiguelLerinAlonso/workspace/ros_ur_driver/install/ur_description:/home/alvaro/Desktop/pruebas_repo_TFM/TFM_MiguelLerinAlonso/workspace/ros_ur_driver/install/ur_controllers:/home/alvaro/Desktop/pruebas_repo_TFM/TFM_MiguelLerinAlonso/workspace/ros_ur_driver/install/ur_dashboard_msgs:/home/alvaro/workspace/ros_ur_driver/install/ur:/home/alvaro/workspace/ros_ur_driver/install/ur_calibration:/home/alvaro/workspace/ros_ur_driver/install/ur_robot_driver:/home/alvaro/workspace/ros_ur_driver/install/ur_moveit_config:/home/alvaro/workspace/ros_ur_driver/install/ur_bringup:/home/alvaro/workspace/ros_ur_driver/install/ur_description:/home/alvaro/workspace/ros_ur_driver/install/ur_controllers:/home/alvaro/workspace/ros_ur_driver/install/ur_dashboard_msgs:/home/alvaro/Desktop/pruebas_repo_TFM/TFM_MiguelLerinAlonso/workspace/ros_ur_driver/install/trayectories:/home/alvaro/Desktop/pruebas_repo_TFM/TFM_MiguelLerinAlonso/workspace/ros_ur_driver/install/data_logger:/home/alvaro/ros2_ws_copia/install/my_robot_controller:/home/alvaro/ros2_ws_copia/install/movimiento_articular:/home/alvaro/ros2_ws_copia/install/data_logger:/home/alvaro/ros2_ws/install/my_robot_controller:/opt/ros/humble LD_LIBRARY_PATH=/home/alvaro/TFM_MiguelLerinAlonso/workspace/ros_ur_driver/install/ur_controllers/lib:/home/alvaro/TFM_MiguelLerinAlonso/workspace/ros_ur_driver/install/ur_dashboard_msgs/lib:${LD_LIBRARY_PATH} PYTHONPATH=/home/alvaro/TFM_MiguelLerinAlonso/workspace/ros_ur_driver/install/ur_dashboard_msgs/local/lib/python3.10/dist-packages:${PYTHONPATH} /usr/bin/cmake --install /home/alvaro/TFM_MiguelLerinAlonso/workspace/ros_ur_driver/build/ur_robot_driver
[27.862s] -- Install configuration: "Release"
[27.862s] -- Installing: /home/alvaro/TFM_MiguelLerinAlonso/workspace/ros_ur_driver/install/ur_robot_driver/share/ur_robot_driver/hardware_interface_plugin.xml
[27.862s] -- Installing: /home/alvaro/TFM_MiguelLerinAlonso/workspace/ros_ur_driver/install/ur_robot_driver/lib/ur_robot_driver/dashboard_client
[27.863s] -- Set runtime path of "/home/alvaro/TFM_MiguelLerinAlonso/workspace/ros_ur_driver/install/ur_robot_driver/lib/ur_robot_driver/dashboard_client" to ""
[27.863s] -- Installing: /home/alvaro/TFM_MiguelLerinAlonso/workspace/ros_ur_driver/install/ur_robot_driver/lib/ur_robot_driver/ur_ros2_control_node
[27.863s] -- Set runtime path of "/home/alvaro/TFM_MiguelLerinAlonso/workspace/ros_ur_driver/install/ur_robot_driver/lib/ur_robot_driver/ur_ros2_control_node" to ""
[27.863s] -- Installing: /home/alvaro/TFM_MiguelLerinAlonso/workspace/ros_ur_driver/install/ur_robot_driver/lib/ur_robot_driver/controller_stopper_node
[27.864s] -- Set runtime path of "/home/alvaro/TFM_MiguelLerinAlonso/workspace/ros_ur_driver/install/ur_robot_driver/lib/ur_robot_driver/controller_stopper_node" to ""
[27.864s] -- Installing: /home/alvaro/TFM_MiguelLerinAlonso/workspace/ros_ur_driver/install/ur_robot_driver/lib/ur_robot_driver/urscript_interface
[27.865s] -- Set runtime path of "/home/alvaro/TFM_MiguelLerinAlonso/workspace/ros_ur_driver/install/ur_robot_driver/lib/ur_robot_driver/urscript_interface" to ""
[27.865s] -- Installing: /home/alvaro/TFM_MiguelLerinAlonso/workspace/ros_ur_driver/install/ur_robot_driver/lib/libur_robot_driver_plugin.so
[27.866s] -- Set runtime path of "/home/alvaro/TFM_MiguelLerinAlonso/workspace/ros_ur_driver/install/ur_robot_driver/lib/libur_robot_driver_plugin.so" to ""
[27.866s] -- Installing: /home/alvaro/TFM_MiguelLerinAlonso/workspace/ros_ur_driver/install/ur_robot_driver/include
[27.866s] -- Installing: /home/alvaro/TFM_MiguelLerinAlonso/workspace/ros_ur_driver/install/ur_robot_driver/include/ur_robot_driver
[27.866s] -- Installing: /home/alvaro/TFM_MiguelLerinAlonso/workspace/ros_ur_driver/install/ur_robot_driver/include/ur_robot_driver/dashboard_client_ros.hpp
[27.866s] -- Installing: /home/alvaro/TFM_MiguelLerinAlonso/workspace/ros_ur_driver/install/ur_robot_driver/include/ur_robot_driver/controller_stopper.hpp
[27.866s] -- Installing: /home/alvaro/TFM_MiguelLerinAlonso/workspace/ros_ur_driver/install/ur_robot_driver/include/ur_robot_driver/urcl_log_handler.hpp
[27.866s] -- Installing: /home/alvaro/TFM_MiguelLerinAlonso/workspace/ros_ur_driver/install/ur_robot_driver/include/ur_robot_driver/hardware_interface.hpp
[27.866s] -- Installing: /home/alvaro/TFM_MiguelLerinAlonso/workspace/ros_ur_driver/install/ur_robot_driver/share/ur_robot_driver/environment/library_path.sh
[27.866s] -- Installing: /home/alvaro/TFM_MiguelLerinAlonso/workspace/ros_ur_driver/install/ur_robot_driver/share/ur_robot_driver/environment/library_path.dsv
[27.866s] -- Installing: /home/alvaro/TFM_MiguelLerinAlonso/workspace/ros_ur_driver/install/ur_robot_driver/share/ur_robot_driver/resources
[27.866s] -- Installing: /home/alvaro/TFM_MiguelLerinAlonso/workspace/ros_ur_driver/install/ur_robot_driver/share/ur_robot_driver/resources/rtde_input_recipe.txt
[27.867s] -- Installing: /home/alvaro/TFM_MiguelLerinAlonso/workspace/ros_ur_driver/install/ur_robot_driver/share/ur_robot_driver/resources/rtde_output_recipe.txt
[27.867s] -- Installing: /home/alvaro/TFM_MiguelLerinAlonso/workspace/ros_ur_driver/install/ur_robot_driver/share/ur_robot_driver/resources/ros_control.urscript
[27.867s] -- Installing: /home/alvaro/TFM_MiguelLerinAlonso/workspace/ros_ur_driver/install/ur_robot_driver/share/ur_robot_driver/resources/externalcontrol-1.0.5.urcap
[27.867s] -- Installing: /home/alvaro/TFM_MiguelLerinAlonso/workspace/ros_ur_driver/install/ur_robot_driver/share/ur_robot_driver/resources/rs485-1.0.urcap
[27.867s] -- Up-to-date: /home/alvaro/TFM_MiguelLerinAlonso/workspace/ros_ur_driver/install/ur_robot_driver/include
[27.867s] -- Up-to-date: /home/alvaro/TFM_MiguelLerinAlonso/workspace/ros_ur_driver/install/ur_robot_driver/include/ur_robot_driver
[27.867s] -- Up-to-date: /home/alvaro/TFM_MiguelLerinAlonso/workspace/ros_ur_driver/install/ur_robot_driver/include/ur_robot_driver/dashboard_client_ros.hpp
[27.867s] -- Up-to-date: /home/alvaro/TFM_MiguelLerinAlonso/workspace/ros_ur_driver/install/ur_robot_driver/include/ur_robot_driver/controller_stopper.hpp
[27.867s] -- Up-to-date: /home/alvaro/TFM_MiguelLerinAlonso/workspace/ros_ur_driver/install/ur_robot_driver/include/ur_robot_driver/urcl_log_handler.hpp
[27.867s] -- Up-to-date: /home/alvaro/TFM_MiguelLerinAlonso/workspace/ros_ur_driver/install/ur_robot_driver/include/ur_robot_driver/hardware_interface.hpp
[27.867s] -- Installing: /home/alvaro/TFM_MiguelLerinAlonso/workspace/ros_ur_driver/install/ur_robot_driver/share/ur_robot_driver/environment/pythonpath.sh
[27.867s] -- Installing: /home/alvaro/TFM_MiguelLerinAlonso/workspace/ros_ur_driver/install/ur_robot_driver/share/ur_robot_driver/environment/pythonpath.dsv
[27.867s] -- Installing: /home/alvaro/TFM_MiguelLerinAlonso/workspace/ros_ur_driver/install/ur_robot_driver/local/lib/python3.10/dist-packages/ur_robot_driver-2.2.10-py3.10.egg-info
[27.867s] -- Installing: /home/alvaro/TFM_MiguelLerinAlonso/workspace/ros_ur_driver/install/ur_robot_driver/local/lib/python3.10/dist-packages/ur_robot_driver-2.2.10-py3.10.egg-info/PKG-INFO
[27.867s] -- Installing: /home/alvaro/TFM_MiguelLerinAlonso/workspace/ros_ur_driver/install/ur_robot_driver/local/lib/python3.10/dist-packages/ur_robot_driver-2.2.10-py3.10.egg-info/SOURCES.txt
[27.867s] -- Installing: /home/alvaro/TFM_MiguelLerinAlonso/workspace/ros_ur_driver/install/ur_robot_driver/local/lib/python3.10/dist-packages/ur_robot_driver-2.2.10-py3.10.egg-info/dependency_links.txt
[27.867s] -- Installing: /home/alvaro/TFM_MiguelLerinAlonso/workspace/ros_ur_driver/install/ur_robot_driver/local/lib/python3.10/dist-packages/ur_robot_driver-2.2.10-py3.10.egg-info/top_level.txt
[27.867s] -- Installing: /home/alvaro/TFM_MiguelLerinAlonso/workspace/ros_ur_driver/install/ur_robot_driver/local/lib/python3.10/dist-packages/ur_robot_driver
[27.867s] -- Installing: /home/alvaro/TFM_MiguelLerinAlonso/workspace/ros_ur_driver/install/ur_robot_driver/local/lib/python3.10/dist-packages/ur_robot_driver/__init__.py
[27.898s] Listing '/home/alvaro/TFM_MiguelLerinAlonso/workspace/ros_ur_driver/install/ur_robot_driver/local/lib/python3.10/dist-packages/ur_robot_driver'...
[27.898s] Compiling '/home/alvaro/TFM_MiguelLerinAlonso/workspace/ros_ur_driver/install/ur_robot_driver/local/lib/python3.10/dist-packages/ur_robot_driver/__init__.py'...
[27.901s] -- Installing: /home/alvaro/TFM_MiguelLerinAlonso/workspace/ros_ur_driver/install/ur_robot_driver/lib/ur_robot_driver/tool_communication.py
[27.901s] -- Installing: /home/alvaro/TFM_MiguelLerinAlonso/workspace/ros_ur_driver/install/ur_robot_driver/bin/wait_dashboard_server.sh
[27.901s] -- Installing: /home/alvaro/TFM_MiguelLerinAlonso/workspace/ros_ur_driver/install/ur_robot_driver/lib/ur_robot_driver/start_ursim.sh
[27.902s] -- Installing: /home/alvaro/TFM_MiguelLerinAlonso/workspace/ros_ur_driver/install/ur_robot_driver/share/ur_robot_driver/config
[27.902s] -- Installing: /home/alvaro/TFM_MiguelLerinAlonso/workspace/ros_ur_driver/install/ur_robot_driver/share/ur_robot_driver/config/test_velocity_goal_publishers_config.yaml
[27.902s] -- Installing: /home/alvaro/TFM_MiguelLerinAlonso/workspace/ros_ur_driver/install/ur_robot_driver/share/ur_robot_driver/config/ur3_update_rate.yaml
[27.902s] -- Installing: /home/alvaro/TFM_MiguelLerinAlonso/workspace/ros_ur_driver/install/ur_robot_driver/share/ur_robot_driver/config/ur16e_update_rate.yaml
[27.902s] -- Installing: /home/alvaro/TFM_MiguelLerinAlonso/workspace/ros_ur_driver/install/ur_robot_driver/share/ur_robot_driver/config/ur5_update_rate.yaml
[27.902s] -- Installing: /home/alvaro/TFM_MiguelLerinAlonso/workspace/ros_ur_driver/install/ur_robot_driver/share/ur_robot_driver/config/ur5e_update_rate.yaml
[27.902s] -- Installing: /home/alvaro/TFM_MiguelLerinAlonso/workspace/ros_ur_driver/install/ur_robot_driver/share/ur_robot_driver/config/ur10_update_rate.yaml
[27.902s] -- Installing: /home/alvaro/TFM_MiguelLerinAlonso/workspace/ros_ur_driver/install/ur_robot_driver/share/ur_robot_driver/config/ur20_update_rate.yaml
[27.902s] -- Installing: /home/alvaro/TFM_MiguelLerinAlonso/workspace/ros_ur_driver/install/ur_robot_driver/share/ur_robot_driver/config/ur3e_update_rate.yaml
[27.902s] -- Installing: /home/alvaro/TFM_MiguelLerinAlonso/workspace/ros_ur_driver/install/ur_robot_driver/share/ur_robot_driver/config/ur10e_update_rate.yaml
[27.902s] -- Installing: /home/alvaro/TFM_MiguelLerinAlonso/workspace/ros_ur_driver/install/ur_robot_driver/share/ur_robot_driver/config/ur_controllers.yaml
[27.902s] -- Installing: /home/alvaro/TFM_MiguelLerinAlonso/workspace/ros_ur_driver/install/ur_robot_driver/share/ur_robot_driver/config/test_goal_publishers_config.yaml
[27.902s] -- Installing: /home/alvaro/TFM_MiguelLerinAlonso/workspace/ros_ur_driver/install/ur_robot_driver/share/ur_robot_driver/launch
[27.902s] -- Installing: /home/alvaro/TFM_MiguelLerinAlonso/workspace/ros_ur_driver/install/ur_robot_driver/share/ur_robot_driver/launch/ur_control.launch.py
[27.902s] -- Installing: /home/alvaro/TFM_MiguelLerinAlonso/workspace/ros_ur_driver/install/ur_robot_driver/share/ur_robot_driver/launch/test_scaled_joint_trajectory_controller.launch.py
[27.902s] -- Installing: /home/alvaro/TFM_MiguelLerinAlonso/workspace/ros_ur_driver/install/ur_robot_driver/share/ur_robot_driver/launch/ur3e.launch.py
[27.902s] -- Installing: /home/alvaro/TFM_MiguelLerinAlonso/workspace/ros_ur_driver/install/ur_robot_driver/share/ur_robot_driver/launch/ur20.launch.py
[27.902s] -- Installing: /home/alvaro/TFM_MiguelLerinAlonso/workspace/ros_ur_driver/install/ur_robot_driver/share/ur_robot_driver/launch/test_joint_trajectory_controller.launch.py
[27.903s] -- Installing: /home/alvaro/TFM_MiguelLerinAlonso/workspace/ros_ur_driver/install/ur_robot_driver/share/ur_robot_driver/launch/test_forward_velocity_controller.launch.py
[27.903s] -- Installing: /home/alvaro/TFM_MiguelLerinAlonso/workspace/ros_ur_driver/install/ur_robot_driver/share/ur_robot_driver/launch/ur_dashboard_client.launch.py
[27.903s] -- Installing: /home/alvaro/TFM_MiguelLerinAlonso/workspace/ros_ur_driver/install/ur_robot_driver/share/ur_robot_driver/launch/ur5e.launch.py
[27.903s] -- Installing: /home/alvaro/TFM_MiguelLerinAlonso/workspace/ros_ur_driver/install/ur_robot_driver/share/ur_robot_driver/launch/ur10.launch.py
[27.903s] -- Installing: /home/alvaro/TFM_MiguelLerinAlonso/workspace/ros_ur_driver/install/ur_robot_driver/share/ur_robot_driver/launch/ur3.launch.py
[27.903s] -- Installing: /home/alvaro/TFM_MiguelLerinAlonso/workspace/ros_ur_driver/install/ur_robot_driver/share/ur_robot_driver/launch/ur16e.launch.py
[27.903s] -- Installing: /home/alvaro/TFM_MiguelLerinAlonso/workspace/ros_ur_driver/install/ur_robot_driver/share/ur_robot_driver/launch/ur10e.launch.py
[27.903s] -- Installing: /home/alvaro/TFM_MiguelLerinAlonso/workspace/ros_ur_driver/install/ur_robot_driver/share/ur_robot_driver/launch/ur5.launch.py
[27.903s] -- Installing: /home/alvaro/TFM_MiguelLerinAlonso/workspace/ros_ur_driver/install/ur_robot_driver/share/ament_index/resource_index/package_run_dependencies/ur_robot_driver
[27.903s] -- Installing: /home/alvaro/TFM_MiguelLerinAlonso/workspace/ros_ur_driver/install/ur_robot_driver/share/ament_index/resource_index/parent_prefix_path/ur_robot_driver
[27.903s] -- Installing: /home/alvaro/TFM_MiguelLerinAlonso/workspace/ros_ur_driver/install/ur_robot_driver/share/ur_robot_driver/environment/ament_prefix_path.sh
[27.904s] -- Installing: /home/alvaro/TFM_MiguelLerinAlonso/workspace/ros_ur_driver/install/ur_robot_driver/share/ur_robot_driver/environment/ament_prefix_path.dsv
[27.904s] -- Installing: /home/alvaro/TFM_MiguelLerinAlonso/workspace/ros_ur_driver/install/ur_robot_driver/share/ur_robot_driver/environment/path.sh
[27.904s] -- Installing: /home/alvaro/TFM_MiguelLerinAlonso/workspace/ros_ur_driver/install/ur_robot_driver/share/ur_robot_driver/environment/path.dsv
[27.904s] -- Installing: /home/alvaro/TFM_MiguelLerinAlonso/workspace/ros_ur_driver/install/ur_robot_driver/share/ur_robot_driver/local_setup.bash
[27.904s] -- Installing: /home/alvaro/TFM_MiguelLerinAlonso/workspace/ros_ur_driver/install/ur_robot_driver/share/ur_robot_driver/local_setup.sh
[27.904s] -- Installing: /home/alvaro/TFM_MiguelLerinAlonso/workspace/ros_ur_driver/install/ur_robot_driver/share/ur_robot_driver/local_setup.zsh
[27.904s] -- Installing: /home/alvaro/TFM_MiguelLerinAlonso/workspace/ros_ur_driver/install/ur_robot_driver/share/ur_robot_driver/local_setup.dsv
[27.904s] -- Installing: /home/alvaro/TFM_MiguelLerinAlonso/workspace/ros_ur_driver/install/ur_robot_driver/share/ur_robot_driver/package.dsv
[27.904s] -- Installing: /home/alvaro/TFM_MiguelLerinAlonso/workspace/ros_ur_driver/install/ur_robot_driver/share/ament_index/resource_index/packages/ur_robot_driver
[27.904s] -- Installing: /home/alvaro/TFM_MiguelLerinAlonso/workspace/ros_ur_driver/install/ur_robot_driver/share/ament_index/resource_index/hardware_interface__pluginlib__plugin/ur_robot_driver
[27.904s] -- Installing: /home/alvaro/TFM_MiguelLerinAlonso/workspace/ros_ur_driver/install/ur_robot_driver/share/ur_robot_driver/cmake/ament_cmake_export_include_directories-extras.cmake
[27.905s] -- Installing: /home/alvaro/TFM_MiguelLerinAlonso/workspace/ros_ur_driver/install/ur_robot_driver/share/ur_robot_driver/cmake/ament_cmake_export_libraries-extras.cmake
[27.905s] -- Installing: /home/alvaro/TFM_MiguelLerinAlonso/workspace/ros_ur_driver/install/ur_robot_driver/share/ur_robot_driver/cmake/ament_cmake_export_dependencies-extras.cmake
[27.905s] -- Installing: /home/alvaro/TFM_MiguelLerinAlonso/workspace/ros_ur_driver/install/ur_robot_driver/share/ur_robot_driver/cmake/ur_robot_driverConfig.cmake
[27.905s] -- Installing: /home/alvaro/TFM_MiguelLerinAlonso/workspace/ros_ur_driver/install/ur_robot_driver/share/ur_robot_driver/cmake/ur_robot_driverConfig-version.cmake
[27.905s] -- Installing: /home/alvaro/TFM_MiguelLerinAlonso/workspace/ros_ur_driver/install/ur_robot_driver/share/ur_robot_driver/package.xml
[27.908s] Invoked command in '/home/alvaro/TFM_MiguelLerinAlonso/workspace/ros_ur_driver/build/ur_robot_driver' returned '0': AMENT_PREFIX_PATH=/home/alvaro/TFM_MiguelLerinAlonso/workspace/ros_ur_driver/install/ur_controllers:/home/alvaro/TFM_MiguelLerinAlonso/workspace/ros_ur_driver/install/ur_description:/home/alvaro/TFM_MiguelLerinAlonso/workspace/ros_ur_driver/install/ur_dashboard_msgs:${AMENT_PREFIX_PATH} CMAKE_PREFIX_PATH=/home/alvaro/TFM_MiguelLerinAlonso/workspace/ros_ur_driver/install/ur_controllers:/home/alvaro/TFM_MiguelLerinAlonso/workspace/ros_ur_driver/install/ur_description:/home/alvaro/TFM_MiguelLerinAlonso/workspace/ros_ur_driver/install/ur_dashboard_msgs:/home/alvaro/Desktop/pruebas_repo_TFM/TFM_MiguelLerinAlonso/workspace/ros_ur_driver/install/ur:/home/alvaro/Desktop/pruebas_repo_TFM/TFM_MiguelLerinAlonso/workspace/ros_ur_driver/install/ur_calibration:/home/alvaro/Desktop/pruebas_repo_TFM/TFM_MiguelLerinAlonso/workspace/ros_ur_driver/install/ur_robot_driver:/home/alvaro/Desktop/pruebas_repo_TFM/TFM_MiguelLerinAlonso/workspace/ros_ur_driver/install/ur_moveit_config:/home/alvaro/Desktop/pruebas_repo_TFM/TFM_MiguelLerinAlonso/workspace/ros_ur_driver/install/ur_bringup:/home/alvaro/Desktop/pruebas_repo_TFM/TFM_MiguelLerinAlonso/workspace/ros_ur_driver/install/ur_description:/home/alvaro/Desktop/pruebas_repo_TFM/TFM_MiguelLerinAlonso/workspace/ros_ur_driver/install/ur_controllers:/home/alvaro/Desktop/pruebas_repo_TFM/TFM_MiguelLerinAlonso/workspace/ros_ur_driver/install/ur_dashboard_msgs:/home/alvaro/workspace/ros_ur_driver/install/ur:/home/alvaro/workspace/ros_ur_driver/install/ur_calibration:/home/alvaro/workspace/ros_ur_driver/install/ur_robot_driver:/home/alvaro/workspace/ros_ur_driver/install/ur_moveit_config:/home/alvaro/workspace/ros_ur_driver/install/ur_bringup:/home/alvaro/workspace/ros_ur_driver/install/ur_description:/home/alvaro/workspace/ros_ur_driver/install/ur_controllers:/home/alvaro/workspace/ros_ur_driver/install/ur_dashboard_msgs:/home/alvaro/Desktop/pruebas_repo_TFM/TFM_MiguelLerinAlonso/workspace/ros_ur_driver/install/trayectories:/home/alvaro/Desktop/pruebas_repo_TFM/TFM_MiguelLerinAlonso/workspace/ros_ur_driver/install/data_logger:/home/alvaro/ros2_ws_copia/install/my_robot_controller:/home/alvaro/ros2_ws_copia/install/movimiento_articular:/home/alvaro/ros2_ws_copia/install/data_logger:/home/alvaro/ros2_ws/install/my_robot_controller:/opt/ros/humble LD_LIBRARY_PATH=/home/alvaro/TFM_MiguelLerinAlonso/workspace/ros_ur_driver/install/ur_controllers/lib:/home/alvaro/TFM_MiguelLerinAlonso/workspace/ros_ur_driver/install/ur_dashboard_msgs/lib:${LD_LIBRARY_PATH} PYTHONPATH=/home/alvaro/TFM_MiguelLerinAlonso/workspace/ros_ur_driver/install/ur_dashboard_msgs/local/lib/python3.10/dist-packages:${PYTHONPATH} /usr/bin/cmake --install /home/alvaro/TFM_MiguelLerinAlonso/workspace/ros_ur_driver/build/ur_robot_driver
