[1.445s] Invoking command in '/home/alvaro/Desktop/workspace/ros_ur_driver/src/data_logger': PYTHONPATH=/home/alvaro/Desktop/workspace/ros_ur_driver/build/data_logger/prefix_override:/home/alvaro/Desktop/workspace/ros_ur_driver/install/data_logger/lib/python3.10/site-packages:${PYTHONPATH} /usr/bin/python3 -W ignore:setup.py install is deprecated setup.py egg_info --egg-base ../../build/data_logger build --build-base /home/alvaro/Desktop/workspace/ros_ur_driver/build/data_logger/build install --record /home/alvaro/Desktop/workspace/ros_ur_driver/build/data_logger/install.log --single-version-externally-managed install_data
[1.908s] running egg_info
[1.909s] writing ../../build/data_logger/data_logger.egg-info/PKG-INFO
[1.909s] writing dependency_links to ../../build/data_logger/data_logger.egg-info/dependency_links.txt
[1.909s] writing entry points to ../../build/data_logger/data_logger.egg-info/entry_points.txt
[1.909s] writing requirements to ../../build/data_logger/data_logger.egg-info/requires.txt
[1.909s] writing top-level names to ../../build/data_logger/data_logger.egg-info/top_level.txt
[1.911s] reading manifest file '../../build/data_logger/data_logger.egg-info/SOURCES.txt'
[1.913s] writing manifest file '../../build/data_logger/data_logger.egg-info/SOURCES.txt'
[1.913s] running build
[1.913s] running build_py
[1.914s] running install
[1.914s] running install_lib
[1.916s] running install_data
[1.916s] running install_egg_info
[1.919s] removing '/home/alvaro/Desktop/workspace/ros_ur_driver/install/data_logger/lib/python3.10/site-packages/data_logger-0.0.0-py3.10.egg-info' (and everything under it)
[1.919s] Copying ../../build/data_logger/data_logger.egg-info to /home/alvaro/Desktop/workspace/ros_ur_driver/install/data_logger/lib/python3.10/site-packages/data_logger-0.0.0-py3.10.egg-info
[1.921s] running install_scripts
[1.953s] Installing analog_reader script to /home/alvaro/Desktop/workspace/ros_ur_driver/install/data_logger/lib/data_logger
[1.953s] Installing data_emitter script to /home/alvaro/Desktop/workspace/ros_ur_driver/install/data_logger/lib/data_logger
[1.953s] Installing data_reader script to /home/alvaro/Desktop/workspace/ros_ur_driver/install/data_logger/lib/data_logger
[1.954s] Installing digital_reader script to /home/alvaro/Desktop/workspace/ros_ur_driver/install/data_logger/lib/data_logger
[1.954s] Installing joint_reader script to /home/alvaro/Desktop/workspace/ros_ur_driver/install/data_logger/lib/data_logger
[1.954s] Installing multi_logger script to /home/alvaro/Desktop/workspace/ros_ur_driver/install/data_logger/lib/data_logger
[1.954s] Installing super_logger script to /home/alvaro/Desktop/workspace/ros_ur_driver/install/data_logger/lib/data_logger
[1.954s] writing list of installed files to '/home/alvaro/Desktop/workspace/ros_ur_driver/build/data_logger/install.log'
[2.006s] Invoked command in '/home/alvaro/Desktop/workspace/ros_ur_driver/src/data_logger' returned '0': PYTHONPATH=/home/alvaro/Desktop/workspace/ros_ur_driver/build/data_logger/prefix_override:/home/alvaro/Desktop/workspace/ros_ur_driver/install/data_logger/lib/python3.10/site-packages:${PYTHONPATH} /usr/bin/python3 -W ignore:setup.py install is deprecated setup.py egg_info --egg-base ../../build/data_logger build --build-base /home/alvaro/Desktop/workspace/ros_ur_driver/build/data_logger/build install --record /home/alvaro/Desktop/workspace/ros_ur_driver/build/data_logger/install.log --single-version-externally-managed install_data
