[0.090s] Invoking command in '/home/alvaro/Desktop/workspace/ros_ur_driver/build/ur_calibration': CMAKE_PREFIX_PATH=/home/alvaro/Desktop/workspace/ros_ur_driver/install/ur_robot_driver:/home/alvaro/Desktop/workspace/ros_ur_driver/install/ur_controllers:/home/alvaro/Desktop/workspace/ros_ur_driver/install/ur_description:/home/alvaro/Desktop/workspace/ros_ur_driver/install/ur_dashboard_msgs:/home/alvaro/Desktop/workspace/ros_ur_driver/install/ur:/home/alvaro/Desktop/workspace/ros_ur_driver/install/ur_calibration:/home/alvaro/Desktop/workspace/ros_ur_driver/install/ur_moveit_config:/home/alvaro/Desktop/workspace/ros_ur_driver/install/ur_bringup:/home/alvaro/workspace/ros_ur_driver/install/ur:/home/alvaro/workspace/ros_ur_driver/install/ur_calibration:/home/alvaro/workspace/ros_ur_driver/install/ur_robot_driver:/home/alvaro/workspace/ros_ur_driver/install/ur_moveit_config:/home/alvaro/workspace/ros_ur_driver/install/ur_bringup:/home/alvaro/workspace/ros_ur_driver/install/ur_description:/home/alvaro/workspace/ros_ur_driver/install/ur_controllers:/home/alvaro/workspace/ros_ur_driver/install/ur_dashboard_msgs:/home/alvaro/Desktop/workspace/ros_ur_driver/install/trayectories:/home/alvaro/Desktop/workspace/ros_ur_driver/install/data_logger:/home/alvaro/ros2_ws_copia/install/my_robot_controller:/home/alvaro/ros2_ws_copia/install/movimiento_articular:/home/alvaro/ros2_ws_copia/install/data_logger:/home/alvaro/ros2_ws/install/my_robot_controller:/opt/ros/humble /usr/bin/cmake --build /home/alvaro/Desktop/workspace/ros_ur_driver/build/ur_calibration -- -j8 -l8
[0.314s] [ 25%] Built target gmock
[0.317s] [ 41%] Built target gmock_main
[0.347s] [ 66%] Built target calibration
[0.467s] [ 83%] Built target calibration_test
[0.480s] [100%] Built target calibration_correction
[0.523s] Invoked command in '/home/alvaro/Desktop/workspace/ros_ur_driver/build/ur_calibration' returned '0': CMAKE_PREFIX_PATH=/home/alvaro/Desktop/workspace/ros_ur_driver/install/ur_robot_driver:/home/alvaro/Desktop/workspace/ros_ur_driver/install/ur_controllers:/home/alvaro/Desktop/workspace/ros_ur_driver/install/ur_description:/home/alvaro/Desktop/workspace/ros_ur_driver/install/ur_dashboard_msgs:/home/alvaro/Desktop/workspace/ros_ur_driver/install/ur:/home/alvaro/Desktop/workspace/ros_ur_driver/install/ur_calibration:/home/alvaro/Desktop/workspace/ros_ur_driver/install/ur_moveit_config:/home/alvaro/Desktop/workspace/ros_ur_driver/install/ur_bringup:/home/alvaro/workspace/ros_ur_driver/install/ur:/home/alvaro/workspace/ros_ur_driver/install/ur_calibration:/home/alvaro/workspace/ros_ur_driver/install/ur_robot_driver:/home/alvaro/workspace/ros_ur_driver/install/ur_moveit_config:/home/alvaro/workspace/ros_ur_driver/install/ur_bringup:/home/alvaro/workspace/ros_ur_driver/install/ur_description:/home/alvaro/workspace/ros_ur_driver/install/ur_controllers:/home/alvaro/workspace/ros_ur_driver/install/ur_dashboard_msgs:/home/alvaro/Desktop/workspace/ros_ur_driver/install/trayectories:/home/alvaro/Desktop/workspace/ros_ur_driver/install/data_logger:/home/alvaro/ros2_ws_copia/install/my_robot_controller:/home/alvaro/ros2_ws_copia/install/movimiento_articular:/home/alvaro/ros2_ws_copia/install/data_logger:/home/alvaro/ros2_ws/install/my_robot_controller:/opt/ros/humble /usr/bin/cmake --build /home/alvaro/Desktop/workspace/ros_ur_driver/build/ur_calibration -- -j8 -l8
[0.683s] Invoking command in '/home/alvaro/Desktop/workspace/ros_ur_driver/build/ur_calibration': CMAKE_PREFIX_PATH=/home/alvaro/Desktop/workspace/ros_ur_driver/install/ur_robot_driver:/home/alvaro/Desktop/workspace/ros_ur_driver/install/ur_controllers:/home/alvaro/Desktop/workspace/ros_ur_driver/install/ur_description:/home/alvaro/Desktop/workspace/ros_ur_driver/install/ur_dashboard_msgs:/home/alvaro/Desktop/workspace/ros_ur_driver/install/ur:/home/alvaro/Desktop/workspace/ros_ur_driver/install/ur_calibration:/home/alvaro/Desktop/workspace/ros_ur_driver/install/ur_moveit_config:/home/alvaro/Desktop/workspace/ros_ur_driver/install/ur_bringup:/home/alvaro/workspace/ros_ur_driver/install/ur:/home/alvaro/workspace/ros_ur_driver/install/ur_calibration:/home/alvaro/workspace/ros_ur_driver/install/ur_robot_driver:/home/alvaro/workspace/ros_ur_driver/install/ur_moveit_config:/home/alvaro/workspace/ros_ur_driver/install/ur_bringup:/home/alvaro/workspace/ros_ur_driver/install/ur_description:/home/alvaro/workspace/ros_ur_driver/install/ur_controllers:/home/alvaro/workspace/ros_ur_driver/install/ur_dashboard_msgs:/home/alvaro/Desktop/workspace/ros_ur_driver/install/trayectories:/home/alvaro/Desktop/workspace/ros_ur_driver/install/data_logger:/home/alvaro/ros2_ws_copia/install/my_robot_controller:/home/alvaro/ros2_ws_copia/install/movimiento_articular:/home/alvaro/ros2_ws_copia/install/data_logger:/home/alvaro/ros2_ws/install/my_robot_controller:/opt/ros/humble /usr/bin/cmake --install /home/alvaro/Desktop/workspace/ros_ur_driver/build/ur_calibration
[0.712s] -- Install configuration: "Release"
[0.713s] -- Up-to-date: /home/alvaro/Desktop/workspace/ros_ur_driver/install/ur_calibration/lib/ur_calibration/calibration_correction
[0.714s] -- Up-to-date: /home/alvaro/Desktop/workspace/ros_ur_driver/install/ur_calibration/include
[0.715s] -- Up-to-date: /home/alvaro/Desktop/workspace/ros_ur_driver/install/ur_calibration/include/ur_calibration
[0.716s] -- Up-to-date: /home/alvaro/Desktop/workspace/ros_ur_driver/install/ur_calibration/include/ur_calibration/calibration_consumer.hpp
[0.717s] -- Up-to-date: /home/alvaro/Desktop/workspace/ros_ur_driver/install/ur_calibration/include/ur_calibration/calibration.hpp
[0.717s] -- Up-to-date: /home/alvaro/Desktop/workspace/ros_ur_driver/install/ur_calibration/share/ur_calibration/launch
[0.718s] -- Up-to-date: /home/alvaro/Desktop/workspace/ros_ur_driver/install/ur_calibration/share/ur_calibration/launch/calibration_correction.launch.py
[0.718s] -- Up-to-date: /home/alvaro/Desktop/workspace/ros_ur_driver/install/ur_calibration/share/ament_index/resource_index/package_run_dependencies/ur_calibration
[0.718s] -- Up-to-date: /home/alvaro/Desktop/workspace/ros_ur_driver/install/ur_calibration/share/ament_index/resource_index/parent_prefix_path/ur_calibration
[0.719s] -- Up-to-date: /home/alvaro/Desktop/workspace/ros_ur_driver/install/ur_calibration/share/ur_calibration/environment/ament_prefix_path.sh
[0.719s] -- Up-to-date: /home/alvaro/Desktop/workspace/ros_ur_driver/install/ur_calibration/share/ur_calibration/environment/ament_prefix_path.dsv
[0.720s] -- Up-to-date: /home/alvaro/Desktop/workspace/ros_ur_driver/install/ur_calibration/share/ur_calibration/environment/path.sh
[0.720s] -- Up-to-date: /home/alvaro/Desktop/workspace/ros_ur_driver/install/ur_calibration/share/ur_calibration/environment/path.dsv
[0.720s] -- Up-to-date: /home/alvaro/Desktop/workspace/ros_ur_driver/install/ur_calibration/share/ur_calibration/local_setup.bash
[0.721s] -- Up-to-date: /home/alvaro/Desktop/workspace/ros_ur_driver/install/ur_calibration/share/ur_calibration/local_setup.sh
[0.721s] -- Up-to-date: /home/alvaro/Desktop/workspace/ros_ur_driver/install/ur_calibration/share/ur_calibration/local_setup.zsh
[0.721s] -- Up-to-date: /home/alvaro/Desktop/workspace/ros_ur_driver/install/ur_calibration/share/ur_calibration/local_setup.dsv
[0.722s] -- Installing: /home/alvaro/Desktop/workspace/ros_ur_driver/install/ur_calibration/share/ur_calibration/package.dsv
[0.722s] -- Up-to-date: /home/alvaro/Desktop/workspace/ros_ur_driver/install/ur_calibration/share/ament_index/resource_index/packages/ur_calibration
[0.722s] -- Up-to-date: /home/alvaro/Desktop/workspace/ros_ur_driver/install/ur_calibration/share/ur_calibration/cmake/ament_cmake_export_include_directories-extras.cmake
[0.722s] -- Up-to-date: /home/alvaro/Desktop/workspace/ros_ur_driver/install/ur_calibration/share/ur_calibration/cmake/ament_cmake_export_dependencies-extras.cmake
[0.723s] -- Up-to-date: /home/alvaro/Desktop/workspace/ros_ur_driver/install/ur_calibration/share/ur_calibration/cmake/ur_calibrationConfig.cmake
[0.723s] -- Up-to-date: /home/alvaro/Desktop/workspace/ros_ur_driver/install/ur_calibration/share/ur_calibration/cmake/ur_calibrationConfig-version.cmake
[0.723s] -- Up-to-date: /home/alvaro/Desktop/workspace/ros_ur_driver/install/ur_calibration/share/ur_calibration/package.xml
[0.730s] Invoked command in '/home/alvaro/Desktop/workspace/ros_ur_driver/build/ur_calibration' returned '0': CMAKE_PREFIX_PATH=/home/alvaro/Desktop/workspace/ros_ur_driver/install/ur_robot_driver:/home/alvaro/Desktop/workspace/ros_ur_driver/install/ur_controllers:/home/alvaro/Desktop/workspace/ros_ur_driver/install/ur_description:/home/alvaro/Desktop/workspace/ros_ur_driver/install/ur_dashboard_msgs:/home/alvaro/Desktop/workspace/ros_ur_driver/install/ur:/home/alvaro/Desktop/workspace/ros_ur_driver/install/ur_calibration:/home/alvaro/Desktop/workspace/ros_ur_driver/install/ur_moveit_config:/home/alvaro/Desktop/workspace/ros_ur_driver/install/ur_bringup:/home/alvaro/workspace/ros_ur_driver/install/ur:/home/alvaro/workspace/ros_ur_driver/install/ur_calibration:/home/alvaro/workspace/ros_ur_driver/install/ur_robot_driver:/home/alvaro/workspace/ros_ur_driver/install/ur_moveit_config:/home/alvaro/workspace/ros_ur_driver/install/ur_bringup:/home/alvaro/workspace/ros_ur_driver/install/ur_description:/home/alvaro/workspace/ros_ur_driver/install/ur_controllers:/home/alvaro/workspace/ros_ur_driver/install/ur_dashboard_msgs:/home/alvaro/Desktop/workspace/ros_ur_driver/install/trayectories:/home/alvaro/Desktop/workspace/ros_ur_driver/install/data_logger:/home/alvaro/ros2_ws_copia/install/my_robot_controller:/home/alvaro/ros2_ws_copia/install/movimiento_articular:/home/alvaro/ros2_ws_copia/install/data_logger:/home/alvaro/ros2_ws/install/my_robot_controller:/opt/ros/humble /usr/bin/cmake --install /home/alvaro/Desktop/workspace/ros_ur_driver/build/ur_calibration
