[0.030s] Invoking command in '/home/alvaro/Desktop/workspace/ros_ur_driver/build/ur_dashboard_msgs': CMAKE_PREFIX_PATH=${CMAKE_PREFIX_PATH}:/home/alvaro/Desktop/workspace/ros_ur_driver/install/trayectories:/home/alvaro/Desktop/workspace/ros_ur_driver/install/data_logger:/home/alvaro/ros2_ws_copia/install/my_robot_controller:/home/alvaro/ros2_ws_copia/install/movimiento_articular:/home/alvaro/ros2_ws_copia/install/data_logger:/home/alvaro/ros2_ws/install/my_robot_controller:/opt/ros/humble /usr/bin/cmake --build /home/alvaro/Desktop/workspace/ros_ur_driver/build/ur_dashboard_msgs -- -j8 -l8
[0.413s] [  0%] Built target ur_dashboard_msgs__cpp
[0.414s] [ 12%] Built target ur_dashboard_msgs__rosidl_generator_c
[0.415s] [ 12%] Built target ament_cmake_python_copy_ur_dashboard_msgs
[0.415s] [ 24%] Built target ur_dashboard_msgs__rosidl_typesupport_introspection_cpp
[0.415s] [ 36%] Built target ur_dashboard_msgs__rosidl_typesupport_cpp
[0.416s] [ 48%] Built target ur_dashboard_msgs__rosidl_typesupport_introspection_c
[0.416s] [ 60%] Built target ur_dashboard_msgs__rosidl_typesupport_c
[0.416s] [ 84%] Built target ur_dashboard_msgs__rosidl_typesupport_fastrtps_cpp
[0.416s] [ 84%] Built target ur_dashboard_msgs__rosidl_typesupport_fastrtps_c
[0.416s] [ 84%] Built target ur_dashboard_msgs
[0.416s] [ 85%] Built target ur_dashboard_msgs__py
[0.416s] [ 96%] Built target ur_dashboard_msgs__rosidl_generator_py
[0.416s] [ 98%] Built target ur_dashboard_msgs__rosidl_typesupport_introspection_c__pyext
[0.417s] [ 99%] Built target ur_dashboard_msgs__rosidl_typesupport_c__pyext
[0.417s] [100%] Built target ur_dashboard_msgs__rosidl_typesupport_fastrtps_c__pyext
[0.453s] running egg_info
[0.454s] writing ur_dashboard_msgs.egg-info/PKG-INFO
[0.454s] writing dependency_links to ur_dashboard_msgs.egg-info/dependency_links.txt
[0.454s] writing top-level names to ur_dashboard_msgs.egg-info/top_level.txt
[0.457s] reading manifest file 'ur_dashboard_msgs.egg-info/SOURCES.txt'
[0.458s] writing manifest file 'ur_dashboard_msgs.egg-info/SOURCES.txt'
[0.486s] [100%] Built target ament_cmake_python_build_ur_dashboard_msgs_egg
[0.730s] Invoked command in '/home/alvaro/Desktop/workspace/ros_ur_driver/build/ur_dashboard_msgs' returned '0': CMAKE_PREFIX_PATH=${CMAKE_PREFIX_PATH}:/home/alvaro/Desktop/workspace/ros_ur_driver/install/trayectories:/home/alvaro/Desktop/workspace/ros_ur_driver/install/data_logger:/home/alvaro/ros2_ws_copia/install/my_robot_controller:/home/alvaro/ros2_ws_copia/install/movimiento_articular:/home/alvaro/ros2_ws_copia/install/data_logger:/home/alvaro/ros2_ws/install/my_robot_controller:/opt/ros/humble /usr/bin/cmake --build /home/alvaro/Desktop/workspace/ros_ur_driver/build/ur_dashboard_msgs -- -j8 -l8
[1.128s] Invoking command in '/home/alvaro/Desktop/workspace/ros_ur_driver/build/ur_dashboard_msgs': CMAKE_PREFIX_PATH=${CMAKE_PREFIX_PATH}:/home/alvaro/Desktop/workspace/ros_ur_driver/install/trayectories:/home/alvaro/Desktop/workspace/ros_ur_driver/install/data_logger:/home/alvaro/ros2_ws_copia/install/my_robot_controller:/home/alvaro/ros2_ws_copia/install/movimiento_articular:/home/alvaro/ros2_ws_copia/install/data_logger:/home/alvaro/ros2_ws/install/my_robot_controller:/opt/ros/humble /usr/bin/cmake --install /home/alvaro/Desktop/workspace/ros_ur_driver/build/ur_dashboard_msgs
[1.141s] -- Install configuration: "Release"
[1.141s] -- Up-to-date: /home/alvaro/Desktop/workspace/ros_ur_driver/install/ur_dashboard_msgs/share/ament_index/resource_index/rosidl_interfaces/ur_dashboard_msgs
[1.142s] -- Up-to-date: /home/alvaro/Desktop/workspace/ros_ur_driver/install/ur_dashboard_msgs/include/ur_dashboard_msgs/ur_dashboard_msgs
[1.142s] -- Up-to-date: /home/alvaro/Desktop/workspace/ros_ur_driver/install/ur_dashboard_msgs/include/ur_dashboard_msgs/ur_dashboard_msgs/action
[1.142s] -- Up-to-date: /home/alvaro/Desktop/workspace/ros_ur_driver/install/ur_dashboard_msgs/include/ur_dashboard_msgs/ur_dashboard_msgs/action/detail
[1.142s] -- Up-to-date: /home/alvaro/Desktop/workspace/ros_ur_driver/install/ur_dashboard_msgs/include/ur_dashboard_msgs/ur_dashboard_msgs/action/detail/set_mode__type_support.h
[1.142s] -- Up-to-date: /home/alvaro/Desktop/workspace/ros_ur_driver/install/ur_dashboard_msgs/include/ur_dashboard_msgs/ur_dashboard_msgs/action/detail/set_mode__functions.h
[1.143s] -- Up-to-date: /home/alvaro/Desktop/workspace/ros_ur_driver/install/ur_dashboard_msgs/include/ur_dashboard_msgs/ur_dashboard_msgs/action/detail/set_mode__functions.c
[1.143s] -- Up-to-date: /home/alvaro/Desktop/workspace/ros_ur_driver/install/ur_dashboard_msgs/include/ur_dashboard_msgs/ur_dashboard_msgs/action/detail/set_mode__struct.h
[1.143s] -- Up-to-date: /home/alvaro/Desktop/workspace/ros_ur_driver/install/ur_dashboard_msgs/include/ur_dashboard_msgs/ur_dashboard_msgs/action/set_mode.h
[1.143s] -- Up-to-date: /home/alvaro/Desktop/workspace/ros_ur_driver/install/ur_dashboard_msgs/include/ur_dashboard_msgs/ur_dashboard_msgs/msg
[1.144s] -- Up-to-date: /home/alvaro/Desktop/workspace/ros_ur_driver/install/ur_dashboard_msgs/include/ur_dashboard_msgs/ur_dashboard_msgs/msg/program_state.h
[1.144s] -- Up-to-date: /home/alvaro/Desktop/workspace/ros_ur_driver/install/ur_dashboard_msgs/include/ur_dashboard_msgs/ur_dashboard_msgs/msg/detail
[1.144s] -- Up-to-date: /home/alvaro/Desktop/workspace/ros_ur_driver/install/ur_dashboard_msgs/include/ur_dashboard_msgs/ur_dashboard_msgs/msg/detail/safety_mode__functions.h
[1.144s] -- Up-to-date: /home/alvaro/Desktop/workspace/ros_ur_driver/install/ur_dashboard_msgs/include/ur_dashboard_msgs/ur_dashboard_msgs/msg/detail/program_state__type_support.h
[1.144s] -- Up-to-date: /home/alvaro/Desktop/workspace/ros_ur_driver/install/ur_dashboard_msgs/include/ur_dashboard_msgs/ur_dashboard_msgs/msg/detail/program_state__struct.h
[1.144s] -- Up-to-date: /home/alvaro/Desktop/workspace/ros_ur_driver/install/ur_dashboard_msgs/include/ur_dashboard_msgs/ur_dashboard_msgs/msg/detail/robot_mode__type_support.h
[1.145s] -- Up-to-date: /home/alvaro/Desktop/workspace/ros_ur_driver/install/ur_dashboard_msgs/include/ur_dashboard_msgs/ur_dashboard_msgs/msg/detail/robot_mode__functions.c
[1.145s] -- Up-to-date: /home/alvaro/Desktop/workspace/ros_ur_driver/install/ur_dashboard_msgs/include/ur_dashboard_msgs/ur_dashboard_msgs/msg/detail/robot_mode__struct.h
[1.145s] -- Up-to-date: /home/alvaro/Desktop/workspace/ros_ur_driver/install/ur_dashboard_msgs/include/ur_dashboard_msgs/ur_dashboard_msgs/msg/detail/program_state__functions.c
[1.145s] -- Up-to-date: /home/alvaro/Desktop/workspace/ros_ur_driver/install/ur_dashboard_msgs/include/ur_dashboard_msgs/ur_dashboard_msgs/msg/detail/safety_mode__functions.c
[1.146s] -- Up-to-date: /home/alvaro/Desktop/workspace/ros_ur_driver/install/ur_dashboard_msgs/include/ur_dashboard_msgs/ur_dashboard_msgs/msg/detail/program_state__functions.h
[1.146s] -- Up-to-date: /home/alvaro/Desktop/workspace/ros_ur_driver/install/ur_dashboard_msgs/include/ur_dashboard_msgs/ur_dashboard_msgs/msg/detail/safety_mode__struct.h
[1.146s] -- Up-to-date: /home/alvaro/Desktop/workspace/ros_ur_driver/install/ur_dashboard_msgs/include/ur_dashboard_msgs/ur_dashboard_msgs/msg/detail/safety_mode__type_support.h
[1.146s] -- Up-to-date: /home/alvaro/Desktop/workspace/ros_ur_driver/install/ur_dashboard_msgs/include/ur_dashboard_msgs/ur_dashboard_msgs/msg/detail/robot_mode__functions.h
[1.146s] -- Up-to-date: /home/alvaro/Desktop/workspace/ros_ur_driver/install/ur_dashboard_msgs/include/ur_dashboard_msgs/ur_dashboard_msgs/msg/rosidl_generator_c__visibility_control.h
[1.147s] -- Up-to-date: /home/alvaro/Desktop/workspace/ros_ur_driver/install/ur_dashboard_msgs/include/ur_dashboard_msgs/ur_dashboard_msgs/msg/robot_mode.h
[1.147s] -- Up-to-date: /home/alvaro/Desktop/workspace/ros_ur_driver/install/ur_dashboard_msgs/include/ur_dashboard_msgs/ur_dashboard_msgs/msg/safety_mode.h
[1.147s] -- Up-to-date: /home/alvaro/Desktop/workspace/ros_ur_driver/install/ur_dashboard_msgs/include/ur_dashboard_msgs/ur_dashboard_msgs/srv
[1.147s] -- Up-to-date: /home/alvaro/Desktop/workspace/ros_ur_driver/install/ur_dashboard_msgs/include/ur_dashboard_msgs/ur_dashboard_msgs/srv/get_program_state.h
[1.148s] -- Up-to-date: /home/alvaro/Desktop/workspace/ros_ur_driver/install/ur_dashboard_msgs/include/ur_dashboard_msgs/ur_dashboard_msgs/srv/add_to_log.h
[1.148s] -- Up-to-date: /home/alvaro/Desktop/workspace/ros_ur_driver/install/ur_dashboard_msgs/include/ur_dashboard_msgs/ur_dashboard_msgs/srv/raw_request.h
[1.148s] -- Up-to-date: /home/alvaro/Desktop/workspace/ros_ur_driver/install/ur_dashboard_msgs/include/ur_dashboard_msgs/ur_dashboard_msgs/srv/detail
[1.148s] -- Up-to-date: /home/alvaro/Desktop/workspace/ros_ur_driver/install/ur_dashboard_msgs/include/ur_dashboard_msgs/ur_dashboard_msgs/srv/detail/load__type_support.h
[1.148s] -- Up-to-date: /home/alvaro/Desktop/workspace/ros_ur_driver/install/ur_dashboard_msgs/include/ur_dashboard_msgs/ur_dashboard_msgs/srv/detail/get_loaded_program__struct.h
[1.148s] -- Up-to-date: /home/alvaro/Desktop/workspace/ros_ur_driver/install/ur_dashboard_msgs/include/ur_dashboard_msgs/ur_dashboard_msgs/srv/detail/is_program_saved__struct.h
[1.149s] -- Up-to-date: /home/alvaro/Desktop/workspace/ros_ur_driver/install/ur_dashboard_msgs/include/ur_dashboard_msgs/ur_dashboard_msgs/srv/detail/get_robot_mode__functions.c
[1.149s] -- Up-to-date: /home/alvaro/Desktop/workspace/ros_ur_driver/install/ur_dashboard_msgs/include/ur_dashboard_msgs/ur_dashboard_msgs/srv/detail/get_program_state__struct.h
[1.149s] -- Up-to-date: /home/alvaro/Desktop/workspace/ros_ur_driver/install/ur_dashboard_msgs/include/ur_dashboard_msgs/ur_dashboard_msgs/srv/detail/is_program_saved__functions.c
[1.149s] -- Up-to-date: /home/alvaro/Desktop/workspace/ros_ur_driver/install/ur_dashboard_msgs/include/ur_dashboard_msgs/ur_dashboard_msgs/srv/detail/get_loaded_program__functions.c
[1.149s] -- Up-to-date: /home/alvaro/Desktop/workspace/ros_ur_driver/install/ur_dashboard_msgs/include/ur_dashboard_msgs/ur_dashboard_msgs/srv/detail/get_safety_mode__functions.h
[1.150s] -- Up-to-date: /home/alvaro/Desktop/workspace/ros_ur_driver/install/ur_dashboard_msgs/include/ur_dashboard_msgs/ur_dashboard_msgs/srv/detail/get_robot_mode__functions.h
[1.150s] -- Up-to-date: /home/alvaro/Desktop/workspace/ros_ur_driver/install/ur_dashboard_msgs/include/ur_dashboard_msgs/ur_dashboard_msgs/srv/detail/get_safety_mode__functions.c
[1.150s] -- Up-to-date: /home/alvaro/Desktop/workspace/ros_ur_driver/install/ur_dashboard_msgs/include/ur_dashboard_msgs/ur_dashboard_msgs/srv/detail/raw_request__functions.h
[1.150s] -- Up-to-date: /home/alvaro/Desktop/workspace/ros_ur_driver/install/ur_dashboard_msgs/include/ur_dashboard_msgs/ur_dashboard_msgs/srv/detail/popup__functions.c
[1.151s] -- Up-to-date: /home/alvaro/Desktop/workspace/ros_ur_driver/install/ur_dashboard_msgs/include/ur_dashboard_msgs/ur_dashboard_msgs/srv/detail/get_loaded_program__functions.h
[1.151s] -- Up-to-date: /home/alvaro/Desktop/workspace/ros_ur_driver/install/ur_dashboard_msgs/include/ur_dashboard_msgs/ur_dashboard_msgs/srv/detail/add_to_log__struct.h
[1.151s] -- Up-to-date: /home/alvaro/Desktop/workspace/ros_ur_driver/install/ur_dashboard_msgs/include/ur_dashboard_msgs/ur_dashboard_msgs/srv/detail/is_program_running__struct.h
[1.151s] -- Up-to-date: /home/alvaro/Desktop/workspace/ros_ur_driver/install/ur_dashboard_msgs/include/ur_dashboard_msgs/ur_dashboard_msgs/srv/detail/load__struct.h
[1.151s] -- Up-to-date: /home/alvaro/Desktop/workspace/ros_ur_driver/install/ur_dashboard_msgs/include/ur_dashboard_msgs/ur_dashboard_msgs/srv/detail/load__functions.h
[1.152s] -- Up-to-date: /home/alvaro/Desktop/workspace/ros_ur_driver/install/ur_dashboard_msgs/include/ur_dashboard_msgs/ur_dashboard_msgs/srv/detail/get_program_state__functions.c
[1.152s] -- Up-to-date: /home/alvaro/Desktop/workspace/ros_ur_driver/install/ur_dashboard_msgs/include/ur_dashboard_msgs/ur_dashboard_msgs/srv/detail/load__functions.c
[1.152s] -- Up-to-date: /home/alvaro/Desktop/workspace/ros_ur_driver/install/ur_dashboard_msgs/include/ur_dashboard_msgs/ur_dashboard_msgs/srv/detail/is_program_running__type_support.h
[1.152s] -- Up-to-date: /home/alvaro/Desktop/workspace/ros_ur_driver/install/ur_dashboard_msgs/include/ur_dashboard_msgs/ur_dashboard_msgs/srv/detail/get_loaded_program__type_support.h
[1.153s] -- Up-to-date: /home/alvaro/Desktop/workspace/ros_ur_driver/install/ur_dashboard_msgs/include/ur_dashboard_msgs/ur_dashboard_msgs/srv/detail/popup__type_support.h
[1.153s] -- Up-to-date: /home/alvaro/Desktop/workspace/ros_ur_driver/install/ur_dashboard_msgs/include/ur_dashboard_msgs/ur_dashboard_msgs/srv/detail/popup__functions.h
[1.153s] -- Up-to-date: /home/alvaro/Desktop/workspace/ros_ur_driver/install/ur_dashboard_msgs/include/ur_dashboard_msgs/ur_dashboard_msgs/srv/detail/get_safety_mode__type_support.h
[1.153s] -- Up-to-date: /home/alvaro/Desktop/workspace/ros_ur_driver/install/ur_dashboard_msgs/include/ur_dashboard_msgs/ur_dashboard_msgs/srv/detail/raw_request__type_support.h
[1.153s] -- Up-to-date: /home/alvaro/Desktop/workspace/ros_ur_driver/install/ur_dashboard_msgs/include/ur_dashboard_msgs/ur_dashboard_msgs/srv/detail/is_program_running__functions.h
[1.153s] -- Up-to-date: /home/alvaro/Desktop/workspace/ros_ur_driver/install/ur_dashboard_msgs/include/ur_dashboard_msgs/ur_dashboard_msgs/srv/detail/raw_request__functions.c
[1.154s] -- Up-to-date: /home/alvaro/Desktop/workspace/ros_ur_driver/install/ur_dashboard_msgs/include/ur_dashboard_msgs/ur_dashboard_msgs/srv/detail/is_program_running__functions.c
[1.154s] -- Up-to-date: /home/alvaro/Desktop/workspace/ros_ur_driver/install/ur_dashboard_msgs/include/ur_dashboard_msgs/ur_dashboard_msgs/srv/detail/get_program_state__functions.h
[1.154s] -- Up-to-date: /home/alvaro/Desktop/workspace/ros_ur_driver/install/ur_dashboard_msgs/include/ur_dashboard_msgs/ur_dashboard_msgs/srv/detail/add_to_log__functions.h
[1.154s] -- Up-to-date: /home/alvaro/Desktop/workspace/ros_ur_driver/install/ur_dashboard_msgs/include/ur_dashboard_msgs/ur_dashboard_msgs/srv/detail/get_robot_mode__type_support.h
[1.154s] -- Up-to-date: /home/alvaro/Desktop/workspace/ros_ur_driver/install/ur_dashboard_msgs/include/ur_dashboard_msgs/ur_dashboard_msgs/srv/detail/raw_request__struct.h
[1.155s] -- Up-to-date: /home/alvaro/Desktop/workspace/ros_ur_driver/install/ur_dashboard_msgs/include/ur_dashboard_msgs/ur_dashboard_msgs/srv/detail/is_program_saved__type_support.h
[1.155s] -- Up-to-date: /home/alvaro/Desktop/workspace/ros_ur_driver/install/ur_dashboard_msgs/include/ur_dashboard_msgs/ur_dashboard_msgs/srv/detail/get_safety_mode__struct.h
[1.155s] -- Up-to-date: /home/alvaro/Desktop/workspace/ros_ur_driver/install/ur_dashboard_msgs/include/ur_dashboard_msgs/ur_dashboard_msgs/srv/detail/is_program_saved__functions.h
[1.155s] -- Up-to-date: /home/alvaro/Desktop/workspace/ros_ur_driver/install/ur_dashboard_msgs/include/ur_dashboard_msgs/ur_dashboard_msgs/srv/detail/add_to_log__functions.c
[1.155s] -- Up-to-date: /home/alvaro/Desktop/workspace/ros_ur_driver/install/ur_dashboard_msgs/include/ur_dashboard_msgs/ur_dashboard_msgs/srv/detail/get_program_state__type_support.h
[1.155s] -- Up-to-date: /home/alvaro/Desktop/workspace/ros_ur_driver/install/ur_dashboard_msgs/include/ur_dashboard_msgs/ur_dashboard_msgs/srv/detail/get_robot_mode__struct.h
[1.156s] -- Up-to-date: /home/alvaro/Desktop/workspace/ros_ur_driver/install/ur_dashboard_msgs/include/ur_dashboard_msgs/ur_dashboard_msgs/srv/detail/add_to_log__type_support.h
[1.156s] -- Up-to-date: /home/alvaro/Desktop/workspace/ros_ur_driver/install/ur_dashboard_msgs/include/ur_dashboard_msgs/ur_dashboard_msgs/srv/detail/popup__struct.h
[1.156s] -- Up-to-date: /home/alvaro/Desktop/workspace/ros_ur_driver/install/ur_dashboard_msgs/include/ur_dashboard_msgs/ur_dashboard_msgs/srv/load.h
[1.156s] -- Up-to-date: /home/alvaro/Desktop/workspace/ros_ur_driver/install/ur_dashboard_msgs/include/ur_dashboard_msgs/ur_dashboard_msgs/srv/get_robot_mode.h
[1.156s] -- Up-to-date: /home/alvaro/Desktop/workspace/ros_ur_driver/install/ur_dashboard_msgs/include/ur_dashboard_msgs/ur_dashboard_msgs/srv/get_safety_mode.h
[1.156s] -- Up-to-date: /home/alvaro/Desktop/workspace/ros_ur_driver/install/ur_dashboard_msgs/include/ur_dashboard_msgs/ur_dashboard_msgs/srv/get_loaded_program.h
[1.157s] -- Up-to-date: /home/alvaro/Desktop/workspace/ros_ur_driver/install/ur_dashboard_msgs/include/ur_dashboard_msgs/ur_dashboard_msgs/srv/popup.h
[1.157s] -- Up-to-date: /home/alvaro/Desktop/workspace/ros_ur_driver/install/ur_dashboard_msgs/include/ur_dashboard_msgs/ur_dashboard_msgs/srv/is_program_running.h
[1.157s] -- Up-to-date: /home/alvaro/Desktop/workspace/ros_ur_driver/install/ur_dashboard_msgs/include/ur_dashboard_msgs/ur_dashboard_msgs/srv/is_program_saved.h
[1.157s] -- Up-to-date: /home/alvaro/Desktop/workspace/ros_ur_driver/install/ur_dashboard_msgs/share/ur_dashboard_msgs/environment/library_path.sh
[1.157s] -- Up-to-date: /home/alvaro/Desktop/workspace/ros_ur_driver/install/ur_dashboard_msgs/share/ur_dashboard_msgs/environment/library_path.dsv
[1.158s] -- Up-to-date: /home/alvaro/Desktop/workspace/ros_ur_driver/install/ur_dashboard_msgs/lib/libur_dashboard_msgs__rosidl_generator_c.so
[1.158s] -- Up-to-date: /home/alvaro/Desktop/workspace/ros_ur_driver/install/ur_dashboard_msgs/include/ur_dashboard_msgs/ur_dashboard_msgs
[1.158s] -- Up-to-date: /home/alvaro/Desktop/workspace/ros_ur_driver/install/ur_dashboard_msgs/include/ur_dashboard_msgs/ur_dashboard_msgs/action
[1.158s] -- Up-to-date: /home/alvaro/Desktop/workspace/ros_ur_driver/install/ur_dashboard_msgs/include/ur_dashboard_msgs/ur_dashboard_msgs/action/detail
[1.158s] -- Up-to-date: /home/alvaro/Desktop/workspace/ros_ur_driver/install/ur_dashboard_msgs/include/ur_dashboard_msgs/ur_dashboard_msgs/action/detail/set_mode__rosidl_typesupport_fastrtps_c.h
[1.158s] -- Up-to-date: /home/alvaro/Desktop/workspace/ros_ur_driver/install/ur_dashboard_msgs/include/ur_dashboard_msgs/ur_dashboard_msgs/msg
[1.158s] -- Up-to-date: /home/alvaro/Desktop/workspace/ros_ur_driver/install/ur_dashboard_msgs/include/ur_dashboard_msgs/ur_dashboard_msgs/msg/detail
[1.158s] -- Up-to-date: /home/alvaro/Desktop/workspace/ros_ur_driver/install/ur_dashboard_msgs/include/ur_dashboard_msgs/ur_dashboard_msgs/msg/detail/program_state__rosidl_typesupport_fastrtps_c.h
[1.159s] -- Up-to-date: /home/alvaro/Desktop/workspace/ros_ur_driver/install/ur_dashboard_msgs/include/ur_dashboard_msgs/ur_dashboard_msgs/msg/detail/safety_mode__rosidl_typesupport_fastrtps_c.h
[1.159s] -- Up-to-date: /home/alvaro/Desktop/workspace/ros_ur_driver/install/ur_dashboard_msgs/include/ur_dashboard_msgs/ur_dashboard_msgs/msg/detail/robot_mode__rosidl_typesupport_fastrtps_c.h
[1.159s] -- Up-to-date: /home/alvaro/Desktop/workspace/ros_ur_driver/install/ur_dashboard_msgs/include/ur_dashboard_msgs/ur_dashboard_msgs/msg/rosidl_typesupport_fastrtps_c__visibility_control.h
[1.159s] -- Up-to-date: /home/alvaro/Desktop/workspace/ros_ur_driver/install/ur_dashboard_msgs/include/ur_dashboard_msgs/ur_dashboard_msgs/srv
[1.159s] -- Up-to-date: /home/alvaro/Desktop/workspace/ros_ur_driver/install/ur_dashboard_msgs/include/ur_dashboard_msgs/ur_dashboard_msgs/srv/detail
[1.159s] -- Up-to-date: /home/alvaro/Desktop/workspace/ros_ur_driver/install/ur_dashboard_msgs/include/ur_dashboard_msgs/ur_dashboard_msgs/srv/detail/is_program_running__rosidl_typesupport_fastrtps_c.h
[1.159s] -- Up-to-date: /home/alvaro/Desktop/workspace/ros_ur_driver/install/ur_dashboard_msgs/include/ur_dashboard_msgs/ur_dashboard_msgs/srv/detail/get_safety_mode__rosidl_typesupport_fastrtps_c.h
[1.159s] -- Up-to-date: /home/alvaro/Desktop/workspace/ros_ur_driver/install/ur_dashboard_msgs/include/ur_dashboard_msgs/ur_dashboard_msgs/srv/detail/popup__rosidl_typesupport_fastrtps_c.h
[1.159s] -- Up-to-date: /home/alvaro/Desktop/workspace/ros_ur_driver/install/ur_dashboard_msgs/include/ur_dashboard_msgs/ur_dashboard_msgs/srv/detail/get_loaded_program__rosidl_typesupport_fastrtps_c.h
[1.159s] -- Up-to-date: /home/alvaro/Desktop/workspace/ros_ur_driver/install/ur_dashboard_msgs/include/ur_dashboard_msgs/ur_dashboard_msgs/srv/detail/raw_request__rosidl_typesupport_fastrtps_c.h
[1.160s] -- Up-to-date: /home/alvaro/Desktop/workspace/ros_ur_driver/install/ur_dashboard_msgs/include/ur_dashboard_msgs/ur_dashboard_msgs/srv/detail/get_program_state__rosidl_typesupport_fastrtps_c.h
[1.160s] -- Up-to-date: /home/alvaro/Desktop/workspace/ros_ur_driver/install/ur_dashboard_msgs/include/ur_dashboard_msgs/ur_dashboard_msgs/srv/detail/add_to_log__rosidl_typesupport_fastrtps_c.h
[1.160s] -- Up-to-date: /home/alvaro/Desktop/workspace/ros_ur_driver/install/ur_dashboard_msgs/include/ur_dashboard_msgs/ur_dashboard_msgs/srv/detail/get_robot_mode__rosidl_typesupport_fastrtps_c.h
[1.160s] -- Up-to-date: /home/alvaro/Desktop/workspace/ros_ur_driver/install/ur_dashboard_msgs/include/ur_dashboard_msgs/ur_dashboard_msgs/srv/detail/is_program_saved__rosidl_typesupport_fastrtps_c.h
[1.160s] -- Up-to-date: /home/alvaro/Desktop/workspace/ros_ur_driver/install/ur_dashboard_msgs/include/ur_dashboard_msgs/ur_dashboard_msgs/srv/detail/load__rosidl_typesupport_fastrtps_c.h
[1.160s] -- Up-to-date: /home/alvaro/Desktop/workspace/ros_ur_driver/install/ur_dashboard_msgs/lib/libur_dashboard_msgs__rosidl_typesupport_fastrtps_c.so
[1.160s] -- Up-to-date: /home/alvaro/Desktop/workspace/ros_ur_driver/install/ur_dashboard_msgs/include/ur_dashboard_msgs/ur_dashboard_msgs
[1.160s] -- Up-to-date: /home/alvaro/Desktop/workspace/ros_ur_driver/install/ur_dashboard_msgs/include/ur_dashboard_msgs/ur_dashboard_msgs/action
[1.160s] -- Up-to-date: /home/alvaro/Desktop/workspace/ros_ur_driver/install/ur_dashboard_msgs/include/ur_dashboard_msgs/ur_dashboard_msgs/action/detail
[1.160s] -- Up-to-date: /home/alvaro/Desktop/workspace/ros_ur_driver/install/ur_dashboard_msgs/include/ur_dashboard_msgs/ur_dashboard_msgs/action/detail/set_mode__type_support.c
[1.160s] -- Up-to-date: /home/alvaro/Desktop/workspace/ros_ur_driver/install/ur_dashboard_msgs/include/ur_dashboard_msgs/ur_dashboard_msgs/action/detail/set_mode__rosidl_typesupport_introspection_c.h
[1.160s] -- Up-to-date: /home/alvaro/Desktop/workspace/ros_ur_driver/install/ur_dashboard_msgs/include/ur_dashboard_msgs/ur_dashboard_msgs/msg
[1.161s] -- Up-to-date: /home/alvaro/Desktop/workspace/ros_ur_driver/install/ur_dashboard_msgs/include/ur_dashboard_msgs/ur_dashboard_msgs/msg/detail
[1.161s] -- Up-to-date: /home/alvaro/Desktop/workspace/ros_ur_driver/install/ur_dashboard_msgs/include/ur_dashboard_msgs/ur_dashboard_msgs/msg/detail/program_state__type_support.c
[1.161s] -- Up-to-date: /home/alvaro/Desktop/workspace/ros_ur_driver/install/ur_dashboard_msgs/include/ur_dashboard_msgs/ur_dashboard_msgs/msg/detail/safety_mode__type_support.c
[1.161s] -- Up-to-date: /home/alvaro/Desktop/workspace/ros_ur_driver/install/ur_dashboard_msgs/include/ur_dashboard_msgs/ur_dashboard_msgs/msg/detail/program_state__rosidl_typesupport_introspection_c.h
[1.161s] -- Up-to-date: /home/alvaro/Desktop/workspace/ros_ur_driver/install/ur_dashboard_msgs/include/ur_dashboard_msgs/ur_dashboard_msgs/msg/detail/robot_mode__rosidl_typesupport_introspection_c.h
[1.161s] -- Up-to-date: /home/alvaro/Desktop/workspace/ros_ur_driver/install/ur_dashboard_msgs/include/ur_dashboard_msgs/ur_dashboard_msgs/msg/detail/robot_mode__type_support.c
[1.161s] -- Up-to-date: /home/alvaro/Desktop/workspace/ros_ur_driver/install/ur_dashboard_msgs/include/ur_dashboard_msgs/ur_dashboard_msgs/msg/detail/safety_mode__rosidl_typesupport_introspection_c.h
[1.161s] -- Up-to-date: /home/alvaro/Desktop/workspace/ros_ur_driver/install/ur_dashboard_msgs/include/ur_dashboard_msgs/ur_dashboard_msgs/msg/rosidl_typesupport_introspection_c__visibility_control.h
[1.161s] -- Up-to-date: /home/alvaro/Desktop/workspace/ros_ur_driver/install/ur_dashboard_msgs/include/ur_dashboard_msgs/ur_dashboard_msgs/srv
[1.161s] -- Up-to-date: /home/alvaro/Desktop/workspace/ros_ur_driver/install/ur_dashboard_msgs/include/ur_dashboard_msgs/ur_dashboard_msgs/srv/detail
[1.161s] -- Up-to-date: /home/alvaro/Desktop/workspace/ros_ur_driver/install/ur_dashboard_msgs/include/ur_dashboard_msgs/ur_dashboard_msgs/srv/detail/is_program_running__type_support.c
[1.161s] -- Up-to-date: /home/alvaro/Desktop/workspace/ros_ur_driver/install/ur_dashboard_msgs/include/ur_dashboard_msgs/ur_dashboard_msgs/srv/detail/popup__rosidl_typesupport_introspection_c.h
[1.161s] -- Up-to-date: /home/alvaro/Desktop/workspace/ros_ur_driver/install/ur_dashboard_msgs/include/ur_dashboard_msgs/ur_dashboard_msgs/srv/detail/get_robot_mode__rosidl_typesupport_introspection_c.h
[1.162s] -- Up-to-date: /home/alvaro/Desktop/workspace/ros_ur_driver/install/ur_dashboard_msgs/include/ur_dashboard_msgs/ur_dashboard_msgs/srv/detail/is_program_saved__rosidl_typesupport_introspection_c.h
[1.162s] -- Up-to-date: /home/alvaro/Desktop/workspace/ros_ur_driver/install/ur_dashboard_msgs/include/ur_dashboard_msgs/ur_dashboard_msgs/srv/detail/get_loaded_program__type_support.c
[1.162s] -- Up-to-date: /home/alvaro/Desktop/workspace/ros_ur_driver/install/ur_dashboard_msgs/include/ur_dashboard_msgs/ur_dashboard_msgs/srv/detail/is_program_running__rosidl_typesupport_introspection_c.h
[1.162s] -- Up-to-date: /home/alvaro/Desktop/workspace/ros_ur_driver/install/ur_dashboard_msgs/include/ur_dashboard_msgs/ur_dashboard_msgs/srv/detail/get_robot_mode__type_support.c
[1.162s] -- Up-to-date: /home/alvaro/Desktop/workspace/ros_ur_driver/install/ur_dashboard_msgs/include/ur_dashboard_msgs/ur_dashboard_msgs/srv/detail/is_program_saved__type_support.c
[1.162s] -- Up-to-date: /home/alvaro/Desktop/workspace/ros_ur_driver/install/ur_dashboard_msgs/include/ur_dashboard_msgs/ur_dashboard_msgs/srv/detail/popup__type_support.c
[1.162s] -- Up-to-date: /home/alvaro/Desktop/workspace/ros_ur_driver/install/ur_dashboard_msgs/include/ur_dashboard_msgs/ur_dashboard_msgs/srv/detail/load__type_support.c
[1.162s] -- Up-to-date: /home/alvaro/Desktop/workspace/ros_ur_driver/install/ur_dashboard_msgs/include/ur_dashboard_msgs/ur_dashboard_msgs/srv/detail/get_safety_mode__rosidl_typesupport_introspection_c.h
[1.162s] -- Up-to-date: /home/alvaro/Desktop/workspace/ros_ur_driver/install/ur_dashboard_msgs/include/ur_dashboard_msgs/ur_dashboard_msgs/srv/detail/add_to_log__rosidl_typesupport_introspection_c.h
[1.162s] -- Up-to-date: /home/alvaro/Desktop/workspace/ros_ur_driver/install/ur_dashboard_msgs/include/ur_dashboard_msgs/ur_dashboard_msgs/srv/detail/get_safety_mode__type_support.c
[1.162s] -- Up-to-date: /home/alvaro/Desktop/workspace/ros_ur_driver/install/ur_dashboard_msgs/include/ur_dashboard_msgs/ur_dashboard_msgs/srv/detail/get_program_state__rosidl_typesupport_introspection_c.h
[1.162s] -- Up-to-date: /home/alvaro/Desktop/workspace/ros_ur_driver/install/ur_dashboard_msgs/include/ur_dashboard_msgs/ur_dashboard_msgs/srv/detail/get_loaded_program__rosidl_typesupport_introspection_c.h
[1.162s] -- Up-to-date: /home/alvaro/Desktop/workspace/ros_ur_driver/install/ur_dashboard_msgs/include/ur_dashboard_msgs/ur_dashboard_msgs/srv/detail/load__rosidl_typesupport_introspection_c.h
[1.162s] -- Up-to-date: /home/alvaro/Desktop/workspace/ros_ur_driver/install/ur_dashboard_msgs/include/ur_dashboard_msgs/ur_dashboard_msgs/srv/detail/raw_request__type_support.c
[1.162s] -- Up-to-date: /home/alvaro/Desktop/workspace/ros_ur_driver/install/ur_dashboard_msgs/include/ur_dashboard_msgs/ur_dashboard_msgs/srv/detail/raw_request__rosidl_typesupport_introspection_c.h
[1.163s] -- Up-to-date: /home/alvaro/Desktop/workspace/ros_ur_driver/install/ur_dashboard_msgs/include/ur_dashboard_msgs/ur_dashboard_msgs/srv/detail/add_to_log__type_support.c
[1.163s] -- Up-to-date: /home/alvaro/Desktop/workspace/ros_ur_driver/install/ur_dashboard_msgs/include/ur_dashboard_msgs/ur_dashboard_msgs/srv/detail/get_program_state__type_support.c
[1.163s] -- Up-to-date: /home/alvaro/Desktop/workspace/ros_ur_driver/install/ur_dashboard_msgs/lib/libur_dashboard_msgs__rosidl_typesupport_introspection_c.so
[1.163s] -- Up-to-date: /home/alvaro/Desktop/workspace/ros_ur_driver/install/ur_dashboard_msgs/lib/libur_dashboard_msgs__rosidl_typesupport_c.so
[1.163s] -- Up-to-date: /home/alvaro/Desktop/workspace/ros_ur_driver/install/ur_dashboard_msgs/include/ur_dashboard_msgs/ur_dashboard_msgs
[1.163s] -- Up-to-date: /home/alvaro/Desktop/workspace/ros_ur_driver/install/ur_dashboard_msgs/include/ur_dashboard_msgs/ur_dashboard_msgs/action
[1.163s] -- Up-to-date: /home/alvaro/Desktop/workspace/ros_ur_driver/install/ur_dashboard_msgs/include/ur_dashboard_msgs/ur_dashboard_msgs/action/detail
[1.163s] -- Up-to-date: /home/alvaro/Desktop/workspace/ros_ur_driver/install/ur_dashboard_msgs/include/ur_dashboard_msgs/ur_dashboard_msgs/action/detail/set_mode__builder.hpp
[1.163s] -- Up-to-date: /home/alvaro/Desktop/workspace/ros_ur_driver/install/ur_dashboard_msgs/include/ur_dashboard_msgs/ur_dashboard_msgs/action/detail/set_mode__struct.hpp
[1.163s] -- Up-to-date: /home/alvaro/Desktop/workspace/ros_ur_driver/install/ur_dashboard_msgs/include/ur_dashboard_msgs/ur_dashboard_msgs/action/detail/set_mode__traits.hpp
[1.163s] -- Up-to-date: /home/alvaro/Desktop/workspace/ros_ur_driver/install/ur_dashboard_msgs/include/ur_dashboard_msgs/ur_dashboard_msgs/action/set_mode.hpp
[1.163s] -- Up-to-date: /home/alvaro/Desktop/workspace/ros_ur_driver/install/ur_dashboard_msgs/include/ur_dashboard_msgs/ur_dashboard_msgs/msg
[1.163s] -- Up-to-date: /home/alvaro/Desktop/workspace/ros_ur_driver/install/ur_dashboard_msgs/include/ur_dashboard_msgs/ur_dashboard_msgs/msg/robot_mode.hpp
[1.164s] -- Up-to-date: /home/alvaro/Desktop/workspace/ros_ur_driver/install/ur_dashboard_msgs/include/ur_dashboard_msgs/ur_dashboard_msgs/msg/detail
[1.164s] -- Up-to-date: /home/alvaro/Desktop/workspace/ros_ur_driver/install/ur_dashboard_msgs/include/ur_dashboard_msgs/ur_dashboard_msgs/msg/detail/program_state__traits.hpp
[1.164s] -- Up-to-date: /home/alvaro/Desktop/workspace/ros_ur_driver/install/ur_dashboard_msgs/include/ur_dashboard_msgs/ur_dashboard_msgs/msg/detail/program_state__struct.hpp
[1.164s] -- Up-to-date: /home/alvaro/Desktop/workspace/ros_ur_driver/install/ur_dashboard_msgs/include/ur_dashboard_msgs/ur_dashboard_msgs/msg/detail/safety_mode__struct.hpp
[1.164s] -- Up-to-date: /home/alvaro/Desktop/workspace/ros_ur_driver/install/ur_dashboard_msgs/include/ur_dashboard_msgs/ur_dashboard_msgs/msg/detail/program_state__builder.hpp
[1.164s] -- Up-to-date: /home/alvaro/Desktop/workspace/ros_ur_driver/install/ur_dashboard_msgs/include/ur_dashboard_msgs/ur_dashboard_msgs/msg/detail/safety_mode__builder.hpp
[1.164s] -- Up-to-date: /home/alvaro/Desktop/workspace/ros_ur_driver/install/ur_dashboard_msgs/include/ur_dashboard_msgs/ur_dashboard_msgs/msg/detail/robot_mode__traits.hpp
[1.164s] -- Up-to-date: /home/alvaro/Desktop/workspace/ros_ur_driver/install/ur_dashboard_msgs/include/ur_dashboard_msgs/ur_dashboard_msgs/msg/detail/safety_mode__traits.hpp
[1.164s] -- Up-to-date: /home/alvaro/Desktop/workspace/ros_ur_driver/install/ur_dashboard_msgs/include/ur_dashboard_msgs/ur_dashboard_msgs/msg/detail/robot_mode__struct.hpp
[1.164s] -- Up-to-date: /home/alvaro/Desktop/workspace/ros_ur_driver/install/ur_dashboard_msgs/include/ur_dashboard_msgs/ur_dashboard_msgs/msg/detail/robot_mode__builder.hpp
[1.164s] -- Up-to-date: /home/alvaro/Desktop/workspace/ros_ur_driver/install/ur_dashboard_msgs/include/ur_dashboard_msgs/ur_dashboard_msgs/msg/program_state.hpp
[1.164s] -- Up-to-date: /home/alvaro/Desktop/workspace/ros_ur_driver/install/ur_dashboard_msgs/include/ur_dashboard_msgs/ur_dashboard_msgs/msg/safety_mode.hpp
[1.164s] -- Up-to-date: /home/alvaro/Desktop/workspace/ros_ur_driver/install/ur_dashboard_msgs/include/ur_dashboard_msgs/ur_dashboard_msgs/srv
[1.164s] -- Up-to-date: /home/alvaro/Desktop/workspace/ros_ur_driver/install/ur_dashboard_msgs/include/ur_dashboard_msgs/ur_dashboard_msgs/srv/add_to_log.hpp
[1.164s] -- Up-to-date: /home/alvaro/Desktop/workspace/ros_ur_driver/install/ur_dashboard_msgs/include/ur_dashboard_msgs/ur_dashboard_msgs/srv/detail
[1.165s] -- Up-to-date: /home/alvaro/Desktop/workspace/ros_ur_driver/install/ur_dashboard_msgs/include/ur_dashboard_msgs/ur_dashboard_msgs/srv/detail/get_program_state__struct.hpp
[1.165s] -- Up-to-date: /home/alvaro/Desktop/workspace/ros_ur_driver/install/ur_dashboard_msgs/include/ur_dashboard_msgs/ur_dashboard_msgs/srv/detail/get_robot_mode__struct.hpp
[1.165s] -- Up-to-date: /home/alvaro/Desktop/workspace/ros_ur_driver/install/ur_dashboard_msgs/include/ur_dashboard_msgs/ur_dashboard_msgs/srv/detail/popup__builder.hpp
[1.165s] -- Up-to-date: /home/alvaro/Desktop/workspace/ros_ur_driver/install/ur_dashboard_msgs/include/ur_dashboard_msgs/ur_dashboard_msgs/srv/detail/is_program_saved__builder.hpp
[1.165s] -- Up-to-date: /home/alvaro/Desktop/workspace/ros_ur_driver/install/ur_dashboard_msgs/include/ur_dashboard_msgs/ur_dashboard_msgs/srv/detail/get_loaded_program__struct.hpp
[1.165s] -- Up-to-date: /home/alvaro/Desktop/workspace/ros_ur_driver/install/ur_dashboard_msgs/include/ur_dashboard_msgs/ur_dashboard_msgs/srv/detail/is_program_saved__struct.hpp
[1.165s] -- Up-to-date: /home/alvaro/Desktop/workspace/ros_ur_driver/install/ur_dashboard_msgs/include/ur_dashboard_msgs/ur_dashboard_msgs/srv/detail/get_program_state__traits.hpp
[1.165s] -- Up-to-date: /home/alvaro/Desktop/workspace/ros_ur_driver/install/ur_dashboard_msgs/include/ur_dashboard_msgs/ur_dashboard_msgs/srv/detail/add_to_log__struct.hpp
[1.165s] -- Up-to-date: /home/alvaro/Desktop/workspace/ros_ur_driver/install/ur_dashboard_msgs/include/ur_dashboard_msgs/ur_dashboard_msgs/srv/detail/get_safety_mode__traits.hpp
[1.165s] -- Up-to-date: /home/alvaro/Desktop/workspace/ros_ur_driver/install/ur_dashboard_msgs/include/ur_dashboard_msgs/ur_dashboard_msgs/srv/detail/add_to_log__builder.hpp
[1.165s] -- Up-to-date: /home/alvaro/Desktop/workspace/ros_ur_driver/install/ur_dashboard_msgs/include/ur_dashboard_msgs/ur_dashboard_msgs/srv/detail/get_robot_mode__builder.hpp
[1.165s] -- Up-to-date: /home/alvaro/Desktop/workspace/ros_ur_driver/install/ur_dashboard_msgs/include/ur_dashboard_msgs/ur_dashboard_msgs/srv/detail/load__struct.hpp
[1.166s] -- Up-to-date: /home/alvaro/Desktop/workspace/ros_ur_driver/install/ur_dashboard_msgs/include/ur_dashboard_msgs/ur_dashboard_msgs/srv/detail/is_program_running__traits.hpp
[1.166s] -- Up-to-date: /home/alvaro/Desktop/workspace/ros_ur_driver/install/ur_dashboard_msgs/include/ur_dashboard_msgs/ur_dashboard_msgs/srv/detail/get_program_state__builder.hpp
[1.166s] -- Up-to-date: /home/alvaro/Desktop/workspace/ros_ur_driver/install/ur_dashboard_msgs/include/ur_dashboard_msgs/ur_dashboard_msgs/srv/detail/is_program_running__struct.hpp
[1.166s] -- Up-to-date: /home/alvaro/Desktop/workspace/ros_ur_driver/install/ur_dashboard_msgs/include/ur_dashboard_msgs/ur_dashboard_msgs/srv/detail/raw_request__builder.hpp
[1.166s] -- Up-to-date: /home/alvaro/Desktop/workspace/ros_ur_driver/install/ur_dashboard_msgs/include/ur_dashboard_msgs/ur_dashboard_msgs/srv/detail/raw_request__struct.hpp
[1.166s] -- Up-to-date: /home/alvaro/Desktop/workspace/ros_ur_driver/install/ur_dashboard_msgs/include/ur_dashboard_msgs/ur_dashboard_msgs/srv/detail/get_safety_mode__struct.hpp
[1.166s] -- Up-to-date: /home/alvaro/Desktop/workspace/ros_ur_driver/install/ur_dashboard_msgs/include/ur_dashboard_msgs/ur_dashboard_msgs/srv/detail/get_loaded_program__traits.hpp
[1.166s] -- Up-to-date: /home/alvaro/Desktop/workspace/ros_ur_driver/install/ur_dashboard_msgs/include/ur_dashboard_msgs/ur_dashboard_msgs/srv/detail/get_safety_mode__builder.hpp
[1.166s] -- Up-to-date: /home/alvaro/Desktop/workspace/ros_ur_driver/install/ur_dashboard_msgs/include/ur_dashboard_msgs/ur_dashboard_msgs/srv/detail/raw_request__traits.hpp
[1.166s] -- Up-to-date: /home/alvaro/Desktop/workspace/ros_ur_driver/install/ur_dashboard_msgs/include/ur_dashboard_msgs/ur_dashboard_msgs/srv/detail/load__builder.hpp
[1.167s] -- Up-to-date: /home/alvaro/Desktop/workspace/ros_ur_driver/install/ur_dashboard_msgs/include/ur_dashboard_msgs/ur_dashboard_msgs/srv/detail/get_loaded_program__builder.hpp
[1.167s] -- Up-to-date: /home/alvaro/Desktop/workspace/ros_ur_driver/install/ur_dashboard_msgs/include/ur_dashboard_msgs/ur_dashboard_msgs/srv/detail/add_to_log__traits.hpp
[1.167s] -- Up-to-date: /home/alvaro/Desktop/workspace/ros_ur_driver/install/ur_dashboard_msgs/include/ur_dashboard_msgs/ur_dashboard_msgs/srv/detail/popup__struct.hpp
[1.167s] -- Up-to-date: /home/alvaro/Desktop/workspace/ros_ur_driver/install/ur_dashboard_msgs/include/ur_dashboard_msgs/ur_dashboard_msgs/srv/detail/get_robot_mode__traits.hpp
[1.167s] -- Up-to-date: /home/alvaro/Desktop/workspace/ros_ur_driver/install/ur_dashboard_msgs/include/ur_dashboard_msgs/ur_dashboard_msgs/srv/detail/popup__traits.hpp
[1.167s] -- Up-to-date: /home/alvaro/Desktop/workspace/ros_ur_driver/install/ur_dashboard_msgs/include/ur_dashboard_msgs/ur_dashboard_msgs/srv/detail/is_program_saved__traits.hpp
[1.167s] -- Up-to-date: /home/alvaro/Desktop/workspace/ros_ur_driver/install/ur_dashboard_msgs/include/ur_dashboard_msgs/ur_dashboard_msgs/srv/detail/is_program_running__builder.hpp
[1.167s] -- Up-to-date: /home/alvaro/Desktop/workspace/ros_ur_driver/install/ur_dashboard_msgs/include/ur_dashboard_msgs/ur_dashboard_msgs/srv/detail/load__traits.hpp
[1.168s] -- Up-to-date: /home/alvaro/Desktop/workspace/ros_ur_driver/install/ur_dashboard_msgs/include/ur_dashboard_msgs/ur_dashboard_msgs/srv/load.hpp
[1.168s] -- Up-to-date: /home/alvaro/Desktop/workspace/ros_ur_driver/install/ur_dashboard_msgs/include/ur_dashboard_msgs/ur_dashboard_msgs/srv/raw_request.hpp
[1.168s] -- Up-to-date: /home/alvaro/Desktop/workspace/ros_ur_driver/install/ur_dashboard_msgs/include/ur_dashboard_msgs/ur_dashboard_msgs/srv/is_program_saved.hpp
[1.168s] -- Up-to-date: /home/alvaro/Desktop/workspace/ros_ur_driver/install/ur_dashboard_msgs/include/ur_dashboard_msgs/ur_dashboard_msgs/srv/popup.hpp
[1.168s] -- Up-to-date: /home/alvaro/Desktop/workspace/ros_ur_driver/install/ur_dashboard_msgs/include/ur_dashboard_msgs/ur_dashboard_msgs/srv/get_loaded_program.hpp
[1.168s] -- Up-to-date: /home/alvaro/Desktop/workspace/ros_ur_driver/install/ur_dashboard_msgs/include/ur_dashboard_msgs/ur_dashboard_msgs/srv/is_program_running.hpp
[1.168s] -- Up-to-date: /home/alvaro/Desktop/workspace/ros_ur_driver/install/ur_dashboard_msgs/include/ur_dashboard_msgs/ur_dashboard_msgs/srv/get_program_state.hpp
[1.169s] -- Up-to-date: /home/alvaro/Desktop/workspace/ros_ur_driver/install/ur_dashboard_msgs/include/ur_dashboard_msgs/ur_dashboard_msgs/srv/get_safety_mode.hpp
[1.169s] -- Up-to-date: /home/alvaro/Desktop/workspace/ros_ur_driver/install/ur_dashboard_msgs/include/ur_dashboard_msgs/ur_dashboard_msgs/srv/get_robot_mode.hpp
[1.169s] -- Up-to-date: /home/alvaro/Desktop/workspace/ros_ur_driver/install/ur_dashboard_msgs/include/ur_dashboard_msgs/ur_dashboard_msgs
[1.169s] -- Up-to-date: /home/alvaro/Desktop/workspace/ros_ur_driver/install/ur_dashboard_msgs/include/ur_dashboard_msgs/ur_dashboard_msgs/action
[1.169s] -- Up-to-date: /home/alvaro/Desktop/workspace/ros_ur_driver/install/ur_dashboard_msgs/include/ur_dashboard_msgs/ur_dashboard_msgs/action/detail
[1.169s] -- Up-to-date: /home/alvaro/Desktop/workspace/ros_ur_driver/install/ur_dashboard_msgs/include/ur_dashboard_msgs/ur_dashboard_msgs/action/detail/set_mode__rosidl_typesupport_fastrtps_cpp.hpp
[1.169s] -- Up-to-date: /home/alvaro/Desktop/workspace/ros_ur_driver/install/ur_dashboard_msgs/include/ur_dashboard_msgs/ur_dashboard_msgs/action/detail/dds_fastrtps
[1.170s] -- Up-to-date: /home/alvaro/Desktop/workspace/ros_ur_driver/install/ur_dashboard_msgs/include/ur_dashboard_msgs/ur_dashboard_msgs/msg
[1.170s] -- Up-to-date: /home/alvaro/Desktop/workspace/ros_ur_driver/install/ur_dashboard_msgs/include/ur_dashboard_msgs/ur_dashboard_msgs/msg/detail
[1.170s] -- Up-to-date: /home/alvaro/Desktop/workspace/ros_ur_driver/install/ur_dashboard_msgs/include/ur_dashboard_msgs/ur_dashboard_msgs/msg/detail/safety_mode__rosidl_typesupport_fastrtps_cpp.hpp
[1.170s] -- Up-to-date: /home/alvaro/Desktop/workspace/ros_ur_driver/install/ur_dashboard_msgs/include/ur_dashboard_msgs/ur_dashboard_msgs/msg/detail/robot_mode__rosidl_typesupport_fastrtps_cpp.hpp
[1.170s] -- Up-to-date: /home/alvaro/Desktop/workspace/ros_ur_driver/install/ur_dashboard_msgs/include/ur_dashboard_msgs/ur_dashboard_msgs/msg/detail/dds_fastrtps
[1.170s] -- Up-to-date: /home/alvaro/Desktop/workspace/ros_ur_driver/install/ur_dashboard_msgs/include/ur_dashboard_msgs/ur_dashboard_msgs/msg/detail/program_state__rosidl_typesupport_fastrtps_cpp.hpp
[1.170s] -- Up-to-date: /home/alvaro/Desktop/workspace/ros_ur_driver/install/ur_dashboard_msgs/include/ur_dashboard_msgs/ur_dashboard_msgs/msg/rosidl_typesupport_fastrtps_cpp__visibility_control.h
[1.171s] -- Up-to-date: /home/alvaro/Desktop/workspace/ros_ur_driver/install/ur_dashboard_msgs/include/ur_dashboard_msgs/ur_dashboard_msgs/srv
[1.171s] -- Up-to-date: /home/alvaro/Desktop/workspace/ros_ur_driver/install/ur_dashboard_msgs/include/ur_dashboard_msgs/ur_dashboard_msgs/srv/detail
[1.171s] -- Up-to-date: /home/alvaro/Desktop/workspace/ros_ur_driver/install/ur_dashboard_msgs/include/ur_dashboard_msgs/ur_dashboard_msgs/srv/detail/raw_request__rosidl_typesupport_fastrtps_cpp.hpp
[1.171s] -- Up-to-date: /home/alvaro/Desktop/workspace/ros_ur_driver/install/ur_dashboard_msgs/include/ur_dashboard_msgs/ur_dashboard_msgs/srv/detail/get_program_state__rosidl_typesupport_fastrtps_cpp.hpp
[1.171s] -- Up-to-date: /home/alvaro/Desktop/workspace/ros_ur_driver/install/ur_dashboard_msgs/include/ur_dashboard_msgs/ur_dashboard_msgs/srv/detail/is_program_running__rosidl_typesupport_fastrtps_cpp.hpp
[1.171s] -- Up-to-date: /home/alvaro/Desktop/workspace/ros_ur_driver/install/ur_dashboard_msgs/include/ur_dashboard_msgs/ur_dashboard_msgs/srv/detail/get_loaded_program__rosidl_typesupport_fastrtps_cpp.hpp
[1.171s] -- Up-to-date: /home/alvaro/Desktop/workspace/ros_ur_driver/install/ur_dashboard_msgs/include/ur_dashboard_msgs/ur_dashboard_msgs/srv/detail/add_to_log__rosidl_typesupport_fastrtps_cpp.hpp
[1.171s] -- Up-to-date: /home/alvaro/Desktop/workspace/ros_ur_driver/install/ur_dashboard_msgs/include/ur_dashboard_msgs/ur_dashboard_msgs/srv/detail/get_robot_mode__rosidl_typesupport_fastrtps_cpp.hpp
[1.172s] -- Up-to-date: /home/alvaro/Desktop/workspace/ros_ur_driver/install/ur_dashboard_msgs/include/ur_dashboard_msgs/ur_dashboard_msgs/srv/detail/popup__rosidl_typesupport_fastrtps_cpp.hpp
[1.172s] -- Up-to-date: /home/alvaro/Desktop/workspace/ros_ur_driver/install/ur_dashboard_msgs/include/ur_dashboard_msgs/ur_dashboard_msgs/srv/detail/load__rosidl_typesupport_fastrtps_cpp.hpp
[1.172s] -- Up-to-date: /home/alvaro/Desktop/workspace/ros_ur_driver/install/ur_dashboard_msgs/include/ur_dashboard_msgs/ur_dashboard_msgs/srv/detail/get_safety_mode__rosidl_typesupport_fastrtps_cpp.hpp
[1.172s] -- Up-to-date: /home/alvaro/Desktop/workspace/ros_ur_driver/install/ur_dashboard_msgs/include/ur_dashboard_msgs/ur_dashboard_msgs/srv/detail/is_program_saved__rosidl_typesupport_fastrtps_cpp.hpp
[1.172s] -- Up-to-date: /home/alvaro/Desktop/workspace/ros_ur_driver/install/ur_dashboard_msgs/include/ur_dashboard_msgs/ur_dashboard_msgs/srv/detail/dds_fastrtps
[1.172s] -- Up-to-date: /home/alvaro/Desktop/workspace/ros_ur_driver/install/ur_dashboard_msgs/lib/libur_dashboard_msgs__rosidl_typesupport_fastrtps_cpp.so
[1.172s] -- Up-to-date: /home/alvaro/Desktop/workspace/ros_ur_driver/install/ur_dashboard_msgs/include/ur_dashboard_msgs/ur_dashboard_msgs
[1.172s] -- Up-to-date: /home/alvaro/Desktop/workspace/ros_ur_driver/install/ur_dashboard_msgs/include/ur_dashboard_msgs/ur_dashboard_msgs/action
[1.172s] -- Up-to-date: /home/alvaro/Desktop/workspace/ros_ur_driver/install/ur_dashboard_msgs/include/ur_dashboard_msgs/ur_dashboard_msgs/action/detail
[1.172s] -- Up-to-date: /home/alvaro/Desktop/workspace/ros_ur_driver/install/ur_dashboard_msgs/include/ur_dashboard_msgs/ur_dashboard_msgs/action/detail/set_mode__rosidl_typesupport_introspection_cpp.hpp
[1.172s] -- Up-to-date: /home/alvaro/Desktop/workspace/ros_ur_driver/install/ur_dashboard_msgs/include/ur_dashboard_msgs/ur_dashboard_msgs/action/detail/set_mode__type_support.cpp
[1.173s] -- Up-to-date: /home/alvaro/Desktop/workspace/ros_ur_driver/install/ur_dashboard_msgs/include/ur_dashboard_msgs/ur_dashboard_msgs/msg
[1.173s] -- Up-to-date: /home/alvaro/Desktop/workspace/ros_ur_driver/install/ur_dashboard_msgs/include/ur_dashboard_msgs/ur_dashboard_msgs/msg/detail
[1.173s] -- Up-to-date: /home/alvaro/Desktop/workspace/ros_ur_driver/install/ur_dashboard_msgs/include/ur_dashboard_msgs/ur_dashboard_msgs/msg/detail/program_state__rosidl_typesupport_introspection_cpp.hpp
[1.173s] -- Up-to-date: /home/alvaro/Desktop/workspace/ros_ur_driver/install/ur_dashboard_msgs/include/ur_dashboard_msgs/ur_dashboard_msgs/msg/detail/safety_mode__rosidl_typesupport_introspection_cpp.hpp
[1.173s] -- Up-to-date: /home/alvaro/Desktop/workspace/ros_ur_driver/install/ur_dashboard_msgs/include/ur_dashboard_msgs/ur_dashboard_msgs/msg/detail/robot_mode__type_support.cpp
[1.173s] -- Up-to-date: /home/alvaro/Desktop/workspace/ros_ur_driver/install/ur_dashboard_msgs/include/ur_dashboard_msgs/ur_dashboard_msgs/msg/detail/safety_mode__type_support.cpp
[1.173s] -- Up-to-date: /home/alvaro/Desktop/workspace/ros_ur_driver/install/ur_dashboard_msgs/include/ur_dashboard_msgs/ur_dashboard_msgs/msg/detail/robot_mode__rosidl_typesupport_introspection_cpp.hpp
[1.173s] -- Up-to-date: /home/alvaro/Desktop/workspace/ros_ur_driver/install/ur_dashboard_msgs/include/ur_dashboard_msgs/ur_dashboard_msgs/msg/detail/program_state__type_support.cpp
[1.173s] -- Up-to-date: /home/alvaro/Desktop/workspace/ros_ur_driver/install/ur_dashboard_msgs/include/ur_dashboard_msgs/ur_dashboard_msgs/srv
[1.173s] -- Up-to-date: /home/alvaro/Desktop/workspace/ros_ur_driver/install/ur_dashboard_msgs/include/ur_dashboard_msgs/ur_dashboard_msgs/srv/detail
[1.173s] -- Up-to-date: /home/alvaro/Desktop/workspace/ros_ur_driver/install/ur_dashboard_msgs/include/ur_dashboard_msgs/ur_dashboard_msgs/srv/detail/popup__type_support.cpp
[1.173s] -- Up-to-date: /home/alvaro/Desktop/workspace/ros_ur_driver/install/ur_dashboard_msgs/include/ur_dashboard_msgs/ur_dashboard_msgs/srv/detail/is_program_saved__rosidl_typesupport_introspection_cpp.hpp
[1.173s] -- Up-to-date: /home/alvaro/Desktop/workspace/ros_ur_driver/install/ur_dashboard_msgs/include/ur_dashboard_msgs/ur_dashboard_msgs/srv/detail/load__rosidl_typesupport_introspection_cpp.hpp
[1.173s] -- Up-to-date: /home/alvaro/Desktop/workspace/ros_ur_driver/install/ur_dashboard_msgs/include/ur_dashboard_msgs/ur_dashboard_msgs/srv/detail/popup__rosidl_typesupport_introspection_cpp.hpp
[1.174s] -- Up-to-date: /home/alvaro/Desktop/workspace/ros_ur_driver/install/ur_dashboard_msgs/include/ur_dashboard_msgs/ur_dashboard_msgs/srv/detail/load__type_support.cpp
[1.174s] -- Up-to-date: /home/alvaro/Desktop/workspace/ros_ur_driver/install/ur_dashboard_msgs/include/ur_dashboard_msgs/ur_dashboard_msgs/srv/detail/raw_request__type_support.cpp
[1.174s] -- Up-to-date: /home/alvaro/Desktop/workspace/ros_ur_driver/install/ur_dashboard_msgs/include/ur_dashboard_msgs/ur_dashboard_msgs/srv/detail/get_robot_mode__rosidl_typesupport_introspection_cpp.hpp
[1.174s] -- Up-to-date: /home/alvaro/Desktop/workspace/ros_ur_driver/install/ur_dashboard_msgs/include/ur_dashboard_msgs/ur_dashboard_msgs/srv/detail/is_program_running__type_support.cpp
[1.174s] -- Up-to-date: /home/alvaro/Desktop/workspace/ros_ur_driver/install/ur_dashboard_msgs/include/ur_dashboard_msgs/ur_dashboard_msgs/srv/detail/raw_request__rosidl_typesupport_introspection_cpp.hpp
[1.174s] -- Up-to-date: /home/alvaro/Desktop/workspace/ros_ur_driver/install/ur_dashboard_msgs/include/ur_dashboard_msgs/ur_dashboard_msgs/srv/detail/add_to_log__rosidl_typesupport_introspection_cpp.hpp
[1.174s] -- Up-to-date: /home/alvaro/Desktop/workspace/ros_ur_driver/install/ur_dashboard_msgs/include/ur_dashboard_msgs/ur_dashboard_msgs/srv/detail/get_safety_mode__type_support.cpp
[1.174s] -- Up-to-date: /home/alvaro/Desktop/workspace/ros_ur_driver/install/ur_dashboard_msgs/include/ur_dashboard_msgs/ur_dashboard_msgs/srv/detail/get_program_state__rosidl_typesupport_introspection_cpp.hpp
[1.174s] -- Up-to-date: /home/alvaro/Desktop/workspace/ros_ur_driver/install/ur_dashboard_msgs/include/ur_dashboard_msgs/ur_dashboard_msgs/srv/detail/get_robot_mode__type_support.cpp
[1.174s] -- Up-to-date: /home/alvaro/Desktop/workspace/ros_ur_driver/install/ur_dashboard_msgs/include/ur_dashboard_msgs/ur_dashboard_msgs/srv/detail/add_to_log__type_support.cpp
[1.174s] -- Up-to-date: /home/alvaro/Desktop/workspace/ros_ur_driver/install/ur_dashboard_msgs/include/ur_dashboard_msgs/ur_dashboard_msgs/srv/detail/get_loaded_program__rosidl_typesupport_introspection_cpp.hpp
[1.174s] -- Up-to-date: /home/alvaro/Desktop/workspace/ros_ur_driver/install/ur_dashboard_msgs/include/ur_dashboard_msgs/ur_dashboard_msgs/srv/detail/get_loaded_program__type_support.cpp
[1.174s] -- Up-to-date: /home/alvaro/Desktop/workspace/ros_ur_driver/install/ur_dashboard_msgs/include/ur_dashboard_msgs/ur_dashboard_msgs/srv/detail/get_safety_mode__rosidl_typesupport_introspection_cpp.hpp
[1.175s] -- Up-to-date: /home/alvaro/Desktop/workspace/ros_ur_driver/install/ur_dashboard_msgs/include/ur_dashboard_msgs/ur_dashboard_msgs/srv/detail/is_program_saved__type_support.cpp
[1.175s] -- Up-to-date: /home/alvaro/Desktop/workspace/ros_ur_driver/install/ur_dashboard_msgs/include/ur_dashboard_msgs/ur_dashboard_msgs/srv/detail/is_program_running__rosidl_typesupport_introspection_cpp.hpp
[1.175s] -- Up-to-date: /home/alvaro/Desktop/workspace/ros_ur_driver/install/ur_dashboard_msgs/include/ur_dashboard_msgs/ur_dashboard_msgs/srv/detail/get_program_state__type_support.cpp
[1.175s] -- Up-to-date: /home/alvaro/Desktop/workspace/ros_ur_driver/install/ur_dashboard_msgs/lib/libur_dashboard_msgs__rosidl_typesupport_introspection_cpp.so
[1.175s] -- Up-to-date: /home/alvaro/Desktop/workspace/ros_ur_driver/install/ur_dashboard_msgs/lib/libur_dashboard_msgs__rosidl_typesupport_cpp.so
[1.175s] -- Up-to-date: /home/alvaro/Desktop/workspace/ros_ur_driver/install/ur_dashboard_msgs/share/ur_dashboard_msgs/environment/pythonpath.sh
[1.175s] -- Up-to-date: /home/alvaro/Desktop/workspace/ros_ur_driver/install/ur_dashboard_msgs/share/ur_dashboard_msgs/environment/pythonpath.dsv
[1.175s] -- Up-to-date: /home/alvaro/Desktop/workspace/ros_ur_driver/install/ur_dashboard_msgs/local/lib/python3.10/dist-packages/ur_dashboard_msgs-2.2.10-py3.10.egg-info
[1.175s] -- Installing: /home/alvaro/Desktop/workspace/ros_ur_driver/install/ur_dashboard_msgs/local/lib/python3.10/dist-packages/ur_dashboard_msgs-2.2.10-py3.10.egg-info/PKG-INFO
[1.175s] -- Installing: /home/alvaro/Desktop/workspace/ros_ur_driver/install/ur_dashboard_msgs/local/lib/python3.10/dist-packages/ur_dashboard_msgs-2.2.10-py3.10.egg-info/SOURCES.txt
[1.175s] -- Installing: /home/alvaro/Desktop/workspace/ros_ur_driver/install/ur_dashboard_msgs/local/lib/python3.10/dist-packages/ur_dashboard_msgs-2.2.10-py3.10.egg-info/dependency_links.txt
[1.175s] -- Installing: /home/alvaro/Desktop/workspace/ros_ur_driver/install/ur_dashboard_msgs/local/lib/python3.10/dist-packages/ur_dashboard_msgs-2.2.10-py3.10.egg-info/top_level.txt
[1.175s] -- Up-to-date: /home/alvaro/Desktop/workspace/ros_ur_driver/install/ur_dashboard_msgs/local/lib/python3.10/dist-packages/ur_dashboard_msgs
[1.175s] -- Up-to-date: /home/alvaro/Desktop/workspace/ros_ur_driver/install/ur_dashboard_msgs/local/lib/python3.10/dist-packages/ur_dashboard_msgs/__init__.py
[1.176s] -- Up-to-date: /home/alvaro/Desktop/workspace/ros_ur_driver/install/ur_dashboard_msgs/local/lib/python3.10/dist-packages/ur_dashboard_msgs/action
[1.176s] -- Up-to-date: /home/alvaro/Desktop/workspace/ros_ur_driver/install/ur_dashboard_msgs/local/lib/python3.10/dist-packages/ur_dashboard_msgs/action/_set_mode_s.c
[1.176s] -- Up-to-date: /home/alvaro/Desktop/workspace/ros_ur_driver/install/ur_dashboard_msgs/local/lib/python3.10/dist-packages/ur_dashboard_msgs/action/__init__.py
[1.176s] -- Up-to-date: /home/alvaro/Desktop/workspace/ros_ur_driver/install/ur_dashboard_msgs/local/lib/python3.10/dist-packages/ur_dashboard_msgs/action/_set_mode.py
[1.176s] -- Up-to-date: /home/alvaro/Desktop/workspace/ros_ur_driver/install/ur_dashboard_msgs/local/lib/python3.10/dist-packages/ur_dashboard_msgs/_ur_dashboard_msgs_s.ep.rosidl_typesupport_introspection_c.c
[1.176s] -- Up-to-date: /home/alvaro/Desktop/workspace/ros_ur_driver/install/ur_dashboard_msgs/local/lib/python3.10/dist-packages/ur_dashboard_msgs/ur_dashboard_msgs_s__rosidl_typesupport_introspection_c.cpython-310-x86_64-linux-gnu.so
[1.176s] -- Up-to-date: /home/alvaro/Desktop/workspace/ros_ur_driver/install/ur_dashboard_msgs/local/lib/python3.10/dist-packages/ur_dashboard_msgs/ur_dashboard_msgs_s__rosidl_typesupport_c.cpython-310-x86_64-linux-gnu.so
[1.176s] -- Up-to-date: /home/alvaro/Desktop/workspace/ros_ur_driver/install/ur_dashboard_msgs/local/lib/python3.10/dist-packages/ur_dashboard_msgs/msg
[1.176s] -- Up-to-date: /home/alvaro/Desktop/workspace/ros_ur_driver/install/ur_dashboard_msgs/local/lib/python3.10/dist-packages/ur_dashboard_msgs/msg/_robot_mode.py
[1.176s] -- Up-to-date: /home/alvaro/Desktop/workspace/ros_ur_driver/install/ur_dashboard_msgs/local/lib/python3.10/dist-packages/ur_dashboard_msgs/msg/_program_state_s.c
[1.176s] -- Up-to-date: /home/alvaro/Desktop/workspace/ros_ur_driver/install/ur_dashboard_msgs/local/lib/python3.10/dist-packages/ur_dashboard_msgs/msg/__init__.py
[1.176s] -- Up-to-date: /home/alvaro/Desktop/workspace/ros_ur_driver/install/ur_dashboard_msgs/local/lib/python3.10/dist-packages/ur_dashboard_msgs/msg/_safety_mode.py
[1.177s] -- Up-to-date: /home/alvaro/Desktop/workspace/ros_ur_driver/install/ur_dashboard_msgs/local/lib/python3.10/dist-packages/ur_dashboard_msgs/msg/_program_state.py
[1.177s] -- Up-to-date: /home/alvaro/Desktop/workspace/ros_ur_driver/install/ur_dashboard_msgs/local/lib/python3.10/dist-packages/ur_dashboard_msgs/msg/_robot_mode_s.c
[1.177s] -- Up-to-date: /home/alvaro/Desktop/workspace/ros_ur_driver/install/ur_dashboard_msgs/local/lib/python3.10/dist-packages/ur_dashboard_msgs/msg/_safety_mode_s.c
[1.177s] -- Up-to-date: /home/alvaro/Desktop/workspace/ros_ur_driver/install/ur_dashboard_msgs/local/lib/python3.10/dist-packages/ur_dashboard_msgs/_ur_dashboard_msgs_s.ep.rosidl_typesupport_fastrtps_c.c
[1.177s] -- Up-to-date: /home/alvaro/Desktop/workspace/ros_ur_driver/install/ur_dashboard_msgs/local/lib/python3.10/dist-packages/ur_dashboard_msgs/srv
[1.177s] -- Up-to-date: /home/alvaro/Desktop/workspace/ros_ur_driver/install/ur_dashboard_msgs/local/lib/python3.10/dist-packages/ur_dashboard_msgs/srv/_is_program_running_s.c
[1.177s] -- Up-to-date: /home/alvaro/Desktop/workspace/ros_ur_driver/install/ur_dashboard_msgs/local/lib/python3.10/dist-packages/ur_dashboard_msgs/srv/_popup.py
[1.177s] -- Up-to-date: /home/alvaro/Desktop/workspace/ros_ur_driver/install/ur_dashboard_msgs/local/lib/python3.10/dist-packages/ur_dashboard_msgs/srv/_add_to_log_s.c
[1.177s] -- Up-to-date: /home/alvaro/Desktop/workspace/ros_ur_driver/install/ur_dashboard_msgs/local/lib/python3.10/dist-packages/ur_dashboard_msgs/srv/_get_robot_mode_s.c
[1.177s] -- Up-to-date: /home/alvaro/Desktop/workspace/ros_ur_driver/install/ur_dashboard_msgs/local/lib/python3.10/dist-packages/ur_dashboard_msgs/srv/__init__.py
[1.177s] -- Up-to-date: /home/alvaro/Desktop/workspace/ros_ur_driver/install/ur_dashboard_msgs/local/lib/python3.10/dist-packages/ur_dashboard_msgs/srv/_load_s.c
[1.177s] -- Up-to-date: /home/alvaro/Desktop/workspace/ros_ur_driver/install/ur_dashboard_msgs/local/lib/python3.10/dist-packages/ur_dashboard_msgs/srv/_get_safety_mode_s.c
[1.177s] -- Up-to-date: /home/alvaro/Desktop/workspace/ros_ur_driver/install/ur_dashboard_msgs/local/lib/python3.10/dist-packages/ur_dashboard_msgs/srv/_get_robot_mode.py
[1.178s] -- Up-to-date: /home/alvaro/Desktop/workspace/ros_ur_driver/install/ur_dashboard_msgs/local/lib/python3.10/dist-packages/ur_dashboard_msgs/srv/_add_to_log.py
[1.178s] -- Up-to-date: /home/alvaro/Desktop/workspace/ros_ur_driver/install/ur_dashboard_msgs/local/lib/python3.10/dist-packages/ur_dashboard_msgs/srv/_is_program_saved_s.c
[1.178s] -- Up-to-date: /home/alvaro/Desktop/workspace/ros_ur_driver/install/ur_dashboard_msgs/local/lib/python3.10/dist-packages/ur_dashboard_msgs/srv/_popup_s.c
[1.178s] -- Up-to-date: /home/alvaro/Desktop/workspace/ros_ur_driver/install/ur_dashboard_msgs/local/lib/python3.10/dist-packages/ur_dashboard_msgs/srv/_is_program_saved.py
[1.178s] -- Up-to-date: /home/alvaro/Desktop/workspace/ros_ur_driver/install/ur_dashboard_msgs/local/lib/python3.10/dist-packages/ur_dashboard_msgs/srv/_is_program_running.py
[1.178s] -- Up-to-date: /home/alvaro/Desktop/workspace/ros_ur_driver/install/ur_dashboard_msgs/local/lib/python3.10/dist-packages/ur_dashboard_msgs/srv/_get_loaded_program_s.c
[1.178s] -- Up-to-date: /home/alvaro/Desktop/workspace/ros_ur_driver/install/ur_dashboard_msgs/local/lib/python3.10/dist-packages/ur_dashboard_msgs/srv/_load.py
[1.178s] -- Up-to-date: /home/alvaro/Desktop/workspace/ros_ur_driver/install/ur_dashboard_msgs/local/lib/python3.10/dist-packages/ur_dashboard_msgs/srv/_get_safety_mode.py
[1.178s] -- Up-to-date: /home/alvaro/Desktop/workspace/ros_ur_driver/install/ur_dashboard_msgs/local/lib/python3.10/dist-packages/ur_dashboard_msgs/srv/_get_program_state_s.c
[1.178s] -- Up-to-date: /home/alvaro/Desktop/workspace/ros_ur_driver/install/ur_dashboard_msgs/local/lib/python3.10/dist-packages/ur_dashboard_msgs/srv/_raw_request_s.c
[1.178s] -- Up-to-date: /home/alvaro/Desktop/workspace/ros_ur_driver/install/ur_dashboard_msgs/local/lib/python3.10/dist-packages/ur_dashboard_msgs/srv/_get_program_state.py
[1.178s] -- Up-to-date: /home/alvaro/Desktop/workspace/ros_ur_driver/install/ur_dashboard_msgs/local/lib/python3.10/dist-packages/ur_dashboard_msgs/srv/_get_loaded_program.py
[1.178s] -- Up-to-date: /home/alvaro/Desktop/workspace/ros_ur_driver/install/ur_dashboard_msgs/local/lib/python3.10/dist-packages/ur_dashboard_msgs/srv/_raw_request.py
[1.179s] -- Up-to-date: /home/alvaro/Desktop/workspace/ros_ur_driver/install/ur_dashboard_msgs/local/lib/python3.10/dist-packages/ur_dashboard_msgs/_ur_dashboard_msgs_s.ep.rosidl_typesupport_c.c
[1.179s] -- Up-to-date: /home/alvaro/Desktop/workspace/ros_ur_driver/install/ur_dashboard_msgs/local/lib/python3.10/dist-packages/ur_dashboard_msgs/libur_dashboard_msgs__rosidl_generator_py.so
[1.179s] -- Up-to-date: /home/alvaro/Desktop/workspace/ros_ur_driver/install/ur_dashboard_msgs/local/lib/python3.10/dist-packages/ur_dashboard_msgs/ur_dashboard_msgs_s__rosidl_typesupport_fastrtps_c.cpython-310-x86_64-linux-gnu.so
[1.226s] Listing '/home/alvaro/Desktop/workspace/ros_ur_driver/install/ur_dashboard_msgs/local/lib/python3.10/dist-packages/ur_dashboard_msgs'...
[1.226s] Listing '/home/alvaro/Desktop/workspace/ros_ur_driver/install/ur_dashboard_msgs/local/lib/python3.10/dist-packages/ur_dashboard_msgs/action'...
[1.226s] Listing '/home/alvaro/Desktop/workspace/ros_ur_driver/install/ur_dashboard_msgs/local/lib/python3.10/dist-packages/ur_dashboard_msgs/msg'...
[1.226s] Listing '/home/alvaro/Desktop/workspace/ros_ur_driver/install/ur_dashboard_msgs/local/lib/python3.10/dist-packages/ur_dashboard_msgs/srv'...
[1.233s] -- Up-to-date: /home/alvaro/Desktop/workspace/ros_ur_driver/install/ur_dashboard_msgs/local/lib/python3.10/dist-packages/ur_dashboard_msgs/ur_dashboard_msgs_s__rosidl_typesupport_fastrtps_c.cpython-310-x86_64-linux-gnu.so
[1.233s] -- Up-to-date: /home/alvaro/Desktop/workspace/ros_ur_driver/install/ur_dashboard_msgs/local/lib/python3.10/dist-packages/ur_dashboard_msgs/ur_dashboard_msgs_s__rosidl_typesupport_introspection_c.cpython-310-x86_64-linux-gnu.so
[1.233s] -- Up-to-date: /home/alvaro/Desktop/workspace/ros_ur_driver/install/ur_dashboard_msgs/local/lib/python3.10/dist-packages/ur_dashboard_msgs/ur_dashboard_msgs_s__rosidl_typesupport_c.cpython-310-x86_64-linux-gnu.so
[1.234s] -- Up-to-date: /home/alvaro/Desktop/workspace/ros_ur_driver/install/ur_dashboard_msgs/lib/libur_dashboard_msgs__rosidl_generator_py.so
[1.234s] -- Up-to-date: /home/alvaro/Desktop/workspace/ros_ur_driver/install/ur_dashboard_msgs/share/ur_dashboard_msgs/msg/ProgramState.idl
[1.234s] -- Up-to-date: /home/alvaro/Desktop/workspace/ros_ur_driver/install/ur_dashboard_msgs/share/ur_dashboard_msgs/msg/RobotMode.idl
[1.235s] -- Up-to-date: /home/alvaro/Desktop/workspace/ros_ur_driver/install/ur_dashboard_msgs/share/ur_dashboard_msgs/msg/SafetyMode.idl
[1.235s] -- Up-to-date: /home/alvaro/Desktop/workspace/ros_ur_driver/install/ur_dashboard_msgs/share/ur_dashboard_msgs/srv/AddToLog.idl
[1.235s] -- Up-to-date: /home/alvaro/Desktop/workspace/ros_ur_driver/install/ur_dashboard_msgs/share/ur_dashboard_msgs/srv/GetLoadedProgram.idl
[1.235s] -- Up-to-date: /home/alvaro/Desktop/workspace/ros_ur_driver/install/ur_dashboard_msgs/share/ur_dashboard_msgs/srv/GetProgramState.idl
[1.235s] -- Up-to-date: /home/alvaro/Desktop/workspace/ros_ur_driver/install/ur_dashboard_msgs/share/ur_dashboard_msgs/srv/GetRobotMode.idl
[1.235s] -- Up-to-date: /home/alvaro/Desktop/workspace/ros_ur_driver/install/ur_dashboard_msgs/share/ur_dashboard_msgs/srv/GetSafetyMode.idl
[1.235s] -- Up-to-date: /home/alvaro/Desktop/workspace/ros_ur_driver/install/ur_dashboard_msgs/share/ur_dashboard_msgs/srv/IsProgramRunning.idl
[1.236s] -- Up-to-date: /home/alvaro/Desktop/workspace/ros_ur_driver/install/ur_dashboard_msgs/share/ur_dashboard_msgs/srv/IsProgramSaved.idl
[1.236s] -- Up-to-date: /home/alvaro/Desktop/workspace/ros_ur_driver/install/ur_dashboard_msgs/share/ur_dashboard_msgs/srv/Load.idl
[1.236s] -- Up-to-date: /home/alvaro/Desktop/workspace/ros_ur_driver/install/ur_dashboard_msgs/share/ur_dashboard_msgs/srv/Popup.idl
[1.236s] -- Up-to-date: /home/alvaro/Desktop/workspace/ros_ur_driver/install/ur_dashboard_msgs/share/ur_dashboard_msgs/srv/RawRequest.idl
[1.236s] -- Up-to-date: /home/alvaro/Desktop/workspace/ros_ur_driver/install/ur_dashboard_msgs/share/ur_dashboard_msgs/action/SetMode.idl
[1.236s] -- Up-to-date: /home/alvaro/Desktop/workspace/ros_ur_driver/install/ur_dashboard_msgs/share/ur_dashboard_msgs/msg/ProgramState.msg
[1.237s] -- Up-to-date: /home/alvaro/Desktop/workspace/ros_ur_driver/install/ur_dashboard_msgs/share/ur_dashboard_msgs/msg/RobotMode.msg
[1.237s] -- Up-to-date: /home/alvaro/Desktop/workspace/ros_ur_driver/install/ur_dashboard_msgs/share/ur_dashboard_msgs/msg/SafetyMode.msg
[1.237s] -- Up-to-date: /home/alvaro/Desktop/workspace/ros_ur_driver/install/ur_dashboard_msgs/share/ur_dashboard_msgs/srv/AddToLog.srv
[1.237s] -- Up-to-date: /home/alvaro/Desktop/workspace/ros_ur_driver/install/ur_dashboard_msgs/share/ur_dashboard_msgs/srv/AddToLog_Request.msg
[1.237s] -- Up-to-date: /home/alvaro/Desktop/workspace/ros_ur_driver/install/ur_dashboard_msgs/share/ur_dashboard_msgs/srv/AddToLog_Response.msg
[1.237s] -- Up-to-date: /home/alvaro/Desktop/workspace/ros_ur_driver/install/ur_dashboard_msgs/share/ur_dashboard_msgs/srv/GetLoadedProgram.srv
[1.237s] -- Up-to-date: /home/alvaro/Desktop/workspace/ros_ur_driver/install/ur_dashboard_msgs/share/ur_dashboard_msgs/srv/GetLoadedProgram_Request.msg
[1.238s] -- Up-to-date: /home/alvaro/Desktop/workspace/ros_ur_driver/install/ur_dashboard_msgs/share/ur_dashboard_msgs/srv/GetLoadedProgram_Response.msg
[1.238s] -- Up-to-date: /home/alvaro/Desktop/workspace/ros_ur_driver/install/ur_dashboard_msgs/share/ur_dashboard_msgs/srv/GetProgramState.srv
[1.238s] -- Up-to-date: /home/alvaro/Desktop/workspace/ros_ur_driver/install/ur_dashboard_msgs/share/ur_dashboard_msgs/srv/GetProgramState_Request.msg
[1.238s] -- Up-to-date: /home/alvaro/Desktop/workspace/ros_ur_driver/install/ur_dashboard_msgs/share/ur_dashboard_msgs/srv/GetProgramState_Response.msg
[1.238s] -- Up-to-date: /home/alvaro/Desktop/workspace/ros_ur_driver/install/ur_dashboard_msgs/share/ur_dashboard_msgs/srv/GetRobotMode.srv
[1.238s] -- Up-to-date: /home/alvaro/Desktop/workspace/ros_ur_driver/install/ur_dashboard_msgs/share/ur_dashboard_msgs/srv/GetRobotMode_Request.msg
[1.239s] -- Up-to-date: /home/alvaro/Desktop/workspace/ros_ur_driver/install/ur_dashboard_msgs/share/ur_dashboard_msgs/srv/GetRobotMode_Response.msg
[1.239s] -- Up-to-date: /home/alvaro/Desktop/workspace/ros_ur_driver/install/ur_dashboard_msgs/share/ur_dashboard_msgs/srv/GetSafetyMode.srv
[1.239s] -- Up-to-date: /home/alvaro/Desktop/workspace/ros_ur_driver/install/ur_dashboard_msgs/share/ur_dashboard_msgs/srv/GetSafetyMode_Request.msg
[1.239s] -- Up-to-date: /home/alvaro/Desktop/workspace/ros_ur_driver/install/ur_dashboard_msgs/share/ur_dashboard_msgs/srv/GetSafetyMode_Response.msg
[1.239s] -- Up-to-date: /home/alvaro/Desktop/workspace/ros_ur_driver/install/ur_dashboard_msgs/share/ur_dashboard_msgs/srv/IsProgramRunning.srv
[1.239s] -- Up-to-date: /home/alvaro/Desktop/workspace/ros_ur_driver/install/ur_dashboard_msgs/share/ur_dashboard_msgs/srv/IsProgramRunning_Request.msg
[1.240s] -- Up-to-date: /home/alvaro/Desktop/workspace/ros_ur_driver/install/ur_dashboard_msgs/share/ur_dashboard_msgs/srv/IsProgramRunning_Response.msg
[1.240s] -- Up-to-date: /home/alvaro/Desktop/workspace/ros_ur_driver/install/ur_dashboard_msgs/share/ur_dashboard_msgs/srv/IsProgramSaved.srv
[1.240s] -- Up-to-date: /home/alvaro/Desktop/workspace/ros_ur_driver/install/ur_dashboard_msgs/share/ur_dashboard_msgs/srv/IsProgramSaved_Request.msg
[1.240s] -- Up-to-date: /home/alvaro/Desktop/workspace/ros_ur_driver/install/ur_dashboard_msgs/share/ur_dashboard_msgs/srv/IsProgramSaved_Response.msg
[1.240s] -- Up-to-date: /home/alvaro/Desktop/workspace/ros_ur_driver/install/ur_dashboard_msgs/share/ur_dashboard_msgs/srv/Load.srv
[1.240s] -- Up-to-date: /home/alvaro/Desktop/workspace/ros_ur_driver/install/ur_dashboard_msgs/share/ur_dashboard_msgs/srv/Load_Request.msg
[1.241s] -- Up-to-date: /home/alvaro/Desktop/workspace/ros_ur_driver/install/ur_dashboard_msgs/share/ur_dashboard_msgs/srv/Load_Response.msg
[1.241s] -- Up-to-date: /home/alvaro/Desktop/workspace/ros_ur_driver/install/ur_dashboard_msgs/share/ur_dashboard_msgs/srv/Popup.srv
[1.241s] -- Up-to-date: /home/alvaro/Desktop/workspace/ros_ur_driver/install/ur_dashboard_msgs/share/ur_dashboard_msgs/srv/Popup_Request.msg
[1.241s] -- Up-to-date: /home/alvaro/Desktop/workspace/ros_ur_driver/install/ur_dashboard_msgs/share/ur_dashboard_msgs/srv/Popup_Response.msg
[1.241s] -- Up-to-date: /home/alvaro/Desktop/workspace/ros_ur_driver/install/ur_dashboard_msgs/share/ur_dashboard_msgs/srv/RawRequest.srv
[1.241s] -- Up-to-date: /home/alvaro/Desktop/workspace/ros_ur_driver/install/ur_dashboard_msgs/share/ur_dashboard_msgs/srv/RawRequest_Request.msg
[1.241s] -- Up-to-date: /home/alvaro/Desktop/workspace/ros_ur_driver/install/ur_dashboard_msgs/share/ur_dashboard_msgs/srv/RawRequest_Response.msg
[1.242s] -- Up-to-date: /home/alvaro/Desktop/workspace/ros_ur_driver/install/ur_dashboard_msgs/share/ur_dashboard_msgs/action/SetMode.action
[1.242s] -- Up-to-date: /home/alvaro/Desktop/workspace/ros_ur_driver/install/ur_dashboard_msgs/share/ament_index/resource_index/package_run_dependencies/ur_dashboard_msgs
[1.242s] -- Up-to-date: /home/alvaro/Desktop/workspace/ros_ur_driver/install/ur_dashboard_msgs/share/ament_index/resource_index/parent_prefix_path/ur_dashboard_msgs
[1.242s] -- Up-to-date: /home/alvaro/Desktop/workspace/ros_ur_driver/install/ur_dashboard_msgs/share/ur_dashboard_msgs/environment/ament_prefix_path.sh
[1.242s] -- Up-to-date: /home/alvaro/Desktop/workspace/ros_ur_driver/install/ur_dashboard_msgs/share/ur_dashboard_msgs/environment/ament_prefix_path.dsv
[1.242s] -- Up-to-date: /home/alvaro/Desktop/workspace/ros_ur_driver/install/ur_dashboard_msgs/share/ur_dashboard_msgs/environment/path.sh
[1.243s] -- Up-to-date: /home/alvaro/Desktop/workspace/ros_ur_driver/install/ur_dashboard_msgs/share/ur_dashboard_msgs/environment/path.dsv
[1.243s] -- Up-to-date: /home/alvaro/Desktop/workspace/ros_ur_driver/install/ur_dashboard_msgs/share/ur_dashboard_msgs/local_setup.bash
[1.243s] -- Up-to-date: /home/alvaro/Desktop/workspace/ros_ur_driver/install/ur_dashboard_msgs/share/ur_dashboard_msgs/local_setup.sh
[1.243s] -- Up-to-date: /home/alvaro/Desktop/workspace/ros_ur_driver/install/ur_dashboard_msgs/share/ur_dashboard_msgs/local_setup.zsh
[1.243s] -- Up-to-date: /home/alvaro/Desktop/workspace/ros_ur_driver/install/ur_dashboard_msgs/share/ur_dashboard_msgs/local_setup.dsv
[1.243s] -- Installing: /home/alvaro/Desktop/workspace/ros_ur_driver/install/ur_dashboard_msgs/share/ur_dashboard_msgs/package.dsv
[1.243s] -- Up-to-date: /home/alvaro/Desktop/workspace/ros_ur_driver/install/ur_dashboard_msgs/share/ament_index/resource_index/packages/ur_dashboard_msgs
[1.244s] -- Up-to-date: /home/alvaro/Desktop/workspace/ros_ur_driver/install/ur_dashboard_msgs/share/ur_dashboard_msgs/cmake/export_ur_dashboard_msgs__rosidl_generator_cExport.cmake
[1.244s] -- Up-to-date: /home/alvaro/Desktop/workspace/ros_ur_driver/install/ur_dashboard_msgs/share/ur_dashboard_msgs/cmake/export_ur_dashboard_msgs__rosidl_generator_cExport-release.cmake
[1.244s] -- Up-to-date: /home/alvaro/Desktop/workspace/ros_ur_driver/install/ur_dashboard_msgs/share/ur_dashboard_msgs/cmake/export_ur_dashboard_msgs__rosidl_typesupport_fastrtps_cExport.cmake
[1.244s] -- Up-to-date: /home/alvaro/Desktop/workspace/ros_ur_driver/install/ur_dashboard_msgs/share/ur_dashboard_msgs/cmake/export_ur_dashboard_msgs__rosidl_typesupport_fastrtps_cExport-release.cmake
[1.244s] -- Up-to-date: /home/alvaro/Desktop/workspace/ros_ur_driver/install/ur_dashboard_msgs/share/ur_dashboard_msgs/cmake/ur_dashboard_msgs__rosidl_typesupport_introspection_cExport.cmake
[1.244s] -- Up-to-date: /home/alvaro/Desktop/workspace/ros_ur_driver/install/ur_dashboard_msgs/share/ur_dashboard_msgs/cmake/ur_dashboard_msgs__rosidl_typesupport_introspection_cExport-release.cmake
[1.244s] -- Up-to-date: /home/alvaro/Desktop/workspace/ros_ur_driver/install/ur_dashboard_msgs/share/ur_dashboard_msgs/cmake/ur_dashboard_msgs__rosidl_typesupport_cExport.cmake
[1.245s] -- Up-to-date: /home/alvaro/Desktop/workspace/ros_ur_driver/install/ur_dashboard_msgs/share/ur_dashboard_msgs/cmake/ur_dashboard_msgs__rosidl_typesupport_cExport-release.cmake
[1.245s] -- Up-to-date: /home/alvaro/Desktop/workspace/ros_ur_driver/install/ur_dashboard_msgs/share/ur_dashboard_msgs/cmake/export_ur_dashboard_msgs__rosidl_generator_cppExport.cmake
[1.245s] -- Up-to-date: /home/alvaro/Desktop/workspace/ros_ur_driver/install/ur_dashboard_msgs/share/ur_dashboard_msgs/cmake/export_ur_dashboard_msgs__rosidl_typesupport_fastrtps_cppExport.cmake
[1.245s] -- Up-to-date: /home/alvaro/Desktop/workspace/ros_ur_driver/install/ur_dashboard_msgs/share/ur_dashboard_msgs/cmake/export_ur_dashboard_msgs__rosidl_typesupport_fastrtps_cppExport-release.cmake
[1.245s] -- Up-to-date: /home/alvaro/Desktop/workspace/ros_ur_driver/install/ur_dashboard_msgs/share/ur_dashboard_msgs/cmake/ur_dashboard_msgs__rosidl_typesupport_introspection_cppExport.cmake
[1.245s] -- Up-to-date: /home/alvaro/Desktop/workspace/ros_ur_driver/install/ur_dashboard_msgs/share/ur_dashboard_msgs/cmake/ur_dashboard_msgs__rosidl_typesupport_introspection_cppExport-release.cmake
[1.245s] -- Up-to-date: /home/alvaro/Desktop/workspace/ros_ur_driver/install/ur_dashboard_msgs/share/ur_dashboard_msgs/cmake/ur_dashboard_msgs__rosidl_typesupport_cppExport.cmake
[1.246s] -- Up-to-date: /home/alvaro/Desktop/workspace/ros_ur_driver/install/ur_dashboard_msgs/share/ur_dashboard_msgs/cmake/ur_dashboard_msgs__rosidl_typesupport_cppExport-release.cmake
[1.246s] -- Up-to-date: /home/alvaro/Desktop/workspace/ros_ur_driver/install/ur_dashboard_msgs/share/ur_dashboard_msgs/cmake/export_ur_dashboard_msgs__rosidl_generator_pyExport.cmake
[1.246s] -- Up-to-date: /home/alvaro/Desktop/workspace/ros_ur_driver/install/ur_dashboard_msgs/share/ur_dashboard_msgs/cmake/export_ur_dashboard_msgs__rosidl_generator_pyExport-release.cmake
[1.246s] -- Up-to-date: /home/alvaro/Desktop/workspace/ros_ur_driver/install/ur_dashboard_msgs/share/ur_dashboard_msgs/cmake/rosidl_cmake-extras.cmake
[1.246s] -- Up-to-date: /home/alvaro/Desktop/workspace/ros_ur_driver/install/ur_dashboard_msgs/share/ur_dashboard_msgs/cmake/ament_cmake_export_dependencies-extras.cmake
[1.246s] -- Up-to-date: /home/alvaro/Desktop/workspace/ros_ur_driver/install/ur_dashboard_msgs/share/ur_dashboard_msgs/cmake/ament_cmake_export_include_directories-extras.cmake
[1.247s] -- Up-to-date: /home/alvaro/Desktop/workspace/ros_ur_driver/install/ur_dashboard_msgs/share/ur_dashboard_msgs/cmake/ament_cmake_export_libraries-extras.cmake
[1.247s] -- Up-to-date: /home/alvaro/Desktop/workspace/ros_ur_driver/install/ur_dashboard_msgs/share/ur_dashboard_msgs/cmake/ament_cmake_export_targets-extras.cmake
[1.248s] -- Up-to-date: /home/alvaro/Desktop/workspace/ros_ur_driver/install/ur_dashboard_msgs/share/ur_dashboard_msgs/cmake/rosidl_cmake_export_typesupport_targets-extras.cmake
[1.248s] -- Up-to-date: /home/alvaro/Desktop/workspace/ros_ur_driver/install/ur_dashboard_msgs/share/ur_dashboard_msgs/cmake/rosidl_cmake_export_typesupport_libraries-extras.cmake
[1.249s] -- Up-to-date: /home/alvaro/Desktop/workspace/ros_ur_driver/install/ur_dashboard_msgs/share/ur_dashboard_msgs/cmake/ur_dashboard_msgsConfig.cmake
[1.249s] -- Up-to-date: /home/alvaro/Desktop/workspace/ros_ur_driver/install/ur_dashboard_msgs/share/ur_dashboard_msgs/cmake/ur_dashboard_msgsConfig-version.cmake
[1.249s] -- Up-to-date: /home/alvaro/Desktop/workspace/ros_ur_driver/install/ur_dashboard_msgs/share/ur_dashboard_msgs/package.xml
[1.250s] Invoked command in '/home/alvaro/Desktop/workspace/ros_ur_driver/build/ur_dashboard_msgs' returned '0': CMAKE_PREFIX_PATH=${CMAKE_PREFIX_PATH}:/home/alvaro/Desktop/workspace/ros_ur_driver/install/trayectories:/home/alvaro/Desktop/workspace/ros_ur_driver/install/data_logger:/home/alvaro/ros2_ws_copia/install/my_robot_controller:/home/alvaro/ros2_ws_copia/install/movimiento_articular:/home/alvaro/ros2_ws_copia/install/data_logger:/home/alvaro/ros2_ws/install/my_robot_controller:/opt/ros/humble /usr/bin/cmake --install /home/alvaro/Desktop/workspace/ros_ur_driver/build/ur_dashboard_msgs
