running egg_info
writing ../../build/data_logger/data_logger.egg-info/PKG-INFO
writing dependency_links to ../../build/data_logger/data_logger.egg-info/dependency_links.txt
writing entry points to ../../build/data_logger/data_logger.egg-info/entry_points.txt
writing requirements to ../../build/data_logger/data_logger.egg-info/requires.txt
writing top-level names to ../../build/data_logger/data_logger.egg-info/top_level.txt
reading manifest file '../../build/data_logger/data_logger.egg-info/SOURCES.txt'
writing manifest file '../../build/data_logger/data_logger.egg-info/SOURCES.txt'
running build
running build_py
copying data_logger/super_logger.py -> /home/alvaro/Desktop/workspace/ros_ur_driver/build/data_logger/build/lib/data_logger
running install
running install_lib
copying /home/alvaro/Desktop/workspace/ros_ur_driver/build/data_logger/build/lib/data_logger/super_logger.py -> /home/alvaro/Desktop/workspace/ros_ur_driver/install/data_logger/lib/python3.10/site-packages/data_logger
byte-compiling /home/alvaro/Desktop/workspace/ros_ur_driver/install/data_logger/lib/python3.10/site-packages/data_logger/super_logger.py to super_logger.cpython-310.pyc
running install_data
running install_egg_info
removing '/home/alvaro/Desktop/workspace/ros_ur_driver/install/data_logger/lib/python3.10/site-packages/data_logger-0.0.0-py3.10.egg-info' (and everything under it)
Copying ../../build/data_logger/data_logger.egg-info to /home/alvaro/Desktop/workspace/ros_ur_driver/install/data_logger/lib/python3.10/site-packages/data_logger-0.0.0-py3.10.egg-info
running install_scripts
Installing analog_reader script to /home/alvaro/Desktop/workspace/ros_ur_driver/install/data_logger/lib/data_logger
Installing data_emitter script to /home/alvaro/Desktop/workspace/ros_ur_driver/install/data_logger/lib/data_logger
Installing data_reader script to /home/alvaro/Desktop/workspace/ros_ur_driver/install/data_logger/lib/data_logger
Installing digital_reader script to /home/alvaro/Desktop/workspace/ros_ur_driver/install/data_logger/lib/data_logger
Installing joint_reader script to /home/alvaro/Desktop/workspace/ros_ur_driver/install/data_logger/lib/data_logger
Installing multi_logger script to /home/alvaro/Desktop/workspace/ros_ur_driver/install/data_logger/lib/data_logger
Installing super_logger script to /home/alvaro/Desktop/workspace/ros_ur_driver/install/data_logger/lib/data_logger
writing list of installed files to '/home/alvaro/Desktop/workspace/ros_ur_driver/build/data_logger/install.log'
