[0.144s] Invoking command in '/home/alvaro/Desktop/workspace/ros_ur_driver/build/ur_description': CMAKE_PREFIX_PATH=${CMAKE_PREFIX_PATH}:/home/alvaro/Desktop/workspace/ros_ur_driver/install/trayectories:/home/alvaro/Desktop/workspace/ros_ur_driver/install/data_logger:/home/alvaro/ros2_ws_copia/install/my_robot_controller:/home/alvaro/ros2_ws_copia/install/movimiento_articular:/home/alvaro/ros2_ws_copia/install/data_logger:/home/alvaro/ros2_ws/install/my_robot_controller:/opt/ros/humble /usr/bin/cmake --build /home/alvaro/Desktop/workspace/ros_ur_driver/build/ur_description -- -j8 -l8
[3.629s] Invoked command in '/home/alvaro/Desktop/workspace/ros_ur_driver/build/ur_description' returned '0': CMAKE_PREFIX_PATH=${CMAKE_PREFIX_PATH}:/home/alvaro/Desktop/workspace/ros_ur_driver/install/trayectories:/home/alvaro/Desktop/workspace/ros_ur_driver/install/data_logger:/home/alvaro/ros2_ws_copia/install/my_robot_controller:/home/alvaro/ros2_ws_copia/install/movimiento_articular:/home/alvaro/ros2_ws_copia/install/data_logger:/home/alvaro/ros2_ws/install/my_robot_controller:/opt/ros/humble /usr/bin/cmake --build /home/alvaro/Desktop/workspace/ros_ur_driver/build/ur_description -- -j8 -l8
[3.773s] Invoking command in '/home/alvaro/Desktop/workspace/ros_ur_driver/build/ur_description': CMAKE_PREFIX_PATH=${CMAKE_PREFIX_PATH}:/home/alvaro/Desktop/workspace/ros_ur_driver/install/trayectories:/home/alvaro/Desktop/workspace/ros_ur_driver/install/data_logger:/home/alvaro/ros2_ws_copia/install/my_robot_controller:/home/alvaro/ros2_ws_copia/install/movimiento_articular:/home/alvaro/ros2_ws_copia/install/data_logger:/home/alvaro/ros2_ws/install/my_robot_controller:/opt/ros/humble /usr/bin/cmake --install /home/alvaro/Desktop/workspace/ros_ur_driver/build/ur_description
[3.812s] -- Install configuration: "Release"
[3.813s] -- Up-to-date: /home/alvaro/Desktop/workspace/ros_ur_driver/install/ur_description/share/ur_description/config
[3.814s] -- Up-to-date: /home/alvaro/Desktop/workspace/ros_ur_driver/install/ur_description/share/ur_description/config/ur5
[3.817s] -- Up-to-date: /home/alvaro/Desktop/workspace/ros_ur_driver/install/ur_description/share/ur_description/config/ur5/visual_parameters.yaml
[3.818s] -- Up-to-date: /home/alvaro/Desktop/workspace/ros_ur_driver/install/ur_description/share/ur_description/config/ur5/joint_limits.yaml
[3.820s] -- Up-to-date: /home/alvaro/Desktop/workspace/ros_ur_driver/install/ur_description/share/ur_description/config/ur5/default_kinematics.yaml
[3.822s] -- Up-to-date: /home/alvaro/Desktop/workspace/ros_ur_driver/install/ur_description/share/ur_description/config/ur5/physical_parameters.yaml
[3.824s] -- Up-to-date: /home/alvaro/Desktop/workspace/ros_ur_driver/install/ur_description/share/ur_description/config/ur5e
[3.824s] -- Up-to-date: /home/alvaro/Desktop/workspace/ros_ur_driver/install/ur_description/share/ur_description/config/ur5e/visual_parameters.yaml
[3.826s] -- Up-to-date: /home/alvaro/Desktop/workspace/ros_ur_driver/install/ur_description/share/ur_description/config/ur5e/joint_limits.yaml
[3.827s] -- Up-to-date: /home/alvaro/Desktop/workspace/ros_ur_driver/install/ur_description/share/ur_description/config/ur5e/default_kinematics.yaml
[3.828s] -- Up-to-date: /home/alvaro/Desktop/workspace/ros_ur_driver/install/ur_description/share/ur_description/config/ur5e/physical_parameters.yaml
[3.828s] -- Up-to-date: /home/alvaro/Desktop/workspace/ros_ur_driver/install/ur_description/share/ur_description/config/ur10
[3.829s] -- Up-to-date: /home/alvaro/Desktop/workspace/ros_ur_driver/install/ur_description/share/ur_description/config/ur10/visual_parameters.yaml
[3.829s] -- Up-to-date: /home/alvaro/Desktop/workspace/ros_ur_driver/install/ur_description/share/ur_description/config/ur10/joint_limits.yaml
[3.830s] -- Up-to-date: /home/alvaro/Desktop/workspace/ros_ur_driver/install/ur_description/share/ur_description/config/ur10/default_kinematics.yaml
[3.830s] -- Up-to-date: /home/alvaro/Desktop/workspace/ros_ur_driver/install/ur_description/share/ur_description/config/ur10/physical_parameters.yaml
[3.831s] -- Up-to-date: /home/alvaro/Desktop/workspace/ros_ur_driver/install/ur_description/share/ur_description/config/ur3
[3.834s] -- Up-to-date: /home/alvaro/Desktop/workspace/ros_ur_driver/install/ur_description/share/ur_description/config/ur3/visual_parameters.yaml
[3.836s] -- Up-to-date: /home/alvaro/Desktop/workspace/ros_ur_driver/install/ur_description/share/ur_description/config/ur3/joint_limits.yaml
[3.837s] -- Up-to-date: /home/alvaro/Desktop/workspace/ros_ur_driver/install/ur_description/share/ur_description/config/ur3/default_kinematics.yaml
[3.838s] -- Up-to-date: /home/alvaro/Desktop/workspace/ros_ur_driver/install/ur_description/share/ur_description/config/ur3/physical_parameters.yaml
[3.840s] -- Up-to-date: /home/alvaro/Desktop/workspace/ros_ur_driver/install/ur_description/share/ur_description/config/ur10e
[3.841s] -- Up-to-date: /home/alvaro/Desktop/workspace/ros_ur_driver/install/ur_description/share/ur_description/config/ur10e/visual_parameters.yaml
[3.842s] -- Up-to-date: /home/alvaro/Desktop/workspace/ros_ur_driver/install/ur_description/share/ur_description/config/ur10e/joint_limits.yaml
[3.842s] -- Up-to-date: /home/alvaro/Desktop/workspace/ros_ur_driver/install/ur_description/share/ur_description/config/ur10e/default_kinematics.yaml
[3.843s] -- Up-to-date: /home/alvaro/Desktop/workspace/ros_ur_driver/install/ur_description/share/ur_description/config/ur10e/physical_parameters.yaml
[3.845s] -- Up-to-date: /home/alvaro/Desktop/workspace/ros_ur_driver/install/ur_description/share/ur_description/config/ur3e
[3.846s] -- Up-to-date: /home/alvaro/Desktop/workspace/ros_ur_driver/install/ur_description/share/ur_description/config/ur3e/visual_parameters.yaml
[3.846s] -- Up-to-date: /home/alvaro/Desktop/workspace/ros_ur_driver/install/ur_description/share/ur_description/config/ur3e/joint_limits.yaml
[3.847s] -- Up-to-date: /home/alvaro/Desktop/workspace/ros_ur_driver/install/ur_description/share/ur_description/config/ur3e/default_kinematics.yaml
[3.848s] -- Up-to-date: /home/alvaro/Desktop/workspace/ros_ur_driver/install/ur_description/share/ur_description/config/ur3e/physical_parameters.yaml
[3.848s] -- Up-to-date: /home/alvaro/Desktop/workspace/ros_ur_driver/install/ur_description/share/ur_description/config/ur20
[3.849s] -- Up-to-date: /home/alvaro/Desktop/workspace/ros_ur_driver/install/ur_description/share/ur_description/config/ur20/visual_parameters.yaml
[3.851s] -- Up-to-date: /home/alvaro/Desktop/workspace/ros_ur_driver/install/ur_description/share/ur_description/config/ur20/joint_limits.yaml
[3.853s] -- Up-to-date: /home/alvaro/Desktop/workspace/ros_ur_driver/install/ur_description/share/ur_description/config/ur20/default_kinematics.yaml
[3.856s] -- Up-to-date: /home/alvaro/Desktop/workspace/ros_ur_driver/install/ur_description/share/ur_description/config/ur20/physical_parameters.yaml
[3.857s] -- Up-to-date: /home/alvaro/Desktop/workspace/ros_ur_driver/install/ur_description/share/ur_description/config/initial_positions.yaml
[3.858s] -- Up-to-date: /home/alvaro/Desktop/workspace/ros_ur_driver/install/ur_description/share/ur_description/config/ur16e
[3.858s] -- Up-to-date: /home/alvaro/Desktop/workspace/ros_ur_driver/install/ur_description/share/ur_description/config/ur16e/visual_parameters.yaml
[3.859s] -- Up-to-date: /home/alvaro/Desktop/workspace/ros_ur_driver/install/ur_description/share/ur_description/config/ur16e/joint_limits.yaml
[3.860s] -- Up-to-date: /home/alvaro/Desktop/workspace/ros_ur_driver/install/ur_description/share/ur_description/config/ur16e/default_kinematics.yaml
[3.863s] -- Up-to-date: /home/alvaro/Desktop/workspace/ros_ur_driver/install/ur_description/share/ur_description/config/ur16e/physical_parameters.yaml
[3.864s] -- Up-to-date: /home/alvaro/Desktop/workspace/ros_ur_driver/install/ur_description/share/ur_description/launch
[3.866s] -- Up-to-date: /home/alvaro/Desktop/workspace/ros_ur_driver/install/ur_description/share/ur_description/launch/view_ur.launch.py
[3.868s] -- Up-to-date: /home/alvaro/Desktop/workspace/ros_ur_driver/install/ur_description/share/ur_description/meshes
[3.868s] -- Up-to-date: /home/alvaro/Desktop/workspace/ros_ur_driver/install/ur_description/share/ur_description/meshes/ur5
[3.870s] -- Up-to-date: /home/alvaro/Desktop/workspace/ros_ur_driver/install/ur_description/share/ur_description/meshes/ur5/visual
[3.874s] -- Up-to-date: /home/alvaro/Desktop/workspace/ros_ur_driver/install/ur_description/share/ur_description/meshes/ur5/visual/wrist1.dae
[3.875s] -- Up-to-date: /home/alvaro/Desktop/workspace/ros_ur_driver/install/ur_description/share/ur_description/meshes/ur5/visual/forearm.dae
[3.877s] -- Up-to-date: /home/alvaro/Desktop/workspace/ros_ur_driver/install/ur_description/share/ur_description/meshes/ur5/visual/wrist2.dae
[3.877s] -- Up-to-date: /home/alvaro/Desktop/workspace/ros_ur_driver/install/ur_description/share/ur_description/meshes/ur5/visual/base.dae
[3.878s] -- Up-to-date: /home/alvaro/Desktop/workspace/ros_ur_driver/install/ur_description/share/ur_description/meshes/ur5/visual/wrist3.dae
[3.879s] -- Up-to-date: /home/alvaro/Desktop/workspace/ros_ur_driver/install/ur_description/share/ur_description/meshes/ur5/visual/shoulder.dae
[3.880s] -- Up-to-date: /home/alvaro/Desktop/workspace/ros_ur_driver/install/ur_description/share/ur_description/meshes/ur5/visual/upperarm.dae
[3.880s] -- Up-to-date: /home/alvaro/Desktop/workspace/ros_ur_driver/install/ur_description/share/ur_description/meshes/ur5/collision
[3.881s] -- Up-to-date: /home/alvaro/Desktop/workspace/ros_ur_driver/install/ur_description/share/ur_description/meshes/ur5/collision/wrist1.stl
[3.881s] -- Up-to-date: /home/alvaro/Desktop/workspace/ros_ur_driver/install/ur_description/share/ur_description/meshes/ur5/collision/wrist3.stl
[3.882s] -- Up-to-date: /home/alvaro/Desktop/workspace/ros_ur_driver/install/ur_description/share/ur_description/meshes/ur5/collision/base.stl
[3.882s] -- Up-to-date: /home/alvaro/Desktop/workspace/ros_ur_driver/install/ur_description/share/ur_description/meshes/ur5/collision/upperarm.stl
[3.883s] -- Up-to-date: /home/alvaro/Desktop/workspace/ros_ur_driver/install/ur_description/share/ur_description/meshes/ur5/collision/wrist2.stl
[3.883s] -- Up-to-date: /home/alvaro/Desktop/workspace/ros_ur_driver/install/ur_description/share/ur_description/meshes/ur5/collision/shoulder.stl
[3.885s] -- Up-to-date: /home/alvaro/Desktop/workspace/ros_ur_driver/install/ur_description/share/ur_description/meshes/ur5/collision/forearm.stl
[3.886s] -- Up-to-date: /home/alvaro/Desktop/workspace/ros_ur_driver/install/ur_description/share/ur_description/meshes/ur5e
[3.886s] -- Up-to-date: /home/alvaro/Desktop/workspace/ros_ur_driver/install/ur_description/share/ur_description/meshes/ur5e/visual
[3.887s] -- Up-to-date: /home/alvaro/Desktop/workspace/ros_ur_driver/install/ur_description/share/ur_description/meshes/ur5e/visual/wrist1.dae
[3.888s] -- Up-to-date: /home/alvaro/Desktop/workspace/ros_ur_driver/install/ur_description/share/ur_description/meshes/ur5e/visual/forearm.dae
[3.889s] -- Up-to-date: /home/alvaro/Desktop/workspace/ros_ur_driver/install/ur_description/share/ur_description/meshes/ur5e/visual/wrist2.dae
[3.889s] -- Up-to-date: /home/alvaro/Desktop/workspace/ros_ur_driver/install/ur_description/share/ur_description/meshes/ur5e/visual/base.dae
[3.890s] -- Up-to-date: /home/alvaro/Desktop/workspace/ros_ur_driver/install/ur_description/share/ur_description/meshes/ur5e/visual/wrist3.dae
[3.890s] -- Up-to-date: /home/alvaro/Desktop/workspace/ros_ur_driver/install/ur_description/share/ur_description/meshes/ur5e/visual/shoulder.dae
[3.890s] -- Up-to-date: /home/alvaro/Desktop/workspace/ros_ur_driver/install/ur_description/share/ur_description/meshes/ur5e/visual/upperarm.dae
[3.892s] -- Up-to-date: /home/alvaro/Desktop/workspace/ros_ur_driver/install/ur_description/share/ur_description/meshes/ur5e/collision
[3.893s] -- Up-to-date: /home/alvaro/Desktop/workspace/ros_ur_driver/install/ur_description/share/ur_description/meshes/ur5e/collision/wrist1.stl
[3.893s] -- Up-to-date: /home/alvaro/Desktop/workspace/ros_ur_driver/install/ur_description/share/ur_description/meshes/ur5e/collision/wrist3.stl
[3.893s] -- Up-to-date: /home/alvaro/Desktop/workspace/ros_ur_driver/install/ur_description/share/ur_description/meshes/ur5e/collision/base.stl
[3.894s] -- Up-to-date: /home/alvaro/Desktop/workspace/ros_ur_driver/install/ur_description/share/ur_description/meshes/ur5e/collision/upperarm.stl
[3.894s] -- Up-to-date: /home/alvaro/Desktop/workspace/ros_ur_driver/install/ur_description/share/ur_description/meshes/ur5e/collision/wrist2.stl
[3.894s] -- Up-to-date: /home/alvaro/Desktop/workspace/ros_ur_driver/install/ur_description/share/ur_description/meshes/ur5e/collision/shoulder.stl
[3.899s] -- Up-to-date: /home/alvaro/Desktop/workspace/ros_ur_driver/install/ur_description/share/ur_description/meshes/ur5e/collision/forearm.stl
[3.900s] -- Up-to-date: /home/alvaro/Desktop/workspace/ros_ur_driver/install/ur_description/share/ur_description/meshes/ur10
[3.900s] -- Up-to-date: /home/alvaro/Desktop/workspace/ros_ur_driver/install/ur_description/share/ur_description/meshes/ur10/visual
[3.901s] -- Up-to-date: /home/alvaro/Desktop/workspace/ros_ur_driver/install/ur_description/share/ur_description/meshes/ur10/visual/wrist1.dae
[3.901s] -- Up-to-date: /home/alvaro/Desktop/workspace/ros_ur_driver/install/ur_description/share/ur_description/meshes/ur10/visual/forearm.dae
[3.901s] -- Up-to-date: /home/alvaro/Desktop/workspace/ros_ur_driver/install/ur_description/share/ur_description/meshes/ur10/visual/wrist2.dae
[3.903s] -- Up-to-date: /home/alvaro/Desktop/workspace/ros_ur_driver/install/ur_description/share/ur_description/meshes/ur10/visual/04_Estaci贸n.stl
[3.904s] -- Up-to-date: /home/alvaro/Desktop/workspace/ros_ur_driver/install/ur_description/share/ur_description/meshes/ur10/visual/base.dae
[3.904s] -- Up-to-date: /home/alvaro/Desktop/workspace/ros_ur_driver/install/ur_description/share/ur_description/meshes/ur10/visual/wrist3.dae
[3.905s] -- Up-to-date: /home/alvaro/Desktop/workspace/ros_ur_driver/install/ur_description/share/ur_description/meshes/ur10/visual/shoulder.dae
[3.905s] -- Up-to-date: /home/alvaro/Desktop/workspace/ros_ur_driver/install/ur_description/share/ur_description/meshes/ur10/visual/05_Estaci贸n_Gorda.stl
[3.907s] -- Up-to-date: /home/alvaro/Desktop/workspace/ros_ur_driver/install/ur_description/share/ur_description/meshes/ur10/visual/upperarm.dae
[3.907s] -- Up-to-date: /home/alvaro/Desktop/workspace/ros_ur_driver/install/ur_description/share/ur_description/meshes/ur10/collision
[3.908s] -- Up-to-date: /home/alvaro/Desktop/workspace/ros_ur_driver/install/ur_description/share/ur_description/meshes/ur10/collision/wrist1.stl
[3.909s] -- Up-to-date: /home/alvaro/Desktop/workspace/ros_ur_driver/install/ur_description/share/ur_description/meshes/ur10/collision/wrist3.stl
[3.909s] -- Up-to-date: /home/alvaro/Desktop/workspace/ros_ur_driver/install/ur_description/share/ur_description/meshes/ur10/collision/04_Estaci贸n.stl
[3.910s] -- Up-to-date: /home/alvaro/Desktop/workspace/ros_ur_driver/install/ur_description/share/ur_description/meshes/ur10/collision/base.stl
[3.910s] -- Up-to-date: /home/alvaro/Desktop/workspace/ros_ur_driver/install/ur_description/share/ur_description/meshes/ur10/collision/upperarm.stl
[3.910s] -- Up-to-date: /home/alvaro/Desktop/workspace/ros_ur_driver/install/ur_description/share/ur_description/meshes/ur10/collision/05_Estaci贸n_Gorda.stl
[3.911s] -- Up-to-date: /home/alvaro/Desktop/workspace/ros_ur_driver/install/ur_description/share/ur_description/meshes/ur10/collision/wrist2.stl
[3.911s] -- Up-to-date: /home/alvaro/Desktop/workspace/ros_ur_driver/install/ur_description/share/ur_description/meshes/ur10/collision/shoulder.stl
[3.912s] -- Up-to-date: /home/alvaro/Desktop/workspace/ros_ur_driver/install/ur_description/share/ur_description/meshes/ur10/collision/forearm.stl
[3.912s] -- Up-to-date: /home/alvaro/Desktop/workspace/ros_ur_driver/install/ur_description/share/ur_description/meshes/ur3
[3.913s] -- Up-to-date: /home/alvaro/Desktop/workspace/ros_ur_driver/install/ur_description/share/ur_description/meshes/ur3/visual
[3.913s] -- Up-to-date: /home/alvaro/Desktop/workspace/ros_ur_driver/install/ur_description/share/ur_description/meshes/ur3/visual/wrist1.dae
[3.913s] -- Up-to-date: /home/alvaro/Desktop/workspace/ros_ur_driver/install/ur_description/share/ur_description/meshes/ur3/visual/forearm.dae
[3.914s] -- Up-to-date: /home/alvaro/Desktop/workspace/ros_ur_driver/install/ur_description/share/ur_description/meshes/ur3/visual/wrist2.dae
[3.914s] -- Up-to-date: /home/alvaro/Desktop/workspace/ros_ur_driver/install/ur_description/share/ur_description/meshes/ur3/visual/base.dae
[3.914s] -- Up-to-date: /home/alvaro/Desktop/workspace/ros_ur_driver/install/ur_description/share/ur_description/meshes/ur3/visual/wrist3.dae
[3.915s] -- Up-to-date: /home/alvaro/Desktop/workspace/ros_ur_driver/install/ur_description/share/ur_description/meshes/ur3/visual/shoulder.dae
[3.915s] -- Up-to-date: /home/alvaro/Desktop/workspace/ros_ur_driver/install/ur_description/share/ur_description/meshes/ur3/visual/upperarm.dae
[3.915s] -- Up-to-date: /home/alvaro/Desktop/workspace/ros_ur_driver/install/ur_description/share/ur_description/meshes/ur3/collision
[3.916s] -- Up-to-date: /home/alvaro/Desktop/workspace/ros_ur_driver/install/ur_description/share/ur_description/meshes/ur3/collision/wrist1.stl
[3.916s] -- Up-to-date: /home/alvaro/Desktop/workspace/ros_ur_driver/install/ur_description/share/ur_description/meshes/ur3/collision/wrist3.stl
[3.917s] -- Up-to-date: /home/alvaro/Desktop/workspace/ros_ur_driver/install/ur_description/share/ur_description/meshes/ur3/collision/base.stl
[3.917s] -- Up-to-date: /home/alvaro/Desktop/workspace/ros_ur_driver/install/ur_description/share/ur_description/meshes/ur3/collision/upperarm.stl
[3.918s] -- Up-to-date: /home/alvaro/Desktop/workspace/ros_ur_driver/install/ur_description/share/ur_description/meshes/ur3/collision/wrist2.stl
[3.918s] -- Up-to-date: /home/alvaro/Desktop/workspace/ros_ur_driver/install/ur_description/share/ur_description/meshes/ur3/collision/shoulder.stl
[3.918s] -- Up-to-date: /home/alvaro/Desktop/workspace/ros_ur_driver/install/ur_description/share/ur_description/meshes/ur3/collision/forearm.stl
[3.919s] -- Up-to-date: /home/alvaro/Desktop/workspace/ros_ur_driver/install/ur_description/share/ur_description/meshes/ur10e
[3.920s] -- Up-to-date: /home/alvaro/Desktop/workspace/ros_ur_driver/install/ur_description/share/ur_description/meshes/ur10e/visual
[3.920s] -- Up-to-date: /home/alvaro/Desktop/workspace/ros_ur_driver/install/ur_description/share/ur_description/meshes/ur10e/visual/wrist1.dae
[3.920s] -- Up-to-date: /home/alvaro/Desktop/workspace/ros_ur_driver/install/ur_description/share/ur_description/meshes/ur10e/visual/forearm.dae
[3.921s] -- Up-to-date: /home/alvaro/Desktop/workspace/ros_ur_driver/install/ur_description/share/ur_description/meshes/ur10e/visual/wrist2.dae
[3.921s] -- Up-to-date: /home/alvaro/Desktop/workspace/ros_ur_driver/install/ur_description/share/ur_description/meshes/ur10e/visual/base.dae
[3.922s] -- Up-to-date: /home/alvaro/Desktop/workspace/ros_ur_driver/install/ur_description/share/ur_description/meshes/ur10e/visual/wrist3.dae
[3.922s] -- Up-to-date: /home/alvaro/Desktop/workspace/ros_ur_driver/install/ur_description/share/ur_description/meshes/ur10e/visual/shoulder.dae
[3.922s] -- Up-to-date: /home/alvaro/Desktop/workspace/ros_ur_driver/install/ur_description/share/ur_description/meshes/ur10e/visual/upperarm.dae
[3.923s] -- Up-to-date: /home/alvaro/Desktop/workspace/ros_ur_driver/install/ur_description/share/ur_description/meshes/ur10e/collision
[3.923s] -- Up-to-date: /home/alvaro/Desktop/workspace/ros_ur_driver/install/ur_description/share/ur_description/meshes/ur10e/collision/wrist1.stl
[3.923s] -- Up-to-date: /home/alvaro/Desktop/workspace/ros_ur_driver/install/ur_description/share/ur_description/meshes/ur10e/collision/wrist3.stl
[3.924s] -- Up-to-date: /home/alvaro/Desktop/workspace/ros_ur_driver/install/ur_description/share/ur_description/meshes/ur10e/collision/base.stl
[3.924s] -- Up-to-date: /home/alvaro/Desktop/workspace/ros_ur_driver/install/ur_description/share/ur_description/meshes/ur10e/collision/upperarm.stl
[3.926s] -- Up-to-date: /home/alvaro/Desktop/workspace/ros_ur_driver/install/ur_description/share/ur_description/meshes/ur10e/collision/wrist2.stl
[3.926s] -- Up-to-date: /home/alvaro/Desktop/workspace/ros_ur_driver/install/ur_description/share/ur_description/meshes/ur10e/collision/shoulder.stl
[3.927s] -- Up-to-date: /home/alvaro/Desktop/workspace/ros_ur_driver/install/ur_description/share/ur_description/meshes/ur10e/collision/forearm.stl
[3.928s] -- Up-to-date: /home/alvaro/Desktop/workspace/ros_ur_driver/install/ur_description/share/ur_description/meshes/ur3e
[3.928s] -- Up-to-date: /home/alvaro/Desktop/workspace/ros_ur_driver/install/ur_description/share/ur_description/meshes/ur3e/visual
[3.929s] -- Up-to-date: /home/alvaro/Desktop/workspace/ros_ur_driver/install/ur_description/share/ur_description/meshes/ur3e/visual/wrist1.dae
[3.930s] -- Up-to-date: /home/alvaro/Desktop/workspace/ros_ur_driver/install/ur_description/share/ur_description/meshes/ur3e/visual/forearm.dae
[3.930s] -- Up-to-date: /home/alvaro/Desktop/workspace/ros_ur_driver/install/ur_description/share/ur_description/meshes/ur3e/visual/wrist2.dae
[3.931s] -- Up-to-date: /home/alvaro/Desktop/workspace/ros_ur_driver/install/ur_description/share/ur_description/meshes/ur3e/visual/base.dae
[3.931s] -- Up-to-date: /home/alvaro/Desktop/workspace/ros_ur_driver/install/ur_description/share/ur_description/meshes/ur3e/visual/wrist3.dae
[3.932s] -- Up-to-date: /home/alvaro/Desktop/workspace/ros_ur_driver/install/ur_description/share/ur_description/meshes/ur3e/visual/shoulder.dae
[3.932s] -- Up-to-date: /home/alvaro/Desktop/workspace/ros_ur_driver/install/ur_description/share/ur_description/meshes/ur3e/visual/upperarm.dae
[3.932s] -- Up-to-date: /home/alvaro/Desktop/workspace/ros_ur_driver/install/ur_description/share/ur_description/meshes/ur3e/collision
[3.933s] -- Up-to-date: /home/alvaro/Desktop/workspace/ros_ur_driver/install/ur_description/share/ur_description/meshes/ur3e/collision/wrist1.stl
[3.933s] -- Up-to-date: /home/alvaro/Desktop/workspace/ros_ur_driver/install/ur_description/share/ur_description/meshes/ur3e/collision/wrist3.stl
[3.934s] -- Up-to-date: /home/alvaro/Desktop/workspace/ros_ur_driver/install/ur_description/share/ur_description/meshes/ur3e/collision/base.stl
[3.934s] -- Up-to-date: /home/alvaro/Desktop/workspace/ros_ur_driver/install/ur_description/share/ur_description/meshes/ur3e/collision/upperarm.stl
[3.934s] -- Up-to-date: /home/alvaro/Desktop/workspace/ros_ur_driver/install/ur_description/share/ur_description/meshes/ur3e/collision/wrist2.stl
[3.935s] -- Up-to-date: /home/alvaro/Desktop/workspace/ros_ur_driver/install/ur_description/share/ur_description/meshes/ur3e/collision/shoulder.stl
[3.935s] -- Up-to-date: /home/alvaro/Desktop/workspace/ros_ur_driver/install/ur_description/share/ur_description/meshes/ur3e/collision/forearm.stl
[3.936s] -- Up-to-date: /home/alvaro/Desktop/workspace/ros_ur_driver/install/ur_description/share/ur_description/meshes/ur20
[3.936s] -- Up-to-date: /home/alvaro/Desktop/workspace/ros_ur_driver/install/ur_description/share/ur_description/meshes/ur20/visual
[3.937s] -- Up-to-date: /home/alvaro/Desktop/workspace/ros_ur_driver/install/ur_description/share/ur_description/meshes/ur20/visual/wrist1.dae
[3.937s] -- Up-to-date: /home/alvaro/Desktop/workspace/ros_ur_driver/install/ur_description/share/ur_description/meshes/ur20/visual/forearm.dae
[3.938s] -- Up-to-date: /home/alvaro/Desktop/workspace/ros_ur_driver/install/ur_description/share/ur_description/meshes/ur20/visual/wrist2.dae
[3.938s] -- Up-to-date: /home/alvaro/Desktop/workspace/ros_ur_driver/install/ur_description/share/ur_description/meshes/ur20/visual/base.dae
[3.939s] -- Up-to-date: /home/alvaro/Desktop/workspace/ros_ur_driver/install/ur_description/share/ur_description/meshes/ur20/visual/wrist3.dae
[3.939s] -- Up-to-date: /home/alvaro/Desktop/workspace/ros_ur_driver/install/ur_description/share/ur_description/meshes/ur20/visual/shoulder.dae
[3.940s] -- Up-to-date: /home/alvaro/Desktop/workspace/ros_ur_driver/install/ur_description/share/ur_description/meshes/ur20/visual/UR20_DIFF_8bit_2K.png
[3.940s] -- Up-to-date: /home/alvaro/Desktop/workspace/ros_ur_driver/install/ur_description/share/ur_description/meshes/ur20/visual/upperarm.dae
[3.941s] -- Up-to-date: /home/alvaro/Desktop/workspace/ros_ur_driver/install/ur_description/share/ur_description/meshes/ur20/LICENSE.txt
[3.941s] -- Up-to-date: /home/alvaro/Desktop/workspace/ros_ur_driver/install/ur_description/share/ur_description/meshes/ur20/collision
[3.941s] -- Up-to-date: /home/alvaro/Desktop/workspace/ros_ur_driver/install/ur_description/share/ur_description/meshes/ur20/collision/wrist1.stl
[3.942s] -- Up-to-date: /home/alvaro/Desktop/workspace/ros_ur_driver/install/ur_description/share/ur_description/meshes/ur20/collision/wrist3.stl
[3.942s] -- Up-to-date: /home/alvaro/Desktop/workspace/ros_ur_driver/install/ur_description/share/ur_description/meshes/ur20/collision/base.stl
[3.942s] -- Up-to-date: /home/alvaro/Desktop/workspace/ros_ur_driver/install/ur_description/share/ur_description/meshes/ur20/collision/upperarm.stl
[3.943s] -- Up-to-date: /home/alvaro/Desktop/workspace/ros_ur_driver/install/ur_description/share/ur_description/meshes/ur20/collision/wrist2.stl
[3.944s] -- Up-to-date: /home/alvaro/Desktop/workspace/ros_ur_driver/install/ur_description/share/ur_description/meshes/ur20/collision/shoulder.stl
[3.945s] -- Up-to-date: /home/alvaro/Desktop/workspace/ros_ur_driver/install/ur_description/share/ur_description/meshes/ur20/collision/forearm.stl
[3.945s] -- Up-to-date: /home/alvaro/Desktop/workspace/ros_ur_driver/install/ur_description/share/ur_description/meshes/ur16e
[3.945s] -- Up-to-date: /home/alvaro/Desktop/workspace/ros_ur_driver/install/ur_description/share/ur_description/meshes/ur16e/visual
[3.946s] -- Up-to-date: /home/alvaro/Desktop/workspace/ros_ur_driver/install/ur_description/share/ur_description/meshes/ur16e/visual/forearm.dae
[3.946s] -- Up-to-date: /home/alvaro/Desktop/workspace/ros_ur_driver/install/ur_description/share/ur_description/meshes/ur16e/visual/upperarm.dae
[3.946s] -- Up-to-date: /home/alvaro/Desktop/workspace/ros_ur_driver/install/ur_description/share/ur_description/meshes/ur16e/collision
[3.947s] -- Up-to-date: /home/alvaro/Desktop/workspace/ros_ur_driver/install/ur_description/share/ur_description/meshes/ur16e/collision/upperarm.stl
[3.947s] -- Up-to-date: /home/alvaro/Desktop/workspace/ros_ur_driver/install/ur_description/share/ur_description/meshes/ur16e/collision/forearm.stl
[3.948s] -- Up-to-date: /home/alvaro/Desktop/workspace/ros_ur_driver/install/ur_description/share/ur_description/rviz
[3.948s] -- Up-to-date: /home/alvaro/Desktop/workspace/ros_ur_driver/install/ur_description/share/ur_description/rviz/view_robot.rviz
[3.951s] -- Up-to-date: /home/alvaro/Desktop/workspace/ros_ur_driver/install/ur_description/share/ur_description/urdf
[3.952s] -- Up-to-date: /home/alvaro/Desktop/workspace/ros_ur_driver/install/ur_description/share/ur_description/urdf/inc
[3.952s] -- Up-to-date: /home/alvaro/Desktop/workspace/ros_ur_driver/install/ur_description/share/ur_description/urdf/inc/ur_transmissions.xacro
[3.953s] -- Up-to-date: /home/alvaro/Desktop/workspace/ros_ur_driver/install/ur_description/share/ur_description/urdf/inc/ur_common.xacro
[3.953s] -- Up-to-date: /home/alvaro/Desktop/workspace/ros_ur_driver/install/ur_description/share/ur_description/urdf/ur_macro.xacro
[3.954s] -- Up-to-date: /home/alvaro/Desktop/workspace/ros_ur_driver/install/ur_description/share/ur_description/urdf/ur.ros2_control.xacro
[3.954s] -- Up-to-date: /home/alvaro/Desktop/workspace/ros_ur_driver/install/ur_description/share/ur_description/urdf/ur.urdf.xacro
[3.954s] -- Up-to-date: /home/alvaro/Desktop/workspace/ros_ur_driver/install/ur_description/share/ur_description/test
[3.955s] -- Up-to-date: /home/alvaro/Desktop/workspace/ros_ur_driver/install/ur_description/share/ur_description/test/test_view_ur_launch.py
[3.956s] -- Up-to-date: /home/alvaro/Desktop/workspace/ros_ur_driver/install/ur_description/share/ur_description/test/test_ur_urdf_xacro.py
[3.956s] -- Up-to-date: /home/alvaro/Desktop/workspace/ros_ur_driver/install/ur_description/share/ament_index/resource_index/package_run_dependencies/ur_description
[3.957s] -- Up-to-date: /home/alvaro/Desktop/workspace/ros_ur_driver/install/ur_description/share/ament_index/resource_index/parent_prefix_path/ur_description
[3.959s] -- Up-to-date: /home/alvaro/Desktop/workspace/ros_ur_driver/install/ur_description/share/ur_description/environment/ament_prefix_path.sh
[3.960s] -- Up-to-date: /home/alvaro/Desktop/workspace/ros_ur_driver/install/ur_description/share/ur_description/environment/ament_prefix_path.dsv
[3.961s] -- Up-to-date: /home/alvaro/Desktop/workspace/ros_ur_driver/install/ur_description/share/ur_description/environment/path.sh
[3.962s] -- Up-to-date: /home/alvaro/Desktop/workspace/ros_ur_driver/install/ur_description/share/ur_description/environment/path.dsv
[3.962s] -- Up-to-date: /home/alvaro/Desktop/workspace/ros_ur_driver/install/ur_description/share/ur_description/local_setup.bash
[3.963s] -- Up-to-date: /home/alvaro/Desktop/workspace/ros_ur_driver/install/ur_description/share/ur_description/local_setup.sh
[3.963s] -- Up-to-date: /home/alvaro/Desktop/workspace/ros_ur_driver/install/ur_description/share/ur_description/local_setup.zsh
[3.964s] -- Up-to-date: /home/alvaro/Desktop/workspace/ros_ur_driver/install/ur_description/share/ur_description/local_setup.dsv
[3.964s] -- Installing: /home/alvaro/Desktop/workspace/ros_ur_driver/install/ur_description/share/ur_description/package.dsv
[3.965s] -- Up-to-date: /home/alvaro/Desktop/workspace/ros_ur_driver/install/ur_description/share/ament_index/resource_index/packages/ur_description
[3.965s] -- Up-to-date: /home/alvaro/Desktop/workspace/ros_ur_driver/install/ur_description/share/ur_description/cmake/ur_descriptionConfig.cmake
[3.966s] -- Up-to-date: /home/alvaro/Desktop/workspace/ros_ur_driver/install/ur_description/share/ur_description/cmake/ur_descriptionConfig-version.cmake
[3.966s] -- Up-to-date: /home/alvaro/Desktop/workspace/ros_ur_driver/install/ur_description/share/ur_description/package.xml
[3.967s] Invoked command in '/home/alvaro/Desktop/workspace/ros_ur_driver/build/ur_description' returned '0': CMAKE_PREFIX_PATH=${CMAKE_PREFIX_PATH}:/home/alvaro/Desktop/workspace/ros_ur_driver/install/trayectories:/home/alvaro/Desktop/workspace/ros_ur_driver/install/data_logger:/home/alvaro/ros2_ws_copia/install/my_robot_controller:/home/alvaro/ros2_ws_copia/install/movimiento_articular:/home/alvaro/ros2_ws_copia/install/data_logger:/home/alvaro/ros2_ws/install/my_robot_controller:/opt/ros/humble /usr/bin/cmake --install /home/alvaro/Desktop/workspace/ros_ur_driver/build/ur_description
