-- Found ament_cmake: 1.3.8 (/opt/ros/humble/share/ament_cmake/cmake)
-- Found ament_lint_auto: 0.12.10 (/opt/ros/humble/share/ament_lint_auto/cmake)
-- Added test 'lint_cmake' to check CMake code style
-- Added test 'xmllint' to check XML markup files
-- Configuring done
-- Generating done
-- Build files have been written to: /home/alvaro/Desktop/workspace/ros_ur_driver/build/ur
-- Install configuration: "Release"
-- Up-to-date: /home/alvaro/Desktop/workspace/ros_ur_driver/install/ur/share/ament_index/resource_index/package_run_dependencies/ur
-- Installing: /home/alvaro/Desktop/workspace/ros_ur_driver/install/ur/share/ament_index/resource_index/parent_prefix_path/ur
-- Up-to-date: /home/alvaro/Desktop/workspace/ros_ur_driver/install/ur/share/ur/environment/ament_prefix_path.sh
-- Installing: /home/alvaro/Desktop/workspace/ros_ur_driver/install/ur/share/ur/environment/ament_prefix_path.dsv
-- Up-to-date: /home/alvaro/Desktop/workspace/ros_ur_driver/install/ur/share/ur/environment/path.sh
-- Installing: /home/alvaro/Desktop/workspace/ros_ur_driver/install/ur/share/ur/environment/path.dsv
-- Up-to-date: /home/alvaro/Desktop/workspace/ros_ur_driver/install/ur/share/ur/local_setup.bash
-- Up-to-date: /home/alvaro/Desktop/workspace/ros_ur_driver/install/ur/share/ur/local_setup.sh
-- Up-to-date: /home/alvaro/Desktop/workspace/ros_ur_driver/install/ur/share/ur/local_setup.zsh
-- Installing: /home/alvaro/Desktop/workspace/ros_ur_driver/install/ur/share/ur/local_setup.dsv
-- Installing: /home/alvaro/Desktop/workspace/ros_ur_driver/install/ur/share/ur/package.dsv
-- Up-to-date: /home/alvaro/Desktop/workspace/ros_ur_driver/install/ur/share/ament_index/resource_index/packages/ur
-- Up-to-date: /home/alvaro/Desktop/workspace/ros_ur_driver/install/ur/share/ur/cmake/urConfig.cmake
-- Up-to-date: /home/alvaro/Desktop/workspace/ros_ur_driver/install/ur/share/ur/cmake/urConfig-version.cmake
-- Up-to-date: /home/alvaro/Desktop/workspace/ros_ur_driver/install/ur/share/ur/package.xml
