[0.015s] Invoking command in '/home/alvaro/Desktop/workspace/ros_ur_driver/build/ur_dashboard_msgs': CMAKE_PREFIX_PATH=${CMAKE_PREFIX_PATH}:/home/alvaro/Desktop/workspace/install/data_logger:/home/alvaro/ros2_ws_copia/install/my_robot_controller:/home/alvaro/ros2_ws_copia/install/movimiento_articular:/home/alvaro/ros2_ws_copia/install/data_logger:/home/alvaro/ros2_ws/install/my_robot_controller:/opt/ros/humble /usr/bin/cmake /home/alvaro/Desktop/workspace/ros_ur_driver/src/Universal_Robots_ROS2_Driver/ur_dashboard_msgs -DCMAKE_INSTALL_PREFIX=/home/alvaro/Desktop/workspace/ros_ur_driver/install/ur_dashboard_msgs
[0.026s] -- Found ament_cmake: 1.3.8 (/opt/ros/humble/share/ament_cmake/cmake)
[0.162s] -- Found rosidl_default_generators: 1.2.0 (/opt/ros/humble/share/rosidl_default_generators/cmake)
[0.171s] -- Using all available rosidl_typesupport_c: rosidl_typesupport_fastrtps_c;rosidl_typesupport_introspection_c
[0.174s] -- Found rosidl_adapter: 3.1.5 (/opt/ros/humble/share/rosidl_adapter/cmake)
[0.203s] -- Using all available rosidl_typesupport_cpp: rosidl_typesupport_fastrtps_cpp;rosidl_typesupport_introspection_cpp
[0.230s] -- Found action_msgs: 1.2.1 (/opt/ros/humble/share/action_msgs/cmake)
[0.635s] -- Found ament_cmake_ros: 0.10.0 (/opt/ros/humble/share/ament_cmake_ros/cmake)
[0.836s] -- Using all available rosidl_typesupport_c: rosidl_typesupport_fastrtps_c;rosidl_typesupport_introspection_c
[1.122s] -- Using all available rosidl_typesupport_cpp: rosidl_typesupport_fastrtps_cpp;rosidl_typesupport_introspection_cpp
[1.150s] -- Found python_cmake_module: 0.10.0 (/opt/ros/humble/share/python_cmake_module/cmake)
[1.174s] -- Using PYTHON_EXECUTABLE: /usr/bin/python3
[1.174s] -- Using PYTHON_INCLUDE_DIRS: /usr/include/python3.10
[1.174s] -- Using PYTHON_LIBRARIES: /usr/lib/x86_64-linux-gnu/libpython3.10.so
[1.213s] -- Configuring done
[1.278s] -- Generating done
[1.281s] -- Build files have been written to: /home/alvaro/Desktop/workspace/ros_ur_driver/build/ur_dashboard_msgs
[1.289s] Invoked command in '/home/alvaro/Desktop/workspace/ros_ur_driver/build/ur_dashboard_msgs' returned '0': CMAKE_PREFIX_PATH=${CMAKE_PREFIX_PATH}:/home/alvaro/Desktop/workspace/install/data_logger:/home/alvaro/ros2_ws_copia/install/my_robot_controller:/home/alvaro/ros2_ws_copia/install/movimiento_articular:/home/alvaro/ros2_ws_copia/install/data_logger:/home/alvaro/ros2_ws/install/my_robot_controller:/opt/ros/humble /usr/bin/cmake /home/alvaro/Desktop/workspace/ros_ur_driver/src/Universal_Robots_ROS2_Driver/ur_dashboard_msgs -DCMAKE_INSTALL_PREFIX=/home/alvaro/Desktop/workspace/ros_ur_driver/install/ur_dashboard_msgs
[1.290s] Invoking command in '/home/alvaro/Desktop/workspace/ros_ur_driver/build/ur_dashboard_msgs': CMAKE_PREFIX_PATH=${CMAKE_PREFIX_PATH}:/home/alvaro/Desktop/workspace/install/data_logger:/home/alvaro/ros2_ws_copia/install/my_robot_controller:/home/alvaro/ros2_ws_copia/install/movimiento_articular:/home/alvaro/ros2_ws_copia/install/data_logger:/home/alvaro/ros2_ws/install/my_robot_controller:/opt/ros/humble /usr/bin/cmake --build /home/alvaro/Desktop/workspace/ros_ur_driver/build/ur_dashboard_msgs -- -j8 -l8
[1.343s] [35m[1mConsolidate compiler generated dependencies of target ur_dashboard_msgs__rosidl_generator_c[0m
[1.356s] [  0%] Built target ur_dashboard_msgs__cpp
[1.370s] [ 12%] Built target ur_dashboard_msgs__rosidl_generator_c
[1.370s] [ 12%] Built target ament_cmake_python_copy_ur_dashboard_msgs
[1.377s] [35m[1mConsolidate compiler generated dependencies of target ur_dashboard_msgs__rosidl_typesupport_cpp[0m
[1.379s] [35m[1mConsolidate compiler generated dependencies of target ur_dashboard_msgs__rosidl_typesupport_fastrtps_cpp[0m
[1.381s] [35m[1mConsolidate compiler generated dependencies of target ur_dashboard_msgs__rosidl_typesupport_introspection_cpp[0m
[1.390s] [35m[1mConsolidate compiler generated dependencies of target ur_dashboard_msgs__rosidl_typesupport_c[0m
[1.392s] [35m[1mConsolidate compiler generated dependencies of target ur_dashboard_msgs__rosidl_typesupport_introspection_c[0m
[1.394s] [35m[1mConsolidate compiler generated dependencies of target ur_dashboard_msgs__rosidl_typesupport_fastrtps_c[0m
[1.427s] [ 46%] Built target ur_dashboard_msgs__rosidl_typesupport_c
[1.429s] [ 47%] Built target ur_dashboard_msgs__rosidl_typesupport_fastrtps_cpp
[1.429s] [ 60%] Built target ur_dashboard_msgs__rosidl_typesupport_cpp
[1.429s] [ 60%] Built target ur_dashboard_msgs__rosidl_typesupport_introspection_cpp
[1.438s] [ 72%] Built target ur_dashboard_msgs__rosidl_typesupport_introspection_c
[1.440s] [ 84%] Built target ur_dashboard_msgs__rosidl_typesupport_fastrtps_c
[1.471s] [ 84%] Built target ur_dashboard_msgs
[1.499s] [ 85%] Built target ur_dashboard_msgs__py
[1.519s] [35m[1mConsolidate compiler generated dependencies of target ur_dashboard_msgs__rosidl_generator_py[0m
[1.553s] [ 96%] Built target ur_dashboard_msgs__rosidl_generator_py
[1.568s] [35m[1mConsolidate compiler generated dependencies of target ur_dashboard_msgs__rosidl_typesupport_fastrtps_c__pyext[0m
[1.569s] [35m[1mConsolidate compiler generated dependencies of target ur_dashboard_msgs__rosidl_typesupport_introspection_c__pyext[0m
[1.569s] [35m[1mConsolidate compiler generated dependencies of target ur_dashboard_msgs__rosidl_typesupport_c__pyext[0m
[1.588s] [ 97%] Built target ur_dashboard_msgs__rosidl_typesupport_fastrtps_c__pyext
[1.590s] [ 99%] Built target ur_dashboard_msgs__rosidl_typesupport_introspection_c__pyext
[1.591s] [100%] Built target ur_dashboard_msgs__rosidl_typesupport_c__pyext
[1.740s] running egg_info
[1.741s] writing ur_dashboard_msgs.egg-info/PKG-INFO
[1.741s] writing dependency_links to ur_dashboard_msgs.egg-info/dependency_links.txt
[1.741s] writing top-level names to ur_dashboard_msgs.egg-info/top_level.txt
[1.744s] reading manifest file 'ur_dashboard_msgs.egg-info/SOURCES.txt'
[1.745s] writing manifest file 'ur_dashboard_msgs.egg-info/SOURCES.txt'
[1.770s] [100%] Built target ament_cmake_python_build_ur_dashboard_msgs_egg
[1.782s] Invoked command in '/home/alvaro/Desktop/workspace/ros_ur_driver/build/ur_dashboard_msgs' returned '0': CMAKE_PREFIX_PATH=${CMAKE_PREFIX_PATH}:/home/alvaro/Desktop/workspace/install/data_logger:/home/alvaro/ros2_ws_copia/install/my_robot_controller:/home/alvaro/ros2_ws_copia/install/movimiento_articular:/home/alvaro/ros2_ws_copia/install/data_logger:/home/alvaro/ros2_ws/install/my_robot_controller:/opt/ros/humble /usr/bin/cmake --build /home/alvaro/Desktop/workspace/ros_ur_driver/build/ur_dashboard_msgs -- -j8 -l8
[2.064s] Invoking command in '/home/alvaro/Desktop/workspace/ros_ur_driver/build/ur_dashboard_msgs': CMAKE_PREFIX_PATH=${CMAKE_PREFIX_PATH}:/home/alvaro/Desktop/workspace/install/data_logger:/home/alvaro/ros2_ws_copia/install/my_robot_controller:/home/alvaro/ros2_ws_copia/install/movimiento_articular:/home/alvaro/ros2_ws_copia/install/data_logger:/home/alvaro/ros2_ws/install/my_robot_controller:/opt/ros/humble /usr/bin/cmake --install /home/alvaro/Desktop/workspace/ros_ur_driver/build/ur_dashboard_msgs
[2.071s] -- Install configuration: "Release"
[2.071s] -- Up-to-date: /home/alvaro/Desktop/workspace/ros_ur_driver/install/ur_dashboard_msgs/share/ament_index/resource_index/rosidl_interfaces/ur_dashboard_msgs
[2.071s] -- Up-to-date: /home/alvaro/Desktop/workspace/ros_ur_driver/install/ur_dashboard_msgs/include/ur_dashboard_msgs/ur_dashboard_msgs
[2.071s] -- Up-to-date: /home/alvaro/Desktop/workspace/ros_ur_driver/install/ur_dashboard_msgs/include/ur_dashboard_msgs/ur_dashboard_msgs/action
[2.072s] -- Up-to-date: /home/alvaro/Desktop/workspace/ros_ur_driver/install/ur_dashboard_msgs/include/ur_dashboard_msgs/ur_dashboard_msgs/action/detail
[2.072s] -- Up-to-date: /home/alvaro/Desktop/workspace/ros_ur_driver/install/ur_dashboard_msgs/include/ur_dashboard_msgs/ur_dashboard_msgs/action/detail/set_mode__type_support.h
[2.072s] -- Up-to-date: /home/alvaro/Desktop/workspace/ros_ur_driver/install/ur_dashboard_msgs/include/ur_dashboard_msgs/ur_dashboard_msgs/action/detail/set_mode__functions.h
[2.072s] -- Up-to-date: /home/alvaro/Desktop/workspace/ros_ur_driver/install/ur_dashboard_msgs/include/ur_dashboard_msgs/ur_dashboard_msgs/action/detail/set_mode__functions.c
[2.072s] -- Up-to-date: /home/alvaro/Desktop/workspace/ros_ur_driver/install/ur_dashboard_msgs/include/ur_dashboard_msgs/ur_dashboard_msgs/action/detail/set_mode__struct.h
[2.072s] -- Up-to-date: /home/alvaro/Desktop/workspace/ros_ur_driver/install/ur_dashboard_msgs/include/ur_dashboard_msgs/ur_dashboard_msgs/action/set_mode.h
[2.072s] -- Up-to-date: /home/alvaro/Desktop/workspace/ros_ur_driver/install/ur_dashboard_msgs/include/ur_dashboard_msgs/ur_dashboard_msgs/msg
[2.073s] -- Up-to-date: /home/alvaro/Desktop/workspace/ros_ur_driver/install/ur_dashboard_msgs/include/ur_dashboard_msgs/ur_dashboard_msgs/msg/program_state.h
[2.073s] -- Up-to-date: /home/alvaro/Desktop/workspace/ros_ur_driver/install/ur_dashboard_msgs/include/ur_dashboard_msgs/ur_dashboard_msgs/msg/detail
[2.073s] -- Up-to-date: /home/alvaro/Desktop/workspace/ros_ur_driver/install/ur_dashboard_msgs/include/ur_dashboard_msgs/ur_dashboard_msgs/msg/detail/safety_mode__functions.h
[2.073s] -- Up-to-date: /home/alvaro/Desktop/workspace/ros_ur_driver/install/ur_dashboard_msgs/include/ur_dashboard_msgs/ur_dashboard_msgs/msg/detail/program_state__type_support.h
[2.073s] -- Up-to-date: /home/alvaro/Desktop/workspace/ros_ur_driver/install/ur_dashboard_msgs/include/ur_dashboard_msgs/ur_dashboard_msgs/msg/detail/program_state__struct.h
[2.073s] -- Up-to-date: /home/alvaro/Desktop/workspace/ros_ur_driver/install/ur_dashboard_msgs/include/ur_dashboard_msgs/ur_dashboard_msgs/msg/detail/robot_mode__type_support.h
[2.073s] -- Up-to-date: /home/alvaro/Desktop/workspace/ros_ur_driver/install/ur_dashboard_msgs/include/ur_dashboard_msgs/ur_dashboard_msgs/msg/detail/robot_mode__functions.c
[2.073s] -- Up-to-date: /home/alvaro/Desktop/workspace/ros_ur_driver/install/ur_dashboard_msgs/include/ur_dashboard_msgs/ur_dashboard_msgs/msg/detail/robot_mode__struct.h
[2.073s] -- Up-to-date: /home/alvaro/Desktop/workspace/ros_ur_driver/install/ur_dashboard_msgs/include/ur_dashboard_msgs/ur_dashboard_msgs/msg/detail/program_state__functions.c
[2.074s] -- Up-to-date: /home/alvaro/Desktop/workspace/ros_ur_driver/install/ur_dashboard_msgs/include/ur_dashboard_msgs/ur_dashboard_msgs/msg/detail/safety_mode__functions.c
[2.074s] -- Up-to-date: /home/alvaro/Desktop/workspace/ros_ur_driver/install/ur_dashboard_msgs/include/ur_dashboard_msgs/ur_dashboard_msgs/msg/detail/program_state__functions.h
[2.074s] -- Up-to-date: /home/alvaro/Desktop/workspace/ros_ur_driver/install/ur_dashboard_msgs/include/ur_dashboard_msgs/ur_dashboard_msgs/msg/detail/safety_mode__struct.h
[2.074s] -- Up-to-date: /home/alvaro/Desktop/workspace/ros_ur_driver/install/ur_dashboard_msgs/include/ur_dashboard_msgs/ur_dashboard_msgs/msg/detail/safety_mode__type_support.h
[2.074s] -- Up-to-date: /home/alvaro/Desktop/workspace/ros_ur_driver/install/ur_dashboard_msgs/include/ur_dashboard_msgs/ur_dashboard_msgs/msg/detail/robot_mode__functions.h
[2.074s] -- Up-to-date: /home/alvaro/Desktop/workspace/ros_ur_driver/install/ur_dashboard_msgs/include/ur_dashboard_msgs/ur_dashboard_msgs/msg/rosidl_generator_c__visibility_control.h
[2.074s] -- Up-to-date: /home/alvaro/Desktop/workspace/ros_ur_driver/install/ur_dashboard_msgs/include/ur_dashboard_msgs/ur_dashboard_msgs/msg/robot_mode.h
[2.074s] -- Up-to-date: /home/alvaro/Desktop/workspace/ros_ur_driver/install/ur_dashboard_msgs/include/ur_dashboard_msgs/ur_dashboard_msgs/msg/safety_mode.h
[2.074s] -- Up-to-date: /home/alvaro/Desktop/workspace/ros_ur_driver/install/ur_dashboard_msgs/include/ur_dashboard_msgs/ur_dashboard_msgs/srv
[2.074s] -- Up-to-date: /home/alvaro/Desktop/workspace/ros_ur_driver/install/ur_dashboard_msgs/include/ur_dashboard_msgs/ur_dashboard_msgs/srv/get_program_state.h
[2.075s] -- Up-to-date: /home/alvaro/Desktop/workspace/ros_ur_driver/install/ur_dashboard_msgs/include/ur_dashboard_msgs/ur_dashboard_msgs/srv/add_to_log.h
[2.075s] -- Up-to-date: /home/alvaro/Desktop/workspace/ros_ur_driver/install/ur_dashboard_msgs/include/ur_dashboard_msgs/ur_dashboard_msgs/srv/raw_request.h
[2.075s] -- Up-to-date: /home/alvaro/Desktop/workspace/ros_ur_driver/install/ur_dashboard_msgs/include/ur_dashboard_msgs/ur_dashboard_msgs/srv/detail
[2.075s] -- Up-to-date: /home/alvaro/Desktop/workspace/ros_ur_driver/install/ur_dashboard_msgs/include/ur_dashboard_msgs/ur_dashboard_msgs/srv/detail/load__type_support.h
[2.075s] -- Up-to-date: /home/alvaro/Desktop/workspace/ros_ur_driver/install/ur_dashboard_msgs/include/ur_dashboard_msgs/ur_dashboard_msgs/srv/detail/get_loaded_program__struct.h
[2.075s] -- Up-to-date: /home/alvaro/Desktop/workspace/ros_ur_driver/install/ur_dashboard_msgs/include/ur_dashboard_msgs/ur_dashboard_msgs/srv/detail/is_program_saved__struct.h
[2.075s] -- Up-to-date: /home/alvaro/Desktop/workspace/ros_ur_driver/install/ur_dashboard_msgs/include/ur_dashboard_msgs/ur_dashboard_msgs/srv/detail/get_robot_mode__functions.c
[2.075s] -- Up-to-date: /home/alvaro/Desktop/workspace/ros_ur_driver/install/ur_dashboard_msgs/include/ur_dashboard_msgs/ur_dashboard_msgs/srv/detail/get_program_state__struct.h
[2.075s] -- Up-to-date: /home/alvaro/Desktop/workspace/ros_ur_driver/install/ur_dashboard_msgs/include/ur_dashboard_msgs/ur_dashboard_msgs/srv/detail/is_program_saved__functions.c
[2.075s] -- Up-to-date: /home/alvaro/Desktop/workspace/ros_ur_driver/install/ur_dashboard_msgs/include/ur_dashboard_msgs/ur_dashboard_msgs/srv/detail/get_loaded_program__functions.c
[2.076s] -- Up-to-date: /home/alvaro/Desktop/workspace/ros_ur_driver/install/ur_dashboard_msgs/include/ur_dashboard_msgs/ur_dashboard_msgs/srv/detail/get_safety_mode__functions.h
[2.076s] -- Up-to-date: /home/alvaro/Desktop/workspace/ros_ur_driver/install/ur_dashboard_msgs/include/ur_dashboard_msgs/ur_dashboard_msgs/srv/detail/get_robot_mode__functions.h
[2.076s] -- Up-to-date: /home/alvaro/Desktop/workspace/ros_ur_driver/install/ur_dashboard_msgs/include/ur_dashboard_msgs/ur_dashboard_msgs/srv/detail/get_safety_mode__functions.c
[2.076s] -- Up-to-date: /home/alvaro/Desktop/workspace/ros_ur_driver/install/ur_dashboard_msgs/include/ur_dashboard_msgs/ur_dashboard_msgs/srv/detail/raw_request__functions.h
[2.076s] -- Up-to-date: /home/alvaro/Desktop/workspace/ros_ur_driver/install/ur_dashboard_msgs/include/ur_dashboard_msgs/ur_dashboard_msgs/srv/detail/popup__functions.c
[2.076s] -- Up-to-date: /home/alvaro/Desktop/workspace/ros_ur_driver/install/ur_dashboard_msgs/include/ur_dashboard_msgs/ur_dashboard_msgs/srv/detail/get_loaded_program__functions.h
[2.076s] -- Up-to-date: /home/alvaro/Desktop/workspace/ros_ur_driver/install/ur_dashboard_msgs/include/ur_dashboard_msgs/ur_dashboard_msgs/srv/detail/add_to_log__struct.h
[2.076s] -- Up-to-date: /home/alvaro/Desktop/workspace/ros_ur_driver/install/ur_dashboard_msgs/include/ur_dashboard_msgs/ur_dashboard_msgs/srv/detail/is_program_running__struct.h
[2.076s] -- Up-to-date: /home/alvaro/Desktop/workspace/ros_ur_driver/install/ur_dashboard_msgs/include/ur_dashboard_msgs/ur_dashboard_msgs/srv/detail/load__struct.h
[2.076s] -- Up-to-date: /home/alvaro/Desktop/workspace/ros_ur_driver/install/ur_dashboard_msgs/include/ur_dashboard_msgs/ur_dashboard_msgs/srv/detail/load__functions.h
[2.077s] -- Up-to-date: /home/alvaro/Desktop/workspace/ros_ur_driver/install/ur_dashboard_msgs/include/ur_dashboard_msgs/ur_dashboard_msgs/srv/detail/get_program_state__functions.c
[2.077s] -- Up-to-date: /home/alvaro/Desktop/workspace/ros_ur_driver/install/ur_dashboard_msgs/include/ur_dashboard_msgs/ur_dashboard_msgs/srv/detail/load__functions.c
[2.077s] -- Up-to-date: /home/alvaro/Desktop/workspace/ros_ur_driver/install/ur_dashboard_msgs/include/ur_dashboard_msgs/ur_dashboard_msgs/srv/detail/is_program_running__type_support.h
[2.077s] -- Up-to-date: /home/alvaro/Desktop/workspace/ros_ur_driver/install/ur_dashboard_msgs/include/ur_dashboard_msgs/ur_dashboard_msgs/srv/detail/get_loaded_program__type_support.h
[2.077s] -- Up-to-date: /home/alvaro/Desktop/workspace/ros_ur_driver/install/ur_dashboard_msgs/include/ur_dashboard_msgs/ur_dashboard_msgs/srv/detail/popup__type_support.h
[2.077s] -- Up-to-date: /home/alvaro/Desktop/workspace/ros_ur_driver/install/ur_dashboard_msgs/include/ur_dashboard_msgs/ur_dashboard_msgs/srv/detail/popup__functions.h
[2.077s] -- Up-to-date: /home/alvaro/Desktop/workspace/ros_ur_driver/install/ur_dashboard_msgs/include/ur_dashboard_msgs/ur_dashboard_msgs/srv/detail/get_safety_mode__type_support.h
[2.077s] -- Up-to-date: /home/alvaro/Desktop/workspace/ros_ur_driver/install/ur_dashboard_msgs/include/ur_dashboard_msgs/ur_dashboard_msgs/srv/detail/raw_request__type_support.h
[2.077s] -- Up-to-date: /home/alvaro/Desktop/workspace/ros_ur_driver/install/ur_dashboard_msgs/include/ur_dashboard_msgs/ur_dashboard_msgs/srv/detail/is_program_running__functions.h
[2.077s] -- Up-to-date: /home/alvaro/Desktop/workspace/ros_ur_driver/install/ur_dashboard_msgs/include/ur_dashboard_msgs/ur_dashboard_msgs/srv/detail/raw_request__functions.c
[2.077s] -- Up-to-date: /home/alvaro/Desktop/workspace/ros_ur_driver/install/ur_dashboard_msgs/include/ur_dashboard_msgs/ur_dashboard_msgs/srv/detail/is_program_running__functions.c
[2.078s] -- Up-to-date: /home/alvaro/Desktop/workspace/ros_ur_driver/install/ur_dashboard_msgs/include/ur_dashboard_msgs/ur_dashboard_msgs/srv/detail/get_program_state__functions.h
[2.078s] -- Up-to-date: /home/alvaro/Desktop/workspace/ros_ur_driver/install/ur_dashboard_msgs/include/ur_dashboard_msgs/ur_dashboard_msgs/srv/detail/add_to_log__functions.h
[2.078s] -- Up-to-date: /home/alvaro/Desktop/workspace/ros_ur_driver/install/ur_dashboard_msgs/include/ur_dashboard_msgs/ur_dashboard_msgs/srv/detail/get_robot_mode__type_support.h
[2.078s] -- Up-to-date: /home/alvaro/Desktop/workspace/ros_ur_driver/install/ur_dashboard_msgs/include/ur_dashboard_msgs/ur_dashboard_msgs/srv/detail/raw_request__struct.h
[2.078s] -- Up-to-date: /home/alvaro/Desktop/workspace/ros_ur_driver/install/ur_dashboard_msgs/include/ur_dashboard_msgs/ur_dashboard_msgs/srv/detail/is_program_saved__type_support.h
[2.078s] -- Up-to-date: /home/alvaro/Desktop/workspace/ros_ur_driver/install/ur_dashboard_msgs/include/ur_dashboard_msgs/ur_dashboard_msgs/srv/detail/get_safety_mode__struct.h
[2.078s] -- Up-to-date: /home/alvaro/Desktop/workspace/ros_ur_driver/install/ur_dashboard_msgs/include/ur_dashboard_msgs/ur_dashboard_msgs/srv/detail/is_program_saved__functions.h
[2.078s] -- Up-to-date: /home/alvaro/Desktop/workspace/ros_ur_driver/install/ur_dashboard_msgs/include/ur_dashboard_msgs/ur_dashboard_msgs/srv/detail/add_to_log__functions.c
[2.078s] -- Up-to-date: /home/alvaro/Desktop/workspace/ros_ur_driver/install/ur_dashboard_msgs/include/ur_dashboard_msgs/ur_dashboard_msgs/srv/detail/get_program_state__type_support.h
[2.078s] -- Up-to-date: /home/alvaro/Desktop/workspace/ros_ur_driver/install/ur_dashboard_msgs/include/ur_dashboard_msgs/ur_dashboard_msgs/srv/detail/get_robot_mode__struct.h
[2.079s] -- Up-to-date: /home/alvaro/Desktop/workspace/ros_ur_driver/install/ur_dashboard_msgs/include/ur_dashboard_msgs/ur_dashboard_msgs/srv/detail/add_to_log__type_support.h
[2.079s] -- Up-to-date: /home/alvaro/Desktop/workspace/ros_ur_driver/install/ur_dashboard_msgs/include/ur_dashboard_msgs/ur_dashboard_msgs/srv/detail/popup__struct.h
[2.079s] -- Up-to-date: /home/alvaro/Desktop/workspace/ros_ur_driver/install/ur_dashboard_msgs/include/ur_dashboard_msgs/ur_dashboard_msgs/srv/load.h
[2.079s] -- Up-to-date: /home/alvaro/Desktop/workspace/ros_ur_driver/install/ur_dashboard_msgs/include/ur_dashboard_msgs/ur_dashboard_msgs/srv/get_robot_mode.h
[2.079s] -- Up-to-date: /home/alvaro/Desktop/workspace/ros_ur_driver/install/ur_dashboard_msgs/include/ur_dashboard_msgs/ur_dashboard_msgs/srv/get_safety_mode.h
[2.079s] -- Up-to-date: /home/alvaro/Desktop/workspace/ros_ur_driver/install/ur_dashboard_msgs/include/ur_dashboard_msgs/ur_dashboard_msgs/srv/get_loaded_program.h
[2.079s] -- Up-to-date: /home/alvaro/Desktop/workspace/ros_ur_driver/install/ur_dashboard_msgs/include/ur_dashboard_msgs/ur_dashboard_msgs/srv/popup.h
[2.079s] -- Up-to-date: /home/alvaro/Desktop/workspace/ros_ur_driver/install/ur_dashboard_msgs/include/ur_dashboard_msgs/ur_dashboard_msgs/srv/is_program_running.h
[2.079s] -- Up-to-date: /home/alvaro/Desktop/workspace/ros_ur_driver/install/ur_dashboard_msgs/include/ur_dashboard_msgs/ur_dashboard_msgs/srv/is_program_saved.h
[2.079s] -- Up-to-date: /home/alvaro/Desktop/workspace/ros_ur_driver/install/ur_dashboard_msgs/share/ur_dashboard_msgs/environment/library_path.sh
[2.080s] -- Installing: /home/alvaro/Desktop/workspace/ros_ur_driver/install/ur_dashboard_msgs/share/ur_dashboard_msgs/environment/library_path.dsv
[2.087s] -- Up-to-date: /home/alvaro/Desktop/workspace/ros_ur_driver/install/ur_dashboard_msgs/lib/libur_dashboard_msgs__rosidl_generator_c.so
[2.087s] -- Up-to-date: /home/alvaro/Desktop/workspace/ros_ur_driver/install/ur_dashboard_msgs/include/ur_dashboard_msgs/ur_dashboard_msgs
[2.087s] -- Up-to-date: /home/alvaro/Desktop/workspace/ros_ur_driver/install/ur_dashboard_msgs/include/ur_dashboard_msgs/ur_dashboard_msgs/action
[2.087s] -- Up-to-date: /home/alvaro/Desktop/workspace/ros_ur_driver/install/ur_dashboard_msgs/include/ur_dashboard_msgs/ur_dashboard_msgs/action/detail
[2.087s] -- Up-to-date: /home/alvaro/Desktop/workspace/ros_ur_driver/install/ur_dashboard_msgs/include/ur_dashboard_msgs/ur_dashboard_msgs/action/detail/set_mode__rosidl_typesupport_fastrtps_c.h
[2.087s] -- Up-to-date: /home/alvaro/Desktop/workspace/ros_ur_driver/install/ur_dashboard_msgs/include/ur_dashboard_msgs/ur_dashboard_msgs/msg
[2.087s] -- Up-to-date: /home/alvaro/Desktop/workspace/ros_ur_driver/install/ur_dashboard_msgs/include/ur_dashboard_msgs/ur_dashboard_msgs/msg/detail
[2.087s] -- Up-to-date: /home/alvaro/Desktop/workspace/ros_ur_driver/install/ur_dashboard_msgs/include/ur_dashboard_msgs/ur_dashboard_msgs/msg/detail/program_state__rosidl_typesupport_fastrtps_c.h
[2.087s] -- Up-to-date: /home/alvaro/Desktop/workspace/ros_ur_driver/install/ur_dashboard_msgs/include/ur_dashboard_msgs/ur_dashboard_msgs/msg/detail/safety_mode__rosidl_typesupport_fastrtps_c.h
[2.087s] -- Up-to-date: /home/alvaro/Desktop/workspace/ros_ur_driver/install/ur_dashboard_msgs/include/ur_dashboard_msgs/ur_dashboard_msgs/msg/detail/robot_mode__rosidl_typesupport_fastrtps_c.h
[2.087s] -- Up-to-date: /home/alvaro/Desktop/workspace/ros_ur_driver/install/ur_dashboard_msgs/include/ur_dashboard_msgs/ur_dashboard_msgs/msg/rosidl_typesupport_fastrtps_c__visibility_control.h
[2.087s] -- Up-to-date: /home/alvaro/Desktop/workspace/ros_ur_driver/install/ur_dashboard_msgs/include/ur_dashboard_msgs/ur_dashboard_msgs/srv
[2.087s] -- Up-to-date: /home/alvaro/Desktop/workspace/ros_ur_driver/install/ur_dashboard_msgs/include/ur_dashboard_msgs/ur_dashboard_msgs/srv/detail
[2.088s] -- Up-to-date: /home/alvaro/Desktop/workspace/ros_ur_driver/install/ur_dashboard_msgs/include/ur_dashboard_msgs/ur_dashboard_msgs/srv/detail/is_program_running__rosidl_typesupport_fastrtps_c.h
[2.088s] -- Up-to-date: /home/alvaro/Desktop/workspace/ros_ur_driver/install/ur_dashboard_msgs/include/ur_dashboard_msgs/ur_dashboard_msgs/srv/detail/get_safety_mode__rosidl_typesupport_fastrtps_c.h
[2.088s] -- Up-to-date: /home/alvaro/Desktop/workspace/ros_ur_driver/install/ur_dashboard_msgs/include/ur_dashboard_msgs/ur_dashboard_msgs/srv/detail/popup__rosidl_typesupport_fastrtps_c.h
[2.088s] -- Up-to-date: /home/alvaro/Desktop/workspace/ros_ur_driver/install/ur_dashboard_msgs/include/ur_dashboard_msgs/ur_dashboard_msgs/srv/detail/get_loaded_program__rosidl_typesupport_fastrtps_c.h
[2.088s] -- Up-to-date: /home/alvaro/Desktop/workspace/ros_ur_driver/install/ur_dashboard_msgs/include/ur_dashboard_msgs/ur_dashboard_msgs/srv/detail/raw_request__rosidl_typesupport_fastrtps_c.h
[2.088s] -- Up-to-date: /home/alvaro/Desktop/workspace/ros_ur_driver/install/ur_dashboard_msgs/include/ur_dashboard_msgs/ur_dashboard_msgs/srv/detail/get_program_state__rosidl_typesupport_fastrtps_c.h
[2.088s] -- Up-to-date: /home/alvaro/Desktop/workspace/ros_ur_driver/install/ur_dashboard_msgs/include/ur_dashboard_msgs/ur_dashboard_msgs/srv/detail/add_to_log__rosidl_typesupport_fastrtps_c.h
[2.088s] -- Up-to-date: /home/alvaro/Desktop/workspace/ros_ur_driver/install/ur_dashboard_msgs/include/ur_dashboard_msgs/ur_dashboard_msgs/srv/detail/get_robot_mode__rosidl_typesupport_fastrtps_c.h
[2.088s] -- Up-to-date: /home/alvaro/Desktop/workspace/ros_ur_driver/install/ur_dashboard_msgs/include/ur_dashboard_msgs/ur_dashboard_msgs/srv/detail/is_program_saved__rosidl_typesupport_fastrtps_c.h
[2.088s] -- Up-to-date: /home/alvaro/Desktop/workspace/ros_ur_driver/install/ur_dashboard_msgs/include/ur_dashboard_msgs/ur_dashboard_msgs/srv/detail/load__rosidl_typesupport_fastrtps_c.h
[2.088s] -- Up-to-date: /home/alvaro/Desktop/workspace/ros_ur_driver/install/ur_dashboard_msgs/lib/libur_dashboard_msgs__rosidl_typesupport_fastrtps_c.so
[2.088s] -- Up-to-date: /home/alvaro/Desktop/workspace/ros_ur_driver/install/ur_dashboard_msgs/include/ur_dashboard_msgs/ur_dashboard_msgs
[2.089s] -- Up-to-date: /home/alvaro/Desktop/workspace/ros_ur_driver/install/ur_dashboard_msgs/include/ur_dashboard_msgs/ur_dashboard_msgs/action
[2.089s] -- Up-to-date: /home/alvaro/Desktop/workspace/ros_ur_driver/install/ur_dashboard_msgs/include/ur_dashboard_msgs/ur_dashboard_msgs/action/detail
[2.089s] -- Up-to-date: /home/alvaro/Desktop/workspace/ros_ur_driver/install/ur_dashboard_msgs/include/ur_dashboard_msgs/ur_dashboard_msgs/action/detail/set_mode__type_support.c
[2.089s] -- Up-to-date: /home/alvaro/Desktop/workspace/ros_ur_driver/install/ur_dashboard_msgs/include/ur_dashboard_msgs/ur_dashboard_msgs/action/detail/set_mode__rosidl_typesupport_introspection_c.h
[2.089s] -- Up-to-date: /home/alvaro/Desktop/workspace/ros_ur_driver/install/ur_dashboard_msgs/include/ur_dashboard_msgs/ur_dashboard_msgs/msg
[2.089s] -- Up-to-date: /home/alvaro/Desktop/workspace/ros_ur_driver/install/ur_dashboard_msgs/include/ur_dashboard_msgs/ur_dashboard_msgs/msg/detail
[2.089s] -- Up-to-date: /home/alvaro/Desktop/workspace/ros_ur_driver/install/ur_dashboard_msgs/include/ur_dashboard_msgs/ur_dashboard_msgs/msg/detail/program_state__type_support.c
[2.089s] -- Up-to-date: /home/alvaro/Desktop/workspace/ros_ur_driver/install/ur_dashboard_msgs/include/ur_dashboard_msgs/ur_dashboard_msgs/msg/detail/safety_mode__type_support.c
[2.089s] -- Up-to-date: /home/alvaro/Desktop/workspace/ros_ur_driver/install/ur_dashboard_msgs/include/ur_dashboard_msgs/ur_dashboard_msgs/msg/detail/program_state__rosidl_typesupport_introspection_c.h
[2.089s] -- Up-to-date: /home/alvaro/Desktop/workspace/ros_ur_driver/install/ur_dashboard_msgs/include/ur_dashboard_msgs/ur_dashboard_msgs/msg/detail/robot_mode__rosidl_typesupport_introspection_c.h
[2.089s] -- Up-to-date: /home/alvaro/Desktop/workspace/ros_ur_driver/install/ur_dashboard_msgs/include/ur_dashboard_msgs/ur_dashboard_msgs/msg/detail/robot_mode__type_support.c
[2.090s] -- Up-to-date: /home/alvaro/Desktop/workspace/ros_ur_driver/install/ur_dashboard_msgs/include/ur_dashboard_msgs/ur_dashboard_msgs/msg/detail/safety_mode__rosidl_typesupport_introspection_c.h
[2.090s] -- Up-to-date: /home/alvaro/Desktop/workspace/ros_ur_driver/install/ur_dashboard_msgs/include/ur_dashboard_msgs/ur_dashboard_msgs/msg/rosidl_typesupport_introspection_c__visibility_control.h
[2.090s] -- Up-to-date: /home/alvaro/Desktop/workspace/ros_ur_driver/install/ur_dashboard_msgs/include/ur_dashboard_msgs/ur_dashboard_msgs/srv
[2.090s] -- Up-to-date: /home/alvaro/Desktop/workspace/ros_ur_driver/install/ur_dashboard_msgs/include/ur_dashboard_msgs/ur_dashboard_msgs/srv/detail
[2.090s] -- Up-to-date: /home/alvaro/Desktop/workspace/ros_ur_driver/install/ur_dashboard_msgs/include/ur_dashboard_msgs/ur_dashboard_msgs/srv/detail/is_program_running__type_support.c
[2.090s] -- Up-to-date: /home/alvaro/Desktop/workspace/ros_ur_driver/install/ur_dashboard_msgs/include/ur_dashboard_msgs/ur_dashboard_msgs/srv/detail/popup__rosidl_typesupport_introspection_c.h
[2.090s] -- Up-to-date: /home/alvaro/Desktop/workspace/ros_ur_driver/install/ur_dashboard_msgs/include/ur_dashboard_msgs/ur_dashboard_msgs/srv/detail/get_robot_mode__rosidl_typesupport_introspection_c.h
[2.090s] -- Up-to-date: /home/alvaro/Desktop/workspace/ros_ur_driver/install/ur_dashboard_msgs/include/ur_dashboard_msgs/ur_dashboard_msgs/srv/detail/is_program_saved__rosidl_typesupport_introspection_c.h
[2.090s] -- Up-to-date: /home/alvaro/Desktop/workspace/ros_ur_driver/install/ur_dashboard_msgs/include/ur_dashboard_msgs/ur_dashboard_msgs/srv/detail/get_loaded_program__type_support.c
[2.090s] -- Up-to-date: /home/alvaro/Desktop/workspace/ros_ur_driver/install/ur_dashboard_msgs/include/ur_dashboard_msgs/ur_dashboard_msgs/srv/detail/is_program_running__rosidl_typesupport_introspection_c.h
[2.091s] -- Up-to-date: /home/alvaro/Desktop/workspace/ros_ur_driver/install/ur_dashboard_msgs/include/ur_dashboard_msgs/ur_dashboard_msgs/srv/detail/get_robot_mode__type_support.c
[2.091s] -- Up-to-date: /home/alvaro/Desktop/workspace/ros_ur_driver/install/ur_dashboard_msgs/include/ur_dashboard_msgs/ur_dashboard_msgs/srv/detail/is_program_saved__type_support.c
[2.091s] -- Up-to-date: /home/alvaro/Desktop/workspace/ros_ur_driver/install/ur_dashboard_msgs/include/ur_dashboard_msgs/ur_dashboard_msgs/srv/detail/popup__type_support.c
[2.091s] -- Up-to-date: /home/alvaro/Desktop/workspace/ros_ur_driver/install/ur_dashboard_msgs/include/ur_dashboard_msgs/ur_dashboard_msgs/srv/detail/load__type_support.c
[2.091s] -- Up-to-date: /home/alvaro/Desktop/workspace/ros_ur_driver/install/ur_dashboard_msgs/include/ur_dashboard_msgs/ur_dashboard_msgs/srv/detail/get_safety_mode__rosidl_typesupport_introspection_c.h
[2.091s] -- Up-to-date: /home/alvaro/Desktop/workspace/ros_ur_driver/install/ur_dashboard_msgs/include/ur_dashboard_msgs/ur_dashboard_msgs/srv/detail/add_to_log__rosidl_typesupport_introspection_c.h
[2.091s] -- Up-to-date: /home/alvaro/Desktop/workspace/ros_ur_driver/install/ur_dashboard_msgs/include/ur_dashboard_msgs/ur_dashboard_msgs/srv/detail/get_safety_mode__type_support.c
[2.091s] -- Up-to-date: /home/alvaro/Desktop/workspace/ros_ur_driver/install/ur_dashboard_msgs/include/ur_dashboard_msgs/ur_dashboard_msgs/srv/detail/get_program_state__rosidl_typesupport_introspection_c.h
[2.091s] -- Up-to-date: /home/alvaro/Desktop/workspace/ros_ur_driver/install/ur_dashboard_msgs/include/ur_dashboard_msgs/ur_dashboard_msgs/srv/detail/get_loaded_program__rosidl_typesupport_introspection_c.h
[2.091s] -- Up-to-date: /home/alvaro/Desktop/workspace/ros_ur_driver/install/ur_dashboard_msgs/include/ur_dashboard_msgs/ur_dashboard_msgs/srv/detail/load__rosidl_typesupport_introspection_c.h
[2.091s] -- Up-to-date: /home/alvaro/Desktop/workspace/ros_ur_driver/install/ur_dashboard_msgs/include/ur_dashboard_msgs/ur_dashboard_msgs/srv/detail/raw_request__type_support.c
[2.091s] -- Up-to-date: /home/alvaro/Desktop/workspace/ros_ur_driver/install/ur_dashboard_msgs/include/ur_dashboard_msgs/ur_dashboard_msgs/srv/detail/raw_request__rosidl_typesupport_introspection_c.h
[2.092s] -- Up-to-date: /home/alvaro/Desktop/workspace/ros_ur_driver/install/ur_dashboard_msgs/include/ur_dashboard_msgs/ur_dashboard_msgs/srv/detail/add_to_log__type_support.c
[2.092s] -- Up-to-date: /home/alvaro/Desktop/workspace/ros_ur_driver/install/ur_dashboard_msgs/include/ur_dashboard_msgs/ur_dashboard_msgs/srv/detail/get_program_state__type_support.c
[2.092s] -- Up-to-date: /home/alvaro/Desktop/workspace/ros_ur_driver/install/ur_dashboard_msgs/lib/libur_dashboard_msgs__rosidl_typesupport_introspection_c.so
[2.092s] -- Up-to-date: /home/alvaro/Desktop/workspace/ros_ur_driver/install/ur_dashboard_msgs/lib/libur_dashboard_msgs__rosidl_typesupport_c.so
[2.092s] -- Up-to-date: /home/alvaro/Desktop/workspace/ros_ur_driver/install/ur_dashboard_msgs/include/ur_dashboard_msgs/ur_dashboard_msgs
[2.092s] -- Up-to-date: /home/alvaro/Desktop/workspace/ros_ur_driver/install/ur_dashboard_msgs/include/ur_dashboard_msgs/ur_dashboard_msgs/action
[2.092s] -- Up-to-date: /home/alvaro/Desktop/workspace/ros_ur_driver/install/ur_dashboard_msgs/include/ur_dashboard_msgs/ur_dashboard_msgs/action/detail
[2.092s] -- Up-to-date: /home/alvaro/Desktop/workspace/ros_ur_driver/install/ur_dashboard_msgs/include/ur_dashboard_msgs/ur_dashboard_msgs/action/detail/set_mode__builder.hpp
[2.092s] -- Up-to-date: /home/alvaro/Desktop/workspace/ros_ur_driver/install/ur_dashboard_msgs/include/ur_dashboard_msgs/ur_dashboard_msgs/action/detail/set_mode__struct.hpp
[2.092s] -- Up-to-date: /home/alvaro/Desktop/workspace/ros_ur_driver/install/ur_dashboard_msgs/include/ur_dashboard_msgs/ur_dashboard_msgs/action/detail/set_mode__traits.hpp
[2.092s] -- Up-to-date: /home/alvaro/Desktop/workspace/ros_ur_driver/install/ur_dashboard_msgs/include/ur_dashboard_msgs/ur_dashboard_msgs/action/set_mode.hpp
[2.092s] -- Up-to-date: /home/alvaro/Desktop/workspace/ros_ur_driver/install/ur_dashboard_msgs/include/ur_dashboard_msgs/ur_dashboard_msgs/msg
[2.093s] -- Up-to-date: /home/alvaro/Desktop/workspace/ros_ur_driver/install/ur_dashboard_msgs/include/ur_dashboard_msgs/ur_dashboard_msgs/msg/robot_mode.hpp
[2.093s] -- Up-to-date: /home/alvaro/Desktop/workspace/ros_ur_driver/install/ur_dashboard_msgs/include/ur_dashboard_msgs/ur_dashboard_msgs/msg/detail
[2.093s] -- Up-to-date: /home/alvaro/Desktop/workspace/ros_ur_driver/install/ur_dashboard_msgs/include/ur_dashboard_msgs/ur_dashboard_msgs/msg/detail/program_state__traits.hpp
[2.093s] -- Up-to-date: /home/alvaro/Desktop/workspace/ros_ur_driver/install/ur_dashboard_msgs/include/ur_dashboard_msgs/ur_dashboard_msgs/msg/detail/program_state__struct.hpp
[2.093s] -- Up-to-date: /home/alvaro/Desktop/workspace/ros_ur_driver/install/ur_dashboard_msgs/include/ur_dashboard_msgs/ur_dashboard_msgs/msg/detail/safety_mode__struct.hpp
[2.093s] -- Up-to-date: /home/alvaro/Desktop/workspace/ros_ur_driver/install/ur_dashboard_msgs/include/ur_dashboard_msgs/ur_dashboard_msgs/msg/detail/program_state__builder.hpp
[2.093s] -- Up-to-date: /home/alvaro/Desktop/workspace/ros_ur_driver/install/ur_dashboard_msgs/include/ur_dashboard_msgs/ur_dashboard_msgs/msg/detail/safety_mode__builder.hpp
[2.093s] -- Up-to-date: /home/alvaro/Desktop/workspace/ros_ur_driver/install/ur_dashboard_msgs/include/ur_dashboard_msgs/ur_dashboard_msgs/msg/detail/robot_mode__traits.hpp
[2.093s] -- Up-to-date: /home/alvaro/Desktop/workspace/ros_ur_driver/install/ur_dashboard_msgs/include/ur_dashboard_msgs/ur_dashboard_msgs/msg/detail/safety_mode__traits.hpp
[2.093s] -- Up-to-date: /home/alvaro/Desktop/workspace/ros_ur_driver/install/ur_dashboard_msgs/include/ur_dashboard_msgs/ur_dashboard_msgs/msg/detail/robot_mode__struct.hpp
[2.093s] -- Up-to-date: /home/alvaro/Desktop/workspace/ros_ur_driver/install/ur_dashboard_msgs/include/ur_dashboard_msgs/ur_dashboard_msgs/msg/detail/robot_mode__builder.hpp
[2.093s] -- Up-to-date: /home/alvaro/Desktop/workspace/ros_ur_driver/install/ur_dashboard_msgs/include/ur_dashboard_msgs/ur_dashboard_msgs/msg/program_state.hpp
[2.093s] -- Up-to-date: /home/alvaro/Desktop/workspace/ros_ur_driver/install/ur_dashboard_msgs/include/ur_dashboard_msgs/ur_dashboard_msgs/msg/safety_mode.hpp
[2.093s] -- Up-to-date: /home/alvaro/Desktop/workspace/ros_ur_driver/install/ur_dashboard_msgs/include/ur_dashboard_msgs/ur_dashboard_msgs/srv
[2.094s] -- Up-to-date: /home/alvaro/Desktop/workspace/ros_ur_driver/install/ur_dashboard_msgs/include/ur_dashboard_msgs/ur_dashboard_msgs/srv/add_to_log.hpp
[2.094s] -- Up-to-date: /home/alvaro/Desktop/workspace/ros_ur_driver/install/ur_dashboard_msgs/include/ur_dashboard_msgs/ur_dashboard_msgs/srv/detail
[2.094s] -- Up-to-date: /home/alvaro/Desktop/workspace/ros_ur_driver/install/ur_dashboard_msgs/include/ur_dashboard_msgs/ur_dashboard_msgs/srv/detail/get_program_state__struct.hpp
[2.094s] -- Up-to-date: /home/alvaro/Desktop/workspace/ros_ur_driver/install/ur_dashboard_msgs/include/ur_dashboard_msgs/ur_dashboard_msgs/srv/detail/get_robot_mode__struct.hpp
[2.094s] -- Up-to-date: /home/alvaro/Desktop/workspace/ros_ur_driver/install/ur_dashboard_msgs/include/ur_dashboard_msgs/ur_dashboard_msgs/srv/detail/popup__builder.hpp
[2.094s] -- Up-to-date: /home/alvaro/Desktop/workspace/ros_ur_driver/install/ur_dashboard_msgs/include/ur_dashboard_msgs/ur_dashboard_msgs/srv/detail/is_program_saved__builder.hpp
[2.094s] -- Up-to-date: /home/alvaro/Desktop/workspace/ros_ur_driver/install/ur_dashboard_msgs/include/ur_dashboard_msgs/ur_dashboard_msgs/srv/detail/get_loaded_program__struct.hpp
[2.094s] -- Up-to-date: /home/alvaro/Desktop/workspace/ros_ur_driver/install/ur_dashboard_msgs/include/ur_dashboard_msgs/ur_dashboard_msgs/srv/detail/is_program_saved__struct.hpp
[2.094s] -- Up-to-date: /home/alvaro/Desktop/workspace/ros_ur_driver/install/ur_dashboard_msgs/include/ur_dashboard_msgs/ur_dashboard_msgs/srv/detail/get_program_state__traits.hpp
[2.094s] -- Up-to-date: /home/alvaro/Desktop/workspace/ros_ur_driver/install/ur_dashboard_msgs/include/ur_dashboard_msgs/ur_dashboard_msgs/srv/detail/add_to_log__struct.hpp
[2.094s] -- Up-to-date: /home/alvaro/Desktop/workspace/ros_ur_driver/install/ur_dashboard_msgs/include/ur_dashboard_msgs/ur_dashboard_msgs/srv/detail/get_safety_mode__traits.hpp
[2.095s] -- Up-to-date: /home/alvaro/Desktop/workspace/ros_ur_driver/install/ur_dashboard_msgs/include/ur_dashboard_msgs/ur_dashboard_msgs/srv/detail/add_to_log__builder.hpp
[2.095s] -- Up-to-date: /home/alvaro/Desktop/workspace/ros_ur_driver/install/ur_dashboard_msgs/include/ur_dashboard_msgs/ur_dashboard_msgs/srv/detail/get_robot_mode__builder.hpp
[2.095s] -- Up-to-date: /home/alvaro/Desktop/workspace/ros_ur_driver/install/ur_dashboard_msgs/include/ur_dashboard_msgs/ur_dashboard_msgs/srv/detail/load__struct.hpp
[2.095s] -- Up-to-date: /home/alvaro/Desktop/workspace/ros_ur_driver/install/ur_dashboard_msgs/include/ur_dashboard_msgs/ur_dashboard_msgs/srv/detail/is_program_running__traits.hpp
[2.095s] -- Up-to-date: /home/alvaro/Desktop/workspace/ros_ur_driver/install/ur_dashboard_msgs/include/ur_dashboard_msgs/ur_dashboard_msgs/srv/detail/get_program_state__builder.hpp
[2.095s] -- Up-to-date: /home/alvaro/Desktop/workspace/ros_ur_driver/install/ur_dashboard_msgs/include/ur_dashboard_msgs/ur_dashboard_msgs/srv/detail/is_program_running__struct.hpp
[2.095s] -- Up-to-date: /home/alvaro/Desktop/workspace/ros_ur_driver/install/ur_dashboard_msgs/include/ur_dashboard_msgs/ur_dashboard_msgs/srv/detail/raw_request__builder.hpp
[2.095s] -- Up-to-date: /home/alvaro/Desktop/workspace/ros_ur_driver/install/ur_dashboard_msgs/include/ur_dashboard_msgs/ur_dashboard_msgs/srv/detail/raw_request__struct.hpp
[2.095s] -- Up-to-date: /home/alvaro/Desktop/workspace/ros_ur_driver/install/ur_dashboard_msgs/include/ur_dashboard_msgs/ur_dashboard_msgs/srv/detail/get_safety_mode__struct.hpp
[2.095s] -- Up-to-date: /home/alvaro/Desktop/workspace/ros_ur_driver/install/ur_dashboard_msgs/include/ur_dashboard_msgs/ur_dashboard_msgs/srv/detail/get_loaded_program__traits.hpp
[2.095s] -- Up-to-date: /home/alvaro/Desktop/workspace/ros_ur_driver/install/ur_dashboard_msgs/include/ur_dashboard_msgs/ur_dashboard_msgs/srv/detail/get_safety_mode__builder.hpp
[2.095s] -- Up-to-date: /home/alvaro/Desktop/workspace/ros_ur_driver/install/ur_dashboard_msgs/include/ur_dashboard_msgs/ur_dashboard_msgs/srv/detail/raw_request__traits.hpp
[2.095s] -- Up-to-date: /home/alvaro/Desktop/workspace/ros_ur_driver/install/ur_dashboard_msgs/include/ur_dashboard_msgs/ur_dashboard_msgs/srv/detail/load__builder.hpp
[2.095s] -- Up-to-date: /home/alvaro/Desktop/workspace/ros_ur_driver/install/ur_dashboard_msgs/include/ur_dashboard_msgs/ur_dashboard_msgs/srv/detail/get_loaded_program__builder.hpp
[2.095s] -- Up-to-date: /home/alvaro/Desktop/workspace/ros_ur_driver/install/ur_dashboard_msgs/include/ur_dashboard_msgs/ur_dashboard_msgs/srv/detail/add_to_log__traits.hpp
[2.096s] -- Up-to-date: /home/alvaro/Desktop/workspace/ros_ur_driver/install/ur_dashboard_msgs/include/ur_dashboard_msgs/ur_dashboard_msgs/srv/detail/popup__struct.hpp
[2.096s] -- Up-to-date: /home/alvaro/Desktop/workspace/ros_ur_driver/install/ur_dashboard_msgs/include/ur_dashboard_msgs/ur_dashboard_msgs/srv/detail/get_robot_mode__traits.hpp
[2.096s] -- Up-to-date: /home/alvaro/Desktop/workspace/ros_ur_driver/install/ur_dashboard_msgs/include/ur_dashboard_msgs/ur_dashboard_msgs/srv/detail/popup__traits.hpp
[2.096s] -- Up-to-date: /home/alvaro/Desktop/workspace/ros_ur_driver/install/ur_dashboard_msgs/include/ur_dashboard_msgs/ur_dashboard_msgs/srv/detail/is_program_saved__traits.hpp
[2.096s] -- Up-to-date: /home/alvaro/Desktop/workspace/ros_ur_driver/install/ur_dashboard_msgs/include/ur_dashboard_msgs/ur_dashboard_msgs/srv/detail/is_program_running__builder.hpp
[2.096s] -- Up-to-date: /home/alvaro/Desktop/workspace/ros_ur_driver/install/ur_dashboard_msgs/include/ur_dashboard_msgs/ur_dashboard_msgs/srv/detail/load__traits.hpp
[2.096s] -- Up-to-date: /home/alvaro/Desktop/workspace/ros_ur_driver/install/ur_dashboard_msgs/include/ur_dashboard_msgs/ur_dashboard_msgs/srv/load.hpp
[2.096s] -- Up-to-date: /home/alvaro/Desktop/workspace/ros_ur_driver/install/ur_dashboard_msgs/include/ur_dashboard_msgs/ur_dashboard_msgs/srv/raw_request.hpp
[2.096s] -- Up-to-date: /home/alvaro/Desktop/workspace/ros_ur_driver/install/ur_dashboard_msgs/include/ur_dashboard_msgs/ur_dashboard_msgs/srv/is_program_saved.hpp
[2.096s] -- Up-to-date: /home/alvaro/Desktop/workspace/ros_ur_driver/install/ur_dashboard_msgs/include/ur_dashboard_msgs/ur_dashboard_msgs/srv/popup.hpp
[2.096s] -- Up-to-date: /home/alvaro/Desktop/workspace/ros_ur_driver/install/ur_dashboard_msgs/include/ur_dashboard_msgs/ur_dashboard_msgs/srv/get_loaded_program.hpp
[2.096s] -- Up-to-date: /home/alvaro/Desktop/workspace/ros_ur_driver/install/ur_dashboard_msgs/include/ur_dashboard_msgs/ur_dashboard_msgs/srv/is_program_running.hpp
[2.096s] -- Up-to-date: /home/alvaro/Desktop/workspace/ros_ur_driver/install/ur_dashboard_msgs/include/ur_dashboard_msgs/ur_dashboard_msgs/srv/get_program_state.hpp
[2.096s] -- Up-to-date: /home/alvaro/Desktop/workspace/ros_ur_driver/install/ur_dashboard_msgs/include/ur_dashboard_msgs/ur_dashboard_msgs/srv/get_safety_mode.hpp
[2.096s] -- Up-to-date: /home/alvaro/Desktop/workspace/ros_ur_driver/install/ur_dashboard_msgs/include/ur_dashboard_msgs/ur_dashboard_msgs/srv/get_robot_mode.hpp
[2.097s] -- Up-to-date: /home/alvaro/Desktop/workspace/ros_ur_driver/install/ur_dashboard_msgs/include/ur_dashboard_msgs/ur_dashboard_msgs
[2.097s] -- Up-to-date: /home/alvaro/Desktop/workspace/ros_ur_driver/install/ur_dashboard_msgs/include/ur_dashboard_msgs/ur_dashboard_msgs/action
[2.097s] -- Up-to-date: /home/alvaro/Desktop/workspace/ros_ur_driver/install/ur_dashboard_msgs/include/ur_dashboard_msgs/ur_dashboard_msgs/action/detail
[2.097s] -- Up-to-date: /home/alvaro/Desktop/workspace/ros_ur_driver/install/ur_dashboard_msgs/include/ur_dashboard_msgs/ur_dashboard_msgs/action/detail/set_mode__rosidl_typesupport_fastrtps_cpp.hpp
[2.097s] -- Up-to-date: /home/alvaro/Desktop/workspace/ros_ur_driver/install/ur_dashboard_msgs/include/ur_dashboard_msgs/ur_dashboard_msgs/action/detail/dds_fastrtps
[2.097s] -- Up-to-date: /home/alvaro/Desktop/workspace/ros_ur_driver/install/ur_dashboard_msgs/include/ur_dashboard_msgs/ur_dashboard_msgs/msg
[2.097s] -- Up-to-date: /home/alvaro/Desktop/workspace/ros_ur_driver/install/ur_dashboard_msgs/include/ur_dashboard_msgs/ur_dashboard_msgs/msg/detail
[2.097s] -- Up-to-date: /home/alvaro/Desktop/workspace/ros_ur_driver/install/ur_dashboard_msgs/include/ur_dashboard_msgs/ur_dashboard_msgs/msg/detail/safety_mode__rosidl_typesupport_fastrtps_cpp.hpp
[2.097s] -- Up-to-date: /home/alvaro/Desktop/workspace/ros_ur_driver/install/ur_dashboard_msgs/include/ur_dashboard_msgs/ur_dashboard_msgs/msg/detail/robot_mode__rosidl_typesupport_fastrtps_cpp.hpp
[2.097s] -- Up-to-date: /home/alvaro/Desktop/workspace/ros_ur_driver/install/ur_dashboard_msgs/include/ur_dashboard_msgs/ur_dashboard_msgs/msg/detail/dds_fastrtps
[2.097s] -- Up-to-date: /home/alvaro/Desktop/workspace/ros_ur_driver/install/ur_dashboard_msgs/include/ur_dashboard_msgs/ur_dashboard_msgs/msg/detail/program_state__rosidl_typesupport_fastrtps_cpp.hpp
[2.097s] -- Up-to-date: /home/alvaro/Desktop/workspace/ros_ur_driver/install/ur_dashboard_msgs/include/ur_dashboard_msgs/ur_dashboard_msgs/msg/rosidl_typesupport_fastrtps_cpp__visibility_control.h
[2.097s] -- Up-to-date: /home/alvaro/Desktop/workspace/ros_ur_driver/install/ur_dashboard_msgs/include/ur_dashboard_msgs/ur_dashboard_msgs/srv
[2.097s] -- Up-to-date: /home/alvaro/Desktop/workspace/ros_ur_driver/install/ur_dashboard_msgs/include/ur_dashboard_msgs/ur_dashboard_msgs/srv/detail
[2.097s] -- Up-to-date: /home/alvaro/Desktop/workspace/ros_ur_driver/install/ur_dashboard_msgs/include/ur_dashboard_msgs/ur_dashboard_msgs/srv/detail/raw_request__rosidl_typesupport_fastrtps_cpp.hpp
[2.097s] -- Up-to-date: /home/alvaro/Desktop/workspace/ros_ur_driver/install/ur_dashboard_msgs/include/ur_dashboard_msgs/ur_dashboard_msgs/srv/detail/get_program_state__rosidl_typesupport_fastrtps_cpp.hpp
[2.097s] -- Up-to-date: /home/alvaro/Desktop/workspace/ros_ur_driver/install/ur_dashboard_msgs/include/ur_dashboard_msgs/ur_dashboard_msgs/srv/detail/is_program_running__rosidl_typesupport_fastrtps_cpp.hpp
[2.098s] -- Up-to-date: /home/alvaro/Desktop/workspace/ros_ur_driver/install/ur_dashboard_msgs/include/ur_dashboard_msgs/ur_dashboard_msgs/srv/detail/get_loaded_program__rosidl_typesupport_fastrtps_cpp.hpp
[2.098s] -- Up-to-date: /home/alvaro/Desktop/workspace/ros_ur_driver/install/ur_dashboard_msgs/include/ur_dashboard_msgs/ur_dashboard_msgs/srv/detail/add_to_log__rosidl_typesupport_fastrtps_cpp.hpp
[2.098s] -- Up-to-date: /home/alvaro/Desktop/workspace/ros_ur_driver/install/ur_dashboard_msgs/include/ur_dashboard_msgs/ur_dashboard_msgs/srv/detail/get_robot_mode__rosidl_typesupport_fastrtps_cpp.hpp
[2.098s] -- Up-to-date: /home/alvaro/Desktop/workspace/ros_ur_driver/install/ur_dashboard_msgs/include/ur_dashboard_msgs/ur_dashboard_msgs/srv/detail/popup__rosidl_typesupport_fastrtps_cpp.hpp
[2.098s] -- Up-to-date: /home/alvaro/Desktop/workspace/ros_ur_driver/install/ur_dashboard_msgs/include/ur_dashboard_msgs/ur_dashboard_msgs/srv/detail/load__rosidl_typesupport_fastrtps_cpp.hpp
[2.098s] -- Up-to-date: /home/alvaro/Desktop/workspace/ros_ur_driver/install/ur_dashboard_msgs/include/ur_dashboard_msgs/ur_dashboard_msgs/srv/detail/get_safety_mode__rosidl_typesupport_fastrtps_cpp.hpp
[2.098s] -- Up-to-date: /home/alvaro/Desktop/workspace/ros_ur_driver/install/ur_dashboard_msgs/include/ur_dashboard_msgs/ur_dashboard_msgs/srv/detail/is_program_saved__rosidl_typesupport_fastrtps_cpp.hpp
[2.098s] -- Up-to-date: /home/alvaro/Desktop/workspace/ros_ur_driver/install/ur_dashboard_msgs/include/ur_dashboard_msgs/ur_dashboard_msgs/srv/detail/dds_fastrtps
[2.098s] -- Up-to-date: /home/alvaro/Desktop/workspace/ros_ur_driver/install/ur_dashboard_msgs/lib/libur_dashboard_msgs__rosidl_typesupport_fastrtps_cpp.so
[2.098s] -- Up-to-date: /home/alvaro/Desktop/workspace/ros_ur_driver/install/ur_dashboard_msgs/include/ur_dashboard_msgs/ur_dashboard_msgs
[2.098s] -- Up-to-date: /home/alvaro/Desktop/workspace/ros_ur_driver/install/ur_dashboard_msgs/include/ur_dashboard_msgs/ur_dashboard_msgs/action
[2.098s] -- Up-to-date: /home/alvaro/Desktop/workspace/ros_ur_driver/install/ur_dashboard_msgs/include/ur_dashboard_msgs/ur_dashboard_msgs/action/detail
[2.098s] -- Up-to-date: /home/alvaro/Desktop/workspace/ros_ur_driver/install/ur_dashboard_msgs/include/ur_dashboard_msgs/ur_dashboard_msgs/action/detail/set_mode__rosidl_typesupport_introspection_cpp.hpp
[2.098s] -- Up-to-date: /home/alvaro/Desktop/workspace/ros_ur_driver/install/ur_dashboard_msgs/include/ur_dashboard_msgs/ur_dashboard_msgs/action/detail/set_mode__type_support.cpp
[2.098s] -- Up-to-date: /home/alvaro/Desktop/workspace/ros_ur_driver/install/ur_dashboard_msgs/include/ur_dashboard_msgs/ur_dashboard_msgs/msg
[2.098s] -- Up-to-date: /home/alvaro/Desktop/workspace/ros_ur_driver/install/ur_dashboard_msgs/include/ur_dashboard_msgs/ur_dashboard_msgs/msg/detail
[2.098s] -- Up-to-date: /home/alvaro/Desktop/workspace/ros_ur_driver/install/ur_dashboard_msgs/include/ur_dashboard_msgs/ur_dashboard_msgs/msg/detail/program_state__rosidl_typesupport_introspection_cpp.hpp
[2.099s] -- Up-to-date: /home/alvaro/Desktop/workspace/ros_ur_driver/install/ur_dashboard_msgs/include/ur_dashboard_msgs/ur_dashboard_msgs/msg/detail/safety_mode__rosidl_typesupport_introspection_cpp.hpp
[2.099s] -- Up-to-date: /home/alvaro/Desktop/workspace/ros_ur_driver/install/ur_dashboard_msgs/include/ur_dashboard_msgs/ur_dashboard_msgs/msg/detail/robot_mode__type_support.cpp
[2.099s] -- Up-to-date: /home/alvaro/Desktop/workspace/ros_ur_driver/install/ur_dashboard_msgs/include/ur_dashboard_msgs/ur_dashboard_msgs/msg/detail/safety_mode__type_support.cpp
[2.099s] -- Up-to-date: /home/alvaro/Desktop/workspace/ros_ur_driver/install/ur_dashboard_msgs/include/ur_dashboard_msgs/ur_dashboard_msgs/msg/detail/robot_mode__rosidl_typesupport_introspection_cpp.hpp
[2.099s] -- Up-to-date: /home/alvaro/Desktop/workspace/ros_ur_driver/install/ur_dashboard_msgs/include/ur_dashboard_msgs/ur_dashboard_msgs/msg/detail/program_state__type_support.cpp
[2.099s] -- Up-to-date: /home/alvaro/Desktop/workspace/ros_ur_driver/install/ur_dashboard_msgs/include/ur_dashboard_msgs/ur_dashboard_msgs/srv
[2.099s] -- Up-to-date: /home/alvaro/Desktop/workspace/ros_ur_driver/install/ur_dashboard_msgs/include/ur_dashboard_msgs/ur_dashboard_msgs/srv/detail
[2.099s] -- Up-to-date: /home/alvaro/Desktop/workspace/ros_ur_driver/install/ur_dashboard_msgs/include/ur_dashboard_msgs/ur_dashboard_msgs/srv/detail/popup__type_support.cpp
[2.099s] -- Up-to-date: /home/alvaro/Desktop/workspace/ros_ur_driver/install/ur_dashboard_msgs/include/ur_dashboard_msgs/ur_dashboard_msgs/srv/detail/is_program_saved__rosidl_typesupport_introspection_cpp.hpp
[2.099s] -- Up-to-date: /home/alvaro/Desktop/workspace/ros_ur_driver/install/ur_dashboard_msgs/include/ur_dashboard_msgs/ur_dashboard_msgs/srv/detail/load__rosidl_typesupport_introspection_cpp.hpp
[2.099s] -- Up-to-date: /home/alvaro/Desktop/workspace/ros_ur_driver/install/ur_dashboard_msgs/include/ur_dashboard_msgs/ur_dashboard_msgs/srv/detail/popup__rosidl_typesupport_introspection_cpp.hpp
[2.099s] -- Up-to-date: /home/alvaro/Desktop/workspace/ros_ur_driver/install/ur_dashboard_msgs/include/ur_dashboard_msgs/ur_dashboard_msgs/srv/detail/load__type_support.cpp
[2.099s] -- Up-to-date: /home/alvaro/Desktop/workspace/ros_ur_driver/install/ur_dashboard_msgs/include/ur_dashboard_msgs/ur_dashboard_msgs/srv/detail/raw_request__type_support.cpp
[2.099s] -- Up-to-date: /home/alvaro/Desktop/workspace/ros_ur_driver/install/ur_dashboard_msgs/include/ur_dashboard_msgs/ur_dashboard_msgs/srv/detail/get_robot_mode__rosidl_typesupport_introspection_cpp.hpp
[2.099s] -- Up-to-date: /home/alvaro/Desktop/workspace/ros_ur_driver/install/ur_dashboard_msgs/include/ur_dashboard_msgs/ur_dashboard_msgs/srv/detail/is_program_running__type_support.cpp
[2.099s] -- Up-to-date: /home/alvaro/Desktop/workspace/ros_ur_driver/install/ur_dashboard_msgs/include/ur_dashboard_msgs/ur_dashboard_msgs/srv/detail/raw_request__rosidl_typesupport_introspection_cpp.hpp
[2.100s] -- Up-to-date: /home/alvaro/Desktop/workspace/ros_ur_driver/install/ur_dashboard_msgs/include/ur_dashboard_msgs/ur_dashboard_msgs/srv/detail/add_to_log__rosidl_typesupport_introspection_cpp.hpp
[2.100s] -- Up-to-date: /home/alvaro/Desktop/workspace/ros_ur_driver/install/ur_dashboard_msgs/include/ur_dashboard_msgs/ur_dashboard_msgs/srv/detail/get_safety_mode__type_support.cpp
[2.100s] -- Up-to-date: /home/alvaro/Desktop/workspace/ros_ur_driver/install/ur_dashboard_msgs/include/ur_dashboard_msgs/ur_dashboard_msgs/srv/detail/get_program_state__rosidl_typesupport_introspection_cpp.hpp
[2.100s] -- Up-to-date: /home/alvaro/Desktop/workspace/ros_ur_driver/install/ur_dashboard_msgs/include/ur_dashboard_msgs/ur_dashboard_msgs/srv/detail/get_robot_mode__type_support.cpp
[2.100s] -- Up-to-date: /home/alvaro/Desktop/workspace/ros_ur_driver/install/ur_dashboard_msgs/include/ur_dashboard_msgs/ur_dashboard_msgs/srv/detail/add_to_log__type_support.cpp
[2.100s] -- Up-to-date: /home/alvaro/Desktop/workspace/ros_ur_driver/install/ur_dashboard_msgs/include/ur_dashboard_msgs/ur_dashboard_msgs/srv/detail/get_loaded_program__rosidl_typesupport_introspection_cpp.hpp
[2.100s] -- Up-to-date: /home/alvaro/Desktop/workspace/ros_ur_driver/install/ur_dashboard_msgs/include/ur_dashboard_msgs/ur_dashboard_msgs/srv/detail/get_loaded_program__type_support.cpp
[2.100s] -- Up-to-date: /home/alvaro/Desktop/workspace/ros_ur_driver/install/ur_dashboard_msgs/include/ur_dashboard_msgs/ur_dashboard_msgs/srv/detail/get_safety_mode__rosidl_typesupport_introspection_cpp.hpp
[2.100s] -- Up-to-date: /home/alvaro/Desktop/workspace/ros_ur_driver/install/ur_dashboard_msgs/include/ur_dashboard_msgs/ur_dashboard_msgs/srv/detail/is_program_saved__type_support.cpp
[2.100s] -- Up-to-date: /home/alvaro/Desktop/workspace/ros_ur_driver/install/ur_dashboard_msgs/include/ur_dashboard_msgs/ur_dashboard_msgs/srv/detail/is_program_running__rosidl_typesupport_introspection_cpp.hpp
[2.100s] -- Up-to-date: /home/alvaro/Desktop/workspace/ros_ur_driver/install/ur_dashboard_msgs/include/ur_dashboard_msgs/ur_dashboard_msgs/srv/detail/get_program_state__type_support.cpp
[2.100s] -- Up-to-date: /home/alvaro/Desktop/workspace/ros_ur_driver/install/ur_dashboard_msgs/lib/libur_dashboard_msgs__rosidl_typesupport_introspection_cpp.so
[2.100s] -- Up-to-date: /home/alvaro/Desktop/workspace/ros_ur_driver/install/ur_dashboard_msgs/lib/libur_dashboard_msgs__rosidl_typesupport_cpp.so
[2.100s] -- Up-to-date: /home/alvaro/Desktop/workspace/ros_ur_driver/install/ur_dashboard_msgs/share/ur_dashboard_msgs/environment/pythonpath.sh
[2.100s] -- Installing: /home/alvaro/Desktop/workspace/ros_ur_driver/install/ur_dashboard_msgs/share/ur_dashboard_msgs/environment/pythonpath.dsv
[2.101s] -- Up-to-date: /home/alvaro/Desktop/workspace/ros_ur_driver/install/ur_dashboard_msgs/local/lib/python3.10/dist-packages/ur_dashboard_msgs-2.2.10-py3.10.egg-info
[2.101s] -- Installing: /home/alvaro/Desktop/workspace/ros_ur_driver/install/ur_dashboard_msgs/local/lib/python3.10/dist-packages/ur_dashboard_msgs-2.2.10-py3.10.egg-info/PKG-INFO
[2.101s] -- Installing: /home/alvaro/Desktop/workspace/ros_ur_driver/install/ur_dashboard_msgs/local/lib/python3.10/dist-packages/ur_dashboard_msgs-2.2.10-py3.10.egg-info/SOURCES.txt
[2.101s] -- Installing: /home/alvaro/Desktop/workspace/ros_ur_driver/install/ur_dashboard_msgs/local/lib/python3.10/dist-packages/ur_dashboard_msgs-2.2.10-py3.10.egg-info/dependency_links.txt
[2.101s] -- Installing: /home/alvaro/Desktop/workspace/ros_ur_driver/install/ur_dashboard_msgs/local/lib/python3.10/dist-packages/ur_dashboard_msgs-2.2.10-py3.10.egg-info/top_level.txt
[2.101s] -- Up-to-date: /home/alvaro/Desktop/workspace/ros_ur_driver/install/ur_dashboard_msgs/local/lib/python3.10/dist-packages/ur_dashboard_msgs
[2.101s] -- Installing: /home/alvaro/Desktop/workspace/ros_ur_driver/install/ur_dashboard_msgs/local/lib/python3.10/dist-packages/ur_dashboard_msgs/__init__.py
[2.101s] -- Up-to-date: /home/alvaro/Desktop/workspace/ros_ur_driver/install/ur_dashboard_msgs/local/lib/python3.10/dist-packages/ur_dashboard_msgs/action
[2.101s] -- Up-to-date: /home/alvaro/Desktop/workspace/ros_ur_driver/install/ur_dashboard_msgs/local/lib/python3.10/dist-packages/ur_dashboard_msgs/action/_set_mode_s.c
[2.101s] -- Up-to-date: /home/alvaro/Desktop/workspace/ros_ur_driver/install/ur_dashboard_msgs/local/lib/python3.10/dist-packages/ur_dashboard_msgs/action/__init__.py
[2.101s] -- Up-to-date: /home/alvaro/Desktop/workspace/ros_ur_driver/install/ur_dashboard_msgs/local/lib/python3.10/dist-packages/ur_dashboard_msgs/action/_set_mode.py
[2.101s] -- Up-to-date: /home/alvaro/Desktop/workspace/ros_ur_driver/install/ur_dashboard_msgs/local/lib/python3.10/dist-packages/ur_dashboard_msgs/_ur_dashboard_msgs_s.ep.rosidl_typesupport_introspection_c.c
[2.102s] -- Up-to-date: /home/alvaro/Desktop/workspace/ros_ur_driver/install/ur_dashboard_msgs/local/lib/python3.10/dist-packages/ur_dashboard_msgs/ur_dashboard_msgs_s__rosidl_typesupport_introspection_c.cpython-310-x86_64-linux-gnu.so
[2.102s] -- Up-to-date: /home/alvaro/Desktop/workspace/ros_ur_driver/install/ur_dashboard_msgs/local/lib/python3.10/dist-packages/ur_dashboard_msgs/ur_dashboard_msgs_s__rosidl_typesupport_c.cpython-310-x86_64-linux-gnu.so
[2.102s] -- Up-to-date: /home/alvaro/Desktop/workspace/ros_ur_driver/install/ur_dashboard_msgs/local/lib/python3.10/dist-packages/ur_dashboard_msgs/msg
[2.102s] -- Up-to-date: /home/alvaro/Desktop/workspace/ros_ur_driver/install/ur_dashboard_msgs/local/lib/python3.10/dist-packages/ur_dashboard_msgs/msg/_robot_mode.py
[2.102s] -- Up-to-date: /home/alvaro/Desktop/workspace/ros_ur_driver/install/ur_dashboard_msgs/local/lib/python3.10/dist-packages/ur_dashboard_msgs/msg/_program_state_s.c
[2.102s] -- Up-to-date: /home/alvaro/Desktop/workspace/ros_ur_driver/install/ur_dashboard_msgs/local/lib/python3.10/dist-packages/ur_dashboard_msgs/msg/__init__.py
[2.102s] -- Up-to-date: /home/alvaro/Desktop/workspace/ros_ur_driver/install/ur_dashboard_msgs/local/lib/python3.10/dist-packages/ur_dashboard_msgs/msg/_safety_mode.py
[2.102s] -- Up-to-date: /home/alvaro/Desktop/workspace/ros_ur_driver/install/ur_dashboard_msgs/local/lib/python3.10/dist-packages/ur_dashboard_msgs/msg/_program_state.py
[2.102s] -- Up-to-date: /home/alvaro/Desktop/workspace/ros_ur_driver/install/ur_dashboard_msgs/local/lib/python3.10/dist-packages/ur_dashboard_msgs/msg/_robot_mode_s.c
[2.102s] -- Up-to-date: /home/alvaro/Desktop/workspace/ros_ur_driver/install/ur_dashboard_msgs/local/lib/python3.10/dist-packages/ur_dashboard_msgs/msg/_safety_mode_s.c
[2.103s] -- Up-to-date: /home/alvaro/Desktop/workspace/ros_ur_driver/install/ur_dashboard_msgs/local/lib/python3.10/dist-packages/ur_dashboard_msgs/_ur_dashboard_msgs_s.ep.rosidl_typesupport_fastrtps_c.c
[2.103s] -- Up-to-date: /home/alvaro/Desktop/workspace/ros_ur_driver/install/ur_dashboard_msgs/local/lib/python3.10/dist-packages/ur_dashboard_msgs/srv
[2.103s] -- Up-to-date: /home/alvaro/Desktop/workspace/ros_ur_driver/install/ur_dashboard_msgs/local/lib/python3.10/dist-packages/ur_dashboard_msgs/srv/_is_program_running_s.c
[2.103s] -- Up-to-date: /home/alvaro/Desktop/workspace/ros_ur_driver/install/ur_dashboard_msgs/local/lib/python3.10/dist-packages/ur_dashboard_msgs/srv/_popup.py
[2.103s] -- Up-to-date: /home/alvaro/Desktop/workspace/ros_ur_driver/install/ur_dashboard_msgs/local/lib/python3.10/dist-packages/ur_dashboard_msgs/srv/_add_to_log_s.c
[2.103s] -- Up-to-date: /home/alvaro/Desktop/workspace/ros_ur_driver/install/ur_dashboard_msgs/local/lib/python3.10/dist-packages/ur_dashboard_msgs/srv/_get_robot_mode_s.c
[2.103s] -- Up-to-date: /home/alvaro/Desktop/workspace/ros_ur_driver/install/ur_dashboard_msgs/local/lib/python3.10/dist-packages/ur_dashboard_msgs/srv/__init__.py
[2.103s] -- Up-to-date: /home/alvaro/Desktop/workspace/ros_ur_driver/install/ur_dashboard_msgs/local/lib/python3.10/dist-packages/ur_dashboard_msgs/srv/_load_s.c
[2.103s] -- Up-to-date: /home/alvaro/Desktop/workspace/ros_ur_driver/install/ur_dashboard_msgs/local/lib/python3.10/dist-packages/ur_dashboard_msgs/srv/_get_safety_mode_s.c
[2.103s] -- Up-to-date: /home/alvaro/Desktop/workspace/ros_ur_driver/install/ur_dashboard_msgs/local/lib/python3.10/dist-packages/ur_dashboard_msgs/srv/_get_robot_mode.py
[2.103s] -- Up-to-date: /home/alvaro/Desktop/workspace/ros_ur_driver/install/ur_dashboard_msgs/local/lib/python3.10/dist-packages/ur_dashboard_msgs/srv/_add_to_log.py
[2.103s] -- Up-to-date: /home/alvaro/Desktop/workspace/ros_ur_driver/install/ur_dashboard_msgs/local/lib/python3.10/dist-packages/ur_dashboard_msgs/srv/_is_program_saved_s.c
[2.103s] -- Up-to-date: /home/alvaro/Desktop/workspace/ros_ur_driver/install/ur_dashboard_msgs/local/lib/python3.10/dist-packages/ur_dashboard_msgs/srv/_popup_s.c
[2.103s] -- Up-to-date: /home/alvaro/Desktop/workspace/ros_ur_driver/install/ur_dashboard_msgs/local/lib/python3.10/dist-packages/ur_dashboard_msgs/srv/_is_program_saved.py
[2.104s] -- Up-to-date: /home/alvaro/Desktop/workspace/ros_ur_driver/install/ur_dashboard_msgs/local/lib/python3.10/dist-packages/ur_dashboard_msgs/srv/_is_program_running.py
[2.104s] -- Up-to-date: /home/alvaro/Desktop/workspace/ros_ur_driver/install/ur_dashboard_msgs/local/lib/python3.10/dist-packages/ur_dashboard_msgs/srv/_get_loaded_program_s.c
[2.104s] -- Up-to-date: /home/alvaro/Desktop/workspace/ros_ur_driver/install/ur_dashboard_msgs/local/lib/python3.10/dist-packages/ur_dashboard_msgs/srv/_load.py
[2.104s] -- Up-to-date: /home/alvaro/Desktop/workspace/ros_ur_driver/install/ur_dashboard_msgs/local/lib/python3.10/dist-packages/ur_dashboard_msgs/srv/_get_safety_mode.py
[2.104s] -- Up-to-date: /home/alvaro/Desktop/workspace/ros_ur_driver/install/ur_dashboard_msgs/local/lib/python3.10/dist-packages/ur_dashboard_msgs/srv/_get_program_state_s.c
[2.104s] -- Up-to-date: /home/alvaro/Desktop/workspace/ros_ur_driver/install/ur_dashboard_msgs/local/lib/python3.10/dist-packages/ur_dashboard_msgs/srv/_raw_request_s.c
[2.104s] -- Up-to-date: /home/alvaro/Desktop/workspace/ros_ur_driver/install/ur_dashboard_msgs/local/lib/python3.10/dist-packages/ur_dashboard_msgs/srv/_get_program_state.py
[2.104s] -- Up-to-date: /home/alvaro/Desktop/workspace/ros_ur_driver/install/ur_dashboard_msgs/local/lib/python3.10/dist-packages/ur_dashboard_msgs/srv/_get_loaded_program.py
[2.104s] -- Up-to-date: /home/alvaro/Desktop/workspace/ros_ur_driver/install/ur_dashboard_msgs/local/lib/python3.10/dist-packages/ur_dashboard_msgs/srv/_raw_request.py
[2.104s] -- Up-to-date: /home/alvaro/Desktop/workspace/ros_ur_driver/install/ur_dashboard_msgs/local/lib/python3.10/dist-packages/ur_dashboard_msgs/_ur_dashboard_msgs_s.ep.rosidl_typesupport_c.c
[2.104s] -- Up-to-date: /home/alvaro/Desktop/workspace/ros_ur_driver/install/ur_dashboard_msgs/local/lib/python3.10/dist-packages/ur_dashboard_msgs/libur_dashboard_msgs__rosidl_generator_py.so
[2.104s] -- Up-to-date: /home/alvaro/Desktop/workspace/ros_ur_driver/install/ur_dashboard_msgs/local/lib/python3.10/dist-packages/ur_dashboard_msgs/ur_dashboard_msgs_s__rosidl_typesupport_fastrtps_c.cpython-310-x86_64-linux-gnu.so
[2.130s] Listing '/home/alvaro/Desktop/workspace/ros_ur_driver/install/ur_dashboard_msgs/local/lib/python3.10/dist-packages/ur_dashboard_msgs'...
[2.131s] Compiling '/home/alvaro/Desktop/workspace/ros_ur_driver/install/ur_dashboard_msgs/local/lib/python3.10/dist-packages/ur_dashboard_msgs/__init__.py'...
[2.131s] Listing '/home/alvaro/Desktop/workspace/ros_ur_driver/install/ur_dashboard_msgs/local/lib/python3.10/dist-packages/ur_dashboard_msgs/action'...
[2.131s] Listing '/home/alvaro/Desktop/workspace/ros_ur_driver/install/ur_dashboard_msgs/local/lib/python3.10/dist-packages/ur_dashboard_msgs/msg'...
[2.131s] Listing '/home/alvaro/Desktop/workspace/ros_ur_driver/install/ur_dashboard_msgs/local/lib/python3.10/dist-packages/ur_dashboard_msgs/srv'...
[2.135s] -- Up-to-date: /home/alvaro/Desktop/workspace/ros_ur_driver/install/ur_dashboard_msgs/local/lib/python3.10/dist-packages/ur_dashboard_msgs/ur_dashboard_msgs_s__rosidl_typesupport_fastrtps_c.cpython-310-x86_64-linux-gnu.so
[2.135s] -- Up-to-date: /home/alvaro/Desktop/workspace/ros_ur_driver/install/ur_dashboard_msgs/local/lib/python3.10/dist-packages/ur_dashboard_msgs/ur_dashboard_msgs_s__rosidl_typesupport_introspection_c.cpython-310-x86_64-linux-gnu.so
[2.135s] -- Up-to-date: /home/alvaro/Desktop/workspace/ros_ur_driver/install/ur_dashboard_msgs/local/lib/python3.10/dist-packages/ur_dashboard_msgs/ur_dashboard_msgs_s__rosidl_typesupport_c.cpython-310-x86_64-linux-gnu.so
[2.135s] -- Up-to-date: /home/alvaro/Desktop/workspace/ros_ur_driver/install/ur_dashboard_msgs/lib/libur_dashboard_msgs__rosidl_generator_py.so
[2.135s] -- Up-to-date: /home/alvaro/Desktop/workspace/ros_ur_driver/install/ur_dashboard_msgs/share/ur_dashboard_msgs/msg/ProgramState.idl
[2.135s] -- Up-to-date: /home/alvaro/Desktop/workspace/ros_ur_driver/install/ur_dashboard_msgs/share/ur_dashboard_msgs/msg/RobotMode.idl
[2.135s] -- Up-to-date: /home/alvaro/Desktop/workspace/ros_ur_driver/install/ur_dashboard_msgs/share/ur_dashboard_msgs/msg/SafetyMode.idl
[2.136s] -- Up-to-date: /home/alvaro/Desktop/workspace/ros_ur_driver/install/ur_dashboard_msgs/share/ur_dashboard_msgs/srv/AddToLog.idl
[2.136s] -- Up-to-date: /home/alvaro/Desktop/workspace/ros_ur_driver/install/ur_dashboard_msgs/share/ur_dashboard_msgs/srv/GetLoadedProgram.idl
[2.136s] -- Up-to-date: /home/alvaro/Desktop/workspace/ros_ur_driver/install/ur_dashboard_msgs/share/ur_dashboard_msgs/srv/GetProgramState.idl
[2.136s] -- Up-to-date: /home/alvaro/Desktop/workspace/ros_ur_driver/install/ur_dashboard_msgs/share/ur_dashboard_msgs/srv/GetRobotMode.idl
[2.136s] -- Up-to-date: /home/alvaro/Desktop/workspace/ros_ur_driver/install/ur_dashboard_msgs/share/ur_dashboard_msgs/srv/GetSafetyMode.idl
[2.136s] -- Up-to-date: /home/alvaro/Desktop/workspace/ros_ur_driver/install/ur_dashboard_msgs/share/ur_dashboard_msgs/srv/IsProgramRunning.idl
[2.136s] -- Up-to-date: /home/alvaro/Desktop/workspace/ros_ur_driver/install/ur_dashboard_msgs/share/ur_dashboard_msgs/srv/IsProgramSaved.idl
[2.136s] -- Up-to-date: /home/alvaro/Desktop/workspace/ros_ur_driver/install/ur_dashboard_msgs/share/ur_dashboard_msgs/srv/Load.idl
[2.136s] -- Up-to-date: /home/alvaro/Desktop/workspace/ros_ur_driver/install/ur_dashboard_msgs/share/ur_dashboard_msgs/srv/Popup.idl
[2.136s] -- Up-to-date: /home/alvaro/Desktop/workspace/ros_ur_driver/install/ur_dashboard_msgs/share/ur_dashboard_msgs/srv/RawRequest.idl
[2.137s] -- Up-to-date: /home/alvaro/Desktop/workspace/ros_ur_driver/install/ur_dashboard_msgs/share/ur_dashboard_msgs/action/SetMode.idl
[2.137s] -- Up-to-date: /home/alvaro/Desktop/workspace/ros_ur_driver/install/ur_dashboard_msgs/share/ur_dashboard_msgs/msg/ProgramState.msg
[2.137s] -- Up-to-date: /home/alvaro/Desktop/workspace/ros_ur_driver/install/ur_dashboard_msgs/share/ur_dashboard_msgs/msg/RobotMode.msg
[2.137s] -- Up-to-date: /home/alvaro/Desktop/workspace/ros_ur_driver/install/ur_dashboard_msgs/share/ur_dashboard_msgs/msg/SafetyMode.msg
[2.137s] -- Up-to-date: /home/alvaro/Desktop/workspace/ros_ur_driver/install/ur_dashboard_msgs/share/ur_dashboard_msgs/srv/AddToLog.srv
[2.137s] -- Up-to-date: /home/alvaro/Desktop/workspace/ros_ur_driver/install/ur_dashboard_msgs/share/ur_dashboard_msgs/srv/AddToLog_Request.msg
[2.137s] -- Up-to-date: /home/alvaro/Desktop/workspace/ros_ur_driver/install/ur_dashboard_msgs/share/ur_dashboard_msgs/srv/AddToLog_Response.msg
[2.137s] -- Up-to-date: /home/alvaro/Desktop/workspace/ros_ur_driver/install/ur_dashboard_msgs/share/ur_dashboard_msgs/srv/GetLoadedProgram.srv
[2.137s] -- Up-to-date: /home/alvaro/Desktop/workspace/ros_ur_driver/install/ur_dashboard_msgs/share/ur_dashboard_msgs/srv/GetLoadedProgram_Request.msg
[2.137s] -- Up-to-date: /home/alvaro/Desktop/workspace/ros_ur_driver/install/ur_dashboard_msgs/share/ur_dashboard_msgs/srv/GetLoadedProgram_Response.msg
[2.137s] -- Up-to-date: /home/alvaro/Desktop/workspace/ros_ur_driver/install/ur_dashboard_msgs/share/ur_dashboard_msgs/srv/GetProgramState.srv
[2.138s] -- Up-to-date: /home/alvaro/Desktop/workspace/ros_ur_driver/install/ur_dashboard_msgs/share/ur_dashboard_msgs/srv/GetProgramState_Request.msg
[2.138s] -- Up-to-date: /home/alvaro/Desktop/workspace/ros_ur_driver/install/ur_dashboard_msgs/share/ur_dashboard_msgs/srv/GetProgramState_Response.msg
[2.138s] -- Up-to-date: /home/alvaro/Desktop/workspace/ros_ur_driver/install/ur_dashboard_msgs/share/ur_dashboard_msgs/srv/GetRobotMode.srv
[2.138s] -- Up-to-date: /home/alvaro/Desktop/workspace/ros_ur_driver/install/ur_dashboard_msgs/share/ur_dashboard_msgs/srv/GetRobotMode_Request.msg
[2.138s] -- Up-to-date: /home/alvaro/Desktop/workspace/ros_ur_driver/install/ur_dashboard_msgs/share/ur_dashboard_msgs/srv/GetRobotMode_Response.msg
[2.138s] -- Up-to-date: /home/alvaro/Desktop/workspace/ros_ur_driver/install/ur_dashboard_msgs/share/ur_dashboard_msgs/srv/GetSafetyMode.srv
[2.138s] -- Up-to-date: /home/alvaro/Desktop/workspace/ros_ur_driver/install/ur_dashboard_msgs/share/ur_dashboard_msgs/srv/GetSafetyMode_Request.msg
[2.138s] -- Up-to-date: /home/alvaro/Desktop/workspace/ros_ur_driver/install/ur_dashboard_msgs/share/ur_dashboard_msgs/srv/GetSafetyMode_Response.msg
[2.138s] -- Up-to-date: /home/alvaro/Desktop/workspace/ros_ur_driver/install/ur_dashboard_msgs/share/ur_dashboard_msgs/srv/IsProgramRunning.srv
[2.138s] -- Up-to-date: /home/alvaro/Desktop/workspace/ros_ur_driver/install/ur_dashboard_msgs/share/ur_dashboard_msgs/srv/IsProgramRunning_Request.msg
[2.138s] -- Up-to-date: /home/alvaro/Desktop/workspace/ros_ur_driver/install/ur_dashboard_msgs/share/ur_dashboard_msgs/srv/IsProgramRunning_Response.msg
[2.139s] -- Up-to-date: /home/alvaro/Desktop/workspace/ros_ur_driver/install/ur_dashboard_msgs/share/ur_dashboard_msgs/srv/IsProgramSaved.srv
[2.139s] -- Up-to-date: /home/alvaro/Desktop/workspace/ros_ur_driver/install/ur_dashboard_msgs/share/ur_dashboard_msgs/srv/IsProgramSaved_Request.msg
[2.139s] -- Up-to-date: /home/alvaro/Desktop/workspace/ros_ur_driver/install/ur_dashboard_msgs/share/ur_dashboard_msgs/srv/IsProgramSaved_Response.msg
[2.139s] -- Up-to-date: /home/alvaro/Desktop/workspace/ros_ur_driver/install/ur_dashboard_msgs/share/ur_dashboard_msgs/srv/Load.srv
[2.139s] -- Up-to-date: /home/alvaro/Desktop/workspace/ros_ur_driver/install/ur_dashboard_msgs/share/ur_dashboard_msgs/srv/Load_Request.msg
[2.139s] -- Up-to-date: /home/alvaro/Desktop/workspace/ros_ur_driver/install/ur_dashboard_msgs/share/ur_dashboard_msgs/srv/Load_Response.msg
[2.139s] -- Up-to-date: /home/alvaro/Desktop/workspace/ros_ur_driver/install/ur_dashboard_msgs/share/ur_dashboard_msgs/srv/Popup.srv
[2.139s] -- Up-to-date: /home/alvaro/Desktop/workspace/ros_ur_driver/install/ur_dashboard_msgs/share/ur_dashboard_msgs/srv/Popup_Request.msg
[2.139s] -- Up-to-date: /home/alvaro/Desktop/workspace/ros_ur_driver/install/ur_dashboard_msgs/share/ur_dashboard_msgs/srv/Popup_Response.msg
[2.139s] -- Up-to-date: /home/alvaro/Desktop/workspace/ros_ur_driver/install/ur_dashboard_msgs/share/ur_dashboard_msgs/srv/RawRequest.srv
[2.139s] -- Up-to-date: /home/alvaro/Desktop/workspace/ros_ur_driver/install/ur_dashboard_msgs/share/ur_dashboard_msgs/srv/RawRequest_Request.msg
[2.139s] -- Up-to-date: /home/alvaro/Desktop/workspace/ros_ur_driver/install/ur_dashboard_msgs/share/ur_dashboard_msgs/srv/RawRequest_Response.msg
[2.140s] -- Up-to-date: /home/alvaro/Desktop/workspace/ros_ur_driver/install/ur_dashboard_msgs/share/ur_dashboard_msgs/action/SetMode.action
[2.140s] -- Up-to-date: /home/alvaro/Desktop/workspace/ros_ur_driver/install/ur_dashboard_msgs/share/ament_index/resource_index/package_run_dependencies/ur_dashboard_msgs
[2.140s] -- Installing: /home/alvaro/Desktop/workspace/ros_ur_driver/install/ur_dashboard_msgs/share/ament_index/resource_index/parent_prefix_path/ur_dashboard_msgs
[2.140s] -- Up-to-date: /home/alvaro/Desktop/workspace/ros_ur_driver/install/ur_dashboard_msgs/share/ur_dashboard_msgs/environment/ament_prefix_path.sh
[2.140s] -- Installing: /home/alvaro/Desktop/workspace/ros_ur_driver/install/ur_dashboard_msgs/share/ur_dashboard_msgs/environment/ament_prefix_path.dsv
[2.140s] -- Up-to-date: /home/alvaro/Desktop/workspace/ros_ur_driver/install/ur_dashboard_msgs/share/ur_dashboard_msgs/environment/path.sh
[2.140s] -- Installing: /home/alvaro/Desktop/workspace/ros_ur_driver/install/ur_dashboard_msgs/share/ur_dashboard_msgs/environment/path.dsv
[2.140s] -- Up-to-date: /home/alvaro/Desktop/workspace/ros_ur_driver/install/ur_dashboard_msgs/share/ur_dashboard_msgs/local_setup.bash
[2.140s] -- Up-to-date: /home/alvaro/Desktop/workspace/ros_ur_driver/install/ur_dashboard_msgs/share/ur_dashboard_msgs/local_setup.sh
[2.140s] -- Up-to-date: /home/alvaro/Desktop/workspace/ros_ur_driver/install/ur_dashboard_msgs/share/ur_dashboard_msgs/local_setup.zsh
[2.141s] -- Installing: /home/alvaro/Desktop/workspace/ros_ur_driver/install/ur_dashboard_msgs/share/ur_dashboard_msgs/local_setup.dsv
[2.141s] -- Installing: /home/alvaro/Desktop/workspace/ros_ur_driver/install/ur_dashboard_msgs/share/ur_dashboard_msgs/package.dsv
[2.141s] -- Up-to-date: /home/alvaro/Desktop/workspace/ros_ur_driver/install/ur_dashboard_msgs/share/ament_index/resource_index/packages/ur_dashboard_msgs
[2.141s] -- Up-to-date: /home/alvaro/Desktop/workspace/ros_ur_driver/install/ur_dashboard_msgs/share/ur_dashboard_msgs/cmake/export_ur_dashboard_msgs__rosidl_generator_cExport.cmake
[2.141s] -- Up-to-date: /home/alvaro/Desktop/workspace/ros_ur_driver/install/ur_dashboard_msgs/share/ur_dashboard_msgs/cmake/export_ur_dashboard_msgs__rosidl_generator_cExport-release.cmake
[2.141s] -- Up-to-date: /home/alvaro/Desktop/workspace/ros_ur_driver/install/ur_dashboard_msgs/share/ur_dashboard_msgs/cmake/export_ur_dashboard_msgs__rosidl_typesupport_fastrtps_cExport.cmake
[2.141s] -- Up-to-date: /home/alvaro/Desktop/workspace/ros_ur_driver/install/ur_dashboard_msgs/share/ur_dashboard_msgs/cmake/export_ur_dashboard_msgs__rosidl_typesupport_fastrtps_cExport-release.cmake
[2.141s] -- Up-to-date: /home/alvaro/Desktop/workspace/ros_ur_driver/install/ur_dashboard_msgs/share/ur_dashboard_msgs/cmake/ur_dashboard_msgs__rosidl_typesupport_introspection_cExport.cmake
[2.141s] -- Up-to-date: /home/alvaro/Desktop/workspace/ros_ur_driver/install/ur_dashboard_msgs/share/ur_dashboard_msgs/cmake/ur_dashboard_msgs__rosidl_typesupport_introspection_cExport-release.cmake
[2.141s] -- Up-to-date: /home/alvaro/Desktop/workspace/ros_ur_driver/install/ur_dashboard_msgs/share/ur_dashboard_msgs/cmake/ur_dashboard_msgs__rosidl_typesupport_cExport.cmake
[2.141s] -- Up-to-date: /home/alvaro/Desktop/workspace/ros_ur_driver/install/ur_dashboard_msgs/share/ur_dashboard_msgs/cmake/ur_dashboard_msgs__rosidl_typesupport_cExport-release.cmake
[2.141s] -- Up-to-date: /home/alvaro/Desktop/workspace/ros_ur_driver/install/ur_dashboard_msgs/share/ur_dashboard_msgs/cmake/export_ur_dashboard_msgs__rosidl_generator_cppExport.cmake
[2.142s] -- Up-to-date: /home/alvaro/Desktop/workspace/ros_ur_driver/install/ur_dashboard_msgs/share/ur_dashboard_msgs/cmake/export_ur_dashboard_msgs__rosidl_typesupport_fastrtps_cppExport.cmake
[2.142s] -- Up-to-date: /home/alvaro/Desktop/workspace/ros_ur_driver/install/ur_dashboard_msgs/share/ur_dashboard_msgs/cmake/export_ur_dashboard_msgs__rosidl_typesupport_fastrtps_cppExport-release.cmake
[2.142s] -- Up-to-date: /home/alvaro/Desktop/workspace/ros_ur_driver/install/ur_dashboard_msgs/share/ur_dashboard_msgs/cmake/ur_dashboard_msgs__rosidl_typesupport_introspection_cppExport.cmake
[2.142s] -- Up-to-date: /home/alvaro/Desktop/workspace/ros_ur_driver/install/ur_dashboard_msgs/share/ur_dashboard_msgs/cmake/ur_dashboard_msgs__rosidl_typesupport_introspection_cppExport-release.cmake
[2.142s] -- Up-to-date: /home/alvaro/Desktop/workspace/ros_ur_driver/install/ur_dashboard_msgs/share/ur_dashboard_msgs/cmake/ur_dashboard_msgs__rosidl_typesupport_cppExport.cmake
[2.142s] -- Up-to-date: /home/alvaro/Desktop/workspace/ros_ur_driver/install/ur_dashboard_msgs/share/ur_dashboard_msgs/cmake/ur_dashboard_msgs__rosidl_typesupport_cppExport-release.cmake
[2.142s] -- Up-to-date: /home/alvaro/Desktop/workspace/ros_ur_driver/install/ur_dashboard_msgs/share/ur_dashboard_msgs/cmake/export_ur_dashboard_msgs__rosidl_generator_pyExport.cmake
[2.142s] -- Up-to-date: /home/alvaro/Desktop/workspace/ros_ur_driver/install/ur_dashboard_msgs/share/ur_dashboard_msgs/cmake/export_ur_dashboard_msgs__rosidl_generator_pyExport-release.cmake
[2.142s] -- Up-to-date: /home/alvaro/Desktop/workspace/ros_ur_driver/install/ur_dashboard_msgs/share/ur_dashboard_msgs/cmake/rosidl_cmake-extras.cmake
[2.142s] -- Up-to-date: /home/alvaro/Desktop/workspace/ros_ur_driver/install/ur_dashboard_msgs/share/ur_dashboard_msgs/cmake/ament_cmake_export_dependencies-extras.cmake
[2.142s] -- Up-to-date: /home/alvaro/Desktop/workspace/ros_ur_driver/install/ur_dashboard_msgs/share/ur_dashboard_msgs/cmake/ament_cmake_export_include_directories-extras.cmake
[2.143s] -- Up-to-date: /home/alvaro/Desktop/workspace/ros_ur_driver/install/ur_dashboard_msgs/share/ur_dashboard_msgs/cmake/ament_cmake_export_libraries-extras.cmake
[2.144s] -- Up-to-date: /home/alvaro/Desktop/workspace/ros_ur_driver/install/ur_dashboard_msgs/share/ur_dashboard_msgs/cmake/ament_cmake_export_targets-extras.cmake
[2.144s] -- Up-to-date: /home/alvaro/Desktop/workspace/ros_ur_driver/install/ur_dashboard_msgs/share/ur_dashboard_msgs/cmake/rosidl_cmake_export_typesupport_targets-extras.cmake
[2.144s] -- Up-to-date: /home/alvaro/Desktop/workspace/ros_ur_driver/install/ur_dashboard_msgs/share/ur_dashboard_msgs/cmake/rosidl_cmake_export_typesupport_libraries-extras.cmake
[2.145s] -- Up-to-date: /home/alvaro/Desktop/workspace/ros_ur_driver/install/ur_dashboard_msgs/share/ur_dashboard_msgs/cmake/ur_dashboard_msgsConfig.cmake
[2.145s] -- Up-to-date: /home/alvaro/Desktop/workspace/ros_ur_driver/install/ur_dashboard_msgs/share/ur_dashboard_msgs/cmake/ur_dashboard_msgsConfig-version.cmake
[2.145s] -- Up-to-date: /home/alvaro/Desktop/workspace/ros_ur_driver/install/ur_dashboard_msgs/share/ur_dashboard_msgs/package.xml
[2.145s] Invoked command in '/home/alvaro/Desktop/workspace/ros_ur_driver/build/ur_dashboard_msgs' returned '0': CMAKE_PREFIX_PATH=${CMAKE_PREFIX_PATH}:/home/alvaro/Desktop/workspace/install/data_logger:/home/alvaro/ros2_ws_copia/install/my_robot_controller:/home/alvaro/ros2_ws_copia/install/movimiento_articular:/home/alvaro/ros2_ws_copia/install/data_logger:/home/alvaro/ros2_ws/install/my_robot_controller:/opt/ros/humble /usr/bin/cmake --install /home/alvaro/Desktop/workspace/ros_ur_driver/build/ur_dashboard_msgs
