[0.026s] Invoking command in '/home/alvaro/Desktop/workspace/ros_ur_driver/build/ur_description': CMAKE_PREFIX_PATH=${CMAKE_PREFIX_PATH}:/home/alvaro/Desktop/workspace/ros_ur_driver/install/trayectories:/home/alvaro/Desktop/workspace/ros_ur_driver/install/data_logger:/home/alvaro/ros2_ws_copia/install/my_robot_controller:/home/alvaro/ros2_ws_copia/install/movimiento_articular:/home/alvaro/ros2_ws_copia/install/data_logger:/home/alvaro/ros2_ws/install/my_robot_controller:/opt/ros/humble /usr/bin/cmake --build /home/alvaro/Desktop/workspace/ros_ur_driver/build/ur_description -- -j8 -l8
[0.803s] Invoked command in '/home/alvaro/Desktop/workspace/ros_ur_driver/build/ur_description' returned '0': CMAKE_PREFIX_PATH=${CMAKE_PREFIX_PATH}:/home/alvaro/Desktop/workspace/ros_ur_driver/install/trayectories:/home/alvaro/Desktop/workspace/ros_ur_driver/install/data_logger:/home/alvaro/ros2_ws_copia/install/my_robot_controller:/home/alvaro/ros2_ws_copia/install/movimiento_articular:/home/alvaro/ros2_ws_copia/install/data_logger:/home/alvaro/ros2_ws/install/my_robot_controller:/opt/ros/humble /usr/bin/cmake --build /home/alvaro/Desktop/workspace/ros_ur_driver/build/ur_description -- -j8 -l8
[0.843s] Invoking command in '/home/alvaro/Desktop/workspace/ros_ur_driver/build/ur_description': CMAKE_PREFIX_PATH=${CMAKE_PREFIX_PATH}:/home/alvaro/Desktop/workspace/ros_ur_driver/install/trayectories:/home/alvaro/Desktop/workspace/ros_ur_driver/install/data_logger:/home/alvaro/ros2_ws_copia/install/my_robot_controller:/home/alvaro/ros2_ws_copia/install/movimiento_articular:/home/alvaro/ros2_ws_copia/install/data_logger:/home/alvaro/ros2_ws/install/my_robot_controller:/opt/ros/humble /usr/bin/cmake --install /home/alvaro/Desktop/workspace/ros_ur_driver/build/ur_description
[0.854s] -- Install configuration: "Release"
[0.854s] -- Up-to-date: /home/alvaro/Desktop/workspace/ros_ur_driver/install/ur_description/share/ur_description/config
[0.855s] -- Up-to-date: /home/alvaro/Desktop/workspace/ros_ur_driver/install/ur_description/share/ur_description/config/ur5
[0.855s] -- Up-to-date: /home/alvaro/Desktop/workspace/ros_ur_driver/install/ur_description/share/ur_description/config/ur5/visual_parameters.yaml
[0.855s] -- Up-to-date: /home/alvaro/Desktop/workspace/ros_ur_driver/install/ur_description/share/ur_description/config/ur5/joint_limits.yaml
[0.856s] -- Up-to-date: /home/alvaro/Desktop/workspace/ros_ur_driver/install/ur_description/share/ur_description/config/ur5/default_kinematics.yaml
[0.856s] -- Up-to-date: /home/alvaro/Desktop/workspace/ros_ur_driver/install/ur_description/share/ur_description/config/ur5/physical_parameters.yaml
[0.856s] -- Up-to-date: /home/alvaro/Desktop/workspace/ros_ur_driver/install/ur_description/share/ur_description/config/ur5e
[0.857s] -- Up-to-date: /home/alvaro/Desktop/workspace/ros_ur_driver/install/ur_description/share/ur_description/config/ur5e/visual_parameters.yaml
[0.857s] -- Up-to-date: /home/alvaro/Desktop/workspace/ros_ur_driver/install/ur_description/share/ur_description/config/ur5e/joint_limits.yaml
[0.857s] -- Up-to-date: /home/alvaro/Desktop/workspace/ros_ur_driver/install/ur_description/share/ur_description/config/ur5e/default_kinematics.yaml
[0.858s] -- Up-to-date: /home/alvaro/Desktop/workspace/ros_ur_driver/install/ur_description/share/ur_description/config/ur5e/physical_parameters.yaml
[0.858s] -- Up-to-date: /home/alvaro/Desktop/workspace/ros_ur_driver/install/ur_description/share/ur_description/config/ur10
[0.859s] -- Up-to-date: /home/alvaro/Desktop/workspace/ros_ur_driver/install/ur_description/share/ur_description/config/ur10/visual_parameters.yaml
[0.859s] -- Up-to-date: /home/alvaro/Desktop/workspace/ros_ur_driver/install/ur_description/share/ur_description/config/ur10/joint_limits.yaml
[0.860s] -- Up-to-date: /home/alvaro/Desktop/workspace/ros_ur_driver/install/ur_description/share/ur_description/config/ur10/default_kinematics.yaml
[0.860s] -- Up-to-date: /home/alvaro/Desktop/workspace/ros_ur_driver/install/ur_description/share/ur_description/config/ur10/physical_parameters.yaml
[0.860s] -- Up-to-date: /home/alvaro/Desktop/workspace/ros_ur_driver/install/ur_description/share/ur_description/config/ur3
[0.860s] -- Up-to-date: /home/alvaro/Desktop/workspace/ros_ur_driver/install/ur_description/share/ur_description/config/ur3/visual_parameters.yaml
[0.860s] -- Up-to-date: /home/alvaro/Desktop/workspace/ros_ur_driver/install/ur_description/share/ur_description/config/ur3/joint_limits.yaml
[0.861s] -- Up-to-date: /home/alvaro/Desktop/workspace/ros_ur_driver/install/ur_description/share/ur_description/config/ur3/default_kinematics.yaml
[0.861s] -- Up-to-date: /home/alvaro/Desktop/workspace/ros_ur_driver/install/ur_description/share/ur_description/config/ur3/physical_parameters.yaml
[0.861s] -- Up-to-date: /home/alvaro/Desktop/workspace/ros_ur_driver/install/ur_description/share/ur_description/config/ur10e
[0.861s] -- Up-to-date: /home/alvaro/Desktop/workspace/ros_ur_driver/install/ur_description/share/ur_description/config/ur10e/visual_parameters.yaml
[0.861s] -- Up-to-date: /home/alvaro/Desktop/workspace/ros_ur_driver/install/ur_description/share/ur_description/config/ur10e/joint_limits.yaml
[0.861s] -- Up-to-date: /home/alvaro/Desktop/workspace/ros_ur_driver/install/ur_description/share/ur_description/config/ur10e/default_kinematics.yaml
[0.861s] -- Up-to-date: /home/alvaro/Desktop/workspace/ros_ur_driver/install/ur_description/share/ur_description/config/ur10e/physical_parameters.yaml
[0.862s] -- Up-to-date: /home/alvaro/Desktop/workspace/ros_ur_driver/install/ur_description/share/ur_description/config/ur3e
[0.862s] -- Up-to-date: /home/alvaro/Desktop/workspace/ros_ur_driver/install/ur_description/share/ur_description/config/ur3e/visual_parameters.yaml
[0.863s] -- Up-to-date: /home/alvaro/Desktop/workspace/ros_ur_driver/install/ur_description/share/ur_description/config/ur3e/joint_limits.yaml
[0.863s] -- Up-to-date: /home/alvaro/Desktop/workspace/ros_ur_driver/install/ur_description/share/ur_description/config/ur3e/default_kinematics.yaml
[0.864s] -- Up-to-date: /home/alvaro/Desktop/workspace/ros_ur_driver/install/ur_description/share/ur_description/config/ur3e/physical_parameters.yaml
[0.864s] -- Up-to-date: /home/alvaro/Desktop/workspace/ros_ur_driver/install/ur_description/share/ur_description/config/ur20
[0.865s] -- Up-to-date: /home/alvaro/Desktop/workspace/ros_ur_driver/install/ur_description/share/ur_description/config/ur20/visual_parameters.yaml
[0.865s] -- Up-to-date: /home/alvaro/Desktop/workspace/ros_ur_driver/install/ur_description/share/ur_description/config/ur20/joint_limits.yaml
[0.865s] -- Up-to-date: /home/alvaro/Desktop/workspace/ros_ur_driver/install/ur_description/share/ur_description/config/ur20/default_kinematics.yaml
[0.866s] -- Up-to-date: /home/alvaro/Desktop/workspace/ros_ur_driver/install/ur_description/share/ur_description/config/ur20/physical_parameters.yaml
[0.866s] -- Up-to-date: /home/alvaro/Desktop/workspace/ros_ur_driver/install/ur_description/share/ur_description/config/initial_positions.yaml
[0.866s] -- Up-to-date: /home/alvaro/Desktop/workspace/ros_ur_driver/install/ur_description/share/ur_description/config/ur16e
[0.866s] -- Up-to-date: /home/alvaro/Desktop/workspace/ros_ur_driver/install/ur_description/share/ur_description/config/ur16e/visual_parameters.yaml
[0.866s] -- Up-to-date: /home/alvaro/Desktop/workspace/ros_ur_driver/install/ur_description/share/ur_description/config/ur16e/joint_limits.yaml
[0.867s] -- Up-to-date: /home/alvaro/Desktop/workspace/ros_ur_driver/install/ur_description/share/ur_description/config/ur16e/default_kinematics.yaml
[0.867s] -- Up-to-date: /home/alvaro/Desktop/workspace/ros_ur_driver/install/ur_description/share/ur_description/config/ur16e/physical_parameters.yaml
[0.867s] -- Up-to-date: /home/alvaro/Desktop/workspace/ros_ur_driver/install/ur_description/share/ur_description/launch
[0.867s] -- Up-to-date: /home/alvaro/Desktop/workspace/ros_ur_driver/install/ur_description/share/ur_description/launch/view_ur.launch.py
[0.868s] -- Up-to-date: /home/alvaro/Desktop/workspace/ros_ur_driver/install/ur_description/share/ur_description/meshes
[0.868s] -- Up-to-date: /home/alvaro/Desktop/workspace/ros_ur_driver/install/ur_description/share/ur_description/meshes/ur5
[0.868s] -- Up-to-date: /home/alvaro/Desktop/workspace/ros_ur_driver/install/ur_description/share/ur_description/meshes/ur5/visual
[0.869s] -- Up-to-date: /home/alvaro/Desktop/workspace/ros_ur_driver/install/ur_description/share/ur_description/meshes/ur5/visual/wrist1.dae
[0.869s] -- Up-to-date: /home/alvaro/Desktop/workspace/ros_ur_driver/install/ur_description/share/ur_description/meshes/ur5/visual/forearm.dae
[0.869s] -- Up-to-date: /home/alvaro/Desktop/workspace/ros_ur_driver/install/ur_description/share/ur_description/meshes/ur5/visual/wrist2.dae
[0.870s] -- Up-to-date: /home/alvaro/Desktop/workspace/ros_ur_driver/install/ur_description/share/ur_description/meshes/ur5/visual/base.dae
[0.870s] -- Up-to-date: /home/alvaro/Desktop/workspace/ros_ur_driver/install/ur_description/share/ur_description/meshes/ur5/visual/wrist3.dae
[0.871s] -- Up-to-date: /home/alvaro/Desktop/workspace/ros_ur_driver/install/ur_description/share/ur_description/meshes/ur5/visual/shoulder.dae
[0.871s] -- Up-to-date: /home/alvaro/Desktop/workspace/ros_ur_driver/install/ur_description/share/ur_description/meshes/ur5/visual/upperarm.dae
[0.871s] -- Up-to-date: /home/alvaro/Desktop/workspace/ros_ur_driver/install/ur_description/share/ur_description/meshes/ur5/collision
[0.871s] -- Up-to-date: /home/alvaro/Desktop/workspace/ros_ur_driver/install/ur_description/share/ur_description/meshes/ur5/collision/wrist1.stl
[0.872s] -- Up-to-date: /home/alvaro/Desktop/workspace/ros_ur_driver/install/ur_description/share/ur_description/meshes/ur5/collision/wrist3.stl
[0.872s] -- Up-to-date: /home/alvaro/Desktop/workspace/ros_ur_driver/install/ur_description/share/ur_description/meshes/ur5/collision/base.stl
[0.872s] -- Up-to-date: /home/alvaro/Desktop/workspace/ros_ur_driver/install/ur_description/share/ur_description/meshes/ur5/collision/upperarm.stl
[0.872s] -- Up-to-date: /home/alvaro/Desktop/workspace/ros_ur_driver/install/ur_description/share/ur_description/meshes/ur5/collision/wrist2.stl
[0.872s] -- Up-to-date: /home/alvaro/Desktop/workspace/ros_ur_driver/install/ur_description/share/ur_description/meshes/ur5/collision/shoulder.stl
[0.872s] -- Up-to-date: /home/alvaro/Desktop/workspace/ros_ur_driver/install/ur_description/share/ur_description/meshes/ur5/collision/forearm.stl
[0.873s] -- Up-to-date: /home/alvaro/Desktop/workspace/ros_ur_driver/install/ur_description/share/ur_description/meshes/ur5e
[0.873s] -- Up-to-date: /home/alvaro/Desktop/workspace/ros_ur_driver/install/ur_description/share/ur_description/meshes/ur5e/visual
[0.873s] -- Up-to-date: /home/alvaro/Desktop/workspace/ros_ur_driver/install/ur_description/share/ur_description/meshes/ur5e/visual/wrist1.dae
[0.873s] -- Up-to-date: /home/alvaro/Desktop/workspace/ros_ur_driver/install/ur_description/share/ur_description/meshes/ur5e/visual/forearm.dae
[0.873s] -- Up-to-date: /home/alvaro/Desktop/workspace/ros_ur_driver/install/ur_description/share/ur_description/meshes/ur5e/visual/wrist2.dae
[0.873s] -- Up-to-date: /home/alvaro/Desktop/workspace/ros_ur_driver/install/ur_description/share/ur_description/meshes/ur5e/visual/base.dae
[0.874s] -- Up-to-date: /home/alvaro/Desktop/workspace/ros_ur_driver/install/ur_description/share/ur_description/meshes/ur5e/visual/wrist3.dae
[0.874s] -- Up-to-date: /home/alvaro/Desktop/workspace/ros_ur_driver/install/ur_description/share/ur_description/meshes/ur5e/visual/shoulder.dae
[0.874s] -- Up-to-date: /home/alvaro/Desktop/workspace/ros_ur_driver/install/ur_description/share/ur_description/meshes/ur5e/visual/upperarm.dae
[0.874s] -- Up-to-date: /home/alvaro/Desktop/workspace/ros_ur_driver/install/ur_description/share/ur_description/meshes/ur5e/collision
[0.874s] -- Up-to-date: /home/alvaro/Desktop/workspace/ros_ur_driver/install/ur_description/share/ur_description/meshes/ur5e/collision/wrist1.stl
[0.875s] -- Up-to-date: /home/alvaro/Desktop/workspace/ros_ur_driver/install/ur_description/share/ur_description/meshes/ur5e/collision/wrist3.stl
[0.875s] -- Up-to-date: /home/alvaro/Desktop/workspace/ros_ur_driver/install/ur_description/share/ur_description/meshes/ur5e/collision/base.stl
[0.875s] -- Up-to-date: /home/alvaro/Desktop/workspace/ros_ur_driver/install/ur_description/share/ur_description/meshes/ur5e/collision/upperarm.stl
[0.875s] -- Up-to-date: /home/alvaro/Desktop/workspace/ros_ur_driver/install/ur_description/share/ur_description/meshes/ur5e/collision/wrist2.stl
[0.876s] -- Up-to-date: /home/alvaro/Desktop/workspace/ros_ur_driver/install/ur_description/share/ur_description/meshes/ur5e/collision/shoulder.stl
[0.876s] -- Up-to-date: /home/alvaro/Desktop/workspace/ros_ur_driver/install/ur_description/share/ur_description/meshes/ur5e/collision/forearm.stl
[0.876s] -- Up-to-date: /home/alvaro/Desktop/workspace/ros_ur_driver/install/ur_description/share/ur_description/meshes/ur10
[0.877s] -- Up-to-date: /home/alvaro/Desktop/workspace/ros_ur_driver/install/ur_description/share/ur_description/meshes/ur10/visual
[0.877s] -- Up-to-date: /home/alvaro/Desktop/workspace/ros_ur_driver/install/ur_description/share/ur_description/meshes/ur10/visual/wrist1.dae
[0.877s] -- Up-to-date: /home/alvaro/Desktop/workspace/ros_ur_driver/install/ur_description/share/ur_description/meshes/ur10/visual/forearm.dae
[0.878s] -- Up-to-date: /home/alvaro/Desktop/workspace/ros_ur_driver/install/ur_description/share/ur_description/meshes/ur10/visual/wrist2.dae
[0.878s] -- Up-to-date: /home/alvaro/Desktop/workspace/ros_ur_driver/install/ur_description/share/ur_description/meshes/ur10/visual/04_Estaci贸n.stl
[0.880s] -- Up-to-date: /home/alvaro/Desktop/workspace/ros_ur_driver/install/ur_description/share/ur_description/meshes/ur10/visual/base.dae
[0.880s] -- Up-to-date: /home/alvaro/Desktop/workspace/ros_ur_driver/install/ur_description/share/ur_description/meshes/ur10/visual/wrist3.dae
[0.881s] -- Up-to-date: /home/alvaro/Desktop/workspace/ros_ur_driver/install/ur_description/share/ur_description/meshes/ur10/visual/shoulder.dae
[0.881s] -- Up-to-date: /home/alvaro/Desktop/workspace/ros_ur_driver/install/ur_description/share/ur_description/meshes/ur10/visual/05_Estaci贸n_Gorda.stl
[0.882s] -- Up-to-date: /home/alvaro/Desktop/workspace/ros_ur_driver/install/ur_description/share/ur_description/meshes/ur10/visual/upperarm.dae
[0.882s] -- Up-to-date: /home/alvaro/Desktop/workspace/ros_ur_driver/install/ur_description/share/ur_description/meshes/ur10/collision
[0.882s] -- Up-to-date: /home/alvaro/Desktop/workspace/ros_ur_driver/install/ur_description/share/ur_description/meshes/ur10/collision/wrist1.stl
[0.882s] -- Up-to-date: /home/alvaro/Desktop/workspace/ros_ur_driver/install/ur_description/share/ur_description/meshes/ur10/collision/wrist3.stl
[0.884s] -- Up-to-date: /home/alvaro/Desktop/workspace/ros_ur_driver/install/ur_description/share/ur_description/meshes/ur10/collision/04_Estaci贸n.stl
[0.884s] -- Up-to-date: /home/alvaro/Desktop/workspace/ros_ur_driver/install/ur_description/share/ur_description/meshes/ur10/collision/base.stl
[0.884s] -- Up-to-date: /home/alvaro/Desktop/workspace/ros_ur_driver/install/ur_description/share/ur_description/meshes/ur10/collision/upperarm.stl
[0.884s] -- Up-to-date: /home/alvaro/Desktop/workspace/ros_ur_driver/install/ur_description/share/ur_description/meshes/ur10/collision/05_Estaci贸n_Gorda.stl
[0.884s] -- Up-to-date: /home/alvaro/Desktop/workspace/ros_ur_driver/install/ur_description/share/ur_description/meshes/ur10/collision/wrist2.stl
[0.886s] -- Up-to-date: /home/alvaro/Desktop/workspace/ros_ur_driver/install/ur_description/share/ur_description/meshes/ur10/collision/shoulder.stl
[0.886s] -- Up-to-date: /home/alvaro/Desktop/workspace/ros_ur_driver/install/ur_description/share/ur_description/meshes/ur10/collision/forearm.stl
[0.887s] -- Up-to-date: /home/alvaro/Desktop/workspace/ros_ur_driver/install/ur_description/share/ur_description/meshes/ur3
[0.887s] -- Up-to-date: /home/alvaro/Desktop/workspace/ros_ur_driver/install/ur_description/share/ur_description/meshes/ur3/visual
[0.888s] -- Up-to-date: /home/alvaro/Desktop/workspace/ros_ur_driver/install/ur_description/share/ur_description/meshes/ur3/visual/wrist1.dae
[0.888s] -- Up-to-date: /home/alvaro/Desktop/workspace/ros_ur_driver/install/ur_description/share/ur_description/meshes/ur3/visual/forearm.dae
[0.888s] -- Up-to-date: /home/alvaro/Desktop/workspace/ros_ur_driver/install/ur_description/share/ur_description/meshes/ur3/visual/wrist2.dae
[0.890s] -- Up-to-date: /home/alvaro/Desktop/workspace/ros_ur_driver/install/ur_description/share/ur_description/meshes/ur3/visual/base.dae
[0.890s] -- Up-to-date: /home/alvaro/Desktop/workspace/ros_ur_driver/install/ur_description/share/ur_description/meshes/ur3/visual/wrist3.dae
[0.890s] -- Up-to-date: /home/alvaro/Desktop/workspace/ros_ur_driver/install/ur_description/share/ur_description/meshes/ur3/visual/shoulder.dae
[0.890s] -- Up-to-date: /home/alvaro/Desktop/workspace/ros_ur_driver/install/ur_description/share/ur_description/meshes/ur3/visual/upperarm.dae
[0.891s] -- Up-to-date: /home/alvaro/Desktop/workspace/ros_ur_driver/install/ur_description/share/ur_description/meshes/ur3/collision
[0.891s] -- Up-to-date: /home/alvaro/Desktop/workspace/ros_ur_driver/install/ur_description/share/ur_description/meshes/ur3/collision/wrist1.stl
[0.891s] -- Up-to-date: /home/alvaro/Desktop/workspace/ros_ur_driver/install/ur_description/share/ur_description/meshes/ur3/collision/wrist3.stl
[0.891s] -- Up-to-date: /home/alvaro/Desktop/workspace/ros_ur_driver/install/ur_description/share/ur_description/meshes/ur3/collision/base.stl
[0.891s] -- Up-to-date: /home/alvaro/Desktop/workspace/ros_ur_driver/install/ur_description/share/ur_description/meshes/ur3/collision/upperarm.stl
[0.891s] -- Up-to-date: /home/alvaro/Desktop/workspace/ros_ur_driver/install/ur_description/share/ur_description/meshes/ur3/collision/wrist2.stl
[0.892s] -- Up-to-date: /home/alvaro/Desktop/workspace/ros_ur_driver/install/ur_description/share/ur_description/meshes/ur3/collision/shoulder.stl
[0.892s] -- Up-to-date: /home/alvaro/Desktop/workspace/ros_ur_driver/install/ur_description/share/ur_description/meshes/ur3/collision/forearm.stl
[0.892s] -- Up-to-date: /home/alvaro/Desktop/workspace/ros_ur_driver/install/ur_description/share/ur_description/meshes/ur10e
[0.892s] -- Up-to-date: /home/alvaro/Desktop/workspace/ros_ur_driver/install/ur_description/share/ur_description/meshes/ur10e/visual
[0.892s] -- Up-to-date: /home/alvaro/Desktop/workspace/ros_ur_driver/install/ur_description/share/ur_description/meshes/ur10e/visual/wrist1.dae
[0.892s] -- Up-to-date: /home/alvaro/Desktop/workspace/ros_ur_driver/install/ur_description/share/ur_description/meshes/ur10e/visual/forearm.dae
[0.893s] -- Up-to-date: /home/alvaro/Desktop/workspace/ros_ur_driver/install/ur_description/share/ur_description/meshes/ur10e/visual/wrist2.dae
[0.893s] -- Up-to-date: /home/alvaro/Desktop/workspace/ros_ur_driver/install/ur_description/share/ur_description/meshes/ur10e/visual/base.dae
[0.893s] -- Up-to-date: /home/alvaro/Desktop/workspace/ros_ur_driver/install/ur_description/share/ur_description/meshes/ur10e/visual/wrist3.dae
[0.893s] -- Up-to-date: /home/alvaro/Desktop/workspace/ros_ur_driver/install/ur_description/share/ur_description/meshes/ur10e/visual/shoulder.dae
[0.893s] -- Up-to-date: /home/alvaro/Desktop/workspace/ros_ur_driver/install/ur_description/share/ur_description/meshes/ur10e/visual/upperarm.dae
[0.893s] -- Up-to-date: /home/alvaro/Desktop/workspace/ros_ur_driver/install/ur_description/share/ur_description/meshes/ur10e/collision
[0.893s] -- Up-to-date: /home/alvaro/Desktop/workspace/ros_ur_driver/install/ur_description/share/ur_description/meshes/ur10e/collision/wrist1.stl
[0.894s] -- Up-to-date: /home/alvaro/Desktop/workspace/ros_ur_driver/install/ur_description/share/ur_description/meshes/ur10e/collision/wrist3.stl
[0.894s] -- Up-to-date: /home/alvaro/Desktop/workspace/ros_ur_driver/install/ur_description/share/ur_description/meshes/ur10e/collision/base.stl
[0.894s] -- Up-to-date: /home/alvaro/Desktop/workspace/ros_ur_driver/install/ur_description/share/ur_description/meshes/ur10e/collision/upperarm.stl
[0.894s] -- Up-to-date: /home/alvaro/Desktop/workspace/ros_ur_driver/install/ur_description/share/ur_description/meshes/ur10e/collision/wrist2.stl
[0.894s] -- Up-to-date: /home/alvaro/Desktop/workspace/ros_ur_driver/install/ur_description/share/ur_description/meshes/ur10e/collision/shoulder.stl
[0.895s] -- Up-to-date: /home/alvaro/Desktop/workspace/ros_ur_driver/install/ur_description/share/ur_description/meshes/ur10e/collision/forearm.stl
[0.895s] -- Up-to-date: /home/alvaro/Desktop/workspace/ros_ur_driver/install/ur_description/share/ur_description/meshes/ur3e
[0.895s] -- Up-to-date: /home/alvaro/Desktop/workspace/ros_ur_driver/install/ur_description/share/ur_description/meshes/ur3e/visual
[0.895s] -- Up-to-date: /home/alvaro/Desktop/workspace/ros_ur_driver/install/ur_description/share/ur_description/meshes/ur3e/visual/wrist1.dae
[0.895s] -- Up-to-date: /home/alvaro/Desktop/workspace/ros_ur_driver/install/ur_description/share/ur_description/meshes/ur3e/visual/forearm.dae
[0.895s] -- Up-to-date: /home/alvaro/Desktop/workspace/ros_ur_driver/install/ur_description/share/ur_description/meshes/ur3e/visual/wrist2.dae
[0.896s] -- Up-to-date: /home/alvaro/Desktop/workspace/ros_ur_driver/install/ur_description/share/ur_description/meshes/ur3e/visual/base.dae
[0.896s] -- Up-to-date: /home/alvaro/Desktop/workspace/ros_ur_driver/install/ur_description/share/ur_description/meshes/ur3e/visual/wrist3.dae
[0.896s] -- Up-to-date: /home/alvaro/Desktop/workspace/ros_ur_driver/install/ur_description/share/ur_description/meshes/ur3e/visual/shoulder.dae
[0.896s] -- Up-to-date: /home/alvaro/Desktop/workspace/ros_ur_driver/install/ur_description/share/ur_description/meshes/ur3e/visual/upperarm.dae
[0.896s] -- Up-to-date: /home/alvaro/Desktop/workspace/ros_ur_driver/install/ur_description/share/ur_description/meshes/ur3e/collision
[0.896s] -- Up-to-date: /home/alvaro/Desktop/workspace/ros_ur_driver/install/ur_description/share/ur_description/meshes/ur3e/collision/wrist1.stl
[0.897s] -- Up-to-date: /home/alvaro/Desktop/workspace/ros_ur_driver/install/ur_description/share/ur_description/meshes/ur3e/collision/wrist3.stl
[0.897s] -- Up-to-date: /home/alvaro/Desktop/workspace/ros_ur_driver/install/ur_description/share/ur_description/meshes/ur3e/collision/base.stl
[0.897s] -- Up-to-date: /home/alvaro/Desktop/workspace/ros_ur_driver/install/ur_description/share/ur_description/meshes/ur3e/collision/upperarm.stl
[0.897s] -- Up-to-date: /home/alvaro/Desktop/workspace/ros_ur_driver/install/ur_description/share/ur_description/meshes/ur3e/collision/wrist2.stl
[0.897s] -- Up-to-date: /home/alvaro/Desktop/workspace/ros_ur_driver/install/ur_description/share/ur_description/meshes/ur3e/collision/shoulder.stl
[0.897s] -- Up-to-date: /home/alvaro/Desktop/workspace/ros_ur_driver/install/ur_description/share/ur_description/meshes/ur3e/collision/forearm.stl
[0.897s] -- Up-to-date: /home/alvaro/Desktop/workspace/ros_ur_driver/install/ur_description/share/ur_description/meshes/ur20
[0.898s] -- Up-to-date: /home/alvaro/Desktop/workspace/ros_ur_driver/install/ur_description/share/ur_description/meshes/ur20/visual
[0.898s] -- Up-to-date: /home/alvaro/Desktop/workspace/ros_ur_driver/install/ur_description/share/ur_description/meshes/ur20/visual/wrist1.dae
[0.898s] -- Up-to-date: /home/alvaro/Desktop/workspace/ros_ur_driver/install/ur_description/share/ur_description/meshes/ur20/visual/forearm.dae
[0.898s] -- Up-to-date: /home/alvaro/Desktop/workspace/ros_ur_driver/install/ur_description/share/ur_description/meshes/ur20/visual/wrist2.dae
[0.898s] -- Up-to-date: /home/alvaro/Desktop/workspace/ros_ur_driver/install/ur_description/share/ur_description/meshes/ur20/visual/base.dae
[0.898s] -- Up-to-date: /home/alvaro/Desktop/workspace/ros_ur_driver/install/ur_description/share/ur_description/meshes/ur20/visual/wrist3.dae
[0.898s] -- Up-to-date: /home/alvaro/Desktop/workspace/ros_ur_driver/install/ur_description/share/ur_description/meshes/ur20/visual/shoulder.dae
[0.899s] -- Up-to-date: /home/alvaro/Desktop/workspace/ros_ur_driver/install/ur_description/share/ur_description/meshes/ur20/visual/UR20_DIFF_8bit_2K.png
[0.899s] -- Up-to-date: /home/alvaro/Desktop/workspace/ros_ur_driver/install/ur_description/share/ur_description/meshes/ur20/visual/upperarm.dae
[0.899s] -- Up-to-date: /home/alvaro/Desktop/workspace/ros_ur_driver/install/ur_description/share/ur_description/meshes/ur20/LICENSE.txt
[0.899s] -- Up-to-date: /home/alvaro/Desktop/workspace/ros_ur_driver/install/ur_description/share/ur_description/meshes/ur20/collision
[0.899s] -- Up-to-date: /home/alvaro/Desktop/workspace/ros_ur_driver/install/ur_description/share/ur_description/meshes/ur20/collision/wrist1.stl
[0.900s] -- Up-to-date: /home/alvaro/Desktop/workspace/ros_ur_driver/install/ur_description/share/ur_description/meshes/ur20/collision/wrist3.stl
[0.900s] -- Up-to-date: /home/alvaro/Desktop/workspace/ros_ur_driver/install/ur_description/share/ur_description/meshes/ur20/collision/base.stl
[0.900s] -- Up-to-date: /home/alvaro/Desktop/workspace/ros_ur_driver/install/ur_description/share/ur_description/meshes/ur20/collision/upperarm.stl
[0.900s] -- Up-to-date: /home/alvaro/Desktop/workspace/ros_ur_driver/install/ur_description/share/ur_description/meshes/ur20/collision/wrist2.stl
[0.900s] -- Up-to-date: /home/alvaro/Desktop/workspace/ros_ur_driver/install/ur_description/share/ur_description/meshes/ur20/collision/shoulder.stl
[0.900s] -- Up-to-date: /home/alvaro/Desktop/workspace/ros_ur_driver/install/ur_description/share/ur_description/meshes/ur20/collision/forearm.stl
[0.901s] -- Up-to-date: /home/alvaro/Desktop/workspace/ros_ur_driver/install/ur_description/share/ur_description/meshes/ur16e
[0.901s] -- Up-to-date: /home/alvaro/Desktop/workspace/ros_ur_driver/install/ur_description/share/ur_description/meshes/ur16e/visual
[0.901s] -- Up-to-date: /home/alvaro/Desktop/workspace/ros_ur_driver/install/ur_description/share/ur_description/meshes/ur16e/visual/forearm.dae
[0.901s] -- Up-to-date: /home/alvaro/Desktop/workspace/ros_ur_driver/install/ur_description/share/ur_description/meshes/ur16e/visual/upperarm.dae
[0.901s] -- Up-to-date: /home/alvaro/Desktop/workspace/ros_ur_driver/install/ur_description/share/ur_description/meshes/ur16e/collision
[0.901s] -- Up-to-date: /home/alvaro/Desktop/workspace/ros_ur_driver/install/ur_description/share/ur_description/meshes/ur16e/collision/upperarm.stl
[0.902s] -- Up-to-date: /home/alvaro/Desktop/workspace/ros_ur_driver/install/ur_description/share/ur_description/meshes/ur16e/collision/forearm.stl
[0.902s] -- Up-to-date: /home/alvaro/Desktop/workspace/ros_ur_driver/install/ur_description/share/ur_description/rviz
[0.902s] -- Up-to-date: /home/alvaro/Desktop/workspace/ros_ur_driver/install/ur_description/share/ur_description/rviz/view_robot.rviz
[0.902s] -- Up-to-date: /home/alvaro/Desktop/workspace/ros_ur_driver/install/ur_description/share/ur_description/urdf
[0.902s] -- Up-to-date: /home/alvaro/Desktop/workspace/ros_ur_driver/install/ur_description/share/ur_description/urdf/inc
[0.902s] -- Up-to-date: /home/alvaro/Desktop/workspace/ros_ur_driver/install/ur_description/share/ur_description/urdf/inc/ur_transmissions.xacro
[0.903s] -- Up-to-date: /home/alvaro/Desktop/workspace/ros_ur_driver/install/ur_description/share/ur_description/urdf/inc/ur_common.xacro
[0.903s] -- Up-to-date: /home/alvaro/Desktop/workspace/ros_ur_driver/install/ur_description/share/ur_description/urdf/ur_macro.xacro
[0.903s] -- Up-to-date: /home/alvaro/Desktop/workspace/ros_ur_driver/install/ur_description/share/ur_description/urdf/ur.ros2_control.xacro
[0.903s] -- Up-to-date: /home/alvaro/Desktop/workspace/ros_ur_driver/install/ur_description/share/ur_description/urdf/ur.urdf.xacro
[0.903s] -- Up-to-date: /home/alvaro/Desktop/workspace/ros_ur_driver/install/ur_description/share/ur_description/test
[0.903s] -- Up-to-date: /home/alvaro/Desktop/workspace/ros_ur_driver/install/ur_description/share/ur_description/test/test_view_ur_launch.py
[0.903s] -- Up-to-date: /home/alvaro/Desktop/workspace/ros_ur_driver/install/ur_description/share/ur_description/test/test_ur_urdf_xacro.py
[0.904s] -- Up-to-date: /home/alvaro/Desktop/workspace/ros_ur_driver/install/ur_description/share/ament_index/resource_index/package_run_dependencies/ur_description
[0.904s] -- Up-to-date: /home/alvaro/Desktop/workspace/ros_ur_driver/install/ur_description/share/ament_index/resource_index/parent_prefix_path/ur_description
[0.904s] -- Up-to-date: /home/alvaro/Desktop/workspace/ros_ur_driver/install/ur_description/share/ur_description/environment/ament_prefix_path.sh
[0.904s] -- Up-to-date: /home/alvaro/Desktop/workspace/ros_ur_driver/install/ur_description/share/ur_description/environment/ament_prefix_path.dsv
[0.904s] -- Up-to-date: /home/alvaro/Desktop/workspace/ros_ur_driver/install/ur_description/share/ur_description/environment/path.sh
[0.905s] -- Up-to-date: /home/alvaro/Desktop/workspace/ros_ur_driver/install/ur_description/share/ur_description/environment/path.dsv
[0.905s] -- Up-to-date: /home/alvaro/Desktop/workspace/ros_ur_driver/install/ur_description/share/ur_description/local_setup.bash
[0.905s] -- Up-to-date: /home/alvaro/Desktop/workspace/ros_ur_driver/install/ur_description/share/ur_description/local_setup.sh
[0.905s] -- Up-to-date: /home/alvaro/Desktop/workspace/ros_ur_driver/install/ur_description/share/ur_description/local_setup.zsh
[0.905s] -- Up-to-date: /home/alvaro/Desktop/workspace/ros_ur_driver/install/ur_description/share/ur_description/local_setup.dsv
[0.906s] -- Installing: /home/alvaro/Desktop/workspace/ros_ur_driver/install/ur_description/share/ur_description/package.dsv
[0.906s] -- Up-to-date: /home/alvaro/Desktop/workspace/ros_ur_driver/install/ur_description/share/ament_index/resource_index/packages/ur_description
[0.906s] -- Up-to-date: /home/alvaro/Desktop/workspace/ros_ur_driver/install/ur_description/share/ur_description/cmake/ur_descriptionConfig.cmake
[0.906s] -- Up-to-date: /home/alvaro/Desktop/workspace/ros_ur_driver/install/ur_description/share/ur_description/cmake/ur_descriptionConfig-version.cmake
[0.906s] -- Up-to-date: /home/alvaro/Desktop/workspace/ros_ur_driver/install/ur_description/share/ur_description/package.xml
[0.907s] Invoked command in '/home/alvaro/Desktop/workspace/ros_ur_driver/build/ur_description' returned '0': CMAKE_PREFIX_PATH=${CMAKE_PREFIX_PATH}:/home/alvaro/Desktop/workspace/ros_ur_driver/install/trayectories:/home/alvaro/Desktop/workspace/ros_ur_driver/install/data_logger:/home/alvaro/ros2_ws_copia/install/my_robot_controller:/home/alvaro/ros2_ws_copia/install/movimiento_articular:/home/alvaro/ros2_ws_copia/install/data_logger:/home/alvaro/ros2_ws/install/my_robot_controller:/opt/ros/humble /usr/bin/cmake --install /home/alvaro/Desktop/workspace/ros_ur_driver/build/ur_description
