[6.694s] Invoking command in '/home/alvaro/Desktop/workspace/ros_ur_driver/src/trayectories': PYTHONPATH=/home/alvaro/Desktop/workspace/ros_ur_driver/build/trayectories/prefix_override:/home/alvaro/Desktop/workspace/ros_ur_driver/install/trayectories/lib/python3.10/site-packages:${PYTHONPATH} /usr/bin/python3 -W ignore:setup.py install is deprecated setup.py egg_info --egg-base ../../build/trayectories build --build-base /home/alvaro/Desktop/workspace/ros_ur_driver/build/trayectories/build install --record /home/alvaro/Desktop/workspace/ros_ur_driver/build/trayectories/install.log --single-version-externally-managed install_data
[8.623s] running egg_info
[8.623s] writing ../../build/trayectories/trayectories.egg-info/PKG-INFO
[8.625s] writing dependency_links to ../../build/trayectories/trayectories.egg-info/dependency_links.txt
[8.631s] writing entry points to ../../build/trayectories/trayectories.egg-info/entry_points.txt
[8.633s] writing requirements to ../../build/trayectories/trayectories.egg-info/requires.txt
[8.633s] writing top-level names to ../../build/trayectories/trayectories.egg-info/top_level.txt
[8.635s] reading manifest file '../../build/trayectories/trayectories.egg-info/SOURCES.txt'
[8.638s] writing manifest file '../../build/trayectories/trayectories.egg-info/SOURCES.txt'
[8.638s] running build
[8.639s] running build_py
[8.640s] copying trayectories/move_joints.py -> /home/alvaro/Desktop/workspace/ros_ur_driver/build/trayectories/build/lib/trayectories
[8.640s] running install
[8.640s] running install_lib
[8.641s] copying /home/alvaro/Desktop/workspace/ros_ur_driver/build/trayectories/build/lib/trayectories/move_joints.py -> /home/alvaro/Desktop/workspace/ros_ur_driver/install/trayectories/lib/python3.10/site-packages/trayectories
[8.642s] byte-compiling /home/alvaro/Desktop/workspace/ros_ur_driver/install/trayectories/lib/python3.10/site-packages/trayectories/move_joints.py to move_joints.cpython-310.pyc
[8.648s] running install_data
[8.649s] running install_egg_info
[8.650s] removing '/home/alvaro/Desktop/workspace/ros_ur_driver/install/trayectories/lib/python3.10/site-packages/trayectories-0.0.0-py3.10.egg-info' (and everything under it)
[8.651s] Copying ../../build/trayectories/trayectories.egg-info to /home/alvaro/Desktop/workspace/ros_ur_driver/install/trayectories/lib/python3.10/site-packages/trayectories-0.0.0-py3.10.egg-info
[8.655s] running install_scripts
[8.780s] Installing move_joints script to /home/alvaro/Desktop/workspace/ros_ur_driver/install/trayectories/lib/trayectories
[8.781s] Installing move_l script to /home/alvaro/Desktop/workspace/ros_ur_driver/install/trayectories/lib/trayectories
[8.782s] writing list of installed files to '/home/alvaro/Desktop/workspace/ros_ur_driver/build/trayectories/install.log'
[8.924s] Invoked command in '/home/alvaro/Desktop/workspace/ros_ur_driver/src/trayectories' returned '0': PYTHONPATH=/home/alvaro/Desktop/workspace/ros_ur_driver/build/trayectories/prefix_override:/home/alvaro/Desktop/workspace/ros_ur_driver/install/trayectories/lib/python3.10/site-packages:${PYTHONPATH} /usr/bin/python3 -W ignore:setup.py install is deprecated setup.py egg_info --egg-base ../../build/trayectories build --build-base /home/alvaro/Desktop/workspace/ros_ur_driver/build/trayectories/build install --record /home/alvaro/Desktop/workspace/ros_ur_driver/build/trayectories/install.log --single-version-externally-managed install_data
