-- The C compiler identification is GNU 11.4.0
-- The CXX compiler identification is GNU 11.4.0
-- Detecting C compiler ABI info
-- Detecting C compiler ABI info - done
-- Check for working C compiler: /usr/bin/cc - skipped
-- Detecting C compile features
-- Detecting C compile features - done
-- Detecting CXX compiler ABI info
-- Detecting CXX compiler ABI info - done
-- Check for working CXX compiler: /usr/bin/c++ - skipped
-- Detecting CXX compile features
-- Detecting CXX compile features - done
-- Found ament_cmake: 1.3.8 (/opt/ros/humble/share/ament_cmake/cmake)
-- Found Python3: /usr/bin/python3 (found version "3.10.12") found components: Interpreter 
-- Found angles: 1.15.0 (/opt/ros/humble/share/angles/cmake)
-- Found controller_interface: 2.40.0 (/opt/ros/humble/share/controller_interface/cmake)
-- Found rosidl_generator_c: 3.1.5 (/opt/ros/humble/share/rosidl_generator_c/cmake)
-- Found rosidl_adapter: 3.1.5 (/opt/ros/humble/share/rosidl_adapter/cmake)
-- Found rosidl_generator_cpp: 3.1.5 (/opt/ros/humble/share/rosidl_generator_cpp/cmake)
-- Using all available rosidl_typesupport_c: rosidl_typesupport_fastrtps_c;rosidl_typesupport_introspection_c
-- Using all available rosidl_typesupport_cpp: rosidl_typesupport_fastrtps_cpp;rosidl_typesupport_introspection_cpp
-- Found rmw_implementation_cmake: 6.1.1 (/opt/ros/humble/share/rmw_implementation_cmake/cmake)
-- Found rmw_fastrtps_cpp: 6.2.6 (/opt/ros/humble/share/rmw_fastrtps_cpp/cmake)
-- Found TinyXML2 via Config file: TinyXML2_DIR-NOTFOUND
-- Found OpenSSL: /usr/lib/x86_64-linux-gnu/libcrypto.so (found version "3.0.2")  
-- Found TinyXML2 via Config file: TinyXML2_DIR-NOTFOUND
-- Found FastRTPS: /opt/ros/humble/include  
-- Found TinyXML2 via Config file: TinyXML2_DIR-NOTFOUND
-- Found TinyXML2 via Config file: TinyXML2_DIR-NOTFOUND
-- Using RMW implementation 'rmw_fastrtps_cpp' as default
-- Looking for pthread.h
-- Looking for pthread.h - found
-- Performing Test CMAKE_HAVE_LIBC_PTHREAD
-- Performing Test CMAKE_HAVE_LIBC_PTHREAD - Success
-- Found Threads: TRUE  
-- Found joint_trajectory_controller: 2.33.0 (/opt/ros/humble/share/joint_trajectory_controller/cmake)
-- Found parameter_traits: 0.3.7 (/opt/ros/humble/share/parameter_traits/cmake)
-- Found std_srvs: 4.2.3 (/opt/ros/humble/share/std_srvs/cmake)
-- Found ur_dashboard_msgs: 2.2.10 (/home/alvaro/Desktop/workspace/ros_ur_driver/install/ur_dashboard_msgs/share/ur_dashboard_msgs/cmake)
-- Found ur_msgs: 2.0.0 (/opt/ros/humble/share/ur_msgs/cmake)
-- Configuring done
-- Generating done
-- Build files have been written to: /home/alvaro/Desktop/workspace/ros_ur_driver/build/ur_controllers
[ 28%] [34m[1mRunning `/opt/ros/humble/bin/generate_parameter_library_cpp /home/alvaro/Desktop/workspace/ros_ur_driver/build/ur_controllers/speed_scaling_state_broadcaster_parameters/include//speed_scaling_state_broadcaster_parameters.hpp /home/alvaro/Desktop/workspace/ros_ur_driver/src/Universal_Robots_ROS2_Driver/ur_controllers/src/speed_scaling_state_broadcaster_parameters.yaml `[0m
[ 28%] [34m[1mRunning `/opt/ros/humble/bin/generate_parameter_library_cpp /home/alvaro/Desktop/workspace/ros_ur_driver/build/ur_controllers/scaled_joint_trajectory_controller_parameters/include//scaled_joint_trajectory_controller_parameters.hpp /home/alvaro/Desktop/workspace/ros_ur_driver/src/Universal_Robots_ROS2_Driver/ur_controllers/src/scaled_joint_trajectory_controller_parameters.yaml `[0m
[ 42%] [34m[1mRunning `/opt/ros/humble/bin/generate_parameter_library_cpp /home/alvaro/Desktop/workspace/ros_ur_driver/build/ur_controllers/gpio_controller_parameters/include//gpio_controller_parameters.hpp /home/alvaro/Desktop/workspace/ros_ur_driver/src/Universal_Robots_ROS2_Driver/ur_controllers/src/gpio_controller_parameters.yaml `[0m
[ 42%] Built target scaled_joint_trajectory_controller_parameters
[ 42%] Built target speed_scaling_state_broadcaster_parameters
[ 42%] Built target gpio_controller_parameters
[ 85%] [32mBuilding CXX object CMakeFiles/ur_controllers.dir/src/gpio_controller.cpp.o[0m
[ 85%] [32mBuilding CXX object CMakeFiles/ur_controllers.dir/src/speed_scaling_state_broadcaster.cpp.o[0m
[ 85%] [32mBuilding CXX object CMakeFiles/ur_controllers.dir/src/scaled_joint_trajectory_controller.cpp.o[0m
[100%] [32m[1mLinking CXX shared library libur_controllers.so[0m
[100%] Built target ur_controllers
-- Install configuration: "Release"
-- Installing: /home/alvaro/Desktop/workspace/ros_ur_driver/install/ur_controllers/include/gpio_controller_parameters
-- Installing: /home/alvaro/Desktop/workspace/ros_ur_driver/install/ur_controllers/include/gpio_controller_parameters/gpio_controller_parameters.hpp
-- Installing: /home/alvaro/Desktop/workspace/ros_ur_driver/install/ur_controllers/include/speed_scaling_state_broadcaster_parameters
-- Installing: /home/alvaro/Desktop/workspace/ros_ur_driver/install/ur_controllers/include/speed_scaling_state_broadcaster_parameters/speed_scaling_state_broadcaster_parameters.hpp
-- Installing: /home/alvaro/Desktop/workspace/ros_ur_driver/install/ur_controllers/include/scaled_joint_trajectory_controller_parameters
-- Installing: /home/alvaro/Desktop/workspace/ros_ur_driver/install/ur_controllers/include/scaled_joint_trajectory_controller_parameters/scaled_joint_trajectory_controller_parameters.hpp
-- Installing: /home/alvaro/Desktop/workspace/ros_ur_driver/install/ur_controllers/share/ur_controllers/controller_plugins.xml
-- Installing: /home/alvaro/Desktop/workspace/ros_ur_driver/install/ur_controllers/lib/libur_controllers.so
-- Set runtime path of "/home/alvaro/Desktop/workspace/ros_ur_driver/install/ur_controllers/lib/libur_controllers.so" to ""
-- Up-to-date: /home/alvaro/Desktop/workspace/ros_ur_driver/install/ur_controllers/include
-- Installing: /home/alvaro/Desktop/workspace/ros_ur_driver/install/ur_controllers/include/ur_controllers
-- Installing: /home/alvaro/Desktop/workspace/ros_ur_driver/install/ur_controllers/include/ur_controllers/gpio_controller.hpp
-- Installing: /home/alvaro/Desktop/workspace/ros_ur_driver/install/ur_controllers/include/ur_controllers/speed_scaling_state_broadcaster.hpp
-- Installing: /home/alvaro/Desktop/workspace/ros_ur_driver/install/ur_controllers/include/ur_controllers/scaled_joint_trajectory_controller.hpp
-- Up-to-date: /home/alvaro/Desktop/workspace/ros_ur_driver/install/ur_controllers/share/ur_controllers/controller_plugins.xml
-- Installing: /home/alvaro/Desktop/workspace/ros_ur_driver/install/ur_controllers/share/ur_controllers/environment/library_path.sh
-- Installing: /home/alvaro/Desktop/workspace/ros_ur_driver/install/ur_controllers/share/ur_controllers/environment/library_path.dsv
-- Installing: /home/alvaro/Desktop/workspace/ros_ur_driver/install/ur_controllers/share/ament_index/resource_index/package_run_dependencies/ur_controllers
-- Installing: /home/alvaro/Desktop/workspace/ros_ur_driver/install/ur_controllers/share/ament_index/resource_index/parent_prefix_path/ur_controllers
-- Installing: /home/alvaro/Desktop/workspace/ros_ur_driver/install/ur_controllers/share/ur_controllers/environment/ament_prefix_path.sh
-- Installing: /home/alvaro/Desktop/workspace/ros_ur_driver/install/ur_controllers/share/ur_controllers/environment/ament_prefix_path.dsv
-- Installing: /home/alvaro/Desktop/workspace/ros_ur_driver/install/ur_controllers/share/ur_controllers/environment/path.sh
-- Installing: /home/alvaro/Desktop/workspace/ros_ur_driver/install/ur_controllers/share/ur_controllers/environment/path.dsv
-- Installing: /home/alvaro/Desktop/workspace/ros_ur_driver/install/ur_controllers/share/ur_controllers/local_setup.bash
-- Installing: /home/alvaro/Desktop/workspace/ros_ur_driver/install/ur_controllers/share/ur_controllers/local_setup.sh
-- Installing: /home/alvaro/Desktop/workspace/ros_ur_driver/install/ur_controllers/share/ur_controllers/local_setup.zsh
-- Installing: /home/alvaro/Desktop/workspace/ros_ur_driver/install/ur_controllers/share/ur_controllers/local_setup.dsv
-- Installing: /home/alvaro/Desktop/workspace/ros_ur_driver/install/ur_controllers/share/ur_controllers/package.dsv
-- Installing: /home/alvaro/Desktop/workspace/ros_ur_driver/install/ur_controllers/share/ament_index/resource_index/packages/ur_controllers
-- Installing: /home/alvaro/Desktop/workspace/ros_ur_driver/install/ur_controllers/share/ament_index/resource_index/controller_interface__pluginlib__plugin/ur_controllers
-- Installing: /home/alvaro/Desktop/workspace/ros_ur_driver/install/ur_controllers/share/ur_controllers/cmake/ament_cmake_export_dependencies-extras.cmake
-- Installing: /home/alvaro/Desktop/workspace/ros_ur_driver/install/ur_controllers/share/ur_controllers/cmake/ament_cmake_export_include_directories-extras.cmake
-- Installing: /home/alvaro/Desktop/workspace/ros_ur_driver/install/ur_controllers/share/ur_controllers/cmake/ament_cmake_export_libraries-extras.cmake
-- Installing: /home/alvaro/Desktop/workspace/ros_ur_driver/install/ur_controllers/share/ur_controllers/cmake/ur_controllersConfig.cmake
-- Installing: /home/alvaro/Desktop/workspace/ros_ur_driver/install/ur_controllers/share/ur_controllers/cmake/ur_controllersConfig-version.cmake
-- Installing: /home/alvaro/Desktop/workspace/ros_ur_driver/install/ur_controllers/share/ur_controllers/package.xml
