[0.014s] Invoking command in '/home/alvaro/Desktop/workspace/ros_ur_driver/build/ur_controllers': AMENT_PREFIX_PATH=/home/alvaro/Desktop/workspace/ros_ur_driver/install/ur_dashboard_msgs:${AMENT_PREFIX_PATH} CMAKE_PREFIX_PATH=/home/alvaro/Desktop/workspace/ros_ur_driver/install/ur_dashboard_msgs:/home/alvaro/workspace/ros_ur_driver/install/ur:/home/alvaro/workspace/ros_ur_driver/install/ur_calibration:/home/alvaro/workspace/ros_ur_driver/install/ur_robot_driver:/home/alvaro/workspace/ros_ur_driver/install/ur_moveit_config:/home/alvaro/workspace/ros_ur_driver/install/ur_bringup:/home/alvaro/workspace/ros_ur_driver/install/ur_description:/home/alvaro/workspace/ros_ur_driver/install/ur_controllers:/home/alvaro/workspace/ros_ur_driver/install/ur_dashboard_msgs:/home/alvaro/ros2_ws_copia/install/my_robot_controller:/home/alvaro/ros2_ws_copia/install/movimiento_articular:/home/alvaro/ros2_ws_copia/install/data_logger:/home/alvaro/ros2_ws/install/my_robot_controller:/opt/ros/humble LD_LIBRARY_PATH=/home/alvaro/Desktop/workspace/ros_ur_driver/install/ur_dashboard_msgs/lib:${LD_LIBRARY_PATH} PYTHONPATH=/home/alvaro/Desktop/workspace/ros_ur_driver/install/ur_dashboard_msgs/local/lib/python3.10/dist-packages:${PYTHONPATH} /usr/bin/cmake --build /home/alvaro/Desktop/workspace/ros_ur_driver/build/ur_controllers -- -j8 -l8
[0.083s] [ 14%] Built target speed_scaling_state_broadcaster_parameters
[0.084s] [ 28%] Built target scaled_joint_trajectory_controller_parameters
[0.086s] [ 42%] Built target gpio_controller_parameters
[0.121s] [100%] Built target ur_controllers
[0.135s] Invoked command in '/home/alvaro/Desktop/workspace/ros_ur_driver/build/ur_controllers' returned '0': AMENT_PREFIX_PATH=/home/alvaro/Desktop/workspace/ros_ur_driver/install/ur_dashboard_msgs:${AMENT_PREFIX_PATH} CMAKE_PREFIX_PATH=/home/alvaro/Desktop/workspace/ros_ur_driver/install/ur_dashboard_msgs:/home/alvaro/workspace/ros_ur_driver/install/ur:/home/alvaro/workspace/ros_ur_driver/install/ur_calibration:/home/alvaro/workspace/ros_ur_driver/install/ur_robot_driver:/home/alvaro/workspace/ros_ur_driver/install/ur_moveit_config:/home/alvaro/workspace/ros_ur_driver/install/ur_bringup:/home/alvaro/workspace/ros_ur_driver/install/ur_description:/home/alvaro/workspace/ros_ur_driver/install/ur_controllers:/home/alvaro/workspace/ros_ur_driver/install/ur_dashboard_msgs:/home/alvaro/ros2_ws_copia/install/my_robot_controller:/home/alvaro/ros2_ws_copia/install/movimiento_articular:/home/alvaro/ros2_ws_copia/install/data_logger:/home/alvaro/ros2_ws/install/my_robot_controller:/opt/ros/humble LD_LIBRARY_PATH=/home/alvaro/Desktop/workspace/ros_ur_driver/install/ur_dashboard_msgs/lib:${LD_LIBRARY_PATH} PYTHONPATH=/home/alvaro/Desktop/workspace/ros_ur_driver/install/ur_dashboard_msgs/local/lib/python3.10/dist-packages:${PYTHONPATH} /usr/bin/cmake --build /home/alvaro/Desktop/workspace/ros_ur_driver/build/ur_controllers -- -j8 -l8
[0.180s] Invoking command in '/home/alvaro/Desktop/workspace/ros_ur_driver/build/ur_controllers': AMENT_PREFIX_PATH=/home/alvaro/Desktop/workspace/ros_ur_driver/install/ur_dashboard_msgs:${AMENT_PREFIX_PATH} CMAKE_PREFIX_PATH=/home/alvaro/Desktop/workspace/ros_ur_driver/install/ur_dashboard_msgs:/home/alvaro/workspace/ros_ur_driver/install/ur:/home/alvaro/workspace/ros_ur_driver/install/ur_calibration:/home/alvaro/workspace/ros_ur_driver/install/ur_robot_driver:/home/alvaro/workspace/ros_ur_driver/install/ur_moveit_config:/home/alvaro/workspace/ros_ur_driver/install/ur_bringup:/home/alvaro/workspace/ros_ur_driver/install/ur_description:/home/alvaro/workspace/ros_ur_driver/install/ur_controllers:/home/alvaro/workspace/ros_ur_driver/install/ur_dashboard_msgs:/home/alvaro/ros2_ws_copia/install/my_robot_controller:/home/alvaro/ros2_ws_copia/install/movimiento_articular:/home/alvaro/ros2_ws_copia/install/data_logger:/home/alvaro/ros2_ws/install/my_robot_controller:/opt/ros/humble LD_LIBRARY_PATH=/home/alvaro/Desktop/workspace/ros_ur_driver/install/ur_dashboard_msgs/lib:${LD_LIBRARY_PATH} PYTHONPATH=/home/alvaro/Desktop/workspace/ros_ur_driver/install/ur_dashboard_msgs/local/lib/python3.10/dist-packages:${PYTHONPATH} /usr/bin/cmake --install /home/alvaro/Desktop/workspace/ros_ur_driver/build/ur_controllers
[0.193s] -- Install configuration: "Release"
[0.194s] -- Up-to-date: /home/alvaro/Desktop/workspace/ros_ur_driver/install/ur_controllers/include/gpio_controller_parameters
[0.196s] -- Up-to-date: /home/alvaro/Desktop/workspace/ros_ur_driver/install/ur_controllers/include/gpio_controller_parameters/gpio_controller_parameters.hpp
[0.196s] -- Up-to-date: /home/alvaro/Desktop/workspace/ros_ur_driver/install/ur_controllers/include/speed_scaling_state_broadcaster_parameters
[0.196s] -- Up-to-date: /home/alvaro/Desktop/workspace/ros_ur_driver/install/ur_controllers/include/speed_scaling_state_broadcaster_parameters/speed_scaling_state_broadcaster_parameters.hpp
[0.197s] -- Up-to-date: /home/alvaro/Desktop/workspace/ros_ur_driver/install/ur_controllers/include/scaled_joint_trajectory_controller_parameters
[0.197s] -- Up-to-date: /home/alvaro/Desktop/workspace/ros_ur_driver/install/ur_controllers/include/scaled_joint_trajectory_controller_parameters/scaled_joint_trajectory_controller_parameters.hpp
[0.197s] -- Up-to-date: /home/alvaro/Desktop/workspace/ros_ur_driver/install/ur_controllers/share/ur_controllers/controller_plugins.xml
[0.197s] -- Up-to-date: /home/alvaro/Desktop/workspace/ros_ur_driver/install/ur_controllers/lib/libur_controllers.so
[0.197s] -- Up-to-date: /home/alvaro/Desktop/workspace/ros_ur_driver/install/ur_controllers/include
[0.197s] -- Up-to-date: /home/alvaro/Desktop/workspace/ros_ur_driver/install/ur_controllers/include/ur_controllers
[0.198s] -- Up-to-date: /home/alvaro/Desktop/workspace/ros_ur_driver/install/ur_controllers/include/ur_controllers/gpio_controller.hpp
[0.198s] -- Up-to-date: /home/alvaro/Desktop/workspace/ros_ur_driver/install/ur_controllers/include/ur_controllers/speed_scaling_state_broadcaster.hpp
[0.198s] -- Up-to-date: /home/alvaro/Desktop/workspace/ros_ur_driver/install/ur_controllers/include/ur_controllers/scaled_joint_trajectory_controller.hpp
[0.198s] -- Up-to-date: /home/alvaro/Desktop/workspace/ros_ur_driver/install/ur_controllers/share/ur_controllers/controller_plugins.xml
[0.198s] -- Up-to-date: /home/alvaro/Desktop/workspace/ros_ur_driver/install/ur_controllers/share/ur_controllers/environment/library_path.sh
[0.198s] -- Up-to-date: /home/alvaro/Desktop/workspace/ros_ur_driver/install/ur_controllers/share/ur_controllers/environment/library_path.dsv
[0.199s] -- Up-to-date: /home/alvaro/Desktop/workspace/ros_ur_driver/install/ur_controllers/share/ament_index/resource_index/package_run_dependencies/ur_controllers
[0.199s] -- Up-to-date: /home/alvaro/Desktop/workspace/ros_ur_driver/install/ur_controllers/share/ament_index/resource_index/parent_prefix_path/ur_controllers
[0.199s] -- Up-to-date: /home/alvaro/Desktop/workspace/ros_ur_driver/install/ur_controllers/share/ur_controllers/environment/ament_prefix_path.sh
[0.200s] -- Up-to-date: /home/alvaro/Desktop/workspace/ros_ur_driver/install/ur_controllers/share/ur_controllers/environment/ament_prefix_path.dsv
[0.200s] -- Up-to-date: /home/alvaro/Desktop/workspace/ros_ur_driver/install/ur_controllers/share/ur_controllers/environment/path.sh
[0.201s] -- Up-to-date: /home/alvaro/Desktop/workspace/ros_ur_driver/install/ur_controllers/share/ur_controllers/environment/path.dsv
[0.201s] -- Up-to-date: /home/alvaro/Desktop/workspace/ros_ur_driver/install/ur_controllers/share/ur_controllers/local_setup.bash
[0.201s] -- Up-to-date: /home/alvaro/Desktop/workspace/ros_ur_driver/install/ur_controllers/share/ur_controllers/local_setup.sh
[0.202s] -- Up-to-date: /home/alvaro/Desktop/workspace/ros_ur_driver/install/ur_controllers/share/ur_controllers/local_setup.zsh
[0.202s] -- Up-to-date: /home/alvaro/Desktop/workspace/ros_ur_driver/install/ur_controllers/share/ur_controllers/local_setup.dsv
[0.202s] -- Installing: /home/alvaro/Desktop/workspace/ros_ur_driver/install/ur_controllers/share/ur_controllers/package.dsv
[0.203s] -- Up-to-date: /home/alvaro/Desktop/workspace/ros_ur_driver/install/ur_controllers/share/ament_index/resource_index/packages/ur_controllers
[0.204s] -- Up-to-date: /home/alvaro/Desktop/workspace/ros_ur_driver/install/ur_controllers/share/ament_index/resource_index/controller_interface__pluginlib__plugin/ur_controllers
[0.205s] -- Up-to-date: /home/alvaro/Desktop/workspace/ros_ur_driver/install/ur_controllers/share/ur_controllers/cmake/ament_cmake_export_dependencies-extras.cmake
[0.205s] -- Up-to-date: /home/alvaro/Desktop/workspace/ros_ur_driver/install/ur_controllers/share/ur_controllers/cmake/ament_cmake_export_include_directories-extras.cmake
[0.205s] -- Up-to-date: /home/alvaro/Desktop/workspace/ros_ur_driver/install/ur_controllers/share/ur_controllers/cmake/ament_cmake_export_libraries-extras.cmake
[0.206s] -- Up-to-date: /home/alvaro/Desktop/workspace/ros_ur_driver/install/ur_controllers/share/ur_controllers/cmake/ur_controllersConfig.cmake
[0.206s] -- Up-to-date: /home/alvaro/Desktop/workspace/ros_ur_driver/install/ur_controllers/share/ur_controllers/cmake/ur_controllersConfig-version.cmake
[0.206s] -- Up-to-date: /home/alvaro/Desktop/workspace/ros_ur_driver/install/ur_controllers/share/ur_controllers/package.xml
[0.211s] Invoked command in '/home/alvaro/Desktop/workspace/ros_ur_driver/build/ur_controllers' returned '0': AMENT_PREFIX_PATH=/home/alvaro/Desktop/workspace/ros_ur_driver/install/ur_dashboard_msgs:${AMENT_PREFIX_PATH} CMAKE_PREFIX_PATH=/home/alvaro/Desktop/workspace/ros_ur_driver/install/ur_dashboard_msgs:/home/alvaro/workspace/ros_ur_driver/install/ur:/home/alvaro/workspace/ros_ur_driver/install/ur_calibration:/home/alvaro/workspace/ros_ur_driver/install/ur_robot_driver:/home/alvaro/workspace/ros_ur_driver/install/ur_moveit_config:/home/alvaro/workspace/ros_ur_driver/install/ur_bringup:/home/alvaro/workspace/ros_ur_driver/install/ur_description:/home/alvaro/workspace/ros_ur_driver/install/ur_controllers:/home/alvaro/workspace/ros_ur_driver/install/ur_dashboard_msgs:/home/alvaro/ros2_ws_copia/install/my_robot_controller:/home/alvaro/ros2_ws_copia/install/movimiento_articular:/home/alvaro/ros2_ws_copia/install/data_logger:/home/alvaro/ros2_ws/install/my_robot_controller:/opt/ros/humble LD_LIBRARY_PATH=/home/alvaro/Desktop/workspace/ros_ur_driver/install/ur_dashboard_msgs/lib:${LD_LIBRARY_PATH} PYTHONPATH=/home/alvaro/Desktop/workspace/ros_ur_driver/install/ur_dashboard_msgs/local/lib/python3.10/dist-packages:${PYTHONPATH} /usr/bin/cmake --install /home/alvaro/Desktop/workspace/ros_ur_driver/build/ur_controllers
