[0.012s] Invoking command in '/home/alvaro/Desktop/workspace/ros_ur_driver/build/ur_moveit_config': AMENT_PREFIX_PATH=/home/alvaro/Desktop/workspace/ros_ur_driver/install/ur_description:${AMENT_PREFIX_PATH} CMAKE_PREFIX_PATH=/home/alvaro/Desktop/workspace/ros_ur_driver/install/ur_description:/home/alvaro/workspace/ros_ur_driver/install/ur:/home/alvaro/workspace/ros_ur_driver/install/ur_calibration:/home/alvaro/workspace/ros_ur_driver/install/ur_robot_driver:/home/alvaro/workspace/ros_ur_driver/install/ur_moveit_config:/home/alvaro/workspace/ros_ur_driver/install/ur_bringup:/home/alvaro/workspace/ros_ur_driver/install/ur_description:/home/alvaro/workspace/ros_ur_driver/install/ur_controllers:/home/alvaro/workspace/ros_ur_driver/install/ur_dashboard_msgs:/home/alvaro/ros2_ws_copia/install/my_robot_controller:/home/alvaro/ros2_ws_copia/install/movimiento_articular:/home/alvaro/ros2_ws_copia/install/data_logger:/home/alvaro/ros2_ws/install/my_robot_controller:/opt/ros/humble /usr/bin/cmake --build /home/alvaro/Desktop/workspace/ros_ur_driver/build/ur_moveit_config -- -j8 -l8
[0.076s] Built target ament_cmake_python_copy_ur_moveit_config
[0.657s] running egg_info
[0.657s] writing ur_moveit_config.egg-info/PKG-INFO
[0.657s] writing dependency_links to ur_moveit_config.egg-info/dependency_links.txt
[0.657s] writing top-level names to ur_moveit_config.egg-info/top_level.txt
[0.660s] reading manifest file 'ur_moveit_config.egg-info/SOURCES.txt'
[0.662s] writing manifest file 'ur_moveit_config.egg-info/SOURCES.txt'
[0.713s] Built target ament_cmake_python_build_ur_moveit_config_egg
[0.729s] Invoked command in '/home/alvaro/Desktop/workspace/ros_ur_driver/build/ur_moveit_config' returned '0': AMENT_PREFIX_PATH=/home/alvaro/Desktop/workspace/ros_ur_driver/install/ur_description:${AMENT_PREFIX_PATH} CMAKE_PREFIX_PATH=/home/alvaro/Desktop/workspace/ros_ur_driver/install/ur_description:/home/alvaro/workspace/ros_ur_driver/install/ur:/home/alvaro/workspace/ros_ur_driver/install/ur_calibration:/home/alvaro/workspace/ros_ur_driver/install/ur_robot_driver:/home/alvaro/workspace/ros_ur_driver/install/ur_moveit_config:/home/alvaro/workspace/ros_ur_driver/install/ur_bringup:/home/alvaro/workspace/ros_ur_driver/install/ur_description:/home/alvaro/workspace/ros_ur_driver/install/ur_controllers:/home/alvaro/workspace/ros_ur_driver/install/ur_dashboard_msgs:/home/alvaro/ros2_ws_copia/install/my_robot_controller:/home/alvaro/ros2_ws_copia/install/movimiento_articular:/home/alvaro/ros2_ws_copia/install/data_logger:/home/alvaro/ros2_ws/install/my_robot_controller:/opt/ros/humble /usr/bin/cmake --build /home/alvaro/Desktop/workspace/ros_ur_driver/build/ur_moveit_config -- -j8 -l8
[0.757s] Invoking command in '/home/alvaro/Desktop/workspace/ros_ur_driver/build/ur_moveit_config': AMENT_PREFIX_PATH=/home/alvaro/Desktop/workspace/ros_ur_driver/install/ur_description:${AMENT_PREFIX_PATH} CMAKE_PREFIX_PATH=/home/alvaro/Desktop/workspace/ros_ur_driver/install/ur_description:/home/alvaro/workspace/ros_ur_driver/install/ur:/home/alvaro/workspace/ros_ur_driver/install/ur_calibration:/home/alvaro/workspace/ros_ur_driver/install/ur_robot_driver:/home/alvaro/workspace/ros_ur_driver/install/ur_moveit_config:/home/alvaro/workspace/ros_ur_driver/install/ur_bringup:/home/alvaro/workspace/ros_ur_driver/install/ur_description:/home/alvaro/workspace/ros_ur_driver/install/ur_controllers:/home/alvaro/workspace/ros_ur_driver/install/ur_dashboard_msgs:/home/alvaro/ros2_ws_copia/install/my_robot_controller:/home/alvaro/ros2_ws_copia/install/movimiento_articular:/home/alvaro/ros2_ws_copia/install/data_logger:/home/alvaro/ros2_ws/install/my_robot_controller:/opt/ros/humble /usr/bin/cmake --install /home/alvaro/Desktop/workspace/ros_ur_driver/build/ur_moveit_config
[0.767s] -- Install configuration: "Release"
[0.768s] -- Up-to-date: /home/alvaro/Desktop/workspace/ros_ur_driver/install/ur_moveit_config/share/ur_moveit_config/config
[0.768s] -- Up-to-date: /home/alvaro/Desktop/workspace/ros_ur_driver/install/ur_moveit_config/share/ur_moveit_config/config/controllers.yaml
[0.768s] -- Up-to-date: /home/alvaro/Desktop/workspace/ros_ur_driver/install/ur_moveit_config/share/ur_moveit_config/config/kinematics.yaml
[0.768s] -- Up-to-date: /home/alvaro/Desktop/workspace/ros_ur_driver/install/ur_moveit_config/share/ur_moveit_config/config/ur_servo.yaml
[0.768s] -- Up-to-date: /home/alvaro/Desktop/workspace/ros_ur_driver/install/ur_moveit_config/share/ur_moveit_config/config/ompl_planning.yaml
[0.768s] -- Up-to-date: /home/alvaro/Desktop/workspace/ros_ur_driver/install/ur_moveit_config/share/ur_moveit_config/launch
[0.769s] -- Up-to-date: /home/alvaro/Desktop/workspace/ros_ur_driver/install/ur_moveit_config/share/ur_moveit_config/launch/ur_moveit.launch.py
[0.769s] -- Up-to-date: /home/alvaro/Desktop/workspace/ros_ur_driver/install/ur_moveit_config/share/ur_moveit_config/rviz
[0.769s] -- Up-to-date: /home/alvaro/Desktop/workspace/ros_ur_driver/install/ur_moveit_config/share/ur_moveit_config/rviz/view_robot.rviz
[0.769s] -- Up-to-date: /home/alvaro/Desktop/workspace/ros_ur_driver/install/ur_moveit_config/share/ur_moveit_config/srdf
[0.769s] -- Up-to-date: /home/alvaro/Desktop/workspace/ros_ur_driver/install/ur_moveit_config/share/ur_moveit_config/srdf/ur_macro.srdf.xacro
[0.769s] -- Up-to-date: /home/alvaro/Desktop/workspace/ros_ur_driver/install/ur_moveit_config/share/ur_moveit_config/srdf/ur.srdf.xacro
[0.769s] -- Up-to-date: /home/alvaro/Desktop/workspace/ros_ur_driver/install/ur_moveit_config/share/ur_moveit_config/environment/pythonpath.sh
[0.769s] -- Up-to-date: /home/alvaro/Desktop/workspace/ros_ur_driver/install/ur_moveit_config/share/ur_moveit_config/environment/pythonpath.dsv
[0.770s] -- Up-to-date: /home/alvaro/Desktop/workspace/ros_ur_driver/install/ur_moveit_config/local/lib/python3.10/dist-packages/ur_moveit_config-2.2.10-py3.10.egg-info
[0.770s] -- Installing: /home/alvaro/Desktop/workspace/ros_ur_driver/install/ur_moveit_config/local/lib/python3.10/dist-packages/ur_moveit_config-2.2.10-py3.10.egg-info/PKG-INFO
[0.770s] -- Installing: /home/alvaro/Desktop/workspace/ros_ur_driver/install/ur_moveit_config/local/lib/python3.10/dist-packages/ur_moveit_config-2.2.10-py3.10.egg-info/SOURCES.txt
[0.770s] -- Installing: /home/alvaro/Desktop/workspace/ros_ur_driver/install/ur_moveit_config/local/lib/python3.10/dist-packages/ur_moveit_config-2.2.10-py3.10.egg-info/dependency_links.txt
[0.770s] -- Installing: /home/alvaro/Desktop/workspace/ros_ur_driver/install/ur_moveit_config/local/lib/python3.10/dist-packages/ur_moveit_config-2.2.10-py3.10.egg-info/top_level.txt
[0.770s] -- Up-to-date: /home/alvaro/Desktop/workspace/ros_ur_driver/install/ur_moveit_config/local/lib/python3.10/dist-packages/ur_moveit_config
[0.770s] -- Up-to-date: /home/alvaro/Desktop/workspace/ros_ur_driver/install/ur_moveit_config/local/lib/python3.10/dist-packages/ur_moveit_config/launch_common.py
[0.770s] -- Up-to-date: /home/alvaro/Desktop/workspace/ros_ur_driver/install/ur_moveit_config/local/lib/python3.10/dist-packages/ur_moveit_config/__init__.py
[0.830s] Listing '/home/alvaro/Desktop/workspace/ros_ur_driver/install/ur_moveit_config/local/lib/python3.10/dist-packages/ur_moveit_config'...
[0.841s] -- Up-to-date: /home/alvaro/Desktop/workspace/ros_ur_driver/install/ur_moveit_config/local/lib/python3.10/dist-packages/launch_common.py
[0.903s] -- Up-to-date: /home/alvaro/Desktop/workspace/ros_ur_driver/install/ur_moveit_config/share/ament_index/resource_index/package_run_dependencies/ur_moveit_config
[0.903s] -- Up-to-date: /home/alvaro/Desktop/workspace/ros_ur_driver/install/ur_moveit_config/share/ament_index/resource_index/parent_prefix_path/ur_moveit_config
[0.904s] -- Up-to-date: /home/alvaro/Desktop/workspace/ros_ur_driver/install/ur_moveit_config/share/ur_moveit_config/environment/ament_prefix_path.sh
[0.904s] -- Up-to-date: /home/alvaro/Desktop/workspace/ros_ur_driver/install/ur_moveit_config/share/ur_moveit_config/environment/ament_prefix_path.dsv
[0.905s] -- Up-to-date: /home/alvaro/Desktop/workspace/ros_ur_driver/install/ur_moveit_config/share/ur_moveit_config/environment/path.sh
[0.905s] -- Up-to-date: /home/alvaro/Desktop/workspace/ros_ur_driver/install/ur_moveit_config/share/ur_moveit_config/environment/path.dsv
[0.905s] -- Up-to-date: /home/alvaro/Desktop/workspace/ros_ur_driver/install/ur_moveit_config/share/ur_moveit_config/local_setup.bash
[0.905s] -- Up-to-date: /home/alvaro/Desktop/workspace/ros_ur_driver/install/ur_moveit_config/share/ur_moveit_config/local_setup.sh
[0.906s] -- Up-to-date: /home/alvaro/Desktop/workspace/ros_ur_driver/install/ur_moveit_config/share/ur_moveit_config/local_setup.zsh
[0.906s] -- Up-to-date: /home/alvaro/Desktop/workspace/ros_ur_driver/install/ur_moveit_config/share/ur_moveit_config/local_setup.dsv
[0.907s] -- Installing: /home/alvaro/Desktop/workspace/ros_ur_driver/install/ur_moveit_config/share/ur_moveit_config/package.dsv
[0.907s] -- Up-to-date: /home/alvaro/Desktop/workspace/ros_ur_driver/install/ur_moveit_config/share/ament_index/resource_index/packages/ur_moveit_config
[0.907s] -- Up-to-date: /home/alvaro/Desktop/workspace/ros_ur_driver/install/ur_moveit_config/share/ur_moveit_config/cmake/ur_moveit_configConfig.cmake
[0.907s] -- Up-to-date: /home/alvaro/Desktop/workspace/ros_ur_driver/install/ur_moveit_config/share/ur_moveit_config/cmake/ur_moveit_configConfig-version.cmake
[0.907s] -- Up-to-date: /home/alvaro/Desktop/workspace/ros_ur_driver/install/ur_moveit_config/share/ur_moveit_config/package.xml
[0.929s] Invoked command in '/home/alvaro/Desktop/workspace/ros_ur_driver/build/ur_moveit_config' returned '0': AMENT_PREFIX_PATH=/home/alvaro/Desktop/workspace/ros_ur_driver/install/ur_description:${AMENT_PREFIX_PATH} CMAKE_PREFIX_PATH=/home/alvaro/Desktop/workspace/ros_ur_driver/install/ur_description:/home/alvaro/workspace/ros_ur_driver/install/ur:/home/alvaro/workspace/ros_ur_driver/install/ur_calibration:/home/alvaro/workspace/ros_ur_driver/install/ur_robot_driver:/home/alvaro/workspace/ros_ur_driver/install/ur_moveit_config:/home/alvaro/workspace/ros_ur_driver/install/ur_bringup:/home/alvaro/workspace/ros_ur_driver/install/ur_description:/home/alvaro/workspace/ros_ur_driver/install/ur_controllers:/home/alvaro/workspace/ros_ur_driver/install/ur_dashboard_msgs:/home/alvaro/ros2_ws_copia/install/my_robot_controller:/home/alvaro/ros2_ws_copia/install/movimiento_articular:/home/alvaro/ros2_ws_copia/install/data_logger:/home/alvaro/ros2_ws/install/my_robot_controller:/opt/ros/humble /usr/bin/cmake --install /home/alvaro/Desktop/workspace/ros_ur_driver/build/ur_moveit_config
