/home/alvaro/Desktop/workspace/ros_ur_driver/install/data_logger/lib/python3.10/site-packages/data_logger/data_reader.py
/home/alvaro/Desktop/workspace/ros_ur_driver/install/data_logger/lib/python3.10/site-packages/data_logger/analog_reader.py
/home/alvaro/Desktop/workspace/ros_ur_driver/install/data_logger/lib/python3.10/site-packages/data_logger/__init__.py
/home/alvaro/Desktop/workspace/ros_ur_driver/install/data_logger/lib/python3.10/site-packages/data_logger/multi_logger.py
/home/alvaro/Desktop/workspace/ros_ur_driver/install/data_logger/lib/python3.10/site-packages/data_logger/digital_reader.py
/home/alvaro/Desktop/workspace/ros_ur_driver/install/data_logger/lib/python3.10/site-packages/data_logger/joint_reader.py
/home/alvaro/Desktop/workspace/ros_ur_driver/install/data_logger/lib/python3.10/site-packages/data_logger/super_logger.py
/home/alvaro/Desktop/workspace/ros_ur_driver/install/data_logger/lib/python3.10/site-packages/data_logger/data_emitter.py
/home/alvaro/Desktop/workspace/ros_ur_driver/install/data_logger/lib/python3.10/site-packages/data_logger/__pycache__/data_reader.cpython-310.pyc
/home/alvaro/Desktop/workspace/ros_ur_driver/install/data_logger/lib/python3.10/site-packages/data_logger/__pycache__/analog_reader.cpython-310.pyc
/home/alvaro/Desktop/workspace/ros_ur_driver/install/data_logger/lib/python3.10/site-packages/data_logger/__pycache__/__init__.cpython-310.pyc
/home/alvaro/Desktop/workspace/ros_ur_driver/install/data_logger/lib/python3.10/site-packages/data_logger/__pycache__/multi_logger.cpython-310.pyc
/home/alvaro/Desktop/workspace/ros_ur_driver/install/data_logger/lib/python3.10/site-packages/data_logger/__pycache__/digital_reader.cpython-310.pyc
/home/alvaro/Desktop/workspace/ros_ur_driver/install/data_logger/lib/python3.10/site-packages/data_logger/__pycache__/joint_reader.cpython-310.pyc
/home/alvaro/Desktop/workspace/ros_ur_driver/install/data_logger/lib/python3.10/site-packages/data_logger/__pycache__/super_logger.cpython-310.pyc
/home/alvaro/Desktop/workspace/ros_ur_driver/install/data_logger/lib/python3.10/site-packages/data_logger/__pycache__/data_emitter.cpython-310.pyc
/home/alvaro/Desktop/workspace/ros_ur_driver/install/data_logger/share/ament_index/resource_index/packages/data_logger
/home/alvaro/Desktop/workspace/ros_ur_driver/install/data_logger/share/data_logger/package.xml
/home/alvaro/Desktop/workspace/ros_ur_driver/install/data_logger/lib/python3.10/site-packages/data_logger-0.0.0-py3.10.egg-info/zip-safe
/home/alvaro/Desktop/workspace/ros_ur_driver/install/data_logger/lib/python3.10/site-packages/data_logger-0.0.0-py3.10.egg-info/PKG-INFO
/home/alvaro/Desktop/workspace/ros_ur_driver/install/data_logger/lib/python3.10/site-packages/data_logger-0.0.0-py3.10.egg-info/SOURCES.txt
/home/alvaro/Desktop/workspace/ros_ur_driver/install/data_logger/lib/python3.10/site-packages/data_logger-0.0.0-py3.10.egg-info/requires.txt
/home/alvaro/Desktop/workspace/ros_ur_driver/install/data_logger/lib/python3.10/site-packages/data_logger-0.0.0-py3.10.egg-info/dependency_links.txt
/home/alvaro/Desktop/workspace/ros_ur_driver/install/data_logger/lib/python3.10/site-packages/data_logger-0.0.0-py3.10.egg-info/entry_points.txt
/home/alvaro/Desktop/workspace/ros_ur_driver/install/data_logger/lib/python3.10/site-packages/data_logger-0.0.0-py3.10.egg-info/top_level.txt
/home/alvaro/Desktop/workspace/ros_ur_driver/install/data_logger/lib/data_logger/analog_reader
/home/alvaro/Desktop/workspace/ros_ur_driver/install/data_logger/lib/data_logger/data_emitter
/home/alvaro/Desktop/workspace/ros_ur_driver/install/data_logger/lib/data_logger/data_reader
/home/alvaro/Desktop/workspace/ros_ur_driver/install/data_logger/lib/data_logger/digital_reader
/home/alvaro/Desktop/workspace/ros_ur_driver/install/data_logger/lib/data_logger/joint_reader
/home/alvaro/Desktop/workspace/ros_ur_driver/install/data_logger/lib/data_logger/multi_logger
/home/alvaro/Desktop/workspace/ros_ur_driver/install/data_logger/lib/data_logger/super_logger
