-- Found ament_cmake: 1.3.8 (/opt/ros/humble/share/ament_cmake/cmake)
-- Found angles: 1.15.0 (/opt/ros/humble/share/angles/cmake)
-- Found controller_interface: 2.40.0 (/opt/ros/humble/share/controller_interface/cmake)
-- Found rosidl_generator_c: 3.1.5 (/opt/ros/humble/share/rosidl_generator_c/cmake)
-- Found rosidl_adapter: 3.1.5 (/opt/ros/humble/share/rosidl_adapter/cmake)
-- Found rosidl_generator_cpp: 3.1.5 (/opt/ros/humble/share/rosidl_generator_cpp/cmake)
-- Using all available rosidl_typesupport_c: rosidl_typesupport_fastrtps_c;rosidl_typesupport_introspection_c
-- Using all available rosidl_typesupport_cpp: rosidl_typesupport_fastrtps_cpp;rosidl_typesupport_introspection_cpp
-- Found rmw_implementation_cmake: 6.1.1 (/opt/ros/humble/share/rmw_implementation_cmake/cmake)
-- Found rmw_fastrtps_cpp: 6.2.6 (/opt/ros/humble/share/rmw_fastrtps_cpp/cmake)
-- Found TinyXML2 via Config file: TinyXML2_DIR-NOTFOUND
-- Found TinyXML2 via Config file: TinyXML2_DIR-NOTFOUND
-- Found TinyXML2 via Config file: TinyXML2_DIR-NOTFOUND
-- Found TinyXML2 via Config file: TinyXML2_DIR-NOTFOUND
-- Using RMW implementation 'rmw_fastrtps_cpp' as default
-- Found joint_trajectory_controller: 2.33.0 (/opt/ros/humble/share/joint_trajectory_controller/cmake)
-- Found parameter_traits: 0.3.7 (/opt/ros/humble/share/parameter_traits/cmake)
-- Found std_srvs: 4.2.3 (/opt/ros/humble/share/std_srvs/cmake)
-- Found ur_dashboard_msgs: 2.2.10 (/home/alvaro/Desktop/workspace/ros_ur_driver/install/ur_dashboard_msgs/share/ur_dashboard_msgs/cmake)
-- Found ur_msgs: 2.0.0 (/opt/ros/humble/share/ur_msgs/cmake)
-- Configuring done
-- Generating done
-- Build files have been written to: /home/alvaro/Desktop/workspace/ros_ur_driver/build/ur_controllers
[ 42%] Built target gpio_controller_parameters
[ 42%] Built target speed_scaling_state_broadcaster_parameters
[ 42%] Built target scaled_joint_trajectory_controller_parameters
[35m[1mConsolidate compiler generated dependencies of target ur_controllers[0m
[100%] Built target ur_controllers
-- Install configuration: "Release"
-- Up-to-date: /home/alvaro/Desktop/workspace/ros_ur_driver/install/ur_controllers/include/gpio_controller_parameters
-- Up-to-date: /home/alvaro/Desktop/workspace/ros_ur_driver/install/ur_controllers/include/gpio_controller_parameters/gpio_controller_parameters.hpp
-- Up-to-date: /home/alvaro/Desktop/workspace/ros_ur_driver/install/ur_controllers/include/speed_scaling_state_broadcaster_parameters
-- Up-to-date: /home/alvaro/Desktop/workspace/ros_ur_driver/install/ur_controllers/include/speed_scaling_state_broadcaster_parameters/speed_scaling_state_broadcaster_parameters.hpp
-- Up-to-date: /home/alvaro/Desktop/workspace/ros_ur_driver/install/ur_controllers/include/scaled_joint_trajectory_controller_parameters
-- Up-to-date: /home/alvaro/Desktop/workspace/ros_ur_driver/install/ur_controllers/include/scaled_joint_trajectory_controller_parameters/scaled_joint_trajectory_controller_parameters.hpp
-- Up-to-date: /home/alvaro/Desktop/workspace/ros_ur_driver/install/ur_controllers/share/ur_controllers/controller_plugins.xml
-- Up-to-date: /home/alvaro/Desktop/workspace/ros_ur_driver/install/ur_controllers/lib/libur_controllers.so
-- Up-to-date: /home/alvaro/Desktop/workspace/ros_ur_driver/install/ur_controllers/include
-- Up-to-date: /home/alvaro/Desktop/workspace/ros_ur_driver/install/ur_controllers/include/ur_controllers
-- Up-to-date: /home/alvaro/Desktop/workspace/ros_ur_driver/install/ur_controllers/include/ur_controllers/gpio_controller.hpp
-- Up-to-date: /home/alvaro/Desktop/workspace/ros_ur_driver/install/ur_controllers/include/ur_controllers/speed_scaling_state_broadcaster.hpp
-- Up-to-date: /home/alvaro/Desktop/workspace/ros_ur_driver/install/ur_controllers/include/ur_controllers/scaled_joint_trajectory_controller.hpp
-- Up-to-date: /home/alvaro/Desktop/workspace/ros_ur_driver/install/ur_controllers/share/ur_controllers/controller_plugins.xml
-- Up-to-date: /home/alvaro/Desktop/workspace/ros_ur_driver/install/ur_controllers/share/ur_controllers/environment/library_path.sh
-- Installing: /home/alvaro/Desktop/workspace/ros_ur_driver/install/ur_controllers/share/ur_controllers/environment/library_path.dsv
-- Up-to-date: /home/alvaro/Desktop/workspace/ros_ur_driver/install/ur_controllers/share/ament_index/resource_index/package_run_dependencies/ur_controllers
-- Installing: /home/alvaro/Desktop/workspace/ros_ur_driver/install/ur_controllers/share/ament_index/resource_index/parent_prefix_path/ur_controllers
-- Up-to-date: /home/alvaro/Desktop/workspace/ros_ur_driver/install/ur_controllers/share/ur_controllers/environment/ament_prefix_path.sh
-- Installing: /home/alvaro/Desktop/workspace/ros_ur_driver/install/ur_controllers/share/ur_controllers/environment/ament_prefix_path.dsv
-- Up-to-date: /home/alvaro/Desktop/workspace/ros_ur_driver/install/ur_controllers/share/ur_controllers/environment/path.sh
-- Installing: /home/alvaro/Desktop/workspace/ros_ur_driver/install/ur_controllers/share/ur_controllers/environment/path.dsv
-- Up-to-date: /home/alvaro/Desktop/workspace/ros_ur_driver/install/ur_controllers/share/ur_controllers/local_setup.bash
-- Up-to-date: /home/alvaro/Desktop/workspace/ros_ur_driver/install/ur_controllers/share/ur_controllers/local_setup.sh
-- Up-to-date: /home/alvaro/Desktop/workspace/ros_ur_driver/install/ur_controllers/share/ur_controllers/local_setup.zsh
-- Installing: /home/alvaro/Desktop/workspace/ros_ur_driver/install/ur_controllers/share/ur_controllers/local_setup.dsv
-- Installing: /home/alvaro/Desktop/workspace/ros_ur_driver/install/ur_controllers/share/ur_controllers/package.dsv
-- Up-to-date: /home/alvaro/Desktop/workspace/ros_ur_driver/install/ur_controllers/share/ament_index/resource_index/packages/ur_controllers
-- Up-to-date: /home/alvaro/Desktop/workspace/ros_ur_driver/install/ur_controllers/share/ament_index/resource_index/controller_interface__pluginlib__plugin/ur_controllers
-- Up-to-date: /home/alvaro/Desktop/workspace/ros_ur_driver/install/ur_controllers/share/ur_controllers/cmake/ament_cmake_export_dependencies-extras.cmake
-- Up-to-date: /home/alvaro/Desktop/workspace/ros_ur_driver/install/ur_controllers/share/ur_controllers/cmake/ament_cmake_export_include_directories-extras.cmake
-- Up-to-date: /home/alvaro/Desktop/workspace/ros_ur_driver/install/ur_controllers/share/ur_controllers/cmake/ament_cmake_export_libraries-extras.cmake
-- Up-to-date: /home/alvaro/Desktop/workspace/ros_ur_driver/install/ur_controllers/share/ur_controllers/cmake/ur_controllersConfig.cmake
-- Up-to-date: /home/alvaro/Desktop/workspace/ros_ur_driver/install/ur_controllers/share/ur_controllers/cmake/ur_controllersConfig-version.cmake
-- Up-to-date: /home/alvaro/Desktop/workspace/ros_ur_driver/install/ur_controllers/share/ur_controllers/package.xml
