[0.022s] Invoking command in '/home/alvaro/Desktop/workspace/ros_ur_driver/build/ur_bringup': AMENT_PREFIX_PATH=/home/alvaro/Desktop/workspace/ros_ur_driver/install/ur_controllers:/home/alvaro/Desktop/workspace/ros_ur_driver/install/ur_description:/home/alvaro/Desktop/workspace/ros_ur_driver/install/ur_dashboard_msgs:${AMENT_PREFIX_PATH} CMAKE_PREFIX_PATH=/home/alvaro/Desktop/workspace/ros_ur_driver/install/ur_controllers:/home/alvaro/Desktop/workspace/ros_ur_driver/install/ur_description:/home/alvaro/Desktop/workspace/ros_ur_driver/install/ur_dashboard_msgs:/home/alvaro/workspace/ros_ur_driver/install/ur:/home/alvaro/workspace/ros_ur_driver/install/ur_calibration:/home/alvaro/workspace/ros_ur_driver/install/ur_robot_driver:/home/alvaro/workspace/ros_ur_driver/install/ur_moveit_config:/home/alvaro/workspace/ros_ur_driver/install/ur_bringup:/home/alvaro/workspace/ros_ur_driver/install/ur_description:/home/alvaro/workspace/ros_ur_driver/install/ur_controllers:/home/alvaro/workspace/ros_ur_driver/install/ur_dashboard_msgs:/home/alvaro/ros2_ws_copia/install/my_robot_controller:/home/alvaro/ros2_ws_copia/install/movimiento_articular:/home/alvaro/ros2_ws_copia/install/data_logger:/home/alvaro/ros2_ws/install/my_robot_controller:/opt/ros/humble LD_LIBRARY_PATH=/home/alvaro/Desktop/workspace/ros_ur_driver/install/ur_controllers/lib:/home/alvaro/Desktop/workspace/ros_ur_driver/install/ur_dashboard_msgs/lib:${LD_LIBRARY_PATH} PYTHONPATH=/home/alvaro/Desktop/workspace/ros_ur_driver/install/ur_dashboard_msgs/local/lib/python3.10/dist-packages:${PYTHONPATH} /usr/bin/cmake --build /home/alvaro/Desktop/workspace/ros_ur_driver/build/ur_bringup -- -j8 -l8
[0.098s] Invoked command in '/home/alvaro/Desktop/workspace/ros_ur_driver/build/ur_bringup' returned '0': AMENT_PREFIX_PATH=/home/alvaro/Desktop/workspace/ros_ur_driver/install/ur_controllers:/home/alvaro/Desktop/workspace/ros_ur_driver/install/ur_description:/home/alvaro/Desktop/workspace/ros_ur_driver/install/ur_dashboard_msgs:${AMENT_PREFIX_PATH} CMAKE_PREFIX_PATH=/home/alvaro/Desktop/workspace/ros_ur_driver/install/ur_controllers:/home/alvaro/Desktop/workspace/ros_ur_driver/install/ur_description:/home/alvaro/Desktop/workspace/ros_ur_driver/install/ur_dashboard_msgs:/home/alvaro/workspace/ros_ur_driver/install/ur:/home/alvaro/workspace/ros_ur_driver/install/ur_calibration:/home/alvaro/workspace/ros_ur_driver/install/ur_robot_driver:/home/alvaro/workspace/ros_ur_driver/install/ur_moveit_config:/home/alvaro/workspace/ros_ur_driver/install/ur_bringup:/home/alvaro/workspace/ros_ur_driver/install/ur_description:/home/alvaro/workspace/ros_ur_driver/install/ur_controllers:/home/alvaro/workspace/ros_ur_driver/install/ur_dashboard_msgs:/home/alvaro/ros2_ws_copia/install/my_robot_controller:/home/alvaro/ros2_ws_copia/install/movimiento_articular:/home/alvaro/ros2_ws_copia/install/data_logger:/home/alvaro/ros2_ws/install/my_robot_controller:/opt/ros/humble LD_LIBRARY_PATH=/home/alvaro/Desktop/workspace/ros_ur_driver/install/ur_controllers/lib:/home/alvaro/Desktop/workspace/ros_ur_driver/install/ur_dashboard_msgs/lib:${LD_LIBRARY_PATH} PYTHONPATH=/home/alvaro/Desktop/workspace/ros_ur_driver/install/ur_dashboard_msgs/local/lib/python3.10/dist-packages:${PYTHONPATH} /usr/bin/cmake --build /home/alvaro/Desktop/workspace/ros_ur_driver/build/ur_bringup -- -j8 -l8
[0.131s] Invoking command in '/home/alvaro/Desktop/workspace/ros_ur_driver/build/ur_bringup': AMENT_PREFIX_PATH=/home/alvaro/Desktop/workspace/ros_ur_driver/install/ur_controllers:/home/alvaro/Desktop/workspace/ros_ur_driver/install/ur_description:/home/alvaro/Desktop/workspace/ros_ur_driver/install/ur_dashboard_msgs:${AMENT_PREFIX_PATH} CMAKE_PREFIX_PATH=/home/alvaro/Desktop/workspace/ros_ur_driver/install/ur_controllers:/home/alvaro/Desktop/workspace/ros_ur_driver/install/ur_description:/home/alvaro/Desktop/workspace/ros_ur_driver/install/ur_dashboard_msgs:/home/alvaro/workspace/ros_ur_driver/install/ur:/home/alvaro/workspace/ros_ur_driver/install/ur_calibration:/home/alvaro/workspace/ros_ur_driver/install/ur_robot_driver:/home/alvaro/workspace/ros_ur_driver/install/ur_moveit_config:/home/alvaro/workspace/ros_ur_driver/install/ur_bringup:/home/alvaro/workspace/ros_ur_driver/install/ur_description:/home/alvaro/workspace/ros_ur_driver/install/ur_controllers:/home/alvaro/workspace/ros_ur_driver/install/ur_dashboard_msgs:/home/alvaro/ros2_ws_copia/install/my_robot_controller:/home/alvaro/ros2_ws_copia/install/movimiento_articular:/home/alvaro/ros2_ws_copia/install/data_logger:/home/alvaro/ros2_ws/install/my_robot_controller:/opt/ros/humble LD_LIBRARY_PATH=/home/alvaro/Desktop/workspace/ros_ur_driver/install/ur_controllers/lib:/home/alvaro/Desktop/workspace/ros_ur_driver/install/ur_dashboard_msgs/lib:${LD_LIBRARY_PATH} PYTHONPATH=/home/alvaro/Desktop/workspace/ros_ur_driver/install/ur_dashboard_msgs/local/lib/python3.10/dist-packages:${PYTHONPATH} /usr/bin/cmake --install /home/alvaro/Desktop/workspace/ros_ur_driver/build/ur_bringup
[0.141s] -- Install configuration: "Release"
[0.141s] -- Up-to-date: /home/alvaro/Desktop/workspace/ros_ur_driver/install/ur_bringup/share/ur_bringup/config
[0.142s] -- Up-to-date: /home/alvaro/Desktop/workspace/ros_ur_driver/install/ur_bringup/share/ur_bringup/config/test_velocity_goal_publishers_config.yaml
[0.142s] -- Up-to-date: /home/alvaro/Desktop/workspace/ros_ur_driver/install/ur_bringup/share/ur_bringup/config/ur3_update_rate.yaml
[0.142s] -- Up-to-date: /home/alvaro/Desktop/workspace/ros_ur_driver/install/ur_bringup/share/ur_bringup/config/ur16e_update_rate.yaml
[0.142s] -- Up-to-date: /home/alvaro/Desktop/workspace/ros_ur_driver/install/ur_bringup/share/ur_bringup/config/ur5_update_rate.yaml
[0.142s] -- Up-to-date: /home/alvaro/Desktop/workspace/ros_ur_driver/install/ur_bringup/share/ur_bringup/config/ur5e_update_rate.yaml
[0.142s] -- Up-to-date: /home/alvaro/Desktop/workspace/ros_ur_driver/install/ur_bringup/share/ur_bringup/config/points.csv
[0.142s] -- Up-to-date: /home/alvaro/Desktop/workspace/ros_ur_driver/install/ur_bringup/share/ur_bringup/config/ur10_update_rate.yaml
[0.143s] -- Up-to-date: /home/alvaro/Desktop/workspace/ros_ur_driver/install/ur_bringup/share/ur_bringup/config/ur3e_update_rate.yaml
[0.143s] -- Up-to-date: /home/alvaro/Desktop/workspace/ros_ur_driver/install/ur_bringup/share/ur_bringup/config/ur10e_update_rate.yaml
[0.143s] -- Up-to-date: /home/alvaro/Desktop/workspace/ros_ur_driver/install/ur_bringup/share/ur_bringup/config/points_hel.csv
[0.143s] -- Up-to-date: /home/alvaro/Desktop/workspace/ros_ur_driver/install/ur_bringup/share/ur_bringup/config/ur_controllers.yaml
[0.143s] -- Up-to-date: /home/alvaro/Desktop/workspace/ros_ur_driver/install/ur_bringup/share/ur_bringup/config/test_goal_publishers_config.yaml
[0.143s] -- Up-to-date: /home/alvaro/Desktop/workspace/ros_ur_driver/install/ur_bringup/share/ur_bringup/launch
[0.143s] -- Up-to-date: /home/alvaro/Desktop/workspace/ros_ur_driver/install/ur_bringup/share/ur_bringup/launch/ur_control.launch.py
[0.144s] -- Up-to-date: /home/alvaro/Desktop/workspace/ros_ur_driver/install/ur_bringup/share/ur_bringup/launch/test_scaled_joint_trajectory_controller.launch.py
[0.144s] -- Up-to-date: /home/alvaro/Desktop/workspace/ros_ur_driver/install/ur_bringup/share/ur_bringup/launch/ur3e.launch.py
[0.144s] -- Up-to-date: /home/alvaro/Desktop/workspace/ros_ur_driver/install/ur_bringup/share/ur_bringup/launch/salsa_secreta.py
[0.144s] -- Up-to-date: /home/alvaro/Desktop/workspace/ros_ur_driver/install/ur_bringup/share/ur_bringup/launch/genera_trayectoria_circular.py
[0.144s] -- Up-to-date: /home/alvaro/Desktop/workspace/ros_ur_driver/install/ur_bringup/share/ur_bringup/launch/cartesian_path_node.py
[0.146s] -- Up-to-date: /home/alvaro/Desktop/workspace/ros_ur_driver/install/ur_bringup/share/ur_bringup/launch/test_joint_trajectory_controller.launch.py
[0.146s] -- Up-to-date: /home/alvaro/Desktop/workspace/ros_ur_driver/install/ur_bringup/share/ur_bringup/launch/trayectoria_suave.py
[0.146s] -- Up-to-date: /home/alvaro/Desktop/workspace/ros_ur_driver/install/ur_bringup/share/ur_bringup/launch/test_forward_velocity_controller.launch.py
[0.146s] -- Up-to-date: /home/alvaro/Desktop/workspace/ros_ur_driver/install/ur_bringup/share/ur_bringup/launch/moveJ_program.py
[0.147s] -- Up-to-date: /home/alvaro/Desktop/workspace/ros_ur_driver/install/ur_bringup/share/ur_bringup/launch/ur_dashboard_client.launch.py
[0.147s] -- Up-to-date: /home/alvaro/Desktop/workspace/ros_ur_driver/install/ur_bringup/share/ur_bringup/launch/adela.py
[0.147s] -- Up-to-date: /home/alvaro/Desktop/workspace/ros_ur_driver/install/ur_bringup/share/ur_bringup/launch/lanzar_robot.launch.py
[0.147s] -- Up-to-date: /home/alvaro/Desktop/workspace/ros_ur_driver/install/ur_bringup/share/ur_bringup/launch/ur5e.launch.py
[0.147s] -- Up-to-date: /home/alvaro/Desktop/workspace/ros_ur_driver/install/ur_bringup/share/ur_bringup/launch/ur10.launch.py
[0.147s] -- Up-to-date: /home/alvaro/Desktop/workspace/ros_ur_driver/install/ur_bringup/share/ur_bringup/launch/lanzar_simulacion.launch.py
[0.148s] -- Up-to-date: /home/alvaro/Desktop/workspace/ros_ur_driver/install/ur_bringup/share/ur_bringup/launch/ur3.launch.py
[0.149s] -- Up-to-date: /home/alvaro/Desktop/workspace/ros_ur_driver/install/ur_bringup/share/ur_bringup/launch/ur16e.launch.py
[0.149s] -- Up-to-date: /home/alvaro/Desktop/workspace/ros_ur_driver/install/ur_bringup/share/ur_bringup/launch/moveL_program.py
[0.149s] -- Up-to-date: /home/alvaro/Desktop/workspace/ros_ur_driver/install/ur_bringup/share/ur_bringup/launch/ur10e.launch.py
[0.149s] -- Up-to-date: /home/alvaro/Desktop/workspace/ros_ur_driver/install/ur_bringup/share/ur_bringup/launch/ur5.launch.py
[0.149s] -- Up-to-date: /home/alvaro/Desktop/workspace/ros_ur_driver/install/ur_bringup/lib/ur_bringup/start_ursim.sh
[0.149s] -- Up-to-date: /home/alvaro/Desktop/workspace/ros_ur_driver/install/ur_bringup/share/ament_index/resource_index/package_run_dependencies/ur_bringup
[0.149s] -- Up-to-date: /home/alvaro/Desktop/workspace/ros_ur_driver/install/ur_bringup/share/ament_index/resource_index/parent_prefix_path/ur_bringup
[0.150s] -- Up-to-date: /home/alvaro/Desktop/workspace/ros_ur_driver/install/ur_bringup/share/ur_bringup/environment/ament_prefix_path.sh
[0.150s] -- Up-to-date: /home/alvaro/Desktop/workspace/ros_ur_driver/install/ur_bringup/share/ur_bringup/environment/ament_prefix_path.dsv
[0.150s] -- Up-to-date: /home/alvaro/Desktop/workspace/ros_ur_driver/install/ur_bringup/share/ur_bringup/environment/path.sh
[0.150s] -- Up-to-date: /home/alvaro/Desktop/workspace/ros_ur_driver/install/ur_bringup/share/ur_bringup/environment/path.dsv
[0.150s] -- Up-to-date: /home/alvaro/Desktop/workspace/ros_ur_driver/install/ur_bringup/share/ur_bringup/local_setup.bash
[0.150s] -- Up-to-date: /home/alvaro/Desktop/workspace/ros_ur_driver/install/ur_bringup/share/ur_bringup/local_setup.sh
[0.150s] -- Up-to-date: /home/alvaro/Desktop/workspace/ros_ur_driver/install/ur_bringup/share/ur_bringup/local_setup.zsh
[0.151s] -- Up-to-date: /home/alvaro/Desktop/workspace/ros_ur_driver/install/ur_bringup/share/ur_bringup/local_setup.dsv
[0.151s] -- Installing: /home/alvaro/Desktop/workspace/ros_ur_driver/install/ur_bringup/share/ur_bringup/package.dsv
[0.151s] -- Up-to-date: /home/alvaro/Desktop/workspace/ros_ur_driver/install/ur_bringup/share/ament_index/resource_index/packages/ur_bringup
[0.151s] -- Up-to-date: /home/alvaro/Desktop/workspace/ros_ur_driver/install/ur_bringup/share/ur_bringup/cmake/ur_bringupConfig.cmake
[0.152s] -- Up-to-date: /home/alvaro/Desktop/workspace/ros_ur_driver/install/ur_bringup/share/ur_bringup/cmake/ur_bringupConfig-version.cmake
[0.152s] -- Up-to-date: /home/alvaro/Desktop/workspace/ros_ur_driver/install/ur_bringup/share/ur_bringup/package.xml
[0.152s] Invoked command in '/home/alvaro/Desktop/workspace/ros_ur_driver/build/ur_bringup' returned '0': AMENT_PREFIX_PATH=/home/alvaro/Desktop/workspace/ros_ur_driver/install/ur_controllers:/home/alvaro/Desktop/workspace/ros_ur_driver/install/ur_description:/home/alvaro/Desktop/workspace/ros_ur_driver/install/ur_dashboard_msgs:${AMENT_PREFIX_PATH} CMAKE_PREFIX_PATH=/home/alvaro/Desktop/workspace/ros_ur_driver/install/ur_controllers:/home/alvaro/Desktop/workspace/ros_ur_driver/install/ur_description:/home/alvaro/Desktop/workspace/ros_ur_driver/install/ur_dashboard_msgs:/home/alvaro/workspace/ros_ur_driver/install/ur:/home/alvaro/workspace/ros_ur_driver/install/ur_calibration:/home/alvaro/workspace/ros_ur_driver/install/ur_robot_driver:/home/alvaro/workspace/ros_ur_driver/install/ur_moveit_config:/home/alvaro/workspace/ros_ur_driver/install/ur_bringup:/home/alvaro/workspace/ros_ur_driver/install/ur_description:/home/alvaro/workspace/ros_ur_driver/install/ur_controllers:/home/alvaro/workspace/ros_ur_driver/install/ur_dashboard_msgs:/home/alvaro/ros2_ws_copia/install/my_robot_controller:/home/alvaro/ros2_ws_copia/install/movimiento_articular:/home/alvaro/ros2_ws_copia/install/data_logger:/home/alvaro/ros2_ws/install/my_robot_controller:/opt/ros/humble LD_LIBRARY_PATH=/home/alvaro/Desktop/workspace/ros_ur_driver/install/ur_controllers/lib:/home/alvaro/Desktop/workspace/ros_ur_driver/install/ur_dashboard_msgs/lib:${LD_LIBRARY_PATH} PYTHONPATH=/home/alvaro/Desktop/workspace/ros_ur_driver/install/ur_dashboard_msgs/local/lib/python3.10/dist-packages:${PYTHONPATH} /usr/bin/cmake --install /home/alvaro/Desktop/workspace/ros_ur_driver/build/ur_bringup
