[1.117s] Invoking command in '/home/alvaro/TFM_MiguelLerinAlonso/workspace/ros_ur_driver/src/data_logger': PYTHONPATH=/home/alvaro/TFM_MiguelLerinAlonso/workspace/ros_ur_driver/build/data_logger/prefix_override:/home/alvaro/TFM_MiguelLerinAlonso/workspace/ros_ur_driver/install/data_logger/lib/python3.10/site-packages:${PYTHONPATH} /usr/bin/python3 -W ignore:setup.py install is deprecated setup.py egg_info --egg-base ../../build/data_logger build --build-base /home/alvaro/TFM_MiguelLerinAlonso/workspace/ros_ur_driver/build/data_logger/build install --record /home/alvaro/TFM_MiguelLerinAlonso/workspace/ros_ur_driver/build/data_logger/install.log --single-version-externally-managed install_data
[1.447s] running egg_info
[1.448s] creating ../../build/data_logger/data_logger.egg-info
[1.448s] writing ../../build/data_logger/data_logger.egg-info/PKG-INFO
[1.448s] writing dependency_links to ../../build/data_logger/data_logger.egg-info/dependency_links.txt
[1.448s] writing entry points to ../../build/data_logger/data_logger.egg-info/entry_points.txt
[1.449s] writing requirements to ../../build/data_logger/data_logger.egg-info/requires.txt
[1.449s] writing top-level names to ../../build/data_logger/data_logger.egg-info/top_level.txt
[1.449s] writing manifest file '../../build/data_logger/data_logger.egg-info/SOURCES.txt'
[1.452s] reading manifest file '../../build/data_logger/data_logger.egg-info/SOURCES.txt'
[1.453s] writing manifest file '../../build/data_logger/data_logger.egg-info/SOURCES.txt'
[1.453s] running build
[1.453s] running build_py
[1.453s] creating /home/alvaro/TFM_MiguelLerinAlonso/workspace/ros_ur_driver/build/data_logger/build
[1.454s] creating /home/alvaro/TFM_MiguelLerinAlonso/workspace/ros_ur_driver/build/data_logger/build/lib
[1.454s] creating /home/alvaro/TFM_MiguelLerinAlonso/workspace/ros_ur_driver/build/data_logger/build/lib/data_logger
[1.454s] copying data_logger/data_reader.py -> /home/alvaro/TFM_MiguelLerinAlonso/workspace/ros_ur_driver/build/data_logger/build/lib/data_logger
[1.454s] copying data_logger/analog_reader.py -> /home/alvaro/TFM_MiguelLerinAlonso/workspace/ros_ur_driver/build/data_logger/build/lib/data_logger
[1.454s] copying data_logger/__init__.py -> /home/alvaro/TFM_MiguelLerinAlonso/workspace/ros_ur_driver/build/data_logger/build/lib/data_logger
[1.454s] copying data_logger/multi_logger.py -> /home/alvaro/TFM_MiguelLerinAlonso/workspace/ros_ur_driver/build/data_logger/build/lib/data_logger
[1.454s] copying data_logger/digital_reader.py -> /home/alvaro/TFM_MiguelLerinAlonso/workspace/ros_ur_driver/build/data_logger/build/lib/data_logger
[1.455s] copying data_logger/joint_reader.py -> /home/alvaro/TFM_MiguelLerinAlonso/workspace/ros_ur_driver/build/data_logger/build/lib/data_logger
[1.455s] copying data_logger/super_logger.py -> /home/alvaro/TFM_MiguelLerinAlonso/workspace/ros_ur_driver/build/data_logger/build/lib/data_logger
[1.455s] copying data_logger/data_emitter.py -> /home/alvaro/TFM_MiguelLerinAlonso/workspace/ros_ur_driver/build/data_logger/build/lib/data_logger
[1.456s] running install
[1.456s] running install_lib
[1.457s] creating /home/alvaro/TFM_MiguelLerinAlonso/workspace/ros_ur_driver/install/data_logger/lib/python3.10/site-packages/data_logger
[1.457s] copying /home/alvaro/TFM_MiguelLerinAlonso/workspace/ros_ur_driver/build/data_logger/build/lib/data_logger/data_reader.py -> /home/alvaro/TFM_MiguelLerinAlonso/workspace/ros_ur_driver/install/data_logger/lib/python3.10/site-packages/data_logger
[1.457s] copying /home/alvaro/TFM_MiguelLerinAlonso/workspace/ros_ur_driver/build/data_logger/build/lib/data_logger/analog_reader.py -> /home/alvaro/TFM_MiguelLerinAlonso/workspace/ros_ur_driver/install/data_logger/lib/python3.10/site-packages/data_logger
[1.458s] copying /home/alvaro/TFM_MiguelLerinAlonso/workspace/ros_ur_driver/build/data_logger/build/lib/data_logger/__init__.py -> /home/alvaro/TFM_MiguelLerinAlonso/workspace/ros_ur_driver/install/data_logger/lib/python3.10/site-packages/data_logger
[1.458s] copying /home/alvaro/TFM_MiguelLerinAlonso/workspace/ros_ur_driver/build/data_logger/build/lib/data_logger/multi_logger.py -> /home/alvaro/TFM_MiguelLerinAlonso/workspace/ros_ur_driver/install/data_logger/lib/python3.10/site-packages/data_logger
[1.458s] copying /home/alvaro/TFM_MiguelLerinAlonso/workspace/ros_ur_driver/build/data_logger/build/lib/data_logger/digital_reader.py -> /home/alvaro/TFM_MiguelLerinAlonso/workspace/ros_ur_driver/install/data_logger/lib/python3.10/site-packages/data_logger
[1.458s] copying /home/alvaro/TFM_MiguelLerinAlonso/workspace/ros_ur_driver/build/data_logger/build/lib/data_logger/joint_reader.py -> /home/alvaro/TFM_MiguelLerinAlonso/workspace/ros_ur_driver/install/data_logger/lib/python3.10/site-packages/data_logger
[1.458s] copying /home/alvaro/TFM_MiguelLerinAlonso/workspace/ros_ur_driver/build/data_logger/build/lib/data_logger/super_logger.py -> /home/alvaro/TFM_MiguelLerinAlonso/workspace/ros_ur_driver/install/data_logger/lib/python3.10/site-packages/data_logger
[1.458s] copying /home/alvaro/TFM_MiguelLerinAlonso/workspace/ros_ur_driver/build/data_logger/build/lib/data_logger/data_emitter.py -> /home/alvaro/TFM_MiguelLerinAlonso/workspace/ros_ur_driver/install/data_logger/lib/python3.10/site-packages/data_logger
[1.459s] byte-compiling /home/alvaro/TFM_MiguelLerinAlonso/workspace/ros_ur_driver/install/data_logger/lib/python3.10/site-packages/data_logger/data_reader.py to data_reader.cpython-310.pyc
[1.460s] byte-compiling /home/alvaro/TFM_MiguelLerinAlonso/workspace/ros_ur_driver/install/data_logger/lib/python3.10/site-packages/data_logger/analog_reader.py to analog_reader.cpython-310.pyc
[1.462s] byte-compiling /home/alvaro/TFM_MiguelLerinAlonso/workspace/ros_ur_driver/install/data_logger/lib/python3.10/site-packages/data_logger/__init__.py to __init__.cpython-310.pyc
[1.462s] byte-compiling /home/alvaro/TFM_MiguelLerinAlonso/workspace/ros_ur_driver/install/data_logger/lib/python3.10/site-packages/data_logger/multi_logger.py to multi_logger.cpython-310.pyc
[1.463s] byte-compiling /home/alvaro/TFM_MiguelLerinAlonso/workspace/ros_ur_driver/install/data_logger/lib/python3.10/site-packages/data_logger/digital_reader.py to digital_reader.cpython-310.pyc
[1.464s] byte-compiling /home/alvaro/TFM_MiguelLerinAlonso/workspace/ros_ur_driver/install/data_logger/lib/python3.10/site-packages/data_logger/joint_reader.py to joint_reader.cpython-310.pyc
[1.465s] byte-compiling /home/alvaro/TFM_MiguelLerinAlonso/workspace/ros_ur_driver/install/data_logger/lib/python3.10/site-packages/data_logger/super_logger.py to super_logger.cpython-310.pyc
[1.467s] byte-compiling /home/alvaro/TFM_MiguelLerinAlonso/workspace/ros_ur_driver/install/data_logger/lib/python3.10/site-packages/data_logger/data_emitter.py to data_emitter.cpython-310.pyc
[1.468s] running install_data
[1.468s] creating /home/alvaro/TFM_MiguelLerinAlonso/workspace/ros_ur_driver/install/data_logger/share/ament_index
[1.468s] creating /home/alvaro/TFM_MiguelLerinAlonso/workspace/ros_ur_driver/install/data_logger/share/ament_index/resource_index
[1.468s] creating /home/alvaro/TFM_MiguelLerinAlonso/workspace/ros_ur_driver/install/data_logger/share/ament_index/resource_index/packages
[1.468s] copying resource/data_logger -> /home/alvaro/TFM_MiguelLerinAlonso/workspace/ros_ur_driver/install/data_logger/share/ament_index/resource_index/packages
[1.469s] copying package.xml -> /home/alvaro/TFM_MiguelLerinAlonso/workspace/ros_ur_driver/install/data_logger/share/data_logger
[1.469s] running install_egg_info
[1.471s] Copying ../../build/data_logger/data_logger.egg-info to /home/alvaro/TFM_MiguelLerinAlonso/workspace/ros_ur_driver/install/data_logger/lib/python3.10/site-packages/data_logger-0.0.0-py3.10.egg-info
[1.473s] running install_scripts
[1.495s] Installing analog_reader script to /home/alvaro/TFM_MiguelLerinAlonso/workspace/ros_ur_driver/install/data_logger/lib/data_logger
[1.495s] Installing data_emitter script to /home/alvaro/TFM_MiguelLerinAlonso/workspace/ros_ur_driver/install/data_logger/lib/data_logger
[1.496s] Installing data_reader script to /home/alvaro/TFM_MiguelLerinAlonso/workspace/ros_ur_driver/install/data_logger/lib/data_logger
[1.496s] Installing digital_reader script to /home/alvaro/TFM_MiguelLerinAlonso/workspace/ros_ur_driver/install/data_logger/lib/data_logger
[1.496s] Installing joint_reader script to /home/alvaro/TFM_MiguelLerinAlonso/workspace/ros_ur_driver/install/data_logger/lib/data_logger
[1.496s] Installing multi_logger script to /home/alvaro/TFM_MiguelLerinAlonso/workspace/ros_ur_driver/install/data_logger/lib/data_logger
[1.496s] Installing super_logger script to /home/alvaro/TFM_MiguelLerinAlonso/workspace/ros_ur_driver/install/data_logger/lib/data_logger
[1.496s] writing list of installed files to '/home/alvaro/TFM_MiguelLerinAlonso/workspace/ros_ur_driver/build/data_logger/install.log'
[1.527s] Invoked command in '/home/alvaro/TFM_MiguelLerinAlonso/workspace/ros_ur_driver/src/data_logger' returned '0': PYTHONPATH=/home/alvaro/TFM_MiguelLerinAlonso/workspace/ros_ur_driver/build/data_logger/prefix_override:/home/alvaro/TFM_MiguelLerinAlonso/workspace/ros_ur_driver/install/data_logger/lib/python3.10/site-packages:${PYTHONPATH} /usr/bin/python3 -W ignore:setup.py install is deprecated setup.py egg_info --egg-base ../../build/data_logger build --build-base /home/alvaro/TFM_MiguelLerinAlonso/workspace/ros_ur_driver/build/data_logger/build install --record /home/alvaro/TFM_MiguelLerinAlonso/workspace/ros_ur_driver/build/data_logger/install.log --single-version-externally-managed install_data
