[0.012s] Invoking command in '/home/alvaro/Desktop/workspace/ros_ur_driver/build/ur_bringup': AMENT_PREFIX_PATH=/home/alvaro/Desktop/workspace/ros_ur_driver/install/ur_controllers:/home/alvaro/Desktop/workspace/ros_ur_driver/install/ur_description:/home/alvaro/Desktop/workspace/ros_ur_driver/install/ur_dashboard_msgs:${AMENT_PREFIX_PATH} CMAKE_PREFIX_PATH=/home/alvaro/Desktop/workspace/ros_ur_driver/install/ur_controllers:/home/alvaro/Desktop/workspace/ros_ur_driver/install/ur_description:/home/alvaro/Desktop/workspace/ros_ur_driver/install/ur_dashboard_msgs:/home/alvaro/Desktop/workspace/install/ur:/home/alvaro/Desktop/workspace/install/ur_calibration:/home/alvaro/Desktop/workspace/install/ur_robot_driver:/home/alvaro/Desktop/workspace/install/ur_moveit_config:/home/alvaro/Desktop/workspace/install/ur_bringup:/home/alvaro/Desktop/workspace/install/ur_description:/home/alvaro/Desktop/workspace/install/ur_controllers:/home/alvaro/Desktop/workspace/install/ur_dashboard_msgs:/home/alvaro/workspace/ros_ur_driver/install/ur:/home/alvaro/workspace/ros_ur_driver/install/ur_calibration:/home/alvaro/workspace/ros_ur_driver/install/ur_robot_driver:/home/alvaro/workspace/ros_ur_driver/install/ur_moveit_config:/home/alvaro/workspace/ros_ur_driver/install/ur_bringup:/home/alvaro/workspace/ros_ur_driver/install/ur_description:/home/alvaro/workspace/ros_ur_driver/install/ur_controllers:/home/alvaro/workspace/ros_ur_driver/install/ur_dashboard_msgs:/home/alvaro/Desktop/workspace/install/data_logger:/home/alvaro/ros2_ws_copia/install/my_robot_controller:/home/alvaro/ros2_ws_copia/install/movimiento_articular:/home/alvaro/ros2_ws_copia/install/data_logger:/home/alvaro/ros2_ws/install/my_robot_controller:/opt/ros/humble LD_LIBRARY_PATH=/home/alvaro/Desktop/workspace/ros_ur_driver/install/ur_controllers/lib:/home/alvaro/Desktop/workspace/ros_ur_driver/install/ur_dashboard_msgs/lib:${LD_LIBRARY_PATH} PYTHONPATH=/home/alvaro/Desktop/workspace/ros_ur_driver/install/ur_dashboard_msgs/local/lib/python3.10/dist-packages:${PYTHONPATH} /usr/bin/cmake /home/alvaro/Desktop/workspace/ros_ur_driver/src/Universal_Robots_ROS2_Driver/ur_bringup -DCMAKE_BUILD_TYPE=Release -DCMAKE_INSTALL_PREFIX=/home/alvaro/Desktop/workspace/ros_ur_driver/install/ur_bringup
[0.059s] -- The C compiler identification is GNU 11.4.0
[0.115s] -- The CXX compiler identification is GNU 11.4.0
[0.122s] -- Detecting C compiler ABI info
[0.183s] -- Detecting C compiler ABI info - done
[0.194s] -- Check for working C compiler: /usr/bin/cc - skipped
[0.194s] -- Detecting C compile features
[0.195s] -- Detecting C compile features - done
[0.199s] -- Detecting CXX compiler ABI info
[0.276s] -- Detecting CXX compiler ABI info - done
[0.283s] -- Check for working CXX compiler: /usr/bin/c++ - skipped
[0.283s] -- Detecting CXX compile features
[0.283s] -- Detecting CXX compile features - done
[0.287s] -- Found ament_cmake: 1.3.8 (/opt/ros/humble/share/ament_cmake/cmake)
[0.442s] -- Found Python3: /usr/bin/python3 (found version "3.10.12") found components: Interpreter 
[0.609s] -- Configuring done
[0.611s] -- Generating done
[0.612s] -- Build files have been written to: /home/alvaro/Desktop/workspace/ros_ur_driver/build/ur_bringup
[0.615s] Invoked command in '/home/alvaro/Desktop/workspace/ros_ur_driver/build/ur_bringup' returned '0': AMENT_PREFIX_PATH=/home/alvaro/Desktop/workspace/ros_ur_driver/install/ur_controllers:/home/alvaro/Desktop/workspace/ros_ur_driver/install/ur_description:/home/alvaro/Desktop/workspace/ros_ur_driver/install/ur_dashboard_msgs:${AMENT_PREFIX_PATH} CMAKE_PREFIX_PATH=/home/alvaro/Desktop/workspace/ros_ur_driver/install/ur_controllers:/home/alvaro/Desktop/workspace/ros_ur_driver/install/ur_description:/home/alvaro/Desktop/workspace/ros_ur_driver/install/ur_dashboard_msgs:/home/alvaro/Desktop/workspace/install/ur:/home/alvaro/Desktop/workspace/install/ur_calibration:/home/alvaro/Desktop/workspace/install/ur_robot_driver:/home/alvaro/Desktop/workspace/install/ur_moveit_config:/home/alvaro/Desktop/workspace/install/ur_bringup:/home/alvaro/Desktop/workspace/install/ur_description:/home/alvaro/Desktop/workspace/install/ur_controllers:/home/alvaro/Desktop/workspace/install/ur_dashboard_msgs:/home/alvaro/workspace/ros_ur_driver/install/ur:/home/alvaro/workspace/ros_ur_driver/install/ur_calibration:/home/alvaro/workspace/ros_ur_driver/install/ur_robot_driver:/home/alvaro/workspace/ros_ur_driver/install/ur_moveit_config:/home/alvaro/workspace/ros_ur_driver/install/ur_bringup:/home/alvaro/workspace/ros_ur_driver/install/ur_description:/home/alvaro/workspace/ros_ur_driver/install/ur_controllers:/home/alvaro/workspace/ros_ur_driver/install/ur_dashboard_msgs:/home/alvaro/Desktop/workspace/install/data_logger:/home/alvaro/ros2_ws_copia/install/my_robot_controller:/home/alvaro/ros2_ws_copia/install/movimiento_articular:/home/alvaro/ros2_ws_copia/install/data_logger:/home/alvaro/ros2_ws/install/my_robot_controller:/opt/ros/humble LD_LIBRARY_PATH=/home/alvaro/Desktop/workspace/ros_ur_driver/install/ur_controllers/lib:/home/alvaro/Desktop/workspace/ros_ur_driver/install/ur_dashboard_msgs/lib:${LD_LIBRARY_PATH} PYTHONPATH=/home/alvaro/Desktop/workspace/ros_ur_driver/install/ur_dashboard_msgs/local/lib/python3.10/dist-packages:${PYTHONPATH} /usr/bin/cmake /home/alvaro/Desktop/workspace/ros_ur_driver/src/Universal_Robots_ROS2_Driver/ur_bringup -DCMAKE_BUILD_TYPE=Release -DCMAKE_INSTALL_PREFIX=/home/alvaro/Desktop/workspace/ros_ur_driver/install/ur_bringup
[0.616s] Invoking command in '/home/alvaro/Desktop/workspace/ros_ur_driver/build/ur_bringup': AMENT_PREFIX_PATH=/home/alvaro/Desktop/workspace/ros_ur_driver/install/ur_controllers:/home/alvaro/Desktop/workspace/ros_ur_driver/install/ur_description:/home/alvaro/Desktop/workspace/ros_ur_driver/install/ur_dashboard_msgs:${AMENT_PREFIX_PATH} CMAKE_PREFIX_PATH=/home/alvaro/Desktop/workspace/ros_ur_driver/install/ur_controllers:/home/alvaro/Desktop/workspace/ros_ur_driver/install/ur_description:/home/alvaro/Desktop/workspace/ros_ur_driver/install/ur_dashboard_msgs:/home/alvaro/Desktop/workspace/install/ur:/home/alvaro/Desktop/workspace/install/ur_calibration:/home/alvaro/Desktop/workspace/install/ur_robot_driver:/home/alvaro/Desktop/workspace/install/ur_moveit_config:/home/alvaro/Desktop/workspace/install/ur_bringup:/home/alvaro/Desktop/workspace/install/ur_description:/home/alvaro/Desktop/workspace/install/ur_controllers:/home/alvaro/Desktop/workspace/install/ur_dashboard_msgs:/home/alvaro/workspace/ros_ur_driver/install/ur:/home/alvaro/workspace/ros_ur_driver/install/ur_calibration:/home/alvaro/workspace/ros_ur_driver/install/ur_robot_driver:/home/alvaro/workspace/ros_ur_driver/install/ur_moveit_config:/home/alvaro/workspace/ros_ur_driver/install/ur_bringup:/home/alvaro/workspace/ros_ur_driver/install/ur_description:/home/alvaro/workspace/ros_ur_driver/install/ur_controllers:/home/alvaro/workspace/ros_ur_driver/install/ur_dashboard_msgs:/home/alvaro/Desktop/workspace/install/data_logger:/home/alvaro/ros2_ws_copia/install/my_robot_controller:/home/alvaro/ros2_ws_copia/install/movimiento_articular:/home/alvaro/ros2_ws_copia/install/data_logger:/home/alvaro/ros2_ws/install/my_robot_controller:/opt/ros/humble LD_LIBRARY_PATH=/home/alvaro/Desktop/workspace/ros_ur_driver/install/ur_controllers/lib:/home/alvaro/Desktop/workspace/ros_ur_driver/install/ur_dashboard_msgs/lib:${LD_LIBRARY_PATH} PYTHONPATH=/home/alvaro/Desktop/workspace/ros_ur_driver/install/ur_dashboard_msgs/local/lib/python3.10/dist-packages:${PYTHONPATH} /usr/bin/cmake --build /home/alvaro/Desktop/workspace/ros_ur_driver/build/ur_bringup -- -j8 -l8
[0.646s] Invoked command in '/home/alvaro/Desktop/workspace/ros_ur_driver/build/ur_bringup' returned '0': AMENT_PREFIX_PATH=/home/alvaro/Desktop/workspace/ros_ur_driver/install/ur_controllers:/home/alvaro/Desktop/workspace/ros_ur_driver/install/ur_description:/home/alvaro/Desktop/workspace/ros_ur_driver/install/ur_dashboard_msgs:${AMENT_PREFIX_PATH} CMAKE_PREFIX_PATH=/home/alvaro/Desktop/workspace/ros_ur_driver/install/ur_controllers:/home/alvaro/Desktop/workspace/ros_ur_driver/install/ur_description:/home/alvaro/Desktop/workspace/ros_ur_driver/install/ur_dashboard_msgs:/home/alvaro/Desktop/workspace/install/ur:/home/alvaro/Desktop/workspace/install/ur_calibration:/home/alvaro/Desktop/workspace/install/ur_robot_driver:/home/alvaro/Desktop/workspace/install/ur_moveit_config:/home/alvaro/Desktop/workspace/install/ur_bringup:/home/alvaro/Desktop/workspace/install/ur_description:/home/alvaro/Desktop/workspace/install/ur_controllers:/home/alvaro/Desktop/workspace/install/ur_dashboard_msgs:/home/alvaro/workspace/ros_ur_driver/install/ur:/home/alvaro/workspace/ros_ur_driver/install/ur_calibration:/home/alvaro/workspace/ros_ur_driver/install/ur_robot_driver:/home/alvaro/workspace/ros_ur_driver/install/ur_moveit_config:/home/alvaro/workspace/ros_ur_driver/install/ur_bringup:/home/alvaro/workspace/ros_ur_driver/install/ur_description:/home/alvaro/workspace/ros_ur_driver/install/ur_controllers:/home/alvaro/workspace/ros_ur_driver/install/ur_dashboard_msgs:/home/alvaro/Desktop/workspace/install/data_logger:/home/alvaro/ros2_ws_copia/install/my_robot_controller:/home/alvaro/ros2_ws_copia/install/movimiento_articular:/home/alvaro/ros2_ws_copia/install/data_logger:/home/alvaro/ros2_ws/install/my_robot_controller:/opt/ros/humble LD_LIBRARY_PATH=/home/alvaro/Desktop/workspace/ros_ur_driver/install/ur_controllers/lib:/home/alvaro/Desktop/workspace/ros_ur_driver/install/ur_dashboard_msgs/lib:${LD_LIBRARY_PATH} PYTHONPATH=/home/alvaro/Desktop/workspace/ros_ur_driver/install/ur_dashboard_msgs/local/lib/python3.10/dist-packages:${PYTHONPATH} /usr/bin/cmake --build /home/alvaro/Desktop/workspace/ros_ur_driver/build/ur_bringup -- -j8 -l8
[0.664s] Invoking command in '/home/alvaro/Desktop/workspace/ros_ur_driver/build/ur_bringup': AMENT_PREFIX_PATH=/home/alvaro/Desktop/workspace/ros_ur_driver/install/ur_controllers:/home/alvaro/Desktop/workspace/ros_ur_driver/install/ur_description:/home/alvaro/Desktop/workspace/ros_ur_driver/install/ur_dashboard_msgs:${AMENT_PREFIX_PATH} CMAKE_PREFIX_PATH=/home/alvaro/Desktop/workspace/ros_ur_driver/install/ur_controllers:/home/alvaro/Desktop/workspace/ros_ur_driver/install/ur_description:/home/alvaro/Desktop/workspace/ros_ur_driver/install/ur_dashboard_msgs:/home/alvaro/Desktop/workspace/install/ur:/home/alvaro/Desktop/workspace/install/ur_calibration:/home/alvaro/Desktop/workspace/install/ur_robot_driver:/home/alvaro/Desktop/workspace/install/ur_moveit_config:/home/alvaro/Desktop/workspace/install/ur_bringup:/home/alvaro/Desktop/workspace/install/ur_description:/home/alvaro/Desktop/workspace/install/ur_controllers:/home/alvaro/Desktop/workspace/install/ur_dashboard_msgs:/home/alvaro/workspace/ros_ur_driver/install/ur:/home/alvaro/workspace/ros_ur_driver/install/ur_calibration:/home/alvaro/workspace/ros_ur_driver/install/ur_robot_driver:/home/alvaro/workspace/ros_ur_driver/install/ur_moveit_config:/home/alvaro/workspace/ros_ur_driver/install/ur_bringup:/home/alvaro/workspace/ros_ur_driver/install/ur_description:/home/alvaro/workspace/ros_ur_driver/install/ur_controllers:/home/alvaro/workspace/ros_ur_driver/install/ur_dashboard_msgs:/home/alvaro/Desktop/workspace/install/data_logger:/home/alvaro/ros2_ws_copia/install/my_robot_controller:/home/alvaro/ros2_ws_copia/install/movimiento_articular:/home/alvaro/ros2_ws_copia/install/data_logger:/home/alvaro/ros2_ws/install/my_robot_controller:/opt/ros/humble LD_LIBRARY_PATH=/home/alvaro/Desktop/workspace/ros_ur_driver/install/ur_controllers/lib:/home/alvaro/Desktop/workspace/ros_ur_driver/install/ur_dashboard_msgs/lib:${LD_LIBRARY_PATH} PYTHONPATH=/home/alvaro/Desktop/workspace/ros_ur_driver/install/ur_dashboard_msgs/local/lib/python3.10/dist-packages:${PYTHONPATH} /usr/bin/cmake --install /home/alvaro/Desktop/workspace/ros_ur_driver/build/ur_bringup
[0.670s] -- Install configuration: "Release"
[0.671s] -- Installing: /home/alvaro/Desktop/workspace/ros_ur_driver/install/ur_bringup/share/ur_bringup/config
[0.671s] -- Installing: /home/alvaro/Desktop/workspace/ros_ur_driver/install/ur_bringup/share/ur_bringup/config/test_velocity_goal_publishers_config.yaml
[0.671s] -- Installing: /home/alvaro/Desktop/workspace/ros_ur_driver/install/ur_bringup/share/ur_bringup/config/ur3_update_rate.yaml
[0.671s] -- Installing: /home/alvaro/Desktop/workspace/ros_ur_driver/install/ur_bringup/share/ur_bringup/config/ur16e_update_rate.yaml
[0.671s] -- Installing: /home/alvaro/Desktop/workspace/ros_ur_driver/install/ur_bringup/share/ur_bringup/config/ur5_update_rate.yaml
[0.671s] -- Installing: /home/alvaro/Desktop/workspace/ros_ur_driver/install/ur_bringup/share/ur_bringup/config/ur5e_update_rate.yaml
[0.672s] -- Installing: /home/alvaro/Desktop/workspace/ros_ur_driver/install/ur_bringup/share/ur_bringup/config/points.csv
[0.672s] -- Installing: /home/alvaro/Desktop/workspace/ros_ur_driver/install/ur_bringup/share/ur_bringup/config/ur10_update_rate.yaml
[0.672s] -- Installing: /home/alvaro/Desktop/workspace/ros_ur_driver/install/ur_bringup/share/ur_bringup/config/ur3e_update_rate.yaml
[0.672s] -- Installing: /home/alvaro/Desktop/workspace/ros_ur_driver/install/ur_bringup/share/ur_bringup/config/ur10e_update_rate.yaml
[0.672s] -- Installing: /home/alvaro/Desktop/workspace/ros_ur_driver/install/ur_bringup/share/ur_bringup/config/points_hel.csv
[0.672s] -- Installing: /home/alvaro/Desktop/workspace/ros_ur_driver/install/ur_bringup/share/ur_bringup/config/ur_controllers.yaml
[0.672s] -- Installing: /home/alvaro/Desktop/workspace/ros_ur_driver/install/ur_bringup/share/ur_bringup/config/test_goal_publishers_config.yaml
[0.673s] -- Installing: /home/alvaro/Desktop/workspace/ros_ur_driver/install/ur_bringup/share/ur_bringup/launch
[0.673s] -- Installing: /home/alvaro/Desktop/workspace/ros_ur_driver/install/ur_bringup/share/ur_bringup/launch/ur_control.launch.py
[0.673s] -- Installing: /home/alvaro/Desktop/workspace/ros_ur_driver/install/ur_bringup/share/ur_bringup/launch/test_scaled_joint_trajectory_controller.launch.py
[0.673s] -- Installing: /home/alvaro/Desktop/workspace/ros_ur_driver/install/ur_bringup/share/ur_bringup/launch/ur3e.launch.py
[0.673s] -- Installing: /home/alvaro/Desktop/workspace/ros_ur_driver/install/ur_bringup/share/ur_bringup/launch/salsa_secreta.py
[0.673s] -- Installing: /home/alvaro/Desktop/workspace/ros_ur_driver/install/ur_bringup/share/ur_bringup/launch/genera_trayectoria_circular.py
[0.673s] -- Installing: /home/alvaro/Desktop/workspace/ros_ur_driver/install/ur_bringup/share/ur_bringup/launch/cartesian_path_node.py
[0.674s] -- Installing: /home/alvaro/Desktop/workspace/ros_ur_driver/install/ur_bringup/share/ur_bringup/launch/test_joint_trajectory_controller.launch.py
[0.674s] -- Installing: /home/alvaro/Desktop/workspace/ros_ur_driver/install/ur_bringup/share/ur_bringup/launch/trayectoria_suave.py
[0.674s] -- Installing: /home/alvaro/Desktop/workspace/ros_ur_driver/install/ur_bringup/share/ur_bringup/launch/test_forward_velocity_controller.launch.py
[0.674s] -- Installing: /home/alvaro/Desktop/workspace/ros_ur_driver/install/ur_bringup/share/ur_bringup/launch/ur_dashboard_client.launch.py
[0.674s] -- Installing: /home/alvaro/Desktop/workspace/ros_ur_driver/install/ur_bringup/share/ur_bringup/launch/adela.py
[0.674s] -- Installing: /home/alvaro/Desktop/workspace/ros_ur_driver/install/ur_bringup/share/ur_bringup/launch/lanzar_robot.launch.py
[0.675s] -- Installing: /home/alvaro/Desktop/workspace/ros_ur_driver/install/ur_bringup/share/ur_bringup/launch/ur5e.launch.py
[0.675s] -- Installing: /home/alvaro/Desktop/workspace/ros_ur_driver/install/ur_bringup/share/ur_bringup/launch/ur10.launch.py
[0.675s] -- Installing: /home/alvaro/Desktop/workspace/ros_ur_driver/install/ur_bringup/share/ur_bringup/launch/lanzar_simulacion.launch.py
[0.675s] -- Installing: /home/alvaro/Desktop/workspace/ros_ur_driver/install/ur_bringup/share/ur_bringup/launch/ur3.launch.py
[0.675s] -- Installing: /home/alvaro/Desktop/workspace/ros_ur_driver/install/ur_bringup/share/ur_bringup/launch/ur16e.launch.py
[0.675s] -- Installing: /home/alvaro/Desktop/workspace/ros_ur_driver/install/ur_bringup/share/ur_bringup/launch/ur10e.launch.py
[0.675s] -- Installing: /home/alvaro/Desktop/workspace/ros_ur_driver/install/ur_bringup/share/ur_bringup/launch/ur5.launch.py
[0.676s] -- Installing: /home/alvaro/Desktop/workspace/ros_ur_driver/install/ur_bringup/lib/ur_bringup/start_ursim.sh
[0.676s] -- Installing: /home/alvaro/Desktop/workspace/ros_ur_driver/install/ur_bringup/share/ament_index/resource_index/package_run_dependencies/ur_bringup
[0.676s] -- Installing: /home/alvaro/Desktop/workspace/ros_ur_driver/install/ur_bringup/share/ament_index/resource_index/parent_prefix_path/ur_bringup
[0.676s] -- Installing: /home/alvaro/Desktop/workspace/ros_ur_driver/install/ur_bringup/share/ur_bringup/environment/ament_prefix_path.sh
[0.676s] -- Installing: /home/alvaro/Desktop/workspace/ros_ur_driver/install/ur_bringup/share/ur_bringup/environment/ament_prefix_path.dsv
[0.676s] -- Installing: /home/alvaro/Desktop/workspace/ros_ur_driver/install/ur_bringup/share/ur_bringup/environment/path.sh
[0.676s] -- Installing: /home/alvaro/Desktop/workspace/ros_ur_driver/install/ur_bringup/share/ur_bringup/environment/path.dsv
[0.677s] -- Installing: /home/alvaro/Desktop/workspace/ros_ur_driver/install/ur_bringup/share/ur_bringup/local_setup.bash
[0.677s] -- Installing: /home/alvaro/Desktop/workspace/ros_ur_driver/install/ur_bringup/share/ur_bringup/local_setup.sh
[0.677s] -- Installing: /home/alvaro/Desktop/workspace/ros_ur_driver/install/ur_bringup/share/ur_bringup/local_setup.zsh
[0.677s] -- Installing: /home/alvaro/Desktop/workspace/ros_ur_driver/install/ur_bringup/share/ur_bringup/local_setup.dsv
[0.677s] -- Installing: /home/alvaro/Desktop/workspace/ros_ur_driver/install/ur_bringup/share/ur_bringup/package.dsv
[0.677s] -- Installing: /home/alvaro/Desktop/workspace/ros_ur_driver/install/ur_bringup/share/ament_index/resource_index/packages/ur_bringup
[0.677s] -- Installing: /home/alvaro/Desktop/workspace/ros_ur_driver/install/ur_bringup/share/ur_bringup/cmake/ur_bringupConfig.cmake
[0.678s] -- Installing: /home/alvaro/Desktop/workspace/ros_ur_driver/install/ur_bringup/share/ur_bringup/cmake/ur_bringupConfig-version.cmake
[0.679s] -- Installing: /home/alvaro/Desktop/workspace/ros_ur_driver/install/ur_bringup/share/ur_bringup/package.xml
[0.679s] Invoked command in '/home/alvaro/Desktop/workspace/ros_ur_driver/build/ur_bringup' returned '0': AMENT_PREFIX_PATH=/home/alvaro/Desktop/workspace/ros_ur_driver/install/ur_controllers:/home/alvaro/Desktop/workspace/ros_ur_driver/install/ur_description:/home/alvaro/Desktop/workspace/ros_ur_driver/install/ur_dashboard_msgs:${AMENT_PREFIX_PATH} CMAKE_PREFIX_PATH=/home/alvaro/Desktop/workspace/ros_ur_driver/install/ur_controllers:/home/alvaro/Desktop/workspace/ros_ur_driver/install/ur_description:/home/alvaro/Desktop/workspace/ros_ur_driver/install/ur_dashboard_msgs:/home/alvaro/Desktop/workspace/install/ur:/home/alvaro/Desktop/workspace/install/ur_calibration:/home/alvaro/Desktop/workspace/install/ur_robot_driver:/home/alvaro/Desktop/workspace/install/ur_moveit_config:/home/alvaro/Desktop/workspace/install/ur_bringup:/home/alvaro/Desktop/workspace/install/ur_description:/home/alvaro/Desktop/workspace/install/ur_controllers:/home/alvaro/Desktop/workspace/install/ur_dashboard_msgs:/home/alvaro/workspace/ros_ur_driver/install/ur:/home/alvaro/workspace/ros_ur_driver/install/ur_calibration:/home/alvaro/workspace/ros_ur_driver/install/ur_robot_driver:/home/alvaro/workspace/ros_ur_driver/install/ur_moveit_config:/home/alvaro/workspace/ros_ur_driver/install/ur_bringup:/home/alvaro/workspace/ros_ur_driver/install/ur_description:/home/alvaro/workspace/ros_ur_driver/install/ur_controllers:/home/alvaro/workspace/ros_ur_driver/install/ur_dashboard_msgs:/home/alvaro/Desktop/workspace/install/data_logger:/home/alvaro/ros2_ws_copia/install/my_robot_controller:/home/alvaro/ros2_ws_copia/install/movimiento_articular:/home/alvaro/ros2_ws_copia/install/data_logger:/home/alvaro/ros2_ws/install/my_robot_controller:/opt/ros/humble LD_LIBRARY_PATH=/home/alvaro/Desktop/workspace/ros_ur_driver/install/ur_controllers/lib:/home/alvaro/Desktop/workspace/ros_ur_driver/install/ur_dashboard_msgs/lib:${LD_LIBRARY_PATH} PYTHONPATH=/home/alvaro/Desktop/workspace/ros_ur_driver/install/ur_dashboard_msgs/local/lib/python3.10/dist-packages:${PYTHONPATH} /usr/bin/cmake --install /home/alvaro/Desktop/workspace/ros_ur_driver/build/ur_bringup
