[0.103s] Invoking command in '/home/alvaro/Desktop/workspace/ros_ur_driver/build/ur_robot_driver': CMAKE_PREFIX_PATH=/home/alvaro/Desktop/workspace/ros_ur_driver/install/ur_controllers:/home/alvaro/Desktop/workspace/ros_ur_driver/install/ur_description:/home/alvaro/Desktop/workspace/ros_ur_driver/install/ur_dashboard_msgs:/home/alvaro/Desktop/workspace/ros_ur_driver/install/ur:/home/alvaro/Desktop/workspace/ros_ur_driver/install/ur_calibration:/home/alvaro/Desktop/workspace/ros_ur_driver/install/ur_robot_driver:/home/alvaro/Desktop/workspace/ros_ur_driver/install/ur_moveit_config:/home/alvaro/Desktop/workspace/ros_ur_driver/install/ur_bringup:/home/alvaro/workspace/ros_ur_driver/install/ur:/home/alvaro/workspace/ros_ur_driver/install/ur_calibration:/home/alvaro/workspace/ros_ur_driver/install/ur_robot_driver:/home/alvaro/workspace/ros_ur_driver/install/ur_moveit_config:/home/alvaro/workspace/ros_ur_driver/install/ur_bringup:/home/alvaro/workspace/ros_ur_driver/install/ur_description:/home/alvaro/workspace/ros_ur_driver/install/ur_controllers:/home/alvaro/workspace/ros_ur_driver/install/ur_dashboard_msgs:/home/alvaro/Desktop/workspace/ros_ur_driver/install/trayectories:/home/alvaro/Desktop/workspace/ros_ur_driver/install/data_logger:/home/alvaro/ros2_ws_copia/install/my_robot_controller:/home/alvaro/ros2_ws_copia/install/movimiento_articular:/home/alvaro/ros2_ws_copia/install/data_logger:/home/alvaro/ros2_ws/install/my_robot_controller:/opt/ros/humble LD_LIBRARY_PATH=/home/alvaro/Desktop/workspace/ros_ur_driver/install/ur_controllers/lib:/home/alvaro/Desktop/workspace/ros_ur_driver/install/ur_dashboard_msgs/lib:/home/alvaro/Desktop/workspace/ros_ur_driver/install/ur_robot_driver/lib:/home/alvaro/workspace/ros_ur_driver/install/ur_robot_driver/lib:/home/alvaro/workspace/ros_ur_driver/install/ur_controllers/lib:/home/alvaro/workspace/ros_ur_driver/install/ur_dashboard_msgs/lib:/opt/ros/humble/opt/rviz_ogre_vendor/lib:/opt/ros/humble/lib/x86_64-linux-gnu:/opt/ros/humble/lib /usr/bin/cmake --build /home/alvaro/Desktop/workspace/ros_ur_driver/build/ur_robot_driver -- -j8 -l8
[0.488s] [ 26%] Built target dashboard_client
[0.522s] [ 40%] Built target ur_ros2_control_node
[0.525s] [ 40%] Built target ament_cmake_python_copy_ur_robot_driver
[0.541s] [ 60%] Built target controller_stopper_node
[0.641s] [ 86%] Built target ur_robot_driver_plugin
[0.644s] [100%] Built target urscript_interface
[2.208s] running egg_info
[2.211s] writing ur_robot_driver.egg-info/PKG-INFO
[2.212s] writing dependency_links to ur_robot_driver.egg-info/dependency_links.txt
[2.213s] writing top-level names to ur_robot_driver.egg-info/top_level.txt
[2.223s] reading manifest file 'ur_robot_driver.egg-info/SOURCES.txt'
[2.227s] writing manifest file 'ur_robot_driver.egg-info/SOURCES.txt'
[2.336s] [100%] Built target ament_cmake_python_build_ur_robot_driver_egg
[2.382s] Invoked command in '/home/alvaro/Desktop/workspace/ros_ur_driver/build/ur_robot_driver' returned '0': CMAKE_PREFIX_PATH=/home/alvaro/Desktop/workspace/ros_ur_driver/install/ur_controllers:/home/alvaro/Desktop/workspace/ros_ur_driver/install/ur_description:/home/alvaro/Desktop/workspace/ros_ur_driver/install/ur_dashboard_msgs:/home/alvaro/Desktop/workspace/ros_ur_driver/install/ur:/home/alvaro/Desktop/workspace/ros_ur_driver/install/ur_calibration:/home/alvaro/Desktop/workspace/ros_ur_driver/install/ur_robot_driver:/home/alvaro/Desktop/workspace/ros_ur_driver/install/ur_moveit_config:/home/alvaro/Desktop/workspace/ros_ur_driver/install/ur_bringup:/home/alvaro/workspace/ros_ur_driver/install/ur:/home/alvaro/workspace/ros_ur_driver/install/ur_calibration:/home/alvaro/workspace/ros_ur_driver/install/ur_robot_driver:/home/alvaro/workspace/ros_ur_driver/install/ur_moveit_config:/home/alvaro/workspace/ros_ur_driver/install/ur_bringup:/home/alvaro/workspace/ros_ur_driver/install/ur_description:/home/alvaro/workspace/ros_ur_driver/install/ur_controllers:/home/alvaro/workspace/ros_ur_driver/install/ur_dashboard_msgs:/home/alvaro/Desktop/workspace/ros_ur_driver/install/trayectories:/home/alvaro/Desktop/workspace/ros_ur_driver/install/data_logger:/home/alvaro/ros2_ws_copia/install/my_robot_controller:/home/alvaro/ros2_ws_copia/install/movimiento_articular:/home/alvaro/ros2_ws_copia/install/data_logger:/home/alvaro/ros2_ws/install/my_robot_controller:/opt/ros/humble LD_LIBRARY_PATH=/home/alvaro/Desktop/workspace/ros_ur_driver/install/ur_controllers/lib:/home/alvaro/Desktop/workspace/ros_ur_driver/install/ur_dashboard_msgs/lib:/home/alvaro/Desktop/workspace/ros_ur_driver/install/ur_robot_driver/lib:/home/alvaro/workspace/ros_ur_driver/install/ur_robot_driver/lib:/home/alvaro/workspace/ros_ur_driver/install/ur_controllers/lib:/home/alvaro/workspace/ros_ur_driver/install/ur_dashboard_msgs/lib:/opt/ros/humble/opt/rviz_ogre_vendor/lib:/opt/ros/humble/lib/x86_64-linux-gnu:/opt/ros/humble/lib /usr/bin/cmake --build /home/alvaro/Desktop/workspace/ros_ur_driver/build/ur_robot_driver -- -j8 -l8
[2.578s] Invoking command in '/home/alvaro/Desktop/workspace/ros_ur_driver/build/ur_robot_driver': CMAKE_PREFIX_PATH=/home/alvaro/Desktop/workspace/ros_ur_driver/install/ur_controllers:/home/alvaro/Desktop/workspace/ros_ur_driver/install/ur_description:/home/alvaro/Desktop/workspace/ros_ur_driver/install/ur_dashboard_msgs:/home/alvaro/Desktop/workspace/ros_ur_driver/install/ur:/home/alvaro/Desktop/workspace/ros_ur_driver/install/ur_calibration:/home/alvaro/Desktop/workspace/ros_ur_driver/install/ur_robot_driver:/home/alvaro/Desktop/workspace/ros_ur_driver/install/ur_moveit_config:/home/alvaro/Desktop/workspace/ros_ur_driver/install/ur_bringup:/home/alvaro/workspace/ros_ur_driver/install/ur:/home/alvaro/workspace/ros_ur_driver/install/ur_calibration:/home/alvaro/workspace/ros_ur_driver/install/ur_robot_driver:/home/alvaro/workspace/ros_ur_driver/install/ur_moveit_config:/home/alvaro/workspace/ros_ur_driver/install/ur_bringup:/home/alvaro/workspace/ros_ur_driver/install/ur_description:/home/alvaro/workspace/ros_ur_driver/install/ur_controllers:/home/alvaro/workspace/ros_ur_driver/install/ur_dashboard_msgs:/home/alvaro/Desktop/workspace/ros_ur_driver/install/trayectories:/home/alvaro/Desktop/workspace/ros_ur_driver/install/data_logger:/home/alvaro/ros2_ws_copia/install/my_robot_controller:/home/alvaro/ros2_ws_copia/install/movimiento_articular:/home/alvaro/ros2_ws_copia/install/data_logger:/home/alvaro/ros2_ws/install/my_robot_controller:/opt/ros/humble LD_LIBRARY_PATH=/home/alvaro/Desktop/workspace/ros_ur_driver/install/ur_controllers/lib:/home/alvaro/Desktop/workspace/ros_ur_driver/install/ur_dashboard_msgs/lib:/home/alvaro/Desktop/workspace/ros_ur_driver/install/ur_robot_driver/lib:/home/alvaro/workspace/ros_ur_driver/install/ur_robot_driver/lib:/home/alvaro/workspace/ros_ur_driver/install/ur_controllers/lib:/home/alvaro/workspace/ros_ur_driver/install/ur_dashboard_msgs/lib:/opt/ros/humble/opt/rviz_ogre_vendor/lib:/opt/ros/humble/lib/x86_64-linux-gnu:/opt/ros/humble/lib /usr/bin/cmake --install /home/alvaro/Desktop/workspace/ros_ur_driver/build/ur_robot_driver
[2.611s] -- Install configuration: "Release"
[2.612s] -- Up-to-date: /home/alvaro/Desktop/workspace/ros_ur_driver/install/ur_robot_driver/share/ur_robot_driver/hardware_interface_plugin.xml
[2.612s] -- Up-to-date: /home/alvaro/Desktop/workspace/ros_ur_driver/install/ur_robot_driver/lib/ur_robot_driver/dashboard_client
[2.613s] -- Up-to-date: /home/alvaro/Desktop/workspace/ros_ur_driver/install/ur_robot_driver/lib/ur_robot_driver/ur_ros2_control_node
[2.615s] -- Up-to-date: /home/alvaro/Desktop/workspace/ros_ur_driver/install/ur_robot_driver/lib/ur_robot_driver/controller_stopper_node
[2.616s] -- Up-to-date: /home/alvaro/Desktop/workspace/ros_ur_driver/install/ur_robot_driver/lib/ur_robot_driver/urscript_interface
[2.617s] -- Up-to-date: /home/alvaro/Desktop/workspace/ros_ur_driver/install/ur_robot_driver/lib/libur_robot_driver_plugin.so
[2.618s] -- Up-to-date: /home/alvaro/Desktop/workspace/ros_ur_driver/install/ur_robot_driver/include
[2.618s] -- Up-to-date: /home/alvaro/Desktop/workspace/ros_ur_driver/install/ur_robot_driver/include/ur_robot_driver
[2.619s] -- Up-to-date: /home/alvaro/Desktop/workspace/ros_ur_driver/install/ur_robot_driver/include/ur_robot_driver/dashboard_client_ros.hpp
[2.620s] -- Up-to-date: /home/alvaro/Desktop/workspace/ros_ur_driver/install/ur_robot_driver/include/ur_robot_driver/controller_stopper.hpp
[2.621s] -- Up-to-date: /home/alvaro/Desktop/workspace/ros_ur_driver/install/ur_robot_driver/include/ur_robot_driver/urcl_log_handler.hpp
[2.621s] -- Up-to-date: /home/alvaro/Desktop/workspace/ros_ur_driver/install/ur_robot_driver/include/ur_robot_driver/hardware_interface.hpp
[2.622s] -- Up-to-date: /home/alvaro/Desktop/workspace/ros_ur_driver/install/ur_robot_driver/share/ur_robot_driver/environment/library_path.sh
[2.622s] -- Up-to-date: /home/alvaro/Desktop/workspace/ros_ur_driver/install/ur_robot_driver/share/ur_robot_driver/environment/library_path.dsv
[2.623s] -- Up-to-date: /home/alvaro/Desktop/workspace/ros_ur_driver/install/ur_robot_driver/share/ur_robot_driver/resources
[2.623s] -- Up-to-date: /home/alvaro/Desktop/workspace/ros_ur_driver/install/ur_robot_driver/share/ur_robot_driver/resources/rtde_input_recipe.txt
[2.623s] -- Up-to-date: /home/alvaro/Desktop/workspace/ros_ur_driver/install/ur_robot_driver/share/ur_robot_driver/resources/rtde_output_recipe.txt
[2.624s] -- Up-to-date: /home/alvaro/Desktop/workspace/ros_ur_driver/install/ur_robot_driver/share/ur_robot_driver/resources/ros_control.urscript
[2.625s] -- Up-to-date: /home/alvaro/Desktop/workspace/ros_ur_driver/install/ur_robot_driver/share/ur_robot_driver/resources/externalcontrol-1.0.5.urcap
[2.625s] -- Up-to-date: /home/alvaro/Desktop/workspace/ros_ur_driver/install/ur_robot_driver/share/ur_robot_driver/resources/rs485-1.0.urcap
[2.626s] -- Up-to-date: /home/alvaro/Desktop/workspace/ros_ur_driver/install/ur_robot_driver/include
[2.626s] -- Up-to-date: /home/alvaro/Desktop/workspace/ros_ur_driver/install/ur_robot_driver/include/ur_robot_driver
[2.627s] -- Up-to-date: /home/alvaro/Desktop/workspace/ros_ur_driver/install/ur_robot_driver/include/ur_robot_driver/dashboard_client_ros.hpp
[2.627s] -- Up-to-date: /home/alvaro/Desktop/workspace/ros_ur_driver/install/ur_robot_driver/include/ur_robot_driver/controller_stopper.hpp
[2.628s] -- Up-to-date: /home/alvaro/Desktop/workspace/ros_ur_driver/install/ur_robot_driver/include/ur_robot_driver/urcl_log_handler.hpp
[2.629s] -- Up-to-date: /home/alvaro/Desktop/workspace/ros_ur_driver/install/ur_robot_driver/include/ur_robot_driver/hardware_interface.hpp
[2.629s] -- Up-to-date: /home/alvaro/Desktop/workspace/ros_ur_driver/install/ur_robot_driver/share/ur_robot_driver/environment/pythonpath.sh
[2.630s] -- Up-to-date: /home/alvaro/Desktop/workspace/ros_ur_driver/install/ur_robot_driver/share/ur_robot_driver/environment/pythonpath.dsv
[2.630s] -- Up-to-date: /home/alvaro/Desktop/workspace/ros_ur_driver/install/ur_robot_driver/local/lib/python3.10/dist-packages/ur_robot_driver-2.2.10-py3.10.egg-info
[2.631s] -- Installing: /home/alvaro/Desktop/workspace/ros_ur_driver/install/ur_robot_driver/local/lib/python3.10/dist-packages/ur_robot_driver-2.2.10-py3.10.egg-info/PKG-INFO
[2.632s] -- Installing: /home/alvaro/Desktop/workspace/ros_ur_driver/install/ur_robot_driver/local/lib/python3.10/dist-packages/ur_robot_driver-2.2.10-py3.10.egg-info/SOURCES.txt
[2.632s] -- Installing: /home/alvaro/Desktop/workspace/ros_ur_driver/install/ur_robot_driver/local/lib/python3.10/dist-packages/ur_robot_driver-2.2.10-py3.10.egg-info/dependency_links.txt
[2.633s] -- Installing: /home/alvaro/Desktop/workspace/ros_ur_driver/install/ur_robot_driver/local/lib/python3.10/dist-packages/ur_robot_driver-2.2.10-py3.10.egg-info/top_level.txt
[2.634s] -- Up-to-date: /home/alvaro/Desktop/workspace/ros_ur_driver/install/ur_robot_driver/local/lib/python3.10/dist-packages/ur_robot_driver
[2.634s] -- Up-to-date: /home/alvaro/Desktop/workspace/ros_ur_driver/install/ur_robot_driver/local/lib/python3.10/dist-packages/ur_robot_driver/__init__.py
[2.819s] Listing '/home/alvaro/Desktop/workspace/ros_ur_driver/install/ur_robot_driver/local/lib/python3.10/dist-packages/ur_robot_driver'...
[2.840s] -- Up-to-date: /home/alvaro/Desktop/workspace/ros_ur_driver/install/ur_robot_driver/lib/ur_robot_driver/tool_communication.py
[2.841s] -- Up-to-date: /home/alvaro/Desktop/workspace/ros_ur_driver/install/ur_robot_driver/bin/wait_dashboard_server.sh
[2.842s] -- Up-to-date: /home/alvaro/Desktop/workspace/ros_ur_driver/install/ur_robot_driver/lib/ur_robot_driver/start_ursim.sh
[2.842s] -- Up-to-date: /home/alvaro/Desktop/workspace/ros_ur_driver/install/ur_robot_driver/share/ur_robot_driver/config
[2.843s] -- Up-to-date: /home/alvaro/Desktop/workspace/ros_ur_driver/install/ur_robot_driver/share/ur_robot_driver/config/test_velocity_goal_publishers_config.yaml
[2.845s] -- Up-to-date: /home/alvaro/Desktop/workspace/ros_ur_driver/install/ur_robot_driver/share/ur_robot_driver/config/ur3_update_rate.yaml
[2.845s] -- Up-to-date: /home/alvaro/Desktop/workspace/ros_ur_driver/install/ur_robot_driver/share/ur_robot_driver/config/ur16e_update_rate.yaml
[2.846s] -- Up-to-date: /home/alvaro/Desktop/workspace/ros_ur_driver/install/ur_robot_driver/share/ur_robot_driver/config/ur5_update_rate.yaml
[2.847s] -- Up-to-date: /home/alvaro/Desktop/workspace/ros_ur_driver/install/ur_robot_driver/share/ur_robot_driver/config/ur5e_update_rate.yaml
[2.848s] -- Up-to-date: /home/alvaro/Desktop/workspace/ros_ur_driver/install/ur_robot_driver/share/ur_robot_driver/config/ur10_update_rate.yaml
[2.848s] -- Up-to-date: /home/alvaro/Desktop/workspace/ros_ur_driver/install/ur_robot_driver/share/ur_robot_driver/config/ur20_update_rate.yaml
[2.849s] -- Up-to-date: /home/alvaro/Desktop/workspace/ros_ur_driver/install/ur_robot_driver/share/ur_robot_driver/config/ur3e_update_rate.yaml
[2.850s] -- Up-to-date: /home/alvaro/Desktop/workspace/ros_ur_driver/install/ur_robot_driver/share/ur_robot_driver/config/ur10e_update_rate.yaml
[2.850s] -- Up-to-date: /home/alvaro/Desktop/workspace/ros_ur_driver/install/ur_robot_driver/share/ur_robot_driver/config/ur_controllers.yaml
[2.851s] -- Up-to-date: /home/alvaro/Desktop/workspace/ros_ur_driver/install/ur_robot_driver/share/ur_robot_driver/config/test_goal_publishers_config.yaml
[2.851s] -- Up-to-date: /home/alvaro/Desktop/workspace/ros_ur_driver/install/ur_robot_driver/share/ur_robot_driver/launch
[2.852s] -- Up-to-date: /home/alvaro/Desktop/workspace/ros_ur_driver/install/ur_robot_driver/share/ur_robot_driver/launch/ur_control.launch.py
[2.852s] -- Up-to-date: /home/alvaro/Desktop/workspace/ros_ur_driver/install/ur_robot_driver/share/ur_robot_driver/launch/test_scaled_joint_trajectory_controller.launch.py
[2.853s] -- Up-to-date: /home/alvaro/Desktop/workspace/ros_ur_driver/install/ur_robot_driver/share/ur_robot_driver/launch/ur3e.launch.py
[2.853s] -- Up-to-date: /home/alvaro/Desktop/workspace/ros_ur_driver/install/ur_robot_driver/share/ur_robot_driver/launch/ur20.launch.py
[2.854s] -- Up-to-date: /home/alvaro/Desktop/workspace/ros_ur_driver/install/ur_robot_driver/share/ur_robot_driver/launch/test_joint_trajectory_controller.launch.py
[2.855s] -- Up-to-date: /home/alvaro/Desktop/workspace/ros_ur_driver/install/ur_robot_driver/share/ur_robot_driver/launch/test_forward_velocity_controller.launch.py
[2.855s] -- Up-to-date: /home/alvaro/Desktop/workspace/ros_ur_driver/install/ur_robot_driver/share/ur_robot_driver/launch/ur_dashboard_client.launch.py
[2.856s] -- Up-to-date: /home/alvaro/Desktop/workspace/ros_ur_driver/install/ur_robot_driver/share/ur_robot_driver/launch/ur5e.launch.py
[2.859s] -- Up-to-date: /home/alvaro/Desktop/workspace/ros_ur_driver/install/ur_robot_driver/share/ur_robot_driver/launch/ur10.launch.py
[2.862s] -- Up-to-date: /home/alvaro/Desktop/workspace/ros_ur_driver/install/ur_robot_driver/share/ur_robot_driver/launch/ur3.launch.py
[2.863s] -- Up-to-date: /home/alvaro/Desktop/workspace/ros_ur_driver/install/ur_robot_driver/share/ur_robot_driver/launch/ur16e.launch.py
[2.863s] -- Up-to-date: /home/alvaro/Desktop/workspace/ros_ur_driver/install/ur_robot_driver/share/ur_robot_driver/launch/ur10e.launch.py
[2.863s] -- Up-to-date: /home/alvaro/Desktop/workspace/ros_ur_driver/install/ur_robot_driver/share/ur_robot_driver/launch/ur5.launch.py
[2.864s] -- Up-to-date: /home/alvaro/Desktop/workspace/ros_ur_driver/install/ur_robot_driver/share/ament_index/resource_index/package_run_dependencies/ur_robot_driver
[2.865s] -- Up-to-date: /home/alvaro/Desktop/workspace/ros_ur_driver/install/ur_robot_driver/share/ament_index/resource_index/parent_prefix_path/ur_robot_driver
[2.866s] -- Up-to-date: /home/alvaro/Desktop/workspace/ros_ur_driver/install/ur_robot_driver/share/ur_robot_driver/environment/ament_prefix_path.sh
[2.866s] -- Up-to-date: /home/alvaro/Desktop/workspace/ros_ur_driver/install/ur_robot_driver/share/ur_robot_driver/environment/ament_prefix_path.dsv
[2.866s] -- Up-to-date: /home/alvaro/Desktop/workspace/ros_ur_driver/install/ur_robot_driver/share/ur_robot_driver/environment/path.sh
[2.867s] -- Up-to-date: /home/alvaro/Desktop/workspace/ros_ur_driver/install/ur_robot_driver/share/ur_robot_driver/environment/path.dsv
[2.868s] -- Up-to-date: /home/alvaro/Desktop/workspace/ros_ur_driver/install/ur_robot_driver/share/ur_robot_driver/local_setup.bash
[2.868s] -- Up-to-date: /home/alvaro/Desktop/workspace/ros_ur_driver/install/ur_robot_driver/share/ur_robot_driver/local_setup.sh
[2.869s] -- Up-to-date: /home/alvaro/Desktop/workspace/ros_ur_driver/install/ur_robot_driver/share/ur_robot_driver/local_setup.zsh
[2.869s] -- Up-to-date: /home/alvaro/Desktop/workspace/ros_ur_driver/install/ur_robot_driver/share/ur_robot_driver/local_setup.dsv
[2.869s] -- Installing: /home/alvaro/Desktop/workspace/ros_ur_driver/install/ur_robot_driver/share/ur_robot_driver/package.dsv
[2.870s] -- Up-to-date: /home/alvaro/Desktop/workspace/ros_ur_driver/install/ur_robot_driver/share/ament_index/resource_index/packages/ur_robot_driver
[2.870s] -- Up-to-date: /home/alvaro/Desktop/workspace/ros_ur_driver/install/ur_robot_driver/share/ament_index/resource_index/hardware_interface__pluginlib__plugin/ur_robot_driver
[2.870s] -- Up-to-date: /home/alvaro/Desktop/workspace/ros_ur_driver/install/ur_robot_driver/share/ur_robot_driver/cmake/ament_cmake_export_include_directories-extras.cmake
[2.871s] -- Up-to-date: /home/alvaro/Desktop/workspace/ros_ur_driver/install/ur_robot_driver/share/ur_robot_driver/cmake/ament_cmake_export_libraries-extras.cmake
[2.871s] -- Up-to-date: /home/alvaro/Desktop/workspace/ros_ur_driver/install/ur_robot_driver/share/ur_robot_driver/cmake/ament_cmake_export_dependencies-extras.cmake
[2.871s] -- Up-to-date: /home/alvaro/Desktop/workspace/ros_ur_driver/install/ur_robot_driver/share/ur_robot_driver/cmake/ur_robot_driverConfig.cmake
[2.872s] -- Up-to-date: /home/alvaro/Desktop/workspace/ros_ur_driver/install/ur_robot_driver/share/ur_robot_driver/cmake/ur_robot_driverConfig-version.cmake
[2.872s] -- Up-to-date: /home/alvaro/Desktop/workspace/ros_ur_driver/install/ur_robot_driver/share/ur_robot_driver/package.xml
[2.873s] Invoked command in '/home/alvaro/Desktop/workspace/ros_ur_driver/build/ur_robot_driver' returned '0': CMAKE_PREFIX_PATH=/home/alvaro/Desktop/workspace/ros_ur_driver/install/ur_controllers:/home/alvaro/Desktop/workspace/ros_ur_driver/install/ur_description:/home/alvaro/Desktop/workspace/ros_ur_driver/install/ur_dashboard_msgs:/home/alvaro/Desktop/workspace/ros_ur_driver/install/ur:/home/alvaro/Desktop/workspace/ros_ur_driver/install/ur_calibration:/home/alvaro/Desktop/workspace/ros_ur_driver/install/ur_robot_driver:/home/alvaro/Desktop/workspace/ros_ur_driver/install/ur_moveit_config:/home/alvaro/Desktop/workspace/ros_ur_driver/install/ur_bringup:/home/alvaro/workspace/ros_ur_driver/install/ur:/home/alvaro/workspace/ros_ur_driver/install/ur_calibration:/home/alvaro/workspace/ros_ur_driver/install/ur_robot_driver:/home/alvaro/workspace/ros_ur_driver/install/ur_moveit_config:/home/alvaro/workspace/ros_ur_driver/install/ur_bringup:/home/alvaro/workspace/ros_ur_driver/install/ur_description:/home/alvaro/workspace/ros_ur_driver/install/ur_controllers:/home/alvaro/workspace/ros_ur_driver/install/ur_dashboard_msgs:/home/alvaro/Desktop/workspace/ros_ur_driver/install/trayectories:/home/alvaro/Desktop/workspace/ros_ur_driver/install/data_logger:/home/alvaro/ros2_ws_copia/install/my_robot_controller:/home/alvaro/ros2_ws_copia/install/movimiento_articular:/home/alvaro/ros2_ws_copia/install/data_logger:/home/alvaro/ros2_ws/install/my_robot_controller:/opt/ros/humble LD_LIBRARY_PATH=/home/alvaro/Desktop/workspace/ros_ur_driver/install/ur_controllers/lib:/home/alvaro/Desktop/workspace/ros_ur_driver/install/ur_dashboard_msgs/lib:/home/alvaro/Desktop/workspace/ros_ur_driver/install/ur_robot_driver/lib:/home/alvaro/workspace/ros_ur_driver/install/ur_robot_driver/lib:/home/alvaro/workspace/ros_ur_driver/install/ur_controllers/lib:/home/alvaro/workspace/ros_ur_driver/install/ur_dashboard_msgs/lib:/opt/ros/humble/opt/rviz_ogre_vendor/lib:/opt/ros/humble/lib/x86_64-linux-gnu:/opt/ros/humble/lib /usr/bin/cmake --install /home/alvaro/Desktop/workspace/ros_ur_driver/build/ur_robot_driver
