[1.451s] Invoking command in '/home/alvaro/Desktop/workspace/ros_ur_driver/src/trayectories': PYTHONPATH=/home/alvaro/Desktop/workspace/ros_ur_driver/build/trayectories/prefix_override:/home/alvaro/Desktop/workspace/ros_ur_driver/install/trayectories/lib/python3.10/site-packages:${PYTHONPATH} /usr/bin/python3 -W ignore:setup.py install is deprecated setup.py egg_info --egg-base ../../build/trayectories build --build-base /home/alvaro/Desktop/workspace/ros_ur_driver/build/trayectories/build install --record /home/alvaro/Desktop/workspace/ros_ur_driver/build/trayectories/install.log --single-version-externally-managed install_data
[2.026s] running egg_info
[2.028s] writing ../../build/trayectories/trayectories.egg-info/PKG-INFO
[2.028s] writing dependency_links to ../../build/trayectories/trayectories.egg-info/dependency_links.txt
[2.029s] writing entry points to ../../build/trayectories/trayectories.egg-info/entry_points.txt
[2.030s] writing requirements to ../../build/trayectories/trayectories.egg-info/requires.txt
[2.031s] writing top-level names to ../../build/trayectories/trayectories.egg-info/top_level.txt
[2.032s] reading manifest file '../../build/trayectories/trayectories.egg-info/SOURCES.txt'
[2.033s] writing manifest file '../../build/trayectories/trayectories.egg-info/SOURCES.txt'
[2.034s] running build
[2.034s] running build_py
[2.034s] running install
[2.035s] running install_lib
[2.037s] running install_data
[2.038s] running install_egg_info
[2.041s] removing '/home/alvaro/Desktop/workspace/ros_ur_driver/install/trayectories/lib/python3.10/site-packages/trayectories-0.0.0-py3.10.egg-info' (and everything under it)
[2.041s] Copying ../../build/trayectories/trayectories.egg-info to /home/alvaro/Desktop/workspace/ros_ur_driver/install/trayectories/lib/python3.10/site-packages/trayectories-0.0.0-py3.10.egg-info
[2.043s] running install_scripts
[2.082s] Installing move_joints script to /home/alvaro/Desktop/workspace/ros_ur_driver/install/trayectories/lib/trayectories
[2.082s] Installing move_l script to /home/alvaro/Desktop/workspace/ros_ur_driver/install/trayectories/lib/trayectories
[2.083s] writing list of installed files to '/home/alvaro/Desktop/workspace/ros_ur_driver/build/trayectories/install.log'
[2.154s] Invoked command in '/home/alvaro/Desktop/workspace/ros_ur_driver/src/trayectories' returned '0': PYTHONPATH=/home/alvaro/Desktop/workspace/ros_ur_driver/build/trayectories/prefix_override:/home/alvaro/Desktop/workspace/ros_ur_driver/install/trayectories/lib/python3.10/site-packages:${PYTHONPATH} /usr/bin/python3 -W ignore:setup.py install is deprecated setup.py egg_info --egg-base ../../build/trayectories build --build-base /home/alvaro/Desktop/workspace/ros_ur_driver/build/trayectories/build install --record /home/alvaro/Desktop/workspace/ros_ur_driver/build/trayectories/install.log --single-version-externally-managed install_data
